[2024-10-20T21:38:21.903+0000] {manager.py:483} INFO - Processing files using up to 2 processes at a time 
[2024-10-20T21:38:21.908+0000] {manager.py:484} INFO - Process each file at most once every 30 seconds
[2024-10-20T21:38:21.911+0000] {manager.py:485} INFO - Checking for new files in /opt/airflow/dags every 300 seconds
[2024-10-20T21:38:21.912+0000] {manager.py:821} INFO - Searching for files in /opt/airflow/dags
[2024-10-20T21:38:21.924+0000] {manager.py:824} INFO - There are 2 files in /opt/airflow/dags
[2024-10-20T21:38:22.222+0000] {manager.py:997} INFO - 
================================================================================
DAG File Processing Stats

File Path                                  PID  Runtime      # DAGs    # Errors  Last Runtime    Last Run      Last # of DB Queries
---------------------------------------  -----  ---------  --------  ----------  --------------  ----------  ----------------------
/opt/airflow/dags/dag_extract.py            32  0.12s             0           0                                                   0
/opt/airflow/dags/dag_transform_load.py     31  0.16s             0           0                                                   0
================================================================================
[2024-10-20T21:38:52.800+0000] {manager.py:997} INFO - 
================================================================================
DAG File Processing Stats

File Path                                PID    Runtime      # DAGs    # Errors  Last Runtime    Last Run               Last # of DB Queries
---------------------------------------  -----  ---------  --------  ----------  --------------  -------------------  ----------------------
/opt/airflow/dags/dag_transform_load.py                           1           0  2.26s           2024-10-20T21:38:24                      12
/opt/airflow/dags/dag_extract.py                                  1           0  2.22s           2024-10-20T21:38:24                      12
================================================================================
[2024-10-20T21:39:22.885+0000] {manager.py:997} INFO - 
================================================================================
DAG File Processing Stats

File Path                                PID    Runtime      # DAGs    # Errors  Last Runtime    Last Run               Last # of DB Queries
---------------------------------------  -----  ---------  --------  ----------  --------------  -------------------  ----------------------
/opt/airflow/dags/dag_transform_load.py                           1           0  0.64s           2024-10-20T21:38:55                      12
/opt/airflow/dags/dag_extract.py                                  1           0  0.61s           2024-10-20T21:38:55                      12
================================================================================
[2024-10-20T21:39:53.746+0000] {manager.py:997} INFO - 
================================================================================
DAG File Processing Stats

File Path                                PID    Runtime      # DAGs    # Errors  Last Runtime    Last Run               Last # of DB Queries
---------------------------------------  -----  ---------  --------  ----------  --------------  -------------------  ----------------------
/opt/airflow/dags/dag_transform_load.py                           1           0  1.31s           2024-10-20T21:39:27                      12
/opt/airflow/dags/dag_extract.py                                  1           0  1.29s           2024-10-20T21:39:27                      12
================================================================================
[2024-10-20T21:40:24.296+0000] {manager.py:997} INFO - 
================================================================================
DAG File Processing Stats

File Path                                PID    Runtime      # DAGs    # Errors  Last Runtime    Last Run               Last # of DB Queries
---------------------------------------  -----  ---------  --------  ----------  --------------  -------------------  ----------------------
/opt/airflow/dags/dag_transform_load.py                           1           0  0.60s           2024-10-20T21:39:58                      12
/opt/airflow/dags/dag_extract.py                                  1           0  0.54s           2024-10-20T21:39:58                      12
================================================================================
[2024-10-20T21:40:54.736+0000] {manager.py:997} INFO - 
================================================================================
DAG File Processing Stats

File Path                                PID    Runtime      # DAGs    # Errors  Last Runtime    Last Run               Last # of DB Queries
---------------------------------------  -----  ---------  --------  ----------  --------------  -------------------  ----------------------
/opt/airflow/dags/dag_transform_load.py                           1           0  0.78s           2024-10-20T21:40:29                      12
/opt/airflow/dags/dag_extract.py                                  1           0  0.71s           2024-10-20T21:40:29                      12
================================================================================
[2024-10-20T21:41:24.860+0000] {manager.py:997} INFO - 
================================================================================
DAG File Processing Stats

File Path                                PID    Runtime      # DAGs    # Errors  Last Runtime    Last Run               Last # of DB Queries
---------------------------------------  -----  ---------  --------  ----------  --------------  -------------------  ----------------------
/opt/airflow/dags/dag_transform_load.py                           1           0  0.66s           2024-10-20T21:41:00                      12
/opt/airflow/dags/dag_extract.py                                  1           0  0.61s           2024-10-20T21:41:00                      12
================================================================================
[2024-10-20T21:41:54.931+0000] {manager.py:997} INFO - 
================================================================================
DAG File Processing Stats

File Path                                PID    Runtime      # DAGs    # Errors  Last Runtime    Last Run               Last # of DB Queries
---------------------------------------  -----  ---------  --------  ----------  --------------  -------------------  ----------------------
/opt/airflow/dags/dag_transform_load.py                           1           0  0.54s           2024-10-20T21:41:44                      19
/opt/airflow/dags/dag_extract.py                                  1           0  0.52s           2024-10-20T21:41:31                      12
================================================================================
[2024-10-20T21:42:24.987+0000] {manager.py:997} INFO - 
================================================================================
DAG File Processing Stats

File Path                                PID    Runtime      # DAGs    # Errors  Last Runtime    Last Run               Last # of DB Queries
---------------------------------------  -----  ---------  --------  ----------  --------------  -------------------  ----------------------
/opt/airflow/dags/dag_extract.py                                  1           0  0.55s           2024-10-20T21:42:02                      12
/opt/airflow/dags/dag_transform_load.py                           1           0  0.53s           2024-10-20T21:42:14                      12
================================================================================
[2024-10-20T21:42:55.369+0000] {manager.py:997} INFO - 
================================================================================
DAG File Processing Stats

File Path                                PID    Runtime      # DAGs    # Errors  Last Runtime    Last Run               Last # of DB Queries
---------------------------------------  -----  ---------  --------  ----------  --------------  -------------------  ----------------------
/opt/airflow/dags/dag_transform_load.py                           1           0  0.54s           2024-10-20T21:42:45                      12
/opt/airflow/dags/dag_extract.py                                  1           0  0.51s           2024-10-20T21:42:33                      12
================================================================================
[2024-10-20T21:43:22.267+0000] {manager.py:821} INFO - Searching for files in /opt/airflow/dags
[2024-10-20T21:43:22.284+0000] {manager.py:824} INFO - There are 2 files in /opt/airflow/dags
[2024-10-20T21:43:25.775+0000] {manager.py:997} INFO - 
================================================================================
DAG File Processing Stats

File Path                                PID    Runtime      # DAGs    # Errors  Last Runtime    Last Run               Last # of DB Queries
---------------------------------------  -----  ---------  --------  ----------  --------------  -------------------  ----------------------
/opt/airflow/dags/dag_extract.py                                  1           0  0.55s           2024-10-20T21:43:04                      12
/opt/airflow/dags/dag_transform_load.py                           1           0  0.51s           2024-10-20T21:43:16                      12
================================================================================
[2024-10-20T21:43:56.282+0000] {manager.py:997} INFO - 
================================================================================
DAG File Processing Stats

File Path                                PID    Runtime      # DAGs    # Errors  Last Runtime    Last Run               Last # of DB Queries
---------------------------------------  -----  ---------  --------  ----------  --------------  -------------------  ----------------------
/opt/airflow/dags/dag_extract.py                                  1           0  0.55s           2024-10-20T21:43:35                      12
/opt/airflow/dags/dag_transform_load.py                           1           0  0.52s           2024-10-20T21:43:47                      12
================================================================================
[2024-10-20T21:44:26.316+0000] {manager.py:997} INFO - 
================================================================================
DAG File Processing Stats

File Path                                PID    Runtime      # DAGs    # Errors  Last Runtime    Last Run               Last # of DB Queries
---------------------------------------  -----  ---------  --------  ----------  --------------  -------------------  ----------------------
/opt/airflow/dags/dag_extract.py                                  1           0  0.62s           2024-10-20T21:44:06                      12
/opt/airflow/dags/dag_transform_load.py                           1           0  0.53s           2024-10-20T21:44:18                      12
================================================================================
[2024-10-20T21:44:56.422+0000] {manager.py:997} INFO - 
================================================================================
DAG File Processing Stats

File Path                                PID    Runtime      # DAGs    # Errors  Last Runtime    Last Run               Last # of DB Queries
---------------------------------------  -----  ---------  --------  ----------  --------------  -------------------  ----------------------
/opt/airflow/dags/dag_transform_load.py                           1           0  1.05s           2024-10-20T21:44:50                      12
/opt/airflow/dags/dag_extract.py                                  1           0  0.59s           2024-10-20T21:44:37                      12
================================================================================
[2024-10-20T21:45:27.013+0000] {manager.py:997} INFO - 
================================================================================
DAG File Processing Stats

File Path                                PID    Runtime      # DAGs    # Errors  Last Runtime    Last Run               Last # of DB Queries
---------------------------------------  -----  ---------  --------  ----------  --------------  -------------------  ----------------------
/opt/airflow/dags/dag_transform_load.py                           1           0  0.55s           2024-10-20T21:45:21                      12
/opt/airflow/dags/dag_extract.py                                  1           0  0.50s           2024-10-20T21:45:07                      12
================================================================================
[2024-10-20T21:45:57.604+0000] {manager.py:997} INFO - 
================================================================================
DAG File Processing Stats

File Path                                PID    Runtime      # DAGs    # Errors  Last Runtime    Last Run               Last # of DB Queries
---------------------------------------  -----  ---------  --------  ----------  --------------  -------------------  ----------------------
/opt/airflow/dags/dag_transform_load.py                           1           0  0.76s           2024-10-20T21:45:52                      12
/opt/airflow/dags/dag_extract.py                                  1           0  0.54s           2024-10-20T21:45:38                      12
================================================================================
[2024-10-20T21:46:27.639+0000] {manager.py:997} INFO - 
================================================================================
DAG File Processing Stats

File Path                                PID    Runtime      # DAGs    # Errors  Last Runtime    Last Run               Last # of DB Queries
---------------------------------------  -----  ---------  --------  ----------  --------------  -------------------  ----------------------
/opt/airflow/dags/dag_extract.py                                  1           0  0.59s           2024-10-20T21:46:09                      12
/opt/airflow/dags/dag_transform_load.py                           1           0  0.49s           2024-10-20T21:46:23                      12
================================================================================
[2024-10-20T21:46:58.114+0000] {manager.py:997} INFO - 
================================================================================
DAG File Processing Stats

File Path                                PID    Runtime      # DAGs    # Errors  Last Runtime    Last Run               Last # of DB Queries
---------------------------------------  -----  ---------  --------  ----------  --------------  -------------------  ----------------------
/opt/airflow/dags/dag_transform_load.py                           1           0  0.60s           2024-10-20T21:46:54                      12
/opt/airflow/dags/dag_extract.py                                  1           0  0.49s           2024-10-20T21:46:40                      12
================================================================================
[2024-10-20T21:47:28.514+0000] {manager.py:997} INFO - 
================================================================================
DAG File Processing Stats

File Path                                PID    Runtime      # DAGs    # Errors  Last Runtime    Last Run               Last # of DB Queries
---------------------------------------  -----  ---------  --------  ----------  --------------  -------------------  ----------------------
/opt/airflow/dags/dag_extract.py                                  1           0  0.56s           2024-10-20T21:47:11                      12
/opt/airflow/dags/dag_transform_load.py                           1           0  0.51s           2024-10-20T21:47:24                      12
================================================================================
[2024-10-20T21:47:58.894+0000] {manager.py:997} INFO - 
================================================================================
DAG File Processing Stats

File Path                                PID    Runtime      # DAGs    # Errors  Last Runtime    Last Run               Last # of DB Queries
---------------------------------------  -----  ---------  --------  ----------  --------------  -------------------  ----------------------
/opt/airflow/dags/dag_extract.py                                  1           0  0.57s           2024-10-20T21:47:42                      12
/opt/airflow/dags/dag_transform_load.py                           1           0  0.50s           2024-10-20T21:47:55                      12
================================================================================
[2024-10-20T21:48:22.327+0000] {manager.py:821} INFO - Searching for files in /opt/airflow/dags
[2024-10-20T21:48:22.337+0000] {manager.py:824} INFO - There are 2 files in /opt/airflow/dags
[2024-10-20T21:48:29.169+0000] {manager.py:997} INFO - 
================================================================================
DAG File Processing Stats

File Path                                PID    Runtime      # DAGs    # Errors  Last Runtime    Last Run               Last # of DB Queries
---------------------------------------  -----  ---------  --------  ----------  --------------  -------------------  ----------------------
/opt/airflow/dags/dag_transform_load.py                           1           0  0.96s           2024-10-20T21:48:27                      12
/opt/airflow/dags/dag_extract.py                                  1           0  0.54s           2024-10-20T21:48:13                      12
================================================================================
[2024-10-20T21:48:59.414+0000] {manager.py:997} INFO - 
================================================================================
DAG File Processing Stats

File Path                                PID    Runtime      # DAGs    # Errors  Last Runtime    Last Run               Last # of DB Queries
---------------------------------------  -----  ---------  --------  ----------  --------------  -------------------  ----------------------
/opt/airflow/dags/dag_transform_load.py                           1           0  0.57s           2024-10-20T21:48:58                      12
/opt/airflow/dags/dag_extract.py                                  1           0  0.52s           2024-10-20T21:48:43                      12
================================================================================
[2024-10-20T21:49:30.222+0000] {manager.py:997} INFO - 
================================================================================
DAG File Processing Stats

File Path                                PID    Runtime      # DAGs    # Errors  Last Runtime    Last Run               Last # of DB Queries
---------------------------------------  -----  ---------  --------  ----------  --------------  -------------------  ----------------------
/opt/airflow/dags/dag_extract.py                                  1           0  0.68s           2024-10-20T21:49:14                      12
/opt/airflow/dags/dag_transform_load.py                           1           0  0.63s           2024-10-20T21:49:29                      12
================================================================================
[2024-10-20T21:50:00.323+0000] {manager.py:997} INFO - 
================================================================================
DAG File Processing Stats

File Path                                PID    Runtime      # DAGs    # Errors  Last Runtime    Last Run               Last # of DB Queries
---------------------------------------  -----  ---------  --------  ----------  --------------  -------------------  ----------------------
/opt/airflow/dags/dag_extract.py                                  1           0  0.57s           2024-10-20T21:49:46                      12
/opt/airflow/dags/dag_transform_load.py                           1           0  0.55s           2024-10-20T21:50:00                      12
================================================================================
[2024-10-20T21:50:30.738+0000] {manager.py:997} INFO - 
================================================================================
DAG File Processing Stats

File Path                                  PID  Runtime      # DAGs    # Errors  Last Runtime    Last Run               Last # of DB Queries
---------------------------------------  -----  ---------  --------  ----------  --------------  -------------------  ----------------------
/opt/airflow/dags/dag_extract.py                                  1           0  0.57s           2024-10-20T21:50:16                      12
/opt/airflow/dags/dag_transform_load.py    265  0.03s             1           0  0.55s           2024-10-20T21:50:00                      12
================================================================================
[2024-10-20T21:51:01.084+0000] {manager.py:997} INFO - 
================================================================================
DAG File Processing Stats

File Path                                PID    Runtime      # DAGs    # Errors  Last Runtime    Last Run               Last # of DB Queries
---------------------------------------  -----  ---------  --------  ----------  --------------  -------------------  ----------------------
/opt/airflow/dags/dag_transform_load.py                           1           0  0.57s           2024-10-20T21:50:31                      12
/opt/airflow/dags/dag_extract.py                                  1           0  0.54s           2024-10-20T21:50:47                      12
================================================================================
[2024-10-20T21:51:31.534+0000] {manager.py:997} INFO - 
================================================================================
DAG File Processing Stats

File Path                                PID    Runtime      # DAGs    # Errors  Last Runtime    Last Run               Last # of DB Queries
---------------------------------------  -----  ---------  --------  ----------  --------------  -------------------  ----------------------
/opt/airflow/dags/dag_transform_load.py                           1           0  0.57s           2024-10-20T21:51:02                      12
/opt/airflow/dags/dag_extract.py                                  1           0  0.55s           2024-10-20T21:51:18                      12
================================================================================
[2024-10-20T21:52:02.034+0000] {manager.py:997} INFO - 
================================================================================
DAG File Processing Stats

File Path                                PID    Runtime      # DAGs    # Errors  Last Runtime    Last Run               Last # of DB Queries
---------------------------------------  -----  ---------  --------  ----------  --------------  -------------------  ----------------------
/opt/airflow/dags/dag_extract.py                                  1           0  0.59s           2024-10-20T21:51:49                      12
/opt/airflow/dags/dag_transform_load.py                           1           0  0.52s           2024-10-20T21:51:33                      12
================================================================================
[2024-10-20T21:52:32.909+0000] {manager.py:997} INFO - 
================================================================================
DAG File Processing Stats

File Path                                PID    Runtime      # DAGs    # Errors  Last Runtime    Last Run               Last # of DB Queries
---------------------------------------  -----  ---------  --------  ----------  --------------  -------------------  ----------------------
/opt/airflow/dags/dag_extract.py                                  1           0  0.62s           2024-10-20T21:52:20                      12
/opt/airflow/dags/dag_transform_load.py                           1           0  0.51s           2024-10-20T21:52:04                      12
================================================================================
[2024-10-20T21:53:02.996+0000] {manager.py:997} INFO - 
================================================================================
DAG File Processing Stats

File Path                                PID    Runtime      # DAGs    # Errors  Last Runtime    Last Run               Last # of DB Queries
---------------------------------------  -----  ---------  --------  ----------  --------------  -------------------  ----------------------
/opt/airflow/dags/dag_transform_load.py                           1           0  0.57s           2024-10-20T21:52:34                      12
/opt/airflow/dags/dag_extract.py                                  1           0  0.55s           2024-10-20T21:52:51                      12
================================================================================
[2024-10-20T21:53:22.721+0000] {manager.py:821} INFO - Searching for files in /opt/airflow/dags
[2024-10-20T21:53:22.728+0000] {manager.py:824} INFO - There are 2 files in /opt/airflow/dags
[2024-10-20T21:53:33.011+0000] {manager.py:997} INFO - 
================================================================================
DAG File Processing Stats

File Path                                PID    Runtime      # DAGs    # Errors  Last Runtime    Last Run               Last # of DB Queries
---------------------------------------  -----  ---------  --------  ----------  --------------  -------------------  ----------------------
/opt/airflow/dags/dag_extract.py                                  1           0  0.59s           2024-10-20T21:53:22                      12
/opt/airflow/dags/dag_transform_load.py                           1           0  0.48s           2024-10-20T21:53:05                      12
================================================================================
[2024-10-20T21:54:03.827+0000] {manager.py:997} INFO - 
================================================================================
DAG File Processing Stats

File Path                                PID    Runtime      # DAGs    # Errors  Last Runtime    Last Run               Last # of DB Queries
---------------------------------------  -----  ---------  --------  ----------  --------------  -------------------  ----------------------
/opt/airflow/dags/dag_extract.py                                  1           0  0.59s           2024-10-20T21:53:53                      12
/opt/airflow/dags/dag_transform_load.py                           1           0  0.47s           2024-10-20T21:53:36                      12
================================================================================
[2024-10-20T21:54:33.936+0000] {manager.py:997} INFO - 
================================================================================
DAG File Processing Stats

File Path                                PID    Runtime      # DAGs    # Errors  Last Runtime    Last Run               Last # of DB Queries
---------------------------------------  -----  ---------  --------  ----------  --------------  -------------------  ----------------------
/opt/airflow/dags/dag_extract.py                                  1           0  0.55s           2024-10-20T21:54:24                      12
/opt/airflow/dags/dag_transform_load.py                           1           0  0.54s           2024-10-20T21:54:07                      12
================================================================================
[2024-10-20T21:55:04.096+0000] {manager.py:997} INFO - 
================================================================================
DAG File Processing Stats

File Path                                PID    Runtime      # DAGs    # Errors  Last Runtime    Last Run               Last # of DB Queries
---------------------------------------  -----  ---------  --------  ----------  --------------  -------------------  ----------------------
/opt/airflow/dags/dag_transform_load.py                           1           0  0.68s           2024-10-20T21:54:38                      12
/opt/airflow/dags/dag_extract.py                                  1           0  0.61s           2024-10-20T21:54:55                      12
================================================================================
[2024-10-20T21:55:34.588+0000] {manager.py:997} INFO - 
================================================================================
DAG File Processing Stats

File Path                                PID    Runtime      # DAGs    # Errors  Last Runtime    Last Run               Last # of DB Queries
---------------------------------------  -----  ---------  --------  ----------  --------------  -------------------  ----------------------
/opt/airflow/dags/dag_transform_load.py                           1           0  0.77s           2024-10-20T21:55:09                      12
/opt/airflow/dags/dag_extract.py                                  1           0  0.55s           2024-10-20T21:55:26                      12
================================================================================
[2024-10-20T21:56:05.565+0000] {manager.py:997} INFO - 
================================================================================
DAG File Processing Stats

File Path                                PID    Runtime      # DAGs    # Errors  Last Runtime    Last Run               Last # of DB Queries
---------------------------------------  -----  ---------  --------  ----------  --------------  -------------------  ----------------------
/opt/airflow/dags/dag_extract.py                                  1           0  0.55s           2024-10-20T21:55:57                      12
/opt/airflow/dags/dag_transform_load.py                           1           0  0.54s           2024-10-20T21:55:41                      12
================================================================================
[2024-10-20T21:56:36.481+0000] {manager.py:997} INFO - 
================================================================================
DAG File Processing Stats

File Path                                PID    Runtime      # DAGs    # Errors  Last Runtime    Last Run               Last # of DB Queries
---------------------------------------  -----  ---------  --------  ----------  --------------  -------------------  ----------------------
/opt/airflow/dags/dag_extract.py                                  1           0  0.54s           2024-10-20T21:56:28                      12
/opt/airflow/dags/dag_transform_load.py                           1           0  0.51s           2024-10-20T21:56:12                      12
================================================================================
[2024-10-20T21:57:06.931+0000] {manager.py:997} INFO - 
================================================================================
DAG File Processing Stats

File Path                                PID    Runtime      # DAGs    # Errors  Last Runtime    Last Run               Last # of DB Queries
---------------------------------------  -----  ---------  --------  ----------  --------------  -------------------  ----------------------
/opt/airflow/dags/dag_extract.py                                  1           0  0.54s           2024-10-20T21:56:59                      12
/opt/airflow/dags/dag_transform_load.py                           1           0  0.52s           2024-10-20T21:56:43                      12
================================================================================
[2024-10-20T21:57:37.725+0000] {manager.py:997} INFO - 
================================================================================
DAG File Processing Stats

File Path                                PID    Runtime      # DAGs    # Errors  Last Runtime    Last Run               Last # of DB Queries
---------------------------------------  -----  ---------  --------  ----------  --------------  -------------------  ----------------------
/opt/airflow/dags/dag_transform_load.py                           1           0  0.64s           2024-10-20T21:57:13                      12
/opt/airflow/dags/dag_extract.py                                  1           0  0.53s           2024-10-20T21:57:29                      12
================================================================================
[2024-10-20T21:57:39.056+0000] {manager.py:465} INFO - Exiting gracefully upon receiving signal 15
[2024-10-20T21:58:40.163+0000] {manager.py:483} INFO - Processing files using up to 2 processes at a time 
[2024-10-20T21:58:40.164+0000] {manager.py:484} INFO - Process each file at most once every 30 seconds
[2024-10-20T21:58:40.165+0000] {manager.py:485} INFO - Checking for new files in /opt/airflow/dags every 300 seconds
[2024-10-20T21:58:40.165+0000] {manager.py:821} INFO - Searching for files in /opt/airflow/dags
[2024-10-20T21:58:40.174+0000] {manager.py:824} INFO - There are 2 files in /opt/airflow/dags
[2024-10-20T21:58:40.414+0000] {manager.py:997} INFO - 
================================================================================
DAG File Processing Stats

File Path                                  PID  Runtime      # DAGs    # Errors  Last Runtime    Last Run      Last # of DB Queries
---------------------------------------  -----  ---------  --------  ----------  --------------  ----------  ----------------------
/opt/airflow/dags/dag_extract.py            32  0.11s             0           0                                                   0
/opt/airflow/dags/dag_transform_load.py     31  0.14s             0           0                                                   0
================================================================================
[2024-10-20T21:59:10.901+0000] {manager.py:997} INFO - 
================================================================================
DAG File Processing Stats

File Path                                PID    Runtime      # DAGs    # Errors  Last Runtime    Last Run               Last # of DB Queries
---------------------------------------  -----  ---------  --------  ----------  --------------  -------------------  ----------------------
/opt/airflow/dags/dag_transform_load.py                           1           0  1.62s           2024-10-20T21:58:41                      12
/opt/airflow/dags/dag_extract.py                                  1           0  1.58s           2024-10-20T21:58:41                      12
================================================================================
[2024-10-20T21:59:41.634+0000] {manager.py:997} INFO - 
================================================================================
DAG File Processing Stats

File Path                                PID    Runtime      # DAGs    # Errors  Last Runtime    Last Run               Last # of DB Queries
---------------------------------------  -----  ---------  --------  ----------  --------------  -------------------  ----------------------
/opt/airflow/dags/dag_transform_load.py                           1           0  1.38s           2024-10-20T21:59:13                      12
/opt/airflow/dags/dag_extract.py                                  1           0  1.34s           2024-10-20T21:59:13                      12
================================================================================
[2024-10-20T22:00:12.143+0000] {manager.py:997} INFO - 
================================================================================
DAG File Processing Stats

File Path                                PID    Runtime      # DAGs    # Errors  Last Runtime    Last Run               Last # of DB Queries
---------------------------------------  -----  ---------  --------  ----------  --------------  -------------------  ----------------------
/opt/airflow/dags/dag_transform_load.py                           1           0  1.09s           2024-10-20T21:59:44                      12
/opt/airflow/dags/dag_extract.py                                  1           0  1.06s           2024-10-20T21:59:44                      12
================================================================================
[2024-10-20T22:00:42.164+0000] {manager.py:997} INFO - 
================================================================================
DAG File Processing Stats

File Path                                PID    Runtime      # DAGs    # Errors  Last Runtime    Last Run               Last # of DB Queries
---------------------------------------  -----  ---------  --------  ----------  --------------  -------------------  ----------------------
/opt/airflow/dags/dag_transform_load.py                           1           0  0.57s           2024-10-20T22:00:15                      12
/opt/airflow/dags/dag_extract.py                                  1           0  0.52s           2024-10-20T22:00:15                      12
================================================================================
[2024-10-20T22:01:12.539+0000] {manager.py:997} INFO - 
================================================================================
DAG File Processing Stats

File Path                                PID    Runtime      # DAGs    # Errors  Last Runtime    Last Run               Last # of DB Queries
---------------------------------------  -----  ---------  --------  ----------  --------------  -------------------  ----------------------
/opt/airflow/dags/dag_transform_load.py                           1           0  0.97s           2024-10-20T22:00:47                      12
/opt/airflow/dags/dag_extract.py                                  1           0  0.93s           2024-10-20T22:00:47                      12
================================================================================
[2024-10-20T22:01:42.987+0000] {manager.py:997} INFO - 
================================================================================
DAG File Processing Stats

File Path                                PID    Runtime      # DAGs    # Errors  Last Runtime    Last Run               Last # of DB Queries
---------------------------------------  -----  ---------  --------  ----------  --------------  -------------------  ----------------------
/opt/airflow/dags/dag_transform_load.py                           1           0  1.04s           2024-10-20T22:01:18                      12
/opt/airflow/dags/dag_extract.py                                  1           0  0.87s           2024-10-20T22:01:18                      12
================================================================================
[2024-10-20T22:02:13.051+0000] {manager.py:997} INFO - 
================================================================================
DAG File Processing Stats

File Path                                PID    Runtime      # DAGs    # Errors  Last Runtime    Last Run               Last # of DB Queries
---------------------------------------  -----  ---------  --------  ----------  --------------  -------------------  ----------------------
/opt/airflow/dags/dag_transform_load.py                           1           0  0.65s           2024-10-20T22:01:49                      12
/opt/airflow/dags/dag_extract.py                                  1           0  0.61s           2024-10-20T22:01:49                      12
================================================================================
[2024-10-20T22:02:43.113+0000] {manager.py:997} INFO - 
================================================================================
DAG File Processing Stats

File Path                                PID    Runtime      # DAGs    # Errors  Last Runtime    Last Run               Last # of DB Queries
---------------------------------------  -----  ---------  --------  ----------  --------------  -------------------  ----------------------
/opt/airflow/dags/dag_transform_load.py                           1           0  0.63s           2024-10-20T22:02:20                      12
/opt/airflow/dags/dag_extract.py                                  1           0  0.56s           2024-10-20T22:02:20                      12
================================================================================
[2024-10-20T22:03:13.700+0000] {manager.py:997} INFO - 
================================================================================
DAG File Processing Stats

File Path                                PID    Runtime      # DAGs    # Errors  Last Runtime    Last Run               Last # of DB Queries
---------------------------------------  -----  ---------  --------  ----------  --------------  -------------------  ----------------------
/opt/airflow/dags/dag_transform_load.py                           1           0  1.53s           2024-10-20T22:02:52                      12
/opt/airflow/dags/dag_extract.py                                  1           0  1.48s           2024-10-20T22:02:52                      12
================================================================================
[2024-10-20T22:03:40.343+0000] {manager.py:821} INFO - Searching for files in /opt/airflow/dags
[2024-10-20T22:03:40.362+0000] {manager.py:824} INFO - There are 2 files in /opt/airflow/dags
[2024-10-20T22:03:43.797+0000] {manager.py:997} INFO - 
================================================================================
DAG File Processing Stats

File Path                                PID    Runtime      # DAGs    # Errors  Last Runtime    Last Run               Last # of DB Queries
---------------------------------------  -----  ---------  --------  ----------  --------------  -------------------  ----------------------
/opt/airflow/dags/dag_transform_load.py                           1           0  0.67s           2024-10-20T22:03:23                      12
/opt/airflow/dags/dag_extract.py                                  1           0  0.59s           2024-10-20T22:03:23                      12
================================================================================
[2024-10-20T22:04:14.285+0000] {manager.py:997} INFO - 
================================================================================
DAG File Processing Stats

File Path                                PID    Runtime      # DAGs    # Errors  Last Runtime    Last Run               Last # of DB Queries
---------------------------------------  -----  ---------  --------  ----------  --------------  -------------------  ----------------------
/opt/airflow/dags/dag_transform_load.py                           1           0  0.58s           2024-10-20T22:03:54                      12
/opt/airflow/dags/dag_extract.py                                  1           0  0.50s           2024-10-20T22:03:54                      12
================================================================================
[2024-10-20T22:04:44.770+0000] {manager.py:997} INFO - 
================================================================================
DAG File Processing Stats

File Path                                PID    Runtime      # DAGs    # Errors  Last Runtime    Last Run               Last # of DB Queries
---------------------------------------  -----  ---------  --------  ----------  --------------  -------------------  ----------------------
/opt/airflow/dags/dag_transform_load.py                           1           0  0.66s           2024-10-20T22:04:25                      12
/opt/airflow/dags/dag_extract.py                                  1           0  0.58s           2024-10-20T22:04:25                      12
================================================================================
[2024-10-20T22:05:14.810+0000] {manager.py:997} INFO - 
================================================================================
DAG File Processing Stats

File Path                                PID    Runtime      # DAGs    # Errors  Last Runtime    Last Run               Last # of DB Queries
---------------------------------------  -----  ---------  --------  ----------  --------------  -------------------  ----------------------
/opt/airflow/dags/dag_transform_load.py                           1           0  0.65s           2024-10-20T22:04:56                      12
/opt/airflow/dags/dag_extract.py                                  1           0  0.65s           2024-10-20T22:04:56                      12
================================================================================
[2024-10-20T22:05:44.940+0000] {manager.py:997} INFO - 
================================================================================
DAG File Processing Stats

File Path                                PID    Runtime      # DAGs    # Errors  Last Runtime    Last Run               Last # of DB Queries
---------------------------------------  -----  ---------  --------  ----------  --------------  -------------------  ----------------------
/opt/airflow/dags/dag_transform_load.py                           1           0  0.74s           2024-10-20T22:05:27                      12
/opt/airflow/dags/dag_extract.py                                  1           0  0.72s           2024-10-20T22:05:27                      12
================================================================================
[2024-10-20T22:06:15.123+0000] {manager.py:997} INFO - 
================================================================================
DAG File Processing Stats

File Path                                PID    Runtime      # DAGs    # Errors  Last Runtime    Last Run               Last # of DB Queries
---------------------------------------  -----  ---------  --------  ----------  --------------  -------------------  ----------------------
/opt/airflow/dags/dag_transform_load.py                           1           0  1.19s           2024-10-20T22:05:58                      12
/opt/airflow/dags/dag_extract.py                                  1           0  1.13s           2024-10-20T22:05:58                      12
================================================================================
[2024-10-20T22:06:45.272+0000] {manager.py:997} INFO - 
================================================================================
DAG File Processing Stats

File Path                                PID    Runtime      # DAGs    # Errors  Last Runtime    Last Run               Last # of DB Queries
---------------------------------------  -----  ---------  --------  ----------  --------------  -------------------  ----------------------
/opt/airflow/dags/dag_transform_load.py                           1           0  0.59s           2024-10-20T22:06:30                      12
/opt/airflow/dags/dag_extract.py                                  1           0  0.53s           2024-10-20T22:06:30                      12
================================================================================
[2024-10-20T22:07:16.166+0000] {manager.py:997} INFO - 
================================================================================
DAG File Processing Stats

File Path                                PID    Runtime      # DAGs    # Errors  Last Runtime    Last Run               Last # of DB Queries
---------------------------------------  -----  ---------  --------  ----------  --------------  -------------------  ----------------------
/opt/airflow/dags/dag_transform_load.py                           1           0  0.56s           2024-10-20T22:07:01                      12
/opt/airflow/dags/dag_extract.py                                  1           0  0.50s           2024-10-20T22:07:01                      12
================================================================================
[2024-10-20T22:07:46.611+0000] {manager.py:997} INFO - 
================================================================================
DAG File Processing Stats

File Path                                PID    Runtime      # DAGs    # Errors  Last Runtime    Last Run               Last # of DB Queries
---------------------------------------  -----  ---------  --------  ----------  --------------  -------------------  ----------------------
/opt/airflow/dags/dag_transform_load.py                           1           0  1.02s           2024-10-20T22:07:32                      12
/opt/airflow/dags/dag_extract.py                                  1           0  0.99s           2024-10-20T22:07:32                      12
================================================================================
[2024-10-20T22:08:16.816+0000] {manager.py:997} INFO - 
================================================================================
DAG File Processing Stats

File Path                                PID    Runtime      # DAGs    # Errors  Last Runtime    Last Run               Last # of DB Queries
---------------------------------------  -----  ---------  --------  ----------  --------------  -------------------  ----------------------
/opt/airflow/dags/dag_transform_load.py                           1           0  0.76s           2024-10-20T22:08:03                      12
/opt/airflow/dags/dag_extract.py                                  1           0  0.73s           2024-10-20T22:08:03                      12
================================================================================
[2024-10-20T22:08:40.343+0000] {manager.py:821} INFO - Searching for files in /opt/airflow/dags
[2024-10-20T22:08:40.365+0000] {manager.py:824} INFO - There are 2 files in /opt/airflow/dags
[2024-10-20T22:08:46.830+0000] {manager.py:997} INFO - 
================================================================================
DAG File Processing Stats

File Path                                PID    Runtime      # DAGs    # Errors  Last Runtime    Last Run               Last # of DB Queries
---------------------------------------  -----  ---------  --------  ----------  --------------  -------------------  ----------------------
/opt/airflow/dags/dag_transform_load.py                           1           0  0.64s           2024-10-20T22:08:34                      12
/opt/airflow/dags/dag_extract.py                                  1           0  0.63s           2024-10-20T22:08:34                      12
================================================================================
[2024-10-20T22:09:17.209+0000] {manager.py:997} INFO - 
================================================================================
DAG File Processing Stats

File Path                                PID    Runtime      # DAGs    # Errors  Last Runtime    Last Run               Last # of DB Queries
---------------------------------------  -----  ---------  --------  ----------  --------------  -------------------  ----------------------
/opt/airflow/dags/dag_transform_load.py                           1           0  0.80s           2024-10-20T22:09:05                      12
/opt/airflow/dags/dag_extract.py                                  1           0  0.72s           2024-10-20T22:09:05                      12
================================================================================
[2024-10-20T22:09:47.590+0000] {manager.py:997} INFO - 
================================================================================
DAG File Processing Stats

File Path                                PID    Runtime      # DAGs    # Errors  Last Runtime    Last Run               Last # of DB Queries
---------------------------------------  -----  ---------  --------  ----------  --------------  -------------------  ----------------------
/opt/airflow/dags/dag_transform_load.py                           1           0  0.65s           2024-10-20T22:09:36                      12
/opt/airflow/dags/dag_extract.py                                  1           0  0.59s           2024-10-20T22:09:36                      12
================================================================================
[2024-10-20T22:10:17.680+0000] {manager.py:997} INFO - 
================================================================================
DAG File Processing Stats

File Path                                PID    Runtime      # DAGs    # Errors  Last Runtime    Last Run               Last # of DB Queries
---------------------------------------  -----  ---------  --------  ----------  --------------  -------------------  ----------------------
/opt/airflow/dags/dag_transform_load.py                           1           0  0.62s           2024-10-20T22:10:07                      12
/opt/airflow/dags/dag_extract.py                                  1           0  0.56s           2024-10-20T22:10:07                      12
================================================================================
[2024-10-20T22:10:48.513+0000] {manager.py:997} INFO - 
================================================================================
DAG File Processing Stats

File Path                                PID    Runtime      # DAGs    # Errors  Last Runtime    Last Run               Last # of DB Queries
---------------------------------------  -----  ---------  --------  ----------  --------------  -------------------  ----------------------
/opt/airflow/dags/dag_transform_load.py                           1           0  0.53s           2024-10-20T22:10:38                      12
/opt/airflow/dags/dag_extract.py                                  1           0  0.51s           2024-10-20T22:10:38                      12
================================================================================
[2024-10-20T22:11:18.649+0000] {manager.py:997} INFO - 
================================================================================
DAG File Processing Stats

File Path                                PID    Runtime      # DAGs    # Errors  Last Runtime    Last Run               Last # of DB Queries
---------------------------------------  -----  ---------  --------  ----------  --------------  -------------------  ----------------------
/opt/airflow/dags/dag_transform_load.py                           1           0  0.67s           2024-10-20T22:11:09                      12
/opt/airflow/dags/dag_extract.py                                  1           0  0.60s           2024-10-20T22:11:09                      12
================================================================================
[2024-10-20T22:11:49.457+0000] {manager.py:997} INFO - 
================================================================================
DAG File Processing Stats

File Path                                PID    Runtime      # DAGs    # Errors  Last Runtime    Last Run               Last # of DB Queries
---------------------------------------  -----  ---------  --------  ----------  --------------  -------------------  ----------------------
/opt/airflow/dags/dag_transform_load.py                           1           0  0.52s           2024-10-20T22:11:40                      12
/opt/airflow/dags/dag_extract.py                                  1           0  0.50s           2024-10-20T22:11:40                      12
================================================================================
[2024-10-20T22:12:19.484+0000] {manager.py:997} INFO - 
================================================================================
DAG File Processing Stats

File Path                                PID    Runtime      # DAGs    # Errors  Last Runtime    Last Run               Last # of DB Queries
---------------------------------------  -----  ---------  --------  ----------  --------------  -------------------  ----------------------
/opt/airflow/dags/dag_transform_load.py                           1           0  0.58s           2024-10-20T22:12:11                      12
/opt/airflow/dags/dag_extract.py                                  1           0  0.54s           2024-10-20T22:12:11                      12
================================================================================
[2024-10-20T22:12:40.426+0000] {manager.py:465} INFO - Exiting gracefully upon receiving signal 15
[2024-10-20T22:13:43.856+0000] {manager.py:483} INFO - Processing files using up to 2 processes at a time 
[2024-10-20T22:13:43.860+0000] {manager.py:484} INFO - Process each file at most once every 30 seconds
[2024-10-20T22:13:43.860+0000] {manager.py:485} INFO - Checking for new files in /opt/airflow/dags every 300 seconds
[2024-10-20T22:13:43.861+0000] {manager.py:821} INFO - Searching for files in /opt/airflow/dags
[2024-10-20T22:13:43.870+0000] {manager.py:824} INFO - There are 2 files in /opt/airflow/dags
[2024-10-20T22:13:44.038+0000] {manager.py:997} INFO - 
================================================================================
DAG File Processing Stats

File Path                                  PID  Runtime      # DAGs    # Errors  Last Runtime    Last Run      Last # of DB Queries
---------------------------------------  -----  ---------  --------  ----------  --------------  ----------  ----------------------
/opt/airflow/dags/dag_extract.py            32  0.08s             0           0                                                   0
/opt/airflow/dags/dag_transform_load.py     31  0.09s             0           0                                                   0
================================================================================
[2024-10-20T22:14:14.284+0000] {manager.py:997} INFO - 
================================================================================
DAG File Processing Stats

File Path                                PID    Runtime      # DAGs    # Errors  Last Runtime    Last Run               Last # of DB Queries
---------------------------------------  -----  ---------  --------  ----------  --------------  -------------------  ----------------------
/opt/airflow/dags/dag_extract.py                                  1           0  1.99s           2024-10-20T22:13:45                      12
/opt/airflow/dags/dag_transform_load.py                           1           0  1.99s           2024-10-20T22:13:45                      12
================================================================================
[2024-10-20T22:14:44.817+0000] {manager.py:997} INFO - 
================================================================================
DAG File Processing Stats

File Path                                PID    Runtime      # DAGs    # Errors  Last Runtime    Last Run               Last # of DB Queries
---------------------------------------  -----  ---------  --------  ----------  --------------  -------------------  ----------------------
/opt/airflow/dags/dag_transform_load.py                           1           0  0.61s           2024-10-20T22:14:16                      12
/opt/airflow/dags/dag_extract.py                                  1           0  0.57s           2024-10-20T22:14:16                      12
================================================================================
[2024-10-20T22:15:15.294+0000] {manager.py:997} INFO - 
================================================================================
DAG File Processing Stats

File Path                                PID    Runtime      # DAGs    # Errors  Last Runtime    Last Run               Last # of DB Queries
---------------------------------------  -----  ---------  --------  ----------  --------------  -------------------  ----------------------
/opt/airflow/dags/dag_transform_load.py                           1           0  0.70s           2024-10-20T22:14:47                      12
/opt/airflow/dags/dag_extract.py                                  1           0  0.68s           2024-10-20T22:14:47                      12
================================================================================
[2024-10-20T22:15:45.804+0000] {manager.py:997} INFO - 
================================================================================
DAG File Processing Stats

File Path                                PID    Runtime      # DAGs    # Errors  Last Runtime    Last Run               Last # of DB Queries
---------------------------------------  -----  ---------  --------  ----------  --------------  -------------------  ----------------------
/opt/airflow/dags/dag_transform_load.py                           1           0  0.58s           2024-10-20T22:15:18                      12
/opt/airflow/dags/dag_extract.py                                  1           0  0.54s           2024-10-20T22:15:18                      12
================================================================================
[2024-10-20T22:16:16.089+0000] {manager.py:997} INFO - 
================================================================================
DAG File Processing Stats

File Path                                PID    Runtime      # DAGs    # Errors  Last Runtime    Last Run               Last # of DB Queries
---------------------------------------  -----  ---------  --------  ----------  --------------  -------------------  ----------------------
/opt/airflow/dags/dag_transform_load.py                           1           0  0.52s           2024-10-20T22:15:49                      12
/opt/airflow/dags/dag_extract.py                                  1           0  0.48s           2024-10-20T22:15:49                      12
================================================================================
[2024-10-20T22:16:46.596+0000] {manager.py:997} INFO - 
================================================================================
DAG File Processing Stats

File Path                                PID    Runtime      # DAGs    # Errors  Last Runtime    Last Run               Last # of DB Queries
---------------------------------------  -----  ---------  --------  ----------  --------------  -------------------  ----------------------
/opt/airflow/dags/dag_transform_load.py                           1           0  0.49s           2024-10-20T22:16:20                      12
/opt/airflow/dags/dag_extract.py                                  1           0  0.46s           2024-10-20T22:16:20                      12
================================================================================
[2024-10-20T22:17:17.137+0000] {manager.py:997} INFO - 
================================================================================
DAG File Processing Stats

File Path                                PID    Runtime      # DAGs    # Errors  Last Runtime    Last Run               Last # of DB Queries
---------------------------------------  -----  ---------  --------  ----------  --------------  -------------------  ----------------------
/opt/airflow/dags/dag_transform_load.py                           1           0  0.70s           2024-10-20T22:16:51                      12
/opt/airflow/dags/dag_extract.py                                  1           0  0.70s           2024-10-20T22:16:51                      12
================================================================================
[2024-10-20T22:17:47.582+0000] {manager.py:997} INFO - 
================================================================================
DAG File Processing Stats

File Path                                PID    Runtime      # DAGs    # Errors  Last Runtime    Last Run               Last # of DB Queries
---------------------------------------  -----  ---------  --------  ----------  --------------  -------------------  ----------------------
/opt/airflow/dags/dag_transform_load.py                           1           0  0.47s           2024-10-20T22:17:22                      12
/opt/airflow/dags/dag_extract.py                                  1           0  0.43s           2024-10-20T22:17:22                      12
================================================================================
[2024-10-20T22:18:17.948+0000] {manager.py:997} INFO - 
================================================================================
DAG File Processing Stats

File Path                                PID    Runtime      # DAGs    # Errors  Last Runtime    Last Run               Last # of DB Queries
---------------------------------------  -----  ---------  --------  ----------  --------------  -------------------  ----------------------
/opt/airflow/dags/dag_transform_load.py                           1           0  0.72s           2024-10-20T22:17:53                      12
/opt/airflow/dags/dag_extract.py                                  1           0  0.65s           2024-10-20T22:17:53                      12
================================================================================
[2024-10-20T22:18:20.828+0000] {manager.py:465} INFO - Exiting gracefully upon receiving signal 15
[2024-10-20T22:19:43.553+0000] {manager.py:483} INFO - Processing files using up to 2 processes at a time 
[2024-10-20T22:19:43.554+0000] {manager.py:484} INFO - Process each file at most once every 30 seconds
[2024-10-20T22:19:43.555+0000] {manager.py:485} INFO - Checking for new files in /opt/airflow/dags every 300 seconds
[2024-10-20T22:19:43.556+0000] {manager.py:821} INFO - Searching for files in /opt/airflow/dags
[2024-10-20T22:19:43.568+0000] {manager.py:824} INFO - There are 2 files in /opt/airflow/dags
[2024-10-20T22:19:43.748+0000] {manager.py:997} INFO - 
================================================================================
DAG File Processing Stats

File Path                                  PID  Runtime      # DAGs    # Errors  Last Runtime    Last Run      Last # of DB Queries
---------------------------------------  -----  ---------  --------  ----------  --------------  ----------  ----------------------
/opt/airflow/dags/dag_extract.py            32  0.07s             0           0                                                   0
/opt/airflow/dags/dag_transform_load.py     31  0.09s             0           0                                                   0
================================================================================
[2024-10-20T22:20:13.778+0000] {manager.py:997} INFO - 
================================================================================
DAG File Processing Stats

File Path                                PID    Runtime      # DAGs    # Errors  Last Runtime    Last Run               Last # of DB Queries
---------------------------------------  -----  ---------  --------  ----------  --------------  -------------------  ----------------------
/opt/airflow/dags/dag_transform_load.py                           1           0  1.73s           2024-10-20T22:19:45                      12
/opt/airflow/dags/dag_extract.py                                  1           0  1.71s           2024-10-20T22:19:45                      12
================================================================================
[2024-10-20T22:20:44.323+0000] {manager.py:997} INFO - 
================================================================================
DAG File Processing Stats

File Path                                PID    Runtime      # DAGs    # Errors  Last Runtime    Last Run               Last # of DB Queries
---------------------------------------  -----  ---------  --------  ----------  --------------  -------------------  ----------------------
/opt/airflow/dags/dag_transform_load.py                           1           0  1.10s           2024-10-20T22:20:16                      12
/opt/airflow/dags/dag_extract.py                                  1           0  1.05s           2024-10-20T22:20:16                      12
================================================================================
[2024-10-20T22:21:14.346+0000] {manager.py:997} INFO - 
================================================================================
DAG File Processing Stats

File Path                                PID    Runtime      # DAGs    # Errors  Last Runtime    Last Run               Last # of DB Queries
---------------------------------------  -----  ---------  --------  ----------  --------------  -------------------  ----------------------
/opt/airflow/dags/dag_transform_load.py                           1           0  0.63s           2024-10-20T22:20:48                      12
/opt/airflow/dags/dag_extract.py                                  1           0  0.57s           2024-10-20T22:20:48                      12
================================================================================
[2024-10-20T22:21:44.801+0000] {manager.py:997} INFO - 
================================================================================
DAG File Processing Stats

File Path                                PID    Runtime      # DAGs    # Errors  Last Runtime    Last Run               Last # of DB Queries
---------------------------------------  -----  ---------  --------  ----------  --------------  -------------------  ----------------------
/opt/airflow/dags/dag_transform_load.py                           1           0  1.18s           2024-10-20T22:21:19                      12
/opt/airflow/dags/dag_extract.py                                  1           0  1.17s           2024-10-20T22:21:19                      12
================================================================================
[2024-10-20T22:22:15.407+0000] {manager.py:997} INFO - 
================================================================================
DAG File Processing Stats

File Path                                PID    Runtime      # DAGs    # Errors  Last Runtime    Last Run               Last # of DB Queries
---------------------------------------  -----  ---------  --------  ----------  --------------  -------------------  ----------------------
/opt/airflow/dags/dag_transform_load.py                           1           0  1.48s           2024-10-20T22:21:51                      12
/opt/airflow/dags/dag_extract.py                                  1           0  1.44s           2024-10-20T22:21:51                      12
================================================================================
[2024-10-20T22:22:46.095+0000] {manager.py:997} INFO - 
================================================================================
DAG File Processing Stats

File Path                                PID    Runtime      # DAGs    # Errors  Last Runtime    Last Run               Last # of DB Queries
---------------------------------------  -----  ---------  --------  ----------  --------------  -------------------  ----------------------
/opt/airflow/dags/dag_transform_load.py                           1           0  0.64s           2024-10-20T22:22:22                      12
/opt/airflow/dags/dag_extract.py                                  1           0  0.61s           2024-10-20T22:22:22                      12
================================================================================
[2024-10-20T22:23:17.105+0000] {manager.py:997} INFO - 
================================================================================
DAG File Processing Stats

File Path                                PID    Runtime      # DAGs    # Errors  Last Runtime    Last Run               Last # of DB Queries
---------------------------------------  -----  ---------  --------  ----------  --------------  -------------------  ----------------------
/opt/airflow/dags/dag_transform_load.py                           1           0  0.57s           2024-10-20T22:22:52                      12
/opt/airflow/dags/dag_extract.py                                  1           0  0.54s           2024-10-20T22:22:52                      12
================================================================================
[2024-10-20T22:23:47.164+0000] {manager.py:997} INFO - 
================================================================================
DAG File Processing Stats

File Path                                PID    Runtime      # DAGs    # Errors  Last Runtime    Last Run               Last # of DB Queries
---------------------------------------  -----  ---------  --------  ----------  --------------  -------------------  ----------------------
/opt/airflow/dags/dag_transform_load.py                           1           0  0.59s           2024-10-20T22:23:23                      12
/opt/airflow/dags/dag_extract.py                                  1           0  0.52s           2024-10-20T22:23:23                      12
================================================================================
[2024-10-20T22:24:17.888+0000] {manager.py:997} INFO - 
================================================================================
DAG File Processing Stats

File Path                                PID    Runtime      # DAGs    # Errors  Last Runtime    Last Run               Last # of DB Queries
---------------------------------------  -----  ---------  --------  ----------  --------------  -------------------  ----------------------
/opt/airflow/dags/dag_transform_load.py                           1           0  0.59s           2024-10-20T22:23:54                      12
/opt/airflow/dags/dag_extract.py                                  1           0  0.54s           2024-10-20T22:23:54                      12
================================================================================
[2024-10-20T22:24:29.631+0000] {manager.py:465} INFO - Exiting gracefully upon receiving signal 15
[2024-10-21T00:41:11.606+0000] {manager.py:483} INFO - Processing files using up to 2 processes at a time 
[2024-10-21T00:41:11.608+0000] {manager.py:484} INFO - Process each file at most once every 30 seconds
[2024-10-21T00:41:11.608+0000] {manager.py:485} INFO - Checking for new files in /opt/airflow/dags every 300 seconds
[2024-10-21T00:41:11.609+0000] {manager.py:821} INFO - Searching for files in /opt/airflow/dags
[2024-10-21T00:41:11.626+0000] {manager.py:824} INFO - There are 3 files in /opt/airflow/dags
[2024-10-21T00:41:11.776+0000] {manager.py:997} INFO - 
================================================================================
DAG File Processing Stats

File Path                                  PID  Runtime      # DAGs    # Errors  Last Runtime    Last Run      Last # of DB Queries
---------------------------------------  -----  ---------  --------  ----------  --------------  ----------  ----------------------
/opt/airflow/dags/dag_dm_table.py           31  0.06s             0           0                                                   0
/opt/airflow/dags/dag_extract.py                                  0           0                                                   0
/opt/airflow/dags/dag_transform_load.py     32  0.05s             0           0                                                   0
================================================================================
[2024-10-21T00:41:41.960+0000] {manager.py:997} INFO - 
================================================================================
DAG File Processing Stats

File Path                                PID    Runtime      # DAGs    # Errors  Last Runtime    Last Run               Last # of DB Queries
---------------------------------------  -----  ---------  --------  ----------  --------------  -------------------  ----------------------
/opt/airflow/dags/dag_dm_table.py                                 1           0  2.16s           2024-10-21T00:41:13                      45
/opt/airflow/dags/dag_transform_load.py                           1           0  1.77s           2024-10-21T00:41:13                      12
/opt/airflow/dags/dag_extract.py                                  1           0  1.11s           2024-10-21T00:41:14                      12
================================================================================
[2024-10-21T00:42:12.768+0000] {manager.py:997} INFO - 
================================================================================
DAG File Processing Stats

File Path                                PID    Runtime      # DAGs    # Errors  Last Runtime    Last Run               Last # of DB Queries
---------------------------------------  -----  ---------  --------  ----------  --------------  -------------------  ----------------------
/opt/airflow/dags/dag_dm_table.py                                 1           0  0.48s           2024-10-21T00:41:44                      12
/opt/airflow/dags/dag_transform_load.py                           1           0  0.45s           2024-10-21T00:41:44                      12
/opt/airflow/dags/dag_extract.py                                  1           0  0.38s           2024-10-21T00:41:45                      12
================================================================================
[2024-10-21T00:42:43.083+0000] {manager.py:997} INFO - 
================================================================================
DAG File Processing Stats

File Path                                PID    Runtime      # DAGs    # Errors  Last Runtime    Last Run               Last # of DB Queries
---------------------------------------  -----  ---------  --------  ----------  --------------  -------------------  ----------------------
/opt/airflow/dags/dag_dm_table.py                                 1           0  0.61s           2024-10-21T00:42:15                      12
/opt/airflow/dags/dag_transform_load.py                           1           0  0.59s           2024-10-21T00:42:15                      12
/opt/airflow/dags/dag_extract.py                                  1           0  0.30s           2024-10-21T00:42:16                      12
================================================================================
[2024-10-21T00:43:13.098+0000] {manager.py:997} INFO - 
================================================================================
DAG File Processing Stats

File Path                                PID    Runtime      # DAGs    # Errors  Last Runtime    Last Run               Last # of DB Queries
---------------------------------------  -----  ---------  --------  ----------  --------------  -------------------  ----------------------
/opt/airflow/dags/dag_dm_table.py                                 1           0  0.49s           2024-10-21T00:42:46                      12
/opt/airflow/dags/dag_transform_load.py                           1           0  0.45s           2024-10-21T00:42:46                      12
/opt/airflow/dags/dag_extract.py                                  1           0  0.28s           2024-10-21T00:42:46                      12
================================================================================
[2024-10-21T00:43:43.387+0000] {manager.py:997} INFO - 
================================================================================
DAG File Processing Stats

File Path                                PID    Runtime      # DAGs    # Errors  Last Runtime    Last Run               Last # of DB Queries
---------------------------------------  -----  ---------  --------  ----------  --------------  -------------------  ----------------------
/opt/airflow/dags/dag_dm_table.py                                 1           0  0.78s           2024-10-21T00:43:17                      12
/opt/airflow/dags/dag_transform_load.py                           1           0  0.76s           2024-10-21T00:43:17                      12
/opt/airflow/dags/dag_extract.py                                  1           0  0.37s           2024-10-21T00:43:18                      12
================================================================================
[2024-10-21T00:44:13.807+0000] {manager.py:997} INFO - 
================================================================================
DAG File Processing Stats

File Path                                PID    Runtime      # DAGs    # Errors  Last Runtime    Last Run               Last # of DB Queries
---------------------------------------  -----  ---------  --------  ----------  --------------  -------------------  ----------------------
/opt/airflow/dags/dag_dm_table.py                                 1           0  0.52s           2024-10-21T00:43:48                      12
/opt/airflow/dags/dag_transform_load.py                           1           0  0.48s           2024-10-21T00:43:48                      12
/opt/airflow/dags/dag_extract.py                                  1           0  0.27s           2024-10-21T00:43:48                      12
================================================================================
[2024-10-21T00:44:44.002+0000] {manager.py:997} INFO - 
================================================================================
DAG File Processing Stats

File Path                                PID    Runtime      # DAGs    # Errors  Last Runtime    Last Run               Last # of DB Queries
---------------------------------------  -----  ---------  --------  ----------  --------------  -------------------  ----------------------
/opt/airflow/dags/dag_dm_table.py                                 1           0  0.60s           2024-10-21T00:44:19                      12
/opt/airflow/dags/dag_transform_load.py                           1           0  0.56s           2024-10-21T00:44:19                      12
/opt/airflow/dags/dag_extract.py                                  1           0  0.34s           2024-10-21T00:44:19                      12
================================================================================
[2024-10-21T00:45:14.793+0000] {manager.py:997} INFO - 
================================================================================
DAG File Processing Stats

File Path                                PID    Runtime      # DAGs    # Errors  Last Runtime    Last Run               Last # of DB Queries
---------------------------------------  -----  ---------  --------  ----------  --------------  -------------------  ----------------------
/opt/airflow/dags/dag_dm_table.py                                 1           0  0.53s           2024-10-21T00:44:50                      12
/opt/airflow/dags/dag_transform_load.py                           1           0  0.49s           2024-10-21T00:44:50                      12
/opt/airflow/dags/dag_extract.py                                  1           0  0.29s           2024-10-21T00:44:50                      12
================================================================================
[2024-10-21T00:45:44.976+0000] {manager.py:997} INFO - 
================================================================================
DAG File Processing Stats

File Path                                PID    Runtime      # DAGs    # Errors  Last Runtime    Last Run               Last # of DB Queries
---------------------------------------  -----  ---------  --------  ----------  --------------  -------------------  ----------------------
/opt/airflow/dags/dag_dm_table.py                                 1           0  0.60s           2024-10-21T00:45:21                      12
/opt/airflow/dags/dag_transform_load.py                           1           0  0.56s           2024-10-21T00:45:21                      12
/opt/airflow/dags/dag_extract.py                                  1           0  0.31s           2024-10-21T00:45:21                      12
================================================================================
[2024-10-21T00:46:11.782+0000] {manager.py:821} INFO - Searching for files in /opt/airflow/dags
[2024-10-21T00:46:11.808+0000] {manager.py:824} INFO - There are 3 files in /opt/airflow/dags
[2024-10-21T00:46:15.144+0000] {manager.py:997} INFO - 
================================================================================
DAG File Processing Stats

File Path                                PID    Runtime      # DAGs    # Errors  Last Runtime    Last Run               Last # of DB Queries
---------------------------------------  -----  ---------  --------  ----------  --------------  -------------------  ----------------------
/opt/airflow/dags/dag_dm_table.py                                 1           0  0.65s           2024-10-21T00:45:52                      12
/opt/airflow/dags/dag_transform_load.py                           1           0  0.63s           2024-10-21T00:45:52                      12
/opt/airflow/dags/dag_extract.py                                  1           0  0.40s           2024-10-21T00:45:52                      12
================================================================================
[2024-10-21T00:46:45.483+0000] {manager.py:997} INFO - 
================================================================================
DAG File Processing Stats

File Path                                PID    Runtime      # DAGs    # Errors  Last Runtime    Last Run               Last # of DB Queries
---------------------------------------  -----  ---------  --------  ----------  --------------  -------------------  ----------------------
/opt/airflow/dags/dag_dm_table.py                                 1           0  0.63s           2024-10-21T00:46:23                      12
/opt/airflow/dags/dag_transform_load.py                           1           0  0.60s           2024-10-21T00:46:23                      12
/opt/airflow/dags/dag_extract.py                                  1           0  0.54s           2024-10-21T00:46:24                      12
================================================================================
[2024-10-21T00:47:15.640+0000] {manager.py:997} INFO - 
================================================================================
DAG File Processing Stats

File Path                                PID    Runtime      # DAGs    # Errors  Last Runtime    Last Run               Last # of DB Queries
---------------------------------------  -----  ---------  --------  ----------  --------------  -------------------  ----------------------
/opt/airflow/dags/dag_dm_table.py                                 1           0  1.46s           2024-10-21T00:46:55                      12
/opt/airflow/dags/dag_transform_load.py                           1           0  1.44s           2024-10-21T00:46:55                      12
/opt/airflow/dags/dag_extract.py                                  1           0  0.51s           2024-10-21T00:46:55                      12
================================================================================
[2024-10-21T00:47:45.917+0000] {manager.py:997} INFO - 
================================================================================
DAG File Processing Stats

File Path                                PID    Runtime      # DAGs    # Errors  Last Runtime    Last Run               Last # of DB Queries
---------------------------------------  -----  ---------  --------  ----------  --------------  -------------------  ----------------------
/opt/airflow/dags/dag_dm_table.py                                 1           0  0.86s           2024-10-21T00:47:26                      12
/opt/airflow/dags/dag_transform_load.py                           1           0  0.78s           2024-10-21T00:47:26                      12
/opt/airflow/dags/dag_extract.py                                  1           0  0.50s           2024-10-21T00:47:27                      12
================================================================================
