[2024-10-23T01:10:42.339+0000] {local_task_job_runner.py:123} INFO - ::group::Pre task execution logs
[2024-10-23T01:10:42.354+0000] {taskinstance.py:2612} INFO - Dependencies all met for dep_context=non-requeueable deps ti=<TaskInstance: etl_crypto_pipeline.create_update_dm_crypto_table scheduled__2024-10-22T00:00:00+00:00 [queued]>
[2024-10-23T01:10:42.370+0000] {taskinstance.py:2612} INFO - Dependencies all met for dep_context=requeueable deps ti=<TaskInstance: etl_crypto_pipeline.create_update_dm_crypto_table scheduled__2024-10-22T00:00:00+00:00 [queued]>
[2024-10-23T01:10:42.372+0000] {taskinstance.py:2865} INFO - Starting attempt 1 of 2
[2024-10-23T01:10:42.391+0000] {taskinstance.py:2888} INFO - Executing <Task(PythonOperator): create_update_dm_crypto_table> on 2024-10-22 00:00:00+00:00
[2024-10-23T01:10:42.403+0000] {warnings.py:112} WARNING - /home/***/.local/lib/python3.12/site-packages/***/task/task_runner/standard_task_runner.py:70: DeprecationWarning: This process (pid=2526) is multi-threaded, use of fork() may lead to deadlocks in the child.
  pid = os.fork()

[2024-10-23T01:10:42.406+0000] {standard_task_runner.py:72} INFO - Started process 2528 to run task
[2024-10-23T01:10:42.406+0000] {standard_task_runner.py:104} INFO - Running: ['***', 'tasks', 'run', 'etl_crypto_pipeline', 'create_update_dm_crypto_table', 'scheduled__2024-10-22T00:00:00+00:00', '--job-id', '189', '--raw', '--subdir', 'DAGS_FOLDER/dag_etl.py', '--cfg-path', '/tmp/tmpy7_cqcer']
[2024-10-23T01:10:42.410+0000] {standard_task_runner.py:105} INFO - Job 189: Subtask create_update_dm_crypto_table
[2024-10-23T01:10:42.473+0000] {task_command.py:467} INFO - Running <TaskInstance: etl_crypto_pipeline.create_update_dm_crypto_table scheduled__2024-10-22T00:00:00+00:00 [running]> on host df68927c17b4
[2024-10-23T01:10:42.526+0000] {taskinstance.py:3131} INFO - Exporting env vars: AIRFLOW_CTX_DAG_OWNER='***' AIRFLOW_CTX_DAG_ID='etl_crypto_pipeline' AIRFLOW_CTX_TASK_ID='create_update_dm_crypto_table' AIRFLOW_CTX_EXECUTION_DATE='2024-10-22T00:00:00+00:00' AIRFLOW_CTX_TRY_NUMBER='1' AIRFLOW_CTX_DAG_RUN_ID='scheduled__2024-10-22T00:00:00+00:00'
[2024-10-23T01:10:42.528+0000] {taskinstance.py:731} INFO - ::endgroup::
[2024-10-23T01:10:45.687+0000] {logging_mixin.py:190} INFO - Table dm_crypto_daily_information dropped
[2024-10-23T01:10:46.390+0000] {logging_mixin.py:190} INFO - Table dm_crypto_daily_information created successfuly
[2024-10-23T01:10:46.398+0000] {python.py:240} INFO - Done. Returned value was: None
[2024-10-23T01:10:46.445+0000] {taskinstance.py:340} INFO - ::group::Post task execution logs
[2024-10-23T01:10:46.446+0000] {taskinstance.py:352} INFO - Marking task as SUCCESS. dag_id=etl_crypto_pipeline, task_id=create_update_dm_crypto_table, run_id=scheduled__2024-10-22T00:00:00+00:00, execution_date=20241022T000000, start_date=20241023T011042, end_date=20241023T011046
[2024-10-23T01:10:46.531+0000] {local_task_job_runner.py:266} INFO - Task exited with return code 0
[2024-10-23T01:10:46.588+0000] {taskinstance.py:3900} INFO - 0 downstream tasks scheduled from follow-on schedule check
[2024-10-23T01:10:46.591+0000] {local_task_job_runner.py:245} INFO - ::endgroup::
