[2024-10-21T00:45:54.877+0000] {local_task_job_runner.py:123} INFO - ::group::Pre task execution logs
[2024-10-21T00:45:54.923+0000] {taskinstance.py:2612} INFO - Dependencies all met for dep_context=non-requeueable deps ti=<TaskInstance: transform_load_crypto_data.transform_load_crypto_data manual__2024-10-20T00:00:30+00:00 [queued]>
[2024-10-21T00:45:54.936+0000] {taskinstance.py:2612} INFO - Dependencies all met for dep_context=requeueable deps ti=<TaskInstance: transform_load_crypto_data.transform_load_crypto_data manual__2024-10-20T00:00:30+00:00 [queued]>
[2024-10-21T00:45:54.937+0000] {taskinstance.py:2865} INFO - Starting attempt 1 of 2
[2024-10-21T00:45:54.957+0000] {taskinstance.py:2888} INFO - Executing <Task(PythonOperator): transform_load_crypto_data> on 2024-10-20 00:00:30+00:00
[2024-10-21T00:45:54.987+0000] {warnings.py:112} WARNING - /home/***/.local/lib/python3.12/site-packages/***/task/task_runner/standard_task_runner.py:70: DeprecationWarning: This process (pid=123) is multi-threaded, use of fork() may lead to deadlocks in the child.
  pid = os.fork()

[2024-10-21T00:45:54.989+0000] {standard_task_runner.py:72} INFO - Started process 125 to run task
[2024-10-21T00:45:54.989+0000] {standard_task_runner.py:104} INFO - Running: ['***', 'tasks', 'run', 'transform_load_crypto_data', 'transform_load_crypto_data', 'manual__2024-10-20T00:00:30+00:00', '--job-id', '175', '--raw', '--subdir', 'DAGS_FOLDER/dag_transform_load.py', '--cfg-path', '/tmp/tmpr4dxf3_w']
[2024-10-21T00:45:54.993+0000] {standard_task_runner.py:105} INFO - Job 175: Subtask transform_load_crypto_data
[2024-10-21T00:45:55.044+0000] {task_command.py:467} INFO - Running <TaskInstance: transform_load_crypto_data.transform_load_crypto_data manual__2024-10-20T00:00:30+00:00 [running]> on host 2e57320be020
[2024-10-21T00:45:55.115+0000] {taskinstance.py:3131} INFO - Exporting env vars: AIRFLOW_CTX_DAG_OWNER='***' AIRFLOW_CTX_DAG_ID='transform_load_crypto_data' AIRFLOW_CTX_TASK_ID='transform_load_crypto_data' AIRFLOW_CTX_EXECUTION_DATE='2024-10-20T00:00:30+00:00' AIRFLOW_CTX_TRY_NUMBER='1' AIRFLOW_CTX_DAG_RUN_ID='manual__2024-10-20T00:00:30+00:00'
[2024-10-21T00:45:55.119+0000] {taskinstance.py:731} INFO - ::endgroup::
[2024-10-21T00:46:00.267+0000] {logging_mixin.py:190} INFO - Dolar prices sent to DB
[2024-10-21T00:46:02.655+0000] {logging_mixin.py:190} INFO - Crypto prices sent to DB
[2024-10-21T00:46:05.043+0000] {logging_mixin.py:190} INFO - Crypto data sent to DB
[2024-10-21T00:46:05.044+0000] {python.py:240} INFO - Done. Returned value was: None
[2024-10-21T00:46:05.058+0000] {taskinstance.py:340} INFO - ::group::Post task execution logs
[2024-10-21T00:46:05.059+0000] {taskinstance.py:352} INFO - Marking task as SUCCESS. dag_id=transform_load_crypto_data, task_id=transform_load_crypto_data, run_id=manual__2024-10-20T00:00:30+00:00, execution_date=20241020T000030, start_date=20241021T004554, end_date=20241021T004605
[2024-10-21T00:46:05.095+0000] {local_task_job_runner.py:266} INFO - Task exited with return code 0
[2024-10-21T00:46:05.114+0000] {taskinstance.py:3900} INFO - 0 downstream tasks scheduled from follow-on schedule check
[2024-10-21T00:46:05.115+0000] {local_task_job_runner.py:245} INFO - ::endgroup::
