[2024-10-20T22:21:20.247+0000] {local_task_job_runner.py:123} INFO - ::group::Pre task execution logs
[2024-10-20T22:21:20.442+0000] {taskinstance.py:2612} INFO - Dependencies all met for dep_context=non-requeueable deps ti=<TaskInstance: extract_crypto_data.extract_crypto_data manual__2024-10-20T00:00:20+00:00 [queued]>
[2024-10-20T22:21:20.447+0000] {taskinstance.py:2612} INFO - Dependencies all met for dep_context=requeueable deps ti=<TaskInstance: extract_crypto_data.extract_crypto_data manual__2024-10-20T00:00:20+00:00 [queued]>
[2024-10-20T22:21:20.447+0000] {taskinstance.py:2865} INFO - Starting attempt 1 of 2
[2024-10-20T22:21:20.453+0000] {taskinstance.py:2888} INFO - Executing <Task(PythonOperator): extract_crypto_data> on 2024-10-20 00:00:20+00:00
[2024-10-20T22:21:20.458+0000] {warnings.py:112} WARNING - /home/***/.local/lib/python3.12/site-packages/***/task/task_runner/standard_task_runner.py:70: DeprecationWarning: This process (pid=69) is multi-threaded, use of fork() may lead to deadlocks in the child.
  pid = os.fork()

[2024-10-20T22:21:20.459+0000] {standard_task_runner.py:72} INFO - Started process 71 to run task
[2024-10-20T22:21:20.459+0000] {standard_task_runner.py:104} INFO - Running: ['***', 'tasks', 'run', 'extract_crypto_data', 'extract_crypto_data', 'manual__2024-10-20T00:00:20+00:00', '--job-id', '166', '--raw', '--subdir', 'DAGS_FOLDER/dag_extract.py', '--cfg-path', '/tmp/tmpvuqbl5tk']
[2024-10-20T22:21:20.461+0000] {standard_task_runner.py:105} INFO - Job 166: Subtask extract_crypto_data
[2024-10-20T22:21:20.489+0000] {task_command.py:467} INFO - Running <TaskInstance: extract_crypto_data.extract_crypto_data manual__2024-10-20T00:00:20+00:00 [running]> on host dd91fb4219b6
[2024-10-20T22:21:20.546+0000] {taskinstance.py:3131} INFO - Exporting env vars: AIRFLOW_CTX_DAG_OWNER='***' AIRFLOW_CTX_DAG_ID='extract_crypto_data' AIRFLOW_CTX_TASK_ID='extract_crypto_data' AIRFLOW_CTX_EXECUTION_DATE='2024-10-20T00:00:20+00:00' AIRFLOW_CTX_TRY_NUMBER='1' AIRFLOW_CTX_DAG_RUN_ID='manual__2024-10-20T00:00:20+00:00'
[2024-10-20T22:21:20.547+0000] {taskinstance.py:731} INFO - ::endgroup::
[2024-10-20T22:21:20.921+0000] {logging_mixin.py:190} INFO - Dolar prices saved to parquet
[2024-10-20T22:21:24.228+0000] {logging_mixin.py:190} INFO - Crypto prices saved to parquet
[2024-10-20T22:21:25.481+0000] {logging_mixin.py:190} INFO - Crypto data saved to parquet
[2024-10-20T22:21:25.483+0000] {python.py:240} INFO - Done. Returned value was: None
[2024-10-20T22:21:25.509+0000] {taskinstance.py:340} INFO - ::group::Post task execution logs
[2024-10-20T22:21:25.510+0000] {taskinstance.py:352} INFO - Marking task as SUCCESS. dag_id=extract_crypto_data, task_id=extract_crypto_data, run_id=manual__2024-10-20T00:00:20+00:00, execution_date=20241020T000020, start_date=20241020T222120, end_date=20241020T222125
[2024-10-20T22:21:25.576+0000] {local_task_job_runner.py:266} INFO - Task exited with return code 0
[2024-10-20T22:21:25.588+0000] {taskinstance.py:3900} INFO - 0 downstream tasks scheduled from follow-on schedule check
[2024-10-20T22:21:25.589+0000] {local_task_job_runner.py:245} INFO - ::endgroup::
