[2024-10-23T01:10:32.477+0000] {local_task_job_runner.py:123} INFO - ::group::Pre task execution logs
[2024-10-23T01:10:32.506+0000] {taskinstance.py:2612} INFO - Dependencies all met for dep_context=non-requeueable deps ti=<TaskInstance: etl_crypto_pipeline.transform_load_crypto_data scheduled__2024-10-22T00:00:00+00:00 [queued]>
[2024-10-23T01:10:32.515+0000] {taskinstance.py:2612} INFO - Dependencies all met for dep_context=requeueable deps ti=<TaskInstance: etl_crypto_pipeline.transform_load_crypto_data scheduled__2024-10-22T00:00:00+00:00 [queued]>
[2024-10-23T01:10:32.515+0000] {taskinstance.py:2865} INFO - Starting attempt 1 of 2
[2024-10-23T01:10:32.532+0000] {taskinstance.py:2888} INFO - Executing <Task(PythonOperator): transform_load_crypto_data> on 2024-10-22 00:00:00+00:00
[2024-10-23T01:10:32.599+0000] {warnings.py:112} WARNING - /home/***/.local/lib/python3.12/site-packages/***/task/task_runner/standard_task_runner.py:70: DeprecationWarning: This process (pid=2513) is multi-threaded, use of fork() may lead to deadlocks in the child.
  pid = os.fork()

[2024-10-23T01:10:32.602+0000] {standard_task_runner.py:72} INFO - Started process 2515 to run task
[2024-10-23T01:10:32.605+0000] {standard_task_runner.py:104} INFO - Running: ['***', 'tasks', 'run', 'etl_crypto_pipeline', 'transform_load_crypto_data', 'scheduled__2024-10-22T00:00:00+00:00', '--job-id', '188', '--raw', '--subdir', 'DAGS_FOLDER/dag_etl.py', '--cfg-path', '/tmp/tmpeut8gzh0']
[2024-10-23T01:10:32.610+0000] {standard_task_runner.py:105} INFO - Job 188: Subtask transform_load_crypto_data
[2024-10-23T01:10:32.717+0000] {task_command.py:467} INFO - Running <TaskInstance: etl_crypto_pipeline.transform_load_crypto_data scheduled__2024-10-22T00:00:00+00:00 [running]> on host df68927c17b4
[2024-10-23T01:10:32.805+0000] {taskinstance.py:3131} INFO - Exporting env vars: AIRFLOW_CTX_DAG_OWNER='***' AIRFLOW_CTX_DAG_ID='etl_crypto_pipeline' AIRFLOW_CTX_TASK_ID='transform_load_crypto_data' AIRFLOW_CTX_EXECUTION_DATE='2024-10-22T00:00:00+00:00' AIRFLOW_CTX_TRY_NUMBER='1' AIRFLOW_CTX_DAG_RUN_ID='scheduled__2024-10-22T00:00:00+00:00'
[2024-10-23T01:10:32.810+0000] {taskinstance.py:731} INFO - ::endgroup::
[2024-10-23T01:10:36.764+0000] {logging_mixin.py:190} INFO - Dolar prices sent to DB
[2024-10-23T01:10:38.445+0000] {logging_mixin.py:190} INFO - Crypto prices sent to DB
[2024-10-23T01:10:40.031+0000] {logging_mixin.py:190} INFO - Crypto data sent to DB
[2024-10-23T01:10:40.035+0000] {python.py:240} INFO - Done. Returned value was: None
[2024-10-23T01:10:40.071+0000] {taskinstance.py:340} INFO - ::group::Post task execution logs
[2024-10-23T01:10:40.072+0000] {taskinstance.py:352} INFO - Marking task as SUCCESS. dag_id=etl_crypto_pipeline, task_id=transform_load_crypto_data, run_id=scheduled__2024-10-22T00:00:00+00:00, execution_date=20241022T000000, start_date=20241023T011032, end_date=20241023T011040
[2024-10-23T01:10:40.161+0000] {local_task_job_runner.py:266} INFO - Task exited with return code 0
[2024-10-23T01:10:40.201+0000] {taskinstance.py:3900} INFO - 1 downstream tasks scheduled from follow-on schedule check
[2024-10-23T01:10:40.203+0000] {local_task_job_runner.py:245} INFO - ::endgroup::
