[2024-10-21T00:43:21.035+0000] {local_task_job_runner.py:123} INFO - ::group::Pre task execution logs
[2024-10-21T00:43:21.046+0000] {taskinstance.py:2612} INFO - Dependencies all met for dep_context=non-requeueable deps ti=<TaskInstance: create_update_dm_crypto_table.wait_for_transform_load scheduled__2024-10-20T00:00:00+00:00 [queued]>
[2024-10-21T00:43:21.270+0000] {taskinstance.py:2612} INFO - Dependencies all met for dep_context=requeueable deps ti=<TaskInstance: create_update_dm_crypto_table.wait_for_transform_load scheduled__2024-10-20T00:00:00+00:00 [queued]>
[2024-10-21T00:43:21.270+0000] {taskinstance.py:2865} INFO - Starting attempt 1 of 2
[2024-10-21T00:43:21.279+0000] {taskinstance.py:2888} INFO - Executing <Task(ExternalTaskSensor): wait_for_transform_load> on 2024-10-20 00:00:00+00:00
[2024-10-21T00:43:21.285+0000] {warnings.py:112} WARNING - /home/***/.local/lib/python3.12/site-packages/***/task/task_runner/standard_task_runner.py:70: DeprecationWarning: This process (pid=76) is multi-threaded, use of fork() may lead to deadlocks in the child.
  pid = os.fork()

[2024-10-21T00:43:21.287+0000] {standard_task_runner.py:72} INFO - Started process 78 to run task
[2024-10-21T00:43:21.287+0000] {standard_task_runner.py:104} INFO - Running: ['***', 'tasks', 'run', 'create_update_dm_crypto_table', 'wait_for_transform_load', 'scheduled__2024-10-20T00:00:00+00:00', '--job-id', '172', '--raw', '--subdir', 'DAGS_FOLDER/dag_dm_table.py', '--cfg-path', '/tmp/tmpq09k9wka']
[2024-10-21T00:43:21.290+0000] {standard_task_runner.py:105} INFO - Job 172: Subtask wait_for_transform_load
[2024-10-21T00:43:21.349+0000] {task_command.py:467} INFO - Running <TaskInstance: create_update_dm_crypto_table.wait_for_transform_load scheduled__2024-10-20T00:00:00+00:00 [running]> on host 2e57320be020
[2024-10-21T00:43:21.392+0000] {taskinstance.py:3131} INFO - Exporting env vars: AIRFLOW_CTX_DAG_OWNER='***' AIRFLOW_CTX_DAG_ID='create_update_dm_crypto_table' AIRFLOW_CTX_TASK_ID='wait_for_transform_load' AIRFLOW_CTX_EXECUTION_DATE='2024-10-20T00:00:00+00:00' AIRFLOW_CTX_TRY_NUMBER='1' AIRFLOW_CTX_DAG_RUN_ID='scheduled__2024-10-20T00:00:00+00:00'
[2024-10-21T00:43:21.393+0000] {taskinstance.py:731} INFO - ::endgroup::
[2024-10-21T00:43:21.414+0000] {baseoperator.py:405} WARNING - ExternalTaskSensor.execute cannot be called outside TaskInstance!
[2024-10-21T00:43:21.414+0000] {external_task.py:258} INFO - Poking for tasks ['transform_load_crypto_data'] in dag transform_load_crypto_data on 2024-10-20T00:00:00+00:00 ... 
[2024-10-21T00:43:21.415+0000] {warnings.py:112} WARNING - /home/***/.local/lib/python3.12/site-packages/***/utils/session.py:97: DeprecationWarning: This method is deprecated and will be removed in future.
  return func(*args, session=session, **kwargs)

[2024-10-21T00:43:51.424+0000] {external_task.py:258} INFO - Poking for tasks ['transform_load_crypto_data'] in dag transform_load_crypto_data on 2024-10-20T00:00:00+00:00 ... 
[2024-10-21T00:44:21.453+0000] {external_task.py:258} INFO - Poking for tasks ['transform_load_crypto_data'] in dag transform_load_crypto_data on 2024-10-20T00:00:00+00:00 ... 
[2024-10-21T00:44:51.523+0000] {external_task.py:258} INFO - Poking for tasks ['transform_load_crypto_data'] in dag transform_load_crypto_data on 2024-10-20T00:00:00+00:00 ... 
[2024-10-21T00:45:21.546+0000] {external_task.py:258} INFO - Poking for tasks ['transform_load_crypto_data'] in dag transform_load_crypto_data on 2024-10-20T00:00:00+00:00 ... 
[2024-10-21T00:45:51.569+0000] {external_task.py:258} INFO - Poking for tasks ['transform_load_crypto_data'] in dag transform_load_crypto_data on 2024-10-20T00:00:00+00:00 ... 
[2024-10-21T00:46:21.597+0000] {external_task.py:258} INFO - Poking for tasks ['transform_load_crypto_data'] in dag transform_load_crypto_data on 2024-10-20T00:00:00+00:00 ... 
[2024-10-21T00:46:51.630+0000] {external_task.py:258} INFO - Poking for tasks ['transform_load_crypto_data'] in dag transform_load_crypto_data on 2024-10-20T00:00:00+00:00 ... 
[2024-10-21T00:47:21.661+0000] {external_task.py:258} INFO - Poking for tasks ['transform_load_crypto_data'] in dag transform_load_crypto_data on 2024-10-20T00:00:00+00:00 ... 
[2024-10-21T00:47:51.688+0000] {external_task.py:258} INFO - Poking for tasks ['transform_load_crypto_data'] in dag transform_load_crypto_data on 2024-10-20T00:00:00+00:00 ... 
