[2024-10-12T18:55:12.751+0000] {local_task_job_runner.py:123} INFO - ::group::Pre task execution logs
[2024-10-12T18:55:12.760+0000] {taskinstance.py:2612} INFO - Dependencies all met for dep_context=non-requeueable deps ti=<TaskInstance: insert_crypto_data_redshift.insert_crypto_data_redshift manual__2024-10-12T18:55:10.707898+00:00 [queued]>
[2024-10-12T18:55:12.768+0000] {taskinstance.py:2612} INFO - Dependencies all met for dep_context=requeueable deps ti=<TaskInstance: insert_crypto_data_redshift.insert_crypto_data_redshift manual__2024-10-12T18:55:10.707898+00:00 [queued]>
[2024-10-12T18:55:12.768+0000] {taskinstance.py:2865} INFO - Starting attempt 1 of 2
[2024-10-12T18:55:12.775+0000] {taskinstance.py:2888} INFO - Executing <Task(PythonOperator): insert_crypto_data_redshift> on 2024-10-12 18:55:10.707898+00:00
[2024-10-12T18:55:12.781+0000] {warnings.py:112} WARNING - /home/***/.local/lib/python3.12/site-packages/***/task/task_runner/standard_task_runner.py:70: DeprecationWarning: This process (pid=680) is multi-threaded, use of fork() may lead to deadlocks in the child.
  pid = os.fork()

[2024-10-12T18:55:12.782+0000] {standard_task_runner.py:72} INFO - Started process 682 to run task
[2024-10-12T18:55:12.782+0000] {standard_task_runner.py:104} INFO - Running: ['***', 'tasks', 'run', 'insert_crypto_data_redshift', 'insert_crypto_data_redshift', 'manual__2024-10-12T18:55:10.707898+00:00', '--job-id', '25', '--raw', '--subdir', 'DAGS_FOLDER/dag_insert_data.py', '--cfg-path', '/tmp/tmp5m7lk4gl']
[2024-10-12T18:55:12.784+0000] {standard_task_runner.py:105} INFO - Job 25: Subtask insert_crypto_data_redshift
[2024-10-12T18:55:12.809+0000] {task_command.py:467} INFO - Running <TaskInstance: insert_crypto_data_redshift.insert_crypto_data_redshift manual__2024-10-12T18:55:10.707898+00:00 [running]> on host 9e38755235ef
[2024-10-12T18:55:12.890+0000] {taskinstance.py:3131} INFO - Exporting env vars: AIRFLOW_CTX_DAG_OWNER='***' AIRFLOW_CTX_DAG_ID='insert_crypto_data_redshift' AIRFLOW_CTX_TASK_ID='insert_crypto_data_redshift' AIRFLOW_CTX_EXECUTION_DATE='2024-10-12T18:55:10.707898+00:00' AIRFLOW_CTX_TRY_NUMBER='1' AIRFLOW_CTX_DAG_RUN_ID='manual__2024-10-12T18:55:10.707898+00:00'
[2024-10-12T18:55:12.892+0000] {taskinstance.py:731} INFO - ::endgroup::
[2024-10-12T18:55:13.170+0000] {logging_mixin.py:190} INFO -    tipo  compra  venta                     fecha
0  Blue    1160   1180  2024-10-12T14:59:00.000Z
[2024-10-12T18:55:20.651+0000] {logging_mixin.py:190} INFO - BTCUSDT
[2024-10-12T18:55:20.654+0000] {logging_mixin.py:190} INFO - ETHUSDT
[2024-10-12T18:55:20.655+0000] {logging_mixin.py:190} INFO - DOGEUSDT
[2024-10-12T18:55:23.267+0000] {python.py:240} INFO - Done. Returned value was: None
[2024-10-12T18:55:23.289+0000] {taskinstance.py:340} INFO - ::group::Post task execution logs
[2024-10-12T18:55:23.289+0000] {taskinstance.py:352} INFO - Marking task as SUCCESS. dag_id=insert_crypto_data_redshift, task_id=insert_crypto_data_redshift, run_id=manual__2024-10-12T18:55:10.707898+00:00, execution_date=20241012T185510, start_date=20241012T185512, end_date=20241012T185523
[2024-10-12T18:55:23.318+0000] {local_task_job_runner.py:266} INFO - Task exited with return code 0
[2024-10-12T18:55:23.338+0000] {taskinstance.py:3900} INFO - 0 downstream tasks scheduled from follow-on schedule check
[2024-10-12T18:55:23.339+0000] {local_task_job_runner.py:245} INFO - ::endgroup::
