[2024-10-23T00:09:32.932+0000] {processor.py:186} INFO - Started process (PID=2952) to work on /opt/airflow/dags/dag_etl.py
[2024-10-23T00:09:32.933+0000] {processor.py:914} INFO - Processing file /opt/airflow/dags/dag_etl.py for tasks to queue
[2024-10-23T00:09:32.935+0000] {logging_mixin.py:190} INFO - [2024-10-23T00:09:32.934+0000] {dagbag.py:588} INFO - Filling up the DagBag from /opt/airflow/dags/dag_etl.py
[2024-10-23T00:09:33.474+0000] {processor.py:925} INFO - DAG(s) 'etl_crypto_pipeline' retrieved from /opt/airflow/dags/dag_etl.py
[2024-10-23T00:09:33.595+0000] {logging_mixin.py:190} INFO - [2024-10-23T00:09:33.592+0000] {dag.py:3239} INFO - Sync 1 DAGs
[2024-10-23T00:09:33.632+0000] {logging_mixin.py:190} INFO - [2024-10-23T00:09:33.631+0000] {dag.py:4180} INFO - Setting next_dagrun for etl_crypto_pipeline to 2024-10-23 00:00:00+00:00, run_after=2024-10-24 00:00:00+00:00
[2024-10-23T00:09:33.646+0000] {processor.py:208} INFO - Processing /opt/airflow/dags/dag_etl.py took 0.722 seconds
[2024-10-23T00:25:10.869+0000] {processor.py:186} INFO - Started process (PID=2960) to work on /opt/airflow/dags/dag_etl.py
[2024-10-23T00:25:10.872+0000] {processor.py:914} INFO - Processing file /opt/airflow/dags/dag_etl.py for tasks to queue
[2024-10-23T00:25:10.877+0000] {logging_mixin.py:190} INFO - [2024-10-23T00:25:10.875+0000] {dagbag.py:588} INFO - Filling up the DagBag from /opt/airflow/dags/dag_etl.py
[2024-10-23T00:25:11.854+0000] {processor.py:925} INFO - DAG(s) 'etl_crypto_pipeline' retrieved from /opt/airflow/dags/dag_etl.py
[2024-10-23T00:25:11.895+0000] {logging_mixin.py:190} INFO - [2024-10-23T00:25:11.895+0000] {dag.py:3239} INFO - Sync 1 DAGs
[2024-10-23T00:25:11.913+0000] {logging_mixin.py:190} INFO - [2024-10-23T00:25:11.913+0000] {dag.py:4180} INFO - Setting next_dagrun for etl_crypto_pipeline to 2024-10-23 00:00:00+00:00, run_after=2024-10-24 00:00:00+00:00
[2024-10-23T00:25:11.926+0000] {processor.py:208} INFO - Processing /opt/airflow/dags/dag_etl.py took 1.076 seconds
[2024-10-23T00:42:39.796+0000] {processor.py:186} INFO - Started process (PID=2968) to work on /opt/airflow/dags/dag_etl.py
[2024-10-23T00:42:39.797+0000] {processor.py:914} INFO - Processing file /opt/airflow/dags/dag_etl.py for tasks to queue
[2024-10-23T00:42:39.799+0000] {logging_mixin.py:190} INFO - [2024-10-23T00:42:39.798+0000] {dagbag.py:588} INFO - Filling up the DagBag from /opt/airflow/dags/dag_etl.py
[2024-10-23T00:42:40.184+0000] {processor.py:925} INFO - DAG(s) 'etl_crypto_pipeline' retrieved from /opt/airflow/dags/dag_etl.py
[2024-10-23T00:42:40.214+0000] {logging_mixin.py:190} INFO - [2024-10-23T00:42:40.213+0000] {dag.py:3239} INFO - Sync 1 DAGs
[2024-10-23T00:42:40.245+0000] {logging_mixin.py:190} INFO - [2024-10-23T00:42:40.245+0000] {dag.py:4180} INFO - Setting next_dagrun for etl_crypto_pipeline to 2024-10-23 00:00:00+00:00, run_after=2024-10-24 00:00:00+00:00
[2024-10-23T00:42:40.259+0000] {processor.py:208} INFO - Processing /opt/airflow/dags/dag_etl.py took 0.471 seconds
[2024-10-23T01:04:14.737+0000] {processor.py:186} INFO - Started process (PID=2970) to work on /opt/airflow/dags/dag_etl.py
[2024-10-23T01:04:14.748+0000] {processor.py:914} INFO - Processing file /opt/airflow/dags/dag_etl.py for tasks to queue
[2024-10-23T01:04:14.772+0000] {logging_mixin.py:190} INFO - [2024-10-23T01:04:14.766+0000] {dagbag.py:588} INFO - Filling up the DagBag from /opt/airflow/dags/dag_etl.py
[2024-10-23T01:04:16.931+0000] {processor.py:925} INFO - DAG(s) 'etl_crypto_pipeline' retrieved from /opt/airflow/dags/dag_etl.py
[2024-10-23T01:04:17.032+0000] {logging_mixin.py:190} INFO - [2024-10-23T01:04:17.032+0000] {dag.py:3239} INFO - Sync 1 DAGs
[2024-10-23T01:04:17.070+0000] {logging_mixin.py:190} INFO - [2024-10-23T01:04:17.070+0000] {dag.py:4180} INFO - Setting next_dagrun for etl_crypto_pipeline to 2024-10-23 00:00:00+00:00, run_after=2024-10-24 00:00:00+00:00
[2024-10-23T01:04:17.088+0000] {processor.py:208} INFO - Processing /opt/airflow/dags/dag_etl.py took 2.470 seconds
[2024-10-23T01:04:47.214+0000] {processor.py:186} INFO - Started process (PID=2983) to work on /opt/airflow/dags/dag_etl.py
[2024-10-23T01:04:47.217+0000] {processor.py:914} INFO - Processing file /opt/airflow/dags/dag_etl.py for tasks to queue
[2024-10-23T01:04:47.222+0000] {logging_mixin.py:190} INFO - [2024-10-23T01:04:47.220+0000] {dagbag.py:588} INFO - Filling up the DagBag from /opt/airflow/dags/dag_etl.py
[2024-10-23T01:04:48.109+0000] {processor.py:925} INFO - DAG(s) 'etl_crypto_pipeline' retrieved from /opt/airflow/dags/dag_etl.py
[2024-10-23T01:04:48.169+0000] {logging_mixin.py:190} INFO - [2024-10-23T01:04:48.169+0000] {dag.py:3239} INFO - Sync 1 DAGs
[2024-10-23T01:04:48.219+0000] {logging_mixin.py:190} INFO - [2024-10-23T01:04:48.218+0000] {dag.py:4180} INFO - Setting next_dagrun for etl_crypto_pipeline to 2024-10-23 00:00:00+00:00, run_after=2024-10-24 00:00:00+00:00
[2024-10-23T01:04:48.237+0000] {processor.py:208} INFO - Processing /opt/airflow/dags/dag_etl.py took 1.057 seconds
[2024-10-23T01:05:19.087+0000] {processor.py:186} INFO - Started process (PID=2991) to work on /opt/airflow/dags/dag_etl.py
[2024-10-23T01:05:19.093+0000] {processor.py:914} INFO - Processing file /opt/airflow/dags/dag_etl.py for tasks to queue
[2024-10-23T01:05:19.135+0000] {logging_mixin.py:190} INFO - [2024-10-23T01:05:19.131+0000] {dagbag.py:588} INFO - Filling up the DagBag from /opt/airflow/dags/dag_etl.py
[2024-10-23T01:05:20.411+0000] {processor.py:925} INFO - DAG(s) 'etl_crypto_pipeline' retrieved from /opt/airflow/dags/dag_etl.py
[2024-10-23T01:05:20.522+0000] {logging_mixin.py:190} INFO - [2024-10-23T01:05:20.522+0000] {dag.py:3239} INFO - Sync 1 DAGs
[2024-10-23T01:05:20.593+0000] {logging_mixin.py:190} INFO - [2024-10-23T01:05:20.593+0000] {dag.py:4180} INFO - Setting next_dagrun for etl_crypto_pipeline to 2024-10-23 00:00:00+00:00, run_after=2024-10-24 00:00:00+00:00
[2024-10-23T01:05:20.627+0000] {processor.py:208} INFO - Processing /opt/airflow/dags/dag_etl.py took 1.592 seconds
[2024-10-23T01:05:51.011+0000] {processor.py:186} INFO - Started process (PID=2999) to work on /opt/airflow/dags/dag_etl.py
[2024-10-23T01:05:51.015+0000] {processor.py:914} INFO - Processing file /opt/airflow/dags/dag_etl.py for tasks to queue
[2024-10-23T01:05:51.018+0000] {logging_mixin.py:190} INFO - [2024-10-23T01:05:51.017+0000] {dagbag.py:588} INFO - Filling up the DagBag from /opt/airflow/dags/dag_etl.py
[2024-10-23T01:05:51.450+0000] {processor.py:925} INFO - DAG(s) 'etl_crypto_pipeline' retrieved from /opt/airflow/dags/dag_etl.py
[2024-10-23T01:05:51.479+0000] {logging_mixin.py:190} INFO - [2024-10-23T01:05:51.479+0000] {dag.py:3239} INFO - Sync 1 DAGs
[2024-10-23T01:05:51.514+0000] {logging_mixin.py:190} INFO - [2024-10-23T01:05:51.514+0000] {dag.py:4180} INFO - Setting next_dagrun for etl_crypto_pipeline to 2024-10-23 00:00:00+00:00, run_after=2024-10-24 00:00:00+00:00
[2024-10-23T01:05:51.538+0000] {processor.py:208} INFO - Processing /opt/airflow/dags/dag_etl.py took 0.540 seconds
[2024-10-23T01:06:22.008+0000] {processor.py:186} INFO - Started process (PID=3007) to work on /opt/airflow/dags/dag_etl.py
[2024-10-23T01:06:22.011+0000] {processor.py:914} INFO - Processing file /opt/airflow/dags/dag_etl.py for tasks to queue
[2024-10-23T01:06:22.015+0000] {logging_mixin.py:190} INFO - [2024-10-23T01:06:22.014+0000] {dagbag.py:588} INFO - Filling up the DagBag from /opt/airflow/dags/dag_etl.py
[2024-10-23T01:06:22.604+0000] {processor.py:925} INFO - DAG(s) 'etl_crypto_pipeline' retrieved from /opt/airflow/dags/dag_etl.py
[2024-10-23T01:06:22.689+0000] {logging_mixin.py:190} INFO - [2024-10-23T01:06:22.688+0000] {dag.py:3239} INFO - Sync 1 DAGs
[2024-10-23T01:06:22.726+0000] {logging_mixin.py:190} INFO - [2024-10-23T01:06:22.725+0000] {dag.py:4180} INFO - Setting next_dagrun for etl_crypto_pipeline to 2024-10-23 00:00:00+00:00, run_after=2024-10-24 00:00:00+00:00
[2024-10-23T01:06:22.741+0000] {processor.py:208} INFO - Processing /opt/airflow/dags/dag_etl.py took 0.748 seconds
[2024-10-23T01:06:54.061+0000] {processor.py:186} INFO - Started process (PID=3015) to work on /opt/airflow/dags/dag_etl.py
[2024-10-23T01:06:54.083+0000] {processor.py:914} INFO - Processing file /opt/airflow/dags/dag_etl.py for tasks to queue
[2024-10-23T01:06:54.109+0000] {logging_mixin.py:190} INFO - [2024-10-23T01:06:54.095+0000] {dagbag.py:588} INFO - Filling up the DagBag from /opt/airflow/dags/dag_etl.py
[2024-10-23T01:06:56.153+0000] {processor.py:925} INFO - DAG(s) 'etl_crypto_pipeline' retrieved from /opt/airflow/dags/dag_etl.py
[2024-10-23T01:06:56.248+0000] {logging_mixin.py:190} INFO - [2024-10-23T01:06:56.248+0000] {dag.py:3239} INFO - Sync 1 DAGs
[2024-10-23T01:06:56.341+0000] {logging_mixin.py:190} INFO - [2024-10-23T01:06:56.340+0000] {dag.py:4180} INFO - Setting next_dagrun for etl_crypto_pipeline to 2024-10-23 00:00:00+00:00, run_after=2024-10-24 00:00:00+00:00
[2024-10-23T01:06:56.388+0000] {processor.py:208} INFO - Processing /opt/airflow/dags/dag_etl.py took 2.425 seconds
[2024-10-23T01:07:27.430+0000] {processor.py:186} INFO - Started process (PID=3023) to work on /opt/airflow/dags/dag_etl.py
[2024-10-23T01:07:27.436+0000] {processor.py:914} INFO - Processing file /opt/airflow/dags/dag_etl.py for tasks to queue
[2024-10-23T01:07:27.442+0000] {logging_mixin.py:190} INFO - [2024-10-23T01:07:27.441+0000] {dagbag.py:588} INFO - Filling up the DagBag from /opt/airflow/dags/dag_etl.py
[2024-10-23T01:07:27.828+0000] {processor.py:925} INFO - DAG(s) 'etl_crypto_pipeline' retrieved from /opt/airflow/dags/dag_etl.py
[2024-10-23T01:07:27.853+0000] {logging_mixin.py:190} INFO - [2024-10-23T01:07:27.853+0000] {dag.py:3239} INFO - Sync 1 DAGs
[2024-10-23T01:07:27.873+0000] {logging_mixin.py:190} INFO - [2024-10-23T01:07:27.872+0000] {dag.py:4180} INFO - Setting next_dagrun for etl_crypto_pipeline to 2024-10-23 00:00:00+00:00, run_after=2024-10-24 00:00:00+00:00
[2024-10-23T01:07:27.885+0000] {processor.py:208} INFO - Processing /opt/airflow/dags/dag_etl.py took 0.481 seconds
[2024-10-23T01:07:58.329+0000] {processor.py:186} INFO - Started process (PID=3031) to work on /opt/airflow/dags/dag_etl.py
[2024-10-23T01:07:58.332+0000] {processor.py:914} INFO - Processing file /opt/airflow/dags/dag_etl.py for tasks to queue
[2024-10-23T01:07:58.334+0000] {logging_mixin.py:190} INFO - [2024-10-23T01:07:58.333+0000] {dagbag.py:588} INFO - Filling up the DagBag from /opt/airflow/dags/dag_etl.py
[2024-10-23T01:07:58.949+0000] {processor.py:925} INFO - DAG(s) 'etl_crypto_pipeline' retrieved from /opt/airflow/dags/dag_etl.py
[2024-10-23T01:07:59.010+0000] {logging_mixin.py:190} INFO - [2024-10-23T01:07:59.010+0000] {dag.py:3239} INFO - Sync 1 DAGs
[2024-10-23T01:07:59.032+0000] {logging_mixin.py:190} INFO - [2024-10-23T01:07:59.032+0000] {dag.py:4180} INFO - Setting next_dagrun for etl_crypto_pipeline to 2024-10-23 00:00:00+00:00, run_after=2024-10-24 00:00:00+00:00
[2024-10-23T01:07:59.050+0000] {processor.py:208} INFO - Processing /opt/airflow/dags/dag_etl.py took 0.732 seconds
[2024-10-23T01:08:30.018+0000] {processor.py:186} INFO - Started process (PID=3039) to work on /opt/airflow/dags/dag_etl.py
[2024-10-23T01:08:30.035+0000] {processor.py:914} INFO - Processing file /opt/airflow/dags/dag_etl.py for tasks to queue
[2024-10-23T01:08:30.046+0000] {logging_mixin.py:190} INFO - [2024-10-23T01:08:30.044+0000] {dagbag.py:588} INFO - Filling up the DagBag from /opt/airflow/dags/dag_etl.py
[2024-10-23T01:08:30.715+0000] {processor.py:925} INFO - DAG(s) 'etl_crypto_pipeline' retrieved from /opt/airflow/dags/dag_etl.py
[2024-10-23T01:08:30.771+0000] {logging_mixin.py:190} INFO - [2024-10-23T01:08:30.770+0000] {dag.py:3239} INFO - Sync 1 DAGs
[2024-10-23T01:08:30.800+0000] {logging_mixin.py:190} INFO - [2024-10-23T01:08:30.800+0000] {dag.py:4180} INFO - Setting next_dagrun for etl_crypto_pipeline to 2024-10-23 00:00:00+00:00, run_after=2024-10-24 00:00:00+00:00
[2024-10-23T01:08:30.815+0000] {processor.py:208} INFO - Processing /opt/airflow/dags/dag_etl.py took 0.815 seconds
[2024-10-23T01:09:01.683+0000] {processor.py:186} INFO - Started process (PID=3047) to work on /opt/airflow/dags/dag_etl.py
[2024-10-23T01:09:01.685+0000] {processor.py:914} INFO - Processing file /opt/airflow/dags/dag_etl.py for tasks to queue
[2024-10-23T01:09:01.687+0000] {logging_mixin.py:190} INFO - [2024-10-23T01:09:01.686+0000] {dagbag.py:588} INFO - Filling up the DagBag from /opt/airflow/dags/dag_etl.py
[2024-10-23T01:09:02.300+0000] {processor.py:925} INFO - DAG(s) 'etl_crypto_pipeline' retrieved from /opt/airflow/dags/dag_etl.py
[2024-10-23T01:09:02.349+0000] {logging_mixin.py:190} INFO - [2024-10-23T01:09:02.348+0000] {dag.py:3239} INFO - Sync 1 DAGs
[2024-10-23T01:09:02.382+0000] {logging_mixin.py:190} INFO - [2024-10-23T01:09:02.382+0000] {dag.py:4180} INFO - Setting next_dagrun for etl_crypto_pipeline to 2024-10-23 00:00:00+00:00, run_after=2024-10-24 00:00:00+00:00
[2024-10-23T01:09:02.400+0000] {processor.py:208} INFO - Processing /opt/airflow/dags/dag_etl.py took 0.727 seconds
[2024-10-23T01:09:33.725+0000] {processor.py:186} INFO - Started process (PID=3055) to work on /opt/airflow/dags/dag_etl.py
[2024-10-23T01:09:33.733+0000] {processor.py:914} INFO - Processing file /opt/airflow/dags/dag_etl.py for tasks to queue
[2024-10-23T01:09:33.742+0000] {logging_mixin.py:190} INFO - [2024-10-23T01:09:33.738+0000] {dagbag.py:588} INFO - Filling up the DagBag from /opt/airflow/dags/dag_etl.py
[2024-10-23T01:09:36.472+0000] {processor.py:925} INFO - DAG(s) 'etl_crypto_pipeline' retrieved from /opt/airflow/dags/dag_etl.py
[2024-10-23T01:09:37.296+0000] {logging_mixin.py:190} INFO - [2024-10-23T01:09:37.285+0000] {dag.py:3239} INFO - Sync 1 DAGs
[2024-10-23T01:09:37.479+0000] {logging_mixin.py:190} INFO - [2024-10-23T01:09:37.476+0000] {dag.py:4180} INFO - Setting next_dagrun for etl_crypto_pipeline to 2024-10-23 00:00:00+00:00, run_after=2024-10-24 00:00:00+00:00
[2024-10-23T01:09:37.525+0000] {processor.py:208} INFO - Processing /opt/airflow/dags/dag_etl.py took 3.924 seconds
[2024-10-23T01:10:08.484+0000] {processor.py:186} INFO - Started process (PID=3063) to work on /opt/airflow/dags/dag_etl.py
[2024-10-23T01:10:08.486+0000] {processor.py:914} INFO - Processing file /opt/airflow/dags/dag_etl.py for tasks to queue
[2024-10-23T01:10:08.492+0000] {logging_mixin.py:190} INFO - [2024-10-23T01:10:08.490+0000] {dagbag.py:588} INFO - Filling up the DagBag from /opt/airflow/dags/dag_etl.py
[2024-10-23T01:10:09.635+0000] {processor.py:925} INFO - DAG(s) 'etl_crypto_pipeline' retrieved from /opt/airflow/dags/dag_etl.py
[2024-10-23T01:10:09.770+0000] {logging_mixin.py:190} INFO - [2024-10-23T01:10:09.769+0000] {dag.py:3239} INFO - Sync 1 DAGs
[2024-10-23T01:10:09.808+0000] {logging_mixin.py:190} INFO - [2024-10-23T01:10:09.807+0000] {dag.py:4180} INFO - Setting next_dagrun for etl_crypto_pipeline to 2024-10-23 00:00:00+00:00, run_after=2024-10-24 00:00:00+00:00
[2024-10-23T01:10:09.841+0000] {processor.py:208} INFO - Processing /opt/airflow/dags/dag_etl.py took 1.386 seconds
[2024-10-23T01:10:40.740+0000] {processor.py:186} INFO - Started process (PID=3070) to work on /opt/airflow/dags/dag_etl.py
[2024-10-23T01:10:40.745+0000] {processor.py:914} INFO - Processing file /opt/airflow/dags/dag_etl.py for tasks to queue
[2024-10-23T01:10:40.763+0000] {logging_mixin.py:190} INFO - [2024-10-23T01:10:40.757+0000] {dagbag.py:588} INFO - Filling up the DagBag from /opt/airflow/dags/dag_etl.py
[2024-10-23T01:10:41.740+0000] {processor.py:925} INFO - DAG(s) 'etl_crypto_pipeline' retrieved from /opt/airflow/dags/dag_etl.py
[2024-10-23T01:10:41.812+0000] {logging_mixin.py:190} INFO - [2024-10-23T01:10:41.810+0000] {dag.py:3239} INFO - Sync 1 DAGs
[2024-10-23T01:10:41.878+0000] {logging_mixin.py:190} INFO - [2024-10-23T01:10:41.877+0000] {dag.py:4180} INFO - Setting next_dagrun for etl_crypto_pipeline to 2024-10-23 00:00:00+00:00, run_after=2024-10-24 00:00:00+00:00
[2024-10-23T01:10:41.932+0000] {processor.py:208} INFO - Processing /opt/airflow/dags/dag_etl.py took 1.219 seconds
[2024-10-23T01:11:12.686+0000] {processor.py:186} INFO - Started process (PID=3078) to work on /opt/airflow/dags/dag_etl.py
[2024-10-23T01:11:12.689+0000] {processor.py:914} INFO - Processing file /opt/airflow/dags/dag_etl.py for tasks to queue
[2024-10-23T01:11:12.693+0000] {logging_mixin.py:190} INFO - [2024-10-23T01:11:12.690+0000] {dagbag.py:588} INFO - Filling up the DagBag from /opt/airflow/dags/dag_etl.py
[2024-10-23T01:11:13.069+0000] {processor.py:925} INFO - DAG(s) 'etl_crypto_pipeline' retrieved from /opt/airflow/dags/dag_etl.py
[2024-10-23T01:11:13.112+0000] {logging_mixin.py:190} INFO - [2024-10-23T01:11:13.111+0000] {dag.py:3239} INFO - Sync 1 DAGs
[2024-10-23T01:11:13.138+0000] {logging_mixin.py:190} INFO - [2024-10-23T01:11:13.138+0000] {dag.py:4180} INFO - Setting next_dagrun for etl_crypto_pipeline to 2024-10-23 00:00:00+00:00, run_after=2024-10-24 00:00:00+00:00
[2024-10-23T01:11:13.149+0000] {processor.py:208} INFO - Processing /opt/airflow/dags/dag_etl.py took 0.502 seconds
[2024-10-23T01:11:43.845+0000] {processor.py:186} INFO - Started process (PID=3086) to work on /opt/airflow/dags/dag_etl.py
[2024-10-23T01:11:43.853+0000] {processor.py:914} INFO - Processing file /opt/airflow/dags/dag_etl.py for tasks to queue
[2024-10-23T01:11:43.856+0000] {logging_mixin.py:190} INFO - [2024-10-23T01:11:43.855+0000] {dagbag.py:588} INFO - Filling up the DagBag from /opt/airflow/dags/dag_etl.py
[2024-10-23T01:11:44.876+0000] {processor.py:925} INFO - DAG(s) 'etl_crypto_pipeline' retrieved from /opt/airflow/dags/dag_etl.py
[2024-10-23T01:11:44.937+0000] {logging_mixin.py:190} INFO - [2024-10-23T01:11:44.936+0000] {dag.py:3239} INFO - Sync 1 DAGs
[2024-10-23T01:11:44.975+0000] {logging_mixin.py:190} INFO - [2024-10-23T01:11:44.975+0000] {dag.py:4180} INFO - Setting next_dagrun for etl_crypto_pipeline to 2024-10-23 00:00:00+00:00, run_after=2024-10-24 00:00:00+00:00
[2024-10-23T01:11:45.013+0000] {processor.py:208} INFO - Processing /opt/airflow/dags/dag_etl.py took 1.202 seconds
[2024-10-23T01:12:15.571+0000] {processor.py:186} INFO - Started process (PID=3094) to work on /opt/airflow/dags/dag_etl.py
[2024-10-23T01:12:15.573+0000] {processor.py:914} INFO - Processing file /opt/airflow/dags/dag_etl.py for tasks to queue
[2024-10-23T01:12:15.580+0000] {logging_mixin.py:190} INFO - [2024-10-23T01:12:15.575+0000] {dagbag.py:588} INFO - Filling up the DagBag from /opt/airflow/dags/dag_etl.py
[2024-10-23T01:12:16.073+0000] {processor.py:925} INFO - DAG(s) 'etl_crypto_pipeline' retrieved from /opt/airflow/dags/dag_etl.py
[2024-10-23T01:12:16.126+0000] {logging_mixin.py:190} INFO - [2024-10-23T01:12:16.126+0000] {dag.py:3239} INFO - Sync 1 DAGs
[2024-10-23T01:12:16.191+0000] {logging_mixin.py:190} INFO - [2024-10-23T01:12:16.191+0000] {dag.py:4180} INFO - Setting next_dagrun for etl_crypto_pipeline to 2024-10-23 00:00:00+00:00, run_after=2024-10-24 00:00:00+00:00
[2024-10-23T01:12:16.211+0000] {processor.py:208} INFO - Processing /opt/airflow/dags/dag_etl.py took 0.652 seconds
[2024-10-23T01:12:46.841+0000] {processor.py:186} INFO - Started process (PID=3102) to work on /opt/airflow/dags/dag_etl.py
[2024-10-23T01:12:46.843+0000] {processor.py:914} INFO - Processing file /opt/airflow/dags/dag_etl.py for tasks to queue
[2024-10-23T01:12:46.846+0000] {logging_mixin.py:190} INFO - [2024-10-23T01:12:46.845+0000] {dagbag.py:588} INFO - Filling up the DagBag from /opt/airflow/dags/dag_etl.py
[2024-10-23T01:12:47.253+0000] {processor.py:925} INFO - DAG(s) 'etl_crypto_pipeline' retrieved from /opt/airflow/dags/dag_etl.py
[2024-10-23T01:12:47.310+0000] {logging_mixin.py:190} INFO - [2024-10-23T01:12:47.309+0000] {dag.py:3239} INFO - Sync 1 DAGs
[2024-10-23T01:12:47.374+0000] {logging_mixin.py:190} INFO - [2024-10-23T01:12:47.373+0000] {dag.py:4180} INFO - Setting next_dagrun for etl_crypto_pipeline to 2024-10-23 00:00:00+00:00, run_after=2024-10-24 00:00:00+00:00
[2024-10-23T01:12:47.400+0000] {processor.py:208} INFO - Processing /opt/airflow/dags/dag_etl.py took 0.567 seconds
[2024-10-23T01:13:17.945+0000] {processor.py:186} INFO - Started process (PID=3110) to work on /opt/airflow/dags/dag_etl.py
[2024-10-23T01:13:17.948+0000] {processor.py:914} INFO - Processing file /opt/airflow/dags/dag_etl.py for tasks to queue
[2024-10-23T01:13:17.952+0000] {logging_mixin.py:190} INFO - [2024-10-23T01:13:17.950+0000] {dagbag.py:588} INFO - Filling up the DagBag from /opt/airflow/dags/dag_etl.py
[2024-10-23T01:13:18.443+0000] {processor.py:925} INFO - DAG(s) 'etl_crypto_pipeline' retrieved from /opt/airflow/dags/dag_etl.py
[2024-10-23T01:13:18.481+0000] {logging_mixin.py:190} INFO - [2024-10-23T01:13:18.480+0000] {dag.py:3239} INFO - Sync 1 DAGs
[2024-10-23T01:13:18.517+0000] {logging_mixin.py:190} INFO - [2024-10-23T01:13:18.517+0000] {dag.py:4180} INFO - Setting next_dagrun for etl_crypto_pipeline to 2024-10-23 00:00:00+00:00, run_after=2024-10-24 00:00:00+00:00
[2024-10-23T01:13:18.533+0000] {processor.py:208} INFO - Processing /opt/airflow/dags/dag_etl.py took 0.607 seconds
[2024-10-23T01:13:49.454+0000] {processor.py:186} INFO - Started process (PID=3124) to work on /opt/airflow/dags/dag_etl.py
[2024-10-23T01:13:49.457+0000] {processor.py:914} INFO - Processing file /opt/airflow/dags/dag_etl.py for tasks to queue
[2024-10-23T01:13:49.461+0000] {logging_mixin.py:190} INFO - [2024-10-23T01:13:49.459+0000] {dagbag.py:588} INFO - Filling up the DagBag from /opt/airflow/dags/dag_etl.py
[2024-10-23T01:13:50.085+0000] {processor.py:925} INFO - DAG(s) 'etl_crypto_pipeline' retrieved from /opt/airflow/dags/dag_etl.py
[2024-10-23T01:13:50.148+0000] {logging_mixin.py:190} INFO - [2024-10-23T01:13:50.146+0000] {dag.py:3239} INFO - Sync 1 DAGs
[2024-10-23T01:13:50.182+0000] {logging_mixin.py:190} INFO - [2024-10-23T01:13:50.182+0000] {dag.py:4180} INFO - Setting next_dagrun for etl_crypto_pipeline to 2024-10-23 00:00:00+00:00, run_after=2024-10-24 00:00:00+00:00
[2024-10-23T01:13:50.194+0000] {processor.py:208} INFO - Processing /opt/airflow/dags/dag_etl.py took 0.754 seconds
[2024-10-23T01:14:20.533+0000] {processor.py:186} INFO - Started process (PID=3132) to work on /opt/airflow/dags/dag_etl.py
[2024-10-23T01:14:20.542+0000] {processor.py:914} INFO - Processing file /opt/airflow/dags/dag_etl.py for tasks to queue
[2024-10-23T01:14:20.548+0000] {logging_mixin.py:190} INFO - [2024-10-23T01:14:20.547+0000] {dagbag.py:588} INFO - Filling up the DagBag from /opt/airflow/dags/dag_etl.py
[2024-10-23T01:14:21.060+0000] {processor.py:925} INFO - DAG(s) 'etl_crypto_pipeline' retrieved from /opt/airflow/dags/dag_etl.py
[2024-10-23T01:14:21.116+0000] {logging_mixin.py:190} INFO - [2024-10-23T01:14:21.114+0000] {dag.py:3239} INFO - Sync 1 DAGs
[2024-10-23T01:14:21.165+0000] {logging_mixin.py:190} INFO - [2024-10-23T01:14:21.165+0000] {dag.py:4180} INFO - Setting next_dagrun for etl_crypto_pipeline to 2024-10-23 00:00:00+00:00, run_after=2024-10-24 00:00:00+00:00
[2024-10-23T01:14:21.181+0000] {processor.py:208} INFO - Processing /opt/airflow/dags/dag_etl.py took 0.671 seconds
[2024-10-23T01:14:52.195+0000] {processor.py:186} INFO - Started process (PID=3140) to work on /opt/airflow/dags/dag_etl.py
[2024-10-23T01:14:52.199+0000] {processor.py:914} INFO - Processing file /opt/airflow/dags/dag_etl.py for tasks to queue
[2024-10-23T01:14:52.217+0000] {logging_mixin.py:190} INFO - [2024-10-23T01:14:52.213+0000] {dagbag.py:588} INFO - Filling up the DagBag from /opt/airflow/dags/dag_etl.py
[2024-10-23T01:14:54.186+0000] {processor.py:925} INFO - DAG(s) 'etl_crypto_pipeline' retrieved from /opt/airflow/dags/dag_etl.py
[2024-10-23T01:14:54.428+0000] {logging_mixin.py:190} INFO - [2024-10-23T01:14:54.419+0000] {dag.py:3239} INFO - Sync 1 DAGs
[2024-10-23T01:14:54.663+0000] {logging_mixin.py:190} INFO - [2024-10-23T01:14:54.658+0000] {dag.py:4180} INFO - Setting next_dagrun for etl_crypto_pipeline to 2024-10-23 00:00:00+00:00, run_after=2024-10-24 00:00:00+00:00
[2024-10-23T01:14:54.782+0000] {processor.py:208} INFO - Processing /opt/airflow/dags/dag_etl.py took 2.617 seconds
[2024-10-23T01:15:25.878+0000] {processor.py:186} INFO - Started process (PID=3148) to work on /opt/airflow/dags/dag_etl.py
[2024-10-23T01:15:25.880+0000] {processor.py:914} INFO - Processing file /opt/airflow/dags/dag_etl.py for tasks to queue
[2024-10-23T01:15:25.882+0000] {logging_mixin.py:190} INFO - [2024-10-23T01:15:25.881+0000] {dagbag.py:588} INFO - Filling up the DagBag from /opt/airflow/dags/dag_etl.py
[2024-10-23T01:15:26.277+0000] {processor.py:925} INFO - DAG(s) 'etl_crypto_pipeline' retrieved from /opt/airflow/dags/dag_etl.py
[2024-10-23T01:15:26.330+0000] {logging_mixin.py:190} INFO - [2024-10-23T01:15:26.329+0000] {dag.py:3239} INFO - Sync 1 DAGs
[2024-10-23T01:15:26.352+0000] {logging_mixin.py:190} INFO - [2024-10-23T01:15:26.352+0000] {dag.py:4180} INFO - Setting next_dagrun for etl_crypto_pipeline to 2024-10-23 00:00:00+00:00, run_after=2024-10-24 00:00:00+00:00
[2024-10-23T01:15:26.368+0000] {processor.py:208} INFO - Processing /opt/airflow/dags/dag_etl.py took 0.502 seconds
[2024-10-23T01:15:56.448+0000] {processor.py:186} INFO - Started process (PID=3156) to work on /opt/airflow/dags/dag_etl.py
[2024-10-23T01:15:56.450+0000] {processor.py:914} INFO - Processing file /opt/airflow/dags/dag_etl.py for tasks to queue
[2024-10-23T01:15:56.451+0000] {logging_mixin.py:190} INFO - [2024-10-23T01:15:56.451+0000] {dagbag.py:588} INFO - Filling up the DagBag from /opt/airflow/dags/dag_etl.py
[2024-10-23T01:15:56.754+0000] {processor.py:925} INFO - DAG(s) 'etl_crypto_pipeline' retrieved from /opt/airflow/dags/dag_etl.py
[2024-10-23T01:15:56.787+0000] {logging_mixin.py:190} INFO - [2024-10-23T01:15:56.787+0000] {dag.py:3239} INFO - Sync 1 DAGs
[2024-10-23T01:15:56.821+0000] {logging_mixin.py:190} INFO - [2024-10-23T01:15:56.821+0000] {dag.py:4180} INFO - Setting next_dagrun for etl_crypto_pipeline to 2024-10-23 00:00:00+00:00, run_after=2024-10-24 00:00:00+00:00
[2024-10-23T01:15:56.837+0000] {processor.py:208} INFO - Processing /opt/airflow/dags/dag_etl.py took 0.399 seconds
[2024-10-23T01:16:27.423+0000] {processor.py:186} INFO - Started process (PID=3164) to work on /opt/airflow/dags/dag_etl.py
[2024-10-23T01:16:27.432+0000] {processor.py:914} INFO - Processing file /opt/airflow/dags/dag_etl.py for tasks to queue
[2024-10-23T01:16:27.436+0000] {logging_mixin.py:190} INFO - [2024-10-23T01:16:27.435+0000] {dagbag.py:588} INFO - Filling up the DagBag from /opt/airflow/dags/dag_etl.py
[2024-10-23T01:16:27.750+0000] {processor.py:925} INFO - DAG(s) 'etl_crypto_pipeline' retrieved from /opt/airflow/dags/dag_etl.py
[2024-10-23T01:16:27.777+0000] {logging_mixin.py:190} INFO - [2024-10-23T01:16:27.777+0000] {dag.py:3239} INFO - Sync 1 DAGs
[2024-10-23T01:16:27.796+0000] {logging_mixin.py:190} INFO - [2024-10-23T01:16:27.795+0000] {dag.py:4180} INFO - Setting next_dagrun for etl_crypto_pipeline to 2024-10-23 00:00:00+00:00, run_after=2024-10-24 00:00:00+00:00
[2024-10-23T01:16:27.805+0000] {processor.py:208} INFO - Processing /opt/airflow/dags/dag_etl.py took 0.400 seconds
[2024-10-23T01:16:58.262+0000] {processor.py:186} INFO - Started process (PID=3172) to work on /opt/airflow/dags/dag_etl.py
[2024-10-23T01:16:58.264+0000] {processor.py:914} INFO - Processing file /opt/airflow/dags/dag_etl.py for tasks to queue
[2024-10-23T01:16:58.267+0000] {logging_mixin.py:190} INFO - [2024-10-23T01:16:58.266+0000] {dagbag.py:588} INFO - Filling up the DagBag from /opt/airflow/dags/dag_etl.py
[2024-10-23T01:16:58.588+0000] {processor.py:925} INFO - DAG(s) 'etl_crypto_pipeline' retrieved from /opt/airflow/dags/dag_etl.py
[2024-10-23T01:16:58.622+0000] {logging_mixin.py:190} INFO - [2024-10-23T01:16:58.621+0000] {dag.py:3239} INFO - Sync 1 DAGs
[2024-10-23T01:16:58.646+0000] {logging_mixin.py:190} INFO - [2024-10-23T01:16:58.646+0000] {dag.py:4180} INFO - Setting next_dagrun for etl_crypto_pipeline to 2024-10-23 00:00:00+00:00, run_after=2024-10-24 00:00:00+00:00
[2024-10-23T01:16:58.669+0000] {processor.py:208} INFO - Processing /opt/airflow/dags/dag_etl.py took 0.443 seconds
[2024-10-23T01:17:28.856+0000] {processor.py:186} INFO - Started process (PID=3180) to work on /opt/airflow/dags/dag_etl.py
[2024-10-23T01:17:28.858+0000] {processor.py:914} INFO - Processing file /opt/airflow/dags/dag_etl.py for tasks to queue
[2024-10-23T01:17:28.861+0000] {logging_mixin.py:190} INFO - [2024-10-23T01:17:28.860+0000] {dagbag.py:588} INFO - Filling up the DagBag from /opt/airflow/dags/dag_etl.py
[2024-10-23T01:17:29.161+0000] {processor.py:925} INFO - DAG(s) 'etl_crypto_pipeline' retrieved from /opt/airflow/dags/dag_etl.py
[2024-10-23T01:17:29.186+0000] {logging_mixin.py:190} INFO - [2024-10-23T01:17:29.186+0000] {dag.py:3239} INFO - Sync 1 DAGs
[2024-10-23T01:17:29.201+0000] {logging_mixin.py:190} INFO - [2024-10-23T01:17:29.201+0000] {dag.py:4180} INFO - Setting next_dagrun for etl_crypto_pipeline to 2024-10-23 00:00:00+00:00, run_after=2024-10-24 00:00:00+00:00
[2024-10-23T01:17:29.211+0000] {processor.py:208} INFO - Processing /opt/airflow/dags/dag_etl.py took 0.373 seconds
[2024-10-23T01:17:59.876+0000] {processor.py:186} INFO - Started process (PID=3188) to work on /opt/airflow/dags/dag_etl.py
[2024-10-23T01:17:59.880+0000] {processor.py:914} INFO - Processing file /opt/airflow/dags/dag_etl.py for tasks to queue
[2024-10-23T01:17:59.888+0000] {logging_mixin.py:190} INFO - [2024-10-23T01:17:59.885+0000] {dagbag.py:588} INFO - Filling up the DagBag from /opt/airflow/dags/dag_etl.py
[2024-10-23T01:18:00.302+0000] {processor.py:925} INFO - DAG(s) 'etl_crypto_pipeline' retrieved from /opt/airflow/dags/dag_etl.py
[2024-10-23T01:18:00.342+0000] {logging_mixin.py:190} INFO - [2024-10-23T01:18:00.342+0000] {dag.py:3239} INFO - Sync 1 DAGs
[2024-10-23T01:18:00.365+0000] {logging_mixin.py:190} INFO - [2024-10-23T01:18:00.365+0000] {dag.py:4180} INFO - Setting next_dagrun for etl_crypto_pipeline to 2024-10-23 00:00:00+00:00, run_after=2024-10-24 00:00:00+00:00
[2024-10-23T01:18:00.378+0000] {processor.py:208} INFO - Processing /opt/airflow/dags/dag_etl.py took 0.533 seconds
[2024-10-23T01:18:30.830+0000] {processor.py:186} INFO - Started process (PID=3196) to work on /opt/airflow/dags/dag_etl.py
[2024-10-23T01:18:30.832+0000] {processor.py:914} INFO - Processing file /opt/airflow/dags/dag_etl.py for tasks to queue
[2024-10-23T01:18:30.834+0000] {logging_mixin.py:190} INFO - [2024-10-23T01:18:30.833+0000] {dagbag.py:588} INFO - Filling up the DagBag from /opt/airflow/dags/dag_etl.py
[2024-10-23T01:18:31.239+0000] {processor.py:925} INFO - DAG(s) 'etl_crypto_pipeline' retrieved from /opt/airflow/dags/dag_etl.py
[2024-10-23T01:18:31.288+0000] {logging_mixin.py:190} INFO - [2024-10-23T01:18:31.287+0000] {dag.py:3239} INFO - Sync 1 DAGs
[2024-10-23T01:18:31.311+0000] {logging_mixin.py:190} INFO - [2024-10-23T01:18:31.310+0000] {dag.py:4180} INFO - Setting next_dagrun for etl_crypto_pipeline to 2024-10-23 00:00:00+00:00, run_after=2024-10-24 00:00:00+00:00
[2024-10-23T01:18:31.323+0000] {processor.py:208} INFO - Processing /opt/airflow/dags/dag_etl.py took 0.504 seconds
[2024-10-23T01:19:01.847+0000] {processor.py:186} INFO - Started process (PID=3203) to work on /opt/airflow/dags/dag_etl.py
[2024-10-23T01:19:01.850+0000] {processor.py:914} INFO - Processing file /opt/airflow/dags/dag_etl.py for tasks to queue
[2024-10-23T01:19:01.854+0000] {logging_mixin.py:190} INFO - [2024-10-23T01:19:01.853+0000] {dagbag.py:588} INFO - Filling up the DagBag from /opt/airflow/dags/dag_etl.py
[2024-10-23T01:19:02.273+0000] {processor.py:925} INFO - DAG(s) 'etl_crypto_pipeline' retrieved from /opt/airflow/dags/dag_etl.py
[2024-10-23T01:19:02.325+0000] {logging_mixin.py:190} INFO - [2024-10-23T01:19:02.325+0000] {dag.py:3239} INFO - Sync 1 DAGs
[2024-10-23T01:19:02.356+0000] {logging_mixin.py:190} INFO - [2024-10-23T01:19:02.356+0000] {dag.py:4180} INFO - Setting next_dagrun for etl_crypto_pipeline to 2024-10-23 00:00:00+00:00, run_after=2024-10-24 00:00:00+00:00
[2024-10-23T01:19:02.373+0000] {processor.py:208} INFO - Processing /opt/airflow/dags/dag_etl.py took 0.563 seconds
[2024-10-23T01:19:33.117+0000] {processor.py:186} INFO - Started process (PID=3211) to work on /opt/airflow/dags/dag_etl.py
[2024-10-23T01:19:33.122+0000] {processor.py:914} INFO - Processing file /opt/airflow/dags/dag_etl.py for tasks to queue
[2024-10-23T01:19:33.126+0000] {logging_mixin.py:190} INFO - [2024-10-23T01:19:33.125+0000] {dagbag.py:588} INFO - Filling up the DagBag from /opt/airflow/dags/dag_etl.py
[2024-10-23T01:19:33.492+0000] {processor.py:925} INFO - DAG(s) 'etl_crypto_pipeline' retrieved from /opt/airflow/dags/dag_etl.py
[2024-10-23T01:19:33.543+0000] {logging_mixin.py:190} INFO - [2024-10-23T01:19:33.542+0000] {dag.py:3239} INFO - Sync 1 DAGs
[2024-10-23T01:19:33.566+0000] {logging_mixin.py:190} INFO - [2024-10-23T01:19:33.566+0000] {dag.py:4180} INFO - Setting next_dagrun for etl_crypto_pipeline to 2024-10-23 00:00:00+00:00, run_after=2024-10-24 00:00:00+00:00
[2024-10-23T01:19:33.593+0000] {processor.py:208} INFO - Processing /opt/airflow/dags/dag_etl.py took 0.504 seconds
[2024-10-23T01:20:04.539+0000] {processor.py:186} INFO - Started process (PID=3219) to work on /opt/airflow/dags/dag_etl.py
[2024-10-23T01:20:04.542+0000] {processor.py:914} INFO - Processing file /opt/airflow/dags/dag_etl.py for tasks to queue
[2024-10-23T01:20:04.545+0000] {logging_mixin.py:190} INFO - [2024-10-23T01:20:04.544+0000] {dagbag.py:588} INFO - Filling up the DagBag from /opt/airflow/dags/dag_etl.py
[2024-10-23T01:20:05.195+0000] {processor.py:925} INFO - DAG(s) 'etl_crypto_pipeline' retrieved from /opt/airflow/dags/dag_etl.py
[2024-10-23T01:20:05.310+0000] {logging_mixin.py:190} INFO - [2024-10-23T01:20:05.308+0000] {dag.py:3239} INFO - Sync 1 DAGs
[2024-10-23T01:20:05.350+0000] {logging_mixin.py:190} INFO - [2024-10-23T01:20:05.350+0000] {dag.py:4180} INFO - Setting next_dagrun for etl_crypto_pipeline to 2024-10-23 00:00:00+00:00, run_after=2024-10-24 00:00:00+00:00
[2024-10-23T01:20:05.366+0000] {processor.py:208} INFO - Processing /opt/airflow/dags/dag_etl.py took 0.838 seconds
[2024-10-23T01:20:35.918+0000] {processor.py:186} INFO - Started process (PID=3227) to work on /opt/airflow/dags/dag_etl.py
[2024-10-23T01:20:35.925+0000] {processor.py:914} INFO - Processing file /opt/airflow/dags/dag_etl.py for tasks to queue
[2024-10-23T01:20:35.929+0000] {logging_mixin.py:190} INFO - [2024-10-23T01:20:35.927+0000] {dagbag.py:588} INFO - Filling up the DagBag from /opt/airflow/dags/dag_etl.py
[2024-10-23T01:20:36.226+0000] {processor.py:925} INFO - DAG(s) 'etl_crypto_pipeline' retrieved from /opt/airflow/dags/dag_etl.py
[2024-10-23T01:20:36.246+0000] {logging_mixin.py:190} INFO - [2024-10-23T01:20:36.246+0000] {dag.py:3239} INFO - Sync 1 DAGs
[2024-10-23T01:20:36.272+0000] {logging_mixin.py:190} INFO - [2024-10-23T01:20:36.272+0000] {dag.py:4180} INFO - Setting next_dagrun for etl_crypto_pipeline to 2024-10-23 00:00:00+00:00, run_after=2024-10-24 00:00:00+00:00
[2024-10-23T01:20:36.290+0000] {processor.py:208} INFO - Processing /opt/airflow/dags/dag_etl.py took 0.403 seconds
[2024-10-23T01:21:06.562+0000] {processor.py:186} INFO - Started process (PID=3235) to work on /opt/airflow/dags/dag_etl.py
[2024-10-23T01:21:06.566+0000] {processor.py:914} INFO - Processing file /opt/airflow/dags/dag_etl.py for tasks to queue
[2024-10-23T01:21:06.574+0000] {logging_mixin.py:190} INFO - [2024-10-23T01:21:06.573+0000] {dagbag.py:588} INFO - Filling up the DagBag from /opt/airflow/dags/dag_etl.py
[2024-10-23T01:21:07.046+0000] {processor.py:925} INFO - DAG(s) 'etl_crypto_pipeline' retrieved from /opt/airflow/dags/dag_etl.py
[2024-10-23T01:21:07.076+0000] {logging_mixin.py:190} INFO - [2024-10-23T01:21:07.075+0000] {dag.py:3239} INFO - Sync 1 DAGs
[2024-10-23T01:21:07.118+0000] {logging_mixin.py:190} INFO - [2024-10-23T01:21:07.118+0000] {dag.py:4180} INFO - Setting next_dagrun for etl_crypto_pipeline to 2024-10-23 00:00:00+00:00, run_after=2024-10-24 00:00:00+00:00
[2024-10-23T01:21:07.135+0000] {processor.py:208} INFO - Processing /opt/airflow/dags/dag_etl.py took 0.624 seconds
[2024-10-23T01:21:37.515+0000] {processor.py:186} INFO - Started process (PID=3243) to work on /opt/airflow/dags/dag_etl.py
[2024-10-23T01:21:37.518+0000] {processor.py:914} INFO - Processing file /opt/airflow/dags/dag_etl.py for tasks to queue
[2024-10-23T01:21:37.523+0000] {logging_mixin.py:190} INFO - [2024-10-23T01:21:37.521+0000] {dagbag.py:588} INFO - Filling up the DagBag from /opt/airflow/dags/dag_etl.py
[2024-10-23T01:21:38.078+0000] {processor.py:925} INFO - DAG(s) 'etl_crypto_pipeline' retrieved from /opt/airflow/dags/dag_etl.py
[2024-10-23T01:21:38.130+0000] {logging_mixin.py:190} INFO - [2024-10-23T01:21:38.129+0000] {dag.py:3239} INFO - Sync 1 DAGs
[2024-10-23T01:21:38.155+0000] {logging_mixin.py:190} INFO - [2024-10-23T01:21:38.154+0000] {dag.py:4180} INFO - Setting next_dagrun for etl_crypto_pipeline to 2024-10-23 00:00:00+00:00, run_after=2024-10-24 00:00:00+00:00
[2024-10-23T01:21:38.178+0000] {processor.py:208} INFO - Processing /opt/airflow/dags/dag_etl.py took 0.681 seconds
[2024-10-23T01:22:08.584+0000] {processor.py:186} INFO - Started process (PID=3251) to work on /opt/airflow/dags/dag_etl.py
[2024-10-23T01:22:08.586+0000] {processor.py:914} INFO - Processing file /opt/airflow/dags/dag_etl.py for tasks to queue
[2024-10-23T01:22:08.587+0000] {logging_mixin.py:190} INFO - [2024-10-23T01:22:08.587+0000] {dagbag.py:588} INFO - Filling up the DagBag from /opt/airflow/dags/dag_etl.py
[2024-10-23T01:22:08.928+0000] {processor.py:925} INFO - DAG(s) 'etl_crypto_pipeline' retrieved from /opt/airflow/dags/dag_etl.py
[2024-10-23T01:22:08.958+0000] {logging_mixin.py:190} INFO - [2024-10-23T01:22:08.957+0000] {dag.py:3239} INFO - Sync 1 DAGs
[2024-10-23T01:22:08.979+0000] {logging_mixin.py:190} INFO - [2024-10-23T01:22:08.979+0000] {dag.py:4180} INFO - Setting next_dagrun for etl_crypto_pipeline to 2024-10-23 00:00:00+00:00, run_after=2024-10-24 00:00:00+00:00
[2024-10-23T01:22:08.993+0000] {processor.py:208} INFO - Processing /opt/airflow/dags/dag_etl.py took 0.417 seconds
[2024-10-23T01:22:39.108+0000] {processor.py:186} INFO - Started process (PID=3258) to work on /opt/airflow/dags/dag_etl.py
[2024-10-23T01:22:39.111+0000] {processor.py:914} INFO - Processing file /opt/airflow/dags/dag_etl.py for tasks to queue
[2024-10-23T01:22:39.114+0000] {logging_mixin.py:190} INFO - [2024-10-23T01:22:39.113+0000] {dagbag.py:588} INFO - Filling up the DagBag from /opt/airflow/dags/dag_etl.py
[2024-10-23T01:22:39.599+0000] {processor.py:925} INFO - DAG(s) 'etl_crypto_pipeline' retrieved from /opt/airflow/dags/dag_etl.py
[2024-10-23T01:22:39.648+0000] {logging_mixin.py:190} INFO - [2024-10-23T01:22:39.648+0000] {dag.py:3239} INFO - Sync 1 DAGs
[2024-10-23T01:22:39.671+0000] {logging_mixin.py:190} INFO - [2024-10-23T01:22:39.671+0000] {dag.py:4180} INFO - Setting next_dagrun for etl_crypto_pipeline to 2024-10-23 00:00:00+00:00, run_after=2024-10-24 00:00:00+00:00
[2024-10-23T01:22:39.687+0000] {processor.py:208} INFO - Processing /opt/airflow/dags/dag_etl.py took 0.591 seconds
[2024-10-23T01:23:10.288+0000] {processor.py:186} INFO - Started process (PID=3266) to work on /opt/airflow/dags/dag_etl.py
[2024-10-23T01:23:10.295+0000] {processor.py:914} INFO - Processing file /opt/airflow/dags/dag_etl.py for tasks to queue
[2024-10-23T01:23:10.311+0000] {logging_mixin.py:190} INFO - [2024-10-23T01:23:10.305+0000] {dagbag.py:588} INFO - Filling up the DagBag from /opt/airflow/dags/dag_etl.py
[2024-10-23T01:23:10.646+0000] {processor.py:925} INFO - DAG(s) 'etl_crypto_pipeline' retrieved from /opt/airflow/dags/dag_etl.py
[2024-10-23T01:23:10.697+0000] {logging_mixin.py:190} INFO - [2024-10-23T01:23:10.696+0000] {dag.py:3239} INFO - Sync 1 DAGs
[2024-10-23T01:23:10.718+0000] {logging_mixin.py:190} INFO - [2024-10-23T01:23:10.718+0000] {dag.py:4180} INFO - Setting next_dagrun for etl_crypto_pipeline to 2024-10-23 00:00:00+00:00, run_after=2024-10-24 00:00:00+00:00
[2024-10-23T01:23:10.729+0000] {processor.py:208} INFO - Processing /opt/airflow/dags/dag_etl.py took 0.456 seconds
[2024-10-23T01:23:41.122+0000] {processor.py:186} INFO - Started process (PID=3274) to work on /opt/airflow/dags/dag_etl.py
[2024-10-23T01:23:41.124+0000] {processor.py:914} INFO - Processing file /opt/airflow/dags/dag_etl.py for tasks to queue
[2024-10-23T01:23:41.126+0000] {logging_mixin.py:190} INFO - [2024-10-23T01:23:41.125+0000] {dagbag.py:588} INFO - Filling up the DagBag from /opt/airflow/dags/dag_etl.py
[2024-10-23T01:23:41.515+0000] {processor.py:925} INFO - DAG(s) 'etl_crypto_pipeline' retrieved from /opt/airflow/dags/dag_etl.py
[2024-10-23T01:23:41.567+0000] {logging_mixin.py:190} INFO - [2024-10-23T01:23:41.566+0000] {dag.py:3239} INFO - Sync 1 DAGs
[2024-10-23T01:23:41.590+0000] {logging_mixin.py:190} INFO - [2024-10-23T01:23:41.590+0000] {dag.py:4180} INFO - Setting next_dagrun for etl_crypto_pipeline to 2024-10-23 00:00:00+00:00, run_after=2024-10-24 00:00:00+00:00
[2024-10-23T01:23:41.602+0000] {processor.py:208} INFO - Processing /opt/airflow/dags/dag_etl.py took 0.499 seconds
[2024-10-23T01:24:12.254+0000] {processor.py:186} INFO - Started process (PID=3282) to work on /opt/airflow/dags/dag_etl.py
[2024-10-23T01:24:12.256+0000] {processor.py:914} INFO - Processing file /opt/airflow/dags/dag_etl.py for tasks to queue
[2024-10-23T01:24:12.259+0000] {logging_mixin.py:190} INFO - [2024-10-23T01:24:12.258+0000] {dagbag.py:588} INFO - Filling up the DagBag from /opt/airflow/dags/dag_etl.py
[2024-10-23T01:24:12.568+0000] {processor.py:925} INFO - DAG(s) 'etl_crypto_pipeline' retrieved from /opt/airflow/dags/dag_etl.py
[2024-10-23T01:24:12.593+0000] {logging_mixin.py:190} INFO - [2024-10-23T01:24:12.592+0000] {dag.py:3239} INFO - Sync 1 DAGs
[2024-10-23T01:24:12.628+0000] {logging_mixin.py:190} INFO - [2024-10-23T01:24:12.627+0000] {dag.py:4180} INFO - Setting next_dagrun for etl_crypto_pipeline to 2024-10-23 00:00:00+00:00, run_after=2024-10-24 00:00:00+00:00
[2024-10-23T01:24:12.641+0000] {processor.py:208} INFO - Processing /opt/airflow/dags/dag_etl.py took 0.421 seconds
[2024-10-23T01:24:43.206+0000] {processor.py:186} INFO - Started process (PID=3290) to work on /opt/airflow/dags/dag_etl.py
[2024-10-23T01:24:43.209+0000] {processor.py:914} INFO - Processing file /opt/airflow/dags/dag_etl.py for tasks to queue
[2024-10-23T01:24:43.211+0000] {logging_mixin.py:190} INFO - [2024-10-23T01:24:43.210+0000] {dagbag.py:588} INFO - Filling up the DagBag from /opt/airflow/dags/dag_etl.py
[2024-10-23T01:24:43.560+0000] {processor.py:925} INFO - DAG(s) 'etl_crypto_pipeline' retrieved from /opt/airflow/dags/dag_etl.py
[2024-10-23T01:24:43.594+0000] {logging_mixin.py:190} INFO - [2024-10-23T01:24:43.593+0000] {dag.py:3239} INFO - Sync 1 DAGs
[2024-10-23T01:24:43.612+0000] {logging_mixin.py:190} INFO - [2024-10-23T01:24:43.612+0000] {dag.py:4180} INFO - Setting next_dagrun for etl_crypto_pipeline to 2024-10-23 00:00:00+00:00, run_after=2024-10-24 00:00:00+00:00
[2024-10-23T01:24:43.622+0000] {processor.py:208} INFO - Processing /opt/airflow/dags/dag_etl.py took 0.427 seconds
[2024-10-23T01:25:14.051+0000] {processor.py:186} INFO - Started process (PID=3298) to work on /opt/airflow/dags/dag_etl.py
[2024-10-23T01:25:14.053+0000] {processor.py:914} INFO - Processing file /opt/airflow/dags/dag_etl.py for tasks to queue
[2024-10-23T01:25:14.055+0000] {logging_mixin.py:190} INFO - [2024-10-23T01:25:14.054+0000] {dagbag.py:588} INFO - Filling up the DagBag from /opt/airflow/dags/dag_etl.py
[2024-10-23T01:25:14.512+0000] {processor.py:925} INFO - DAG(s) 'etl_crypto_pipeline' retrieved from /opt/airflow/dags/dag_etl.py
[2024-10-23T01:25:14.559+0000] {logging_mixin.py:190} INFO - [2024-10-23T01:25:14.558+0000] {dag.py:3239} INFO - Sync 1 DAGs
[2024-10-23T01:25:14.581+0000] {logging_mixin.py:190} INFO - [2024-10-23T01:25:14.581+0000] {dag.py:4180} INFO - Setting next_dagrun for etl_crypto_pipeline to 2024-10-23 00:00:00+00:00, run_after=2024-10-24 00:00:00+00:00
[2024-10-23T01:25:14.594+0000] {processor.py:208} INFO - Processing /opt/airflow/dags/dag_etl.py took 0.556 seconds
[2024-10-23T01:25:45.359+0000] {processor.py:186} INFO - Started process (PID=3306) to work on /opt/airflow/dags/dag_etl.py
[2024-10-23T01:25:45.366+0000] {processor.py:914} INFO - Processing file /opt/airflow/dags/dag_etl.py for tasks to queue
[2024-10-23T01:25:45.369+0000] {logging_mixin.py:190} INFO - [2024-10-23T01:25:45.368+0000] {dagbag.py:588} INFO - Filling up the DagBag from /opt/airflow/dags/dag_etl.py
[2024-10-23T01:25:45.725+0000] {processor.py:925} INFO - DAG(s) 'etl_crypto_pipeline' retrieved from /opt/airflow/dags/dag_etl.py
[2024-10-23T01:25:45.769+0000] {logging_mixin.py:190} INFO - [2024-10-23T01:25:45.767+0000] {dag.py:3239} INFO - Sync 1 DAGs
[2024-10-23T01:25:45.800+0000] {logging_mixin.py:190} INFO - [2024-10-23T01:25:45.800+0000] {dag.py:4180} INFO - Setting next_dagrun for etl_crypto_pipeline to 2024-10-23 00:00:00+00:00, run_after=2024-10-24 00:00:00+00:00
[2024-10-23T01:25:45.819+0000] {processor.py:208} INFO - Processing /opt/airflow/dags/dag_etl.py took 0.508 seconds
[2024-10-23T01:26:16.255+0000] {processor.py:186} INFO - Started process (PID=3314) to work on /opt/airflow/dags/dag_etl.py
[2024-10-23T01:26:16.259+0000] {processor.py:914} INFO - Processing file /opt/airflow/dags/dag_etl.py for tasks to queue
[2024-10-23T01:26:16.261+0000] {logging_mixin.py:190} INFO - [2024-10-23T01:26:16.260+0000] {dagbag.py:588} INFO - Filling up the DagBag from /opt/airflow/dags/dag_etl.py
[2024-10-23T01:26:16.556+0000] {processor.py:925} INFO - DAG(s) 'etl_crypto_pipeline' retrieved from /opt/airflow/dags/dag_etl.py
[2024-10-23T01:26:16.579+0000] {logging_mixin.py:190} INFO - [2024-10-23T01:26:16.578+0000] {dag.py:3239} INFO - Sync 1 DAGs
[2024-10-23T01:26:16.595+0000] {logging_mixin.py:190} INFO - [2024-10-23T01:26:16.595+0000] {dag.py:4180} INFO - Setting next_dagrun for etl_crypto_pipeline to 2024-10-23 00:00:00+00:00, run_after=2024-10-24 00:00:00+00:00
[2024-10-23T01:26:16.607+0000] {processor.py:208} INFO - Processing /opt/airflow/dags/dag_etl.py took 0.364 seconds
[2024-10-23T01:26:46.891+0000] {processor.py:186} INFO - Started process (PID=3322) to work on /opt/airflow/dags/dag_etl.py
[2024-10-23T01:26:46.892+0000] {processor.py:914} INFO - Processing file /opt/airflow/dags/dag_etl.py for tasks to queue
[2024-10-23T01:26:46.894+0000] {logging_mixin.py:190} INFO - [2024-10-23T01:26:46.894+0000] {dagbag.py:588} INFO - Filling up the DagBag from /opt/airflow/dags/dag_etl.py
[2024-10-23T01:26:47.200+0000] {processor.py:925} INFO - DAG(s) 'etl_crypto_pipeline' retrieved from /opt/airflow/dags/dag_etl.py
[2024-10-23T01:26:47.223+0000] {logging_mixin.py:190} INFO - [2024-10-23T01:26:47.223+0000] {dag.py:3239} INFO - Sync 1 DAGs
[2024-10-23T01:26:47.240+0000] {logging_mixin.py:190} INFO - [2024-10-23T01:26:47.240+0000] {dag.py:4180} INFO - Setting next_dagrun for etl_crypto_pipeline to 2024-10-23 00:00:00+00:00, run_after=2024-10-24 00:00:00+00:00
[2024-10-23T01:26:47.249+0000] {processor.py:208} INFO - Processing /opt/airflow/dags/dag_etl.py took 0.380 seconds
[2024-10-23T01:27:17.364+0000] {processor.py:186} INFO - Started process (PID=3330) to work on /opt/airflow/dags/dag_etl.py
[2024-10-23T01:27:17.367+0000] {processor.py:914} INFO - Processing file /opt/airflow/dags/dag_etl.py for tasks to queue
[2024-10-23T01:27:17.370+0000] {logging_mixin.py:190} INFO - [2024-10-23T01:27:17.369+0000] {dagbag.py:588} INFO - Filling up the DagBag from /opt/airflow/dags/dag_etl.py
[2024-10-23T01:27:17.823+0000] {processor.py:925} INFO - DAG(s) 'etl_crypto_pipeline' retrieved from /opt/airflow/dags/dag_etl.py
[2024-10-23T01:27:17.858+0000] {logging_mixin.py:190} INFO - [2024-10-23T01:27:17.858+0000] {dag.py:3239} INFO - Sync 1 DAGs
[2024-10-23T01:27:17.891+0000] {logging_mixin.py:190} INFO - [2024-10-23T01:27:17.891+0000] {dag.py:4180} INFO - Setting next_dagrun for etl_crypto_pipeline to 2024-10-23 00:00:00+00:00, run_after=2024-10-24 00:00:00+00:00
[2024-10-23T01:27:17.916+0000] {processor.py:208} INFO - Processing /opt/airflow/dags/dag_etl.py took 0.583 seconds
[2024-10-23T01:27:48.594+0000] {processor.py:186} INFO - Started process (PID=3338) to work on /opt/airflow/dags/dag_etl.py
[2024-10-23T01:27:48.597+0000] {processor.py:914} INFO - Processing file /opt/airflow/dags/dag_etl.py for tasks to queue
[2024-10-23T01:27:48.600+0000] {logging_mixin.py:190} INFO - [2024-10-23T01:27:48.599+0000] {dagbag.py:588} INFO - Filling up the DagBag from /opt/airflow/dags/dag_etl.py
[2024-10-23T01:27:49.090+0000] {processor.py:925} INFO - DAG(s) 'etl_crypto_pipeline' retrieved from /opt/airflow/dags/dag_etl.py
[2024-10-23T01:27:49.171+0000] {logging_mixin.py:190} INFO - [2024-10-23T01:27:49.170+0000] {dag.py:3239} INFO - Sync 1 DAGs
[2024-10-23T01:27:49.203+0000] {logging_mixin.py:190} INFO - [2024-10-23T01:27:49.202+0000] {dag.py:4180} INFO - Setting next_dagrun for etl_crypto_pipeline to 2024-10-23 00:00:00+00:00, run_after=2024-10-24 00:00:00+00:00
[2024-10-23T01:27:49.218+0000] {processor.py:208} INFO - Processing /opt/airflow/dags/dag_etl.py took 0.637 seconds
