[2024-10-21T00:44:55.676+0000] {local_task_job_runner.py:123} INFO - ::group::Pre task execution logs
[2024-10-21T00:44:55.684+0000] {taskinstance.py:2612} INFO - Dependencies all met for dep_context=non-requeueable deps ti=<TaskInstance: extract_crypto_data.extract_crypto_data manual__2024-10-20T00:00:30+00:00 [queued]>
[2024-10-21T00:44:55.688+0000] {taskinstance.py:2612} INFO - Dependencies all met for dep_context=requeueable deps ti=<TaskInstance: extract_crypto_data.extract_crypto_data manual__2024-10-20T00:00:30+00:00 [queued]>
[2024-10-21T00:44:55.689+0000] {taskinstance.py:2865} INFO - Starting attempt 1 of 2
[2024-10-21T00:44:55.695+0000] {taskinstance.py:2888} INFO - Executing <Task(PythonOperator): extract_crypto_data> on 2024-10-20 00:00:30+00:00
[2024-10-21T00:44:55.700+0000] {warnings.py:112} WARNING - /home/***/.local/lib/python3.12/site-packages/***/task/task_runner/standard_task_runner.py:70: DeprecationWarning: This process (pid=101) is multi-threaded, use of fork() may lead to deadlocks in the child.
  pid = os.fork()

[2024-10-21T00:44:55.702+0000] {standard_task_runner.py:72} INFO - Started process 103 to run task
[2024-10-21T00:44:55.702+0000] {standard_task_runner.py:104} INFO - Running: ['***', 'tasks', 'run', 'extract_crypto_data', 'extract_crypto_data', 'manual__2024-10-20T00:00:30+00:00', '--job-id', '173', '--raw', '--subdir', 'DAGS_FOLDER/dag_extract.py', '--cfg-path', '/tmp/tmpsgiuxi1o']
[2024-10-21T00:44:55.704+0000] {standard_task_runner.py:105} INFO - Job 173: Subtask extract_crypto_data
[2024-10-21T00:44:55.731+0000] {task_command.py:467} INFO - Running <TaskInstance: extract_crypto_data.extract_crypto_data manual__2024-10-20T00:00:30+00:00 [running]> on host 2e57320be020
[2024-10-21T00:44:55.775+0000] {taskinstance.py:3131} INFO - Exporting env vars: AIRFLOW_CTX_DAG_OWNER='***' AIRFLOW_CTX_DAG_ID='extract_crypto_data' AIRFLOW_CTX_TASK_ID='extract_crypto_data' AIRFLOW_CTX_EXECUTION_DATE='2024-10-20T00:00:30+00:00' AIRFLOW_CTX_TRY_NUMBER='1' AIRFLOW_CTX_DAG_RUN_ID='manual__2024-10-20T00:00:30+00:00'
[2024-10-21T00:44:55.776+0000] {taskinstance.py:731} INFO - ::endgroup::
[2024-10-21T00:44:56.473+0000] {logging_mixin.py:190} INFO - Dolar prices saved to parquet
[2024-10-21T00:44:59.344+0000] {logging_mixin.py:190} INFO - Crypto prices saved to parquet
[2024-10-21T00:45:02.493+0000] {logging_mixin.py:190} INFO - Crypto data saved to parquet
[2024-10-21T00:45:02.496+0000] {python.py:240} INFO - Done. Returned value was: None
[2024-10-21T00:45:02.524+0000] {taskinstance.py:340} INFO - ::group::Post task execution logs
[2024-10-21T00:45:02.525+0000] {taskinstance.py:352} INFO - Marking task as SUCCESS. dag_id=extract_crypto_data, task_id=extract_crypto_data, run_id=manual__2024-10-20T00:00:30+00:00, execution_date=20241020T000030, start_date=20241021T004455, end_date=20241021T004502
[2024-10-21T00:45:02.602+0000] {local_task_job_runner.py:266} INFO - Task exited with return code 0
[2024-10-21T00:45:02.610+0000] {local_task_job_runner.py:245} INFO - ::endgroup::
