[2024-10-12T19:18:53.976+0000] {processor.py:186} INFO - Started process (PID=1120) to work on /opt/airflow/dags/dag_etl.py
[2024-10-12T19:18:53.982+0000] {processor.py:914} INFO - Processing file /opt/airflow/dags/dag_etl.py for tasks to queue
[2024-10-12T19:18:53.986+0000] {logging_mixin.py:190} INFO - [2024-10-12T19:18:53.985+0000] {dagbag.py:588} INFO - Filling up the DagBag from /opt/airflow/dags/dag_etl.py
[2024-10-12T19:18:54.675+0000] {processor.py:925} INFO - DAG(s) 'insert_crypto_data_redshift' retrieved from /opt/airflow/dags/dag_etl.py
[2024-10-12T19:18:55.009+0000] {logging_mixin.py:190} INFO - [2024-10-12T19:18:55.001+0000] {dag.py:3239} INFO - Sync 1 DAGs
[2024-10-12T19:18:55.088+0000] {logging_mixin.py:190} INFO - [2024-10-12T19:18:55.088+0000] {dag.py:4180} INFO - Setting next_dagrun for insert_crypto_data_redshift to 2024-10-12 00:00:00+00:00, run_after=2024-10-13 00:00:00+00:00
[2024-10-12T19:18:55.113+0000] {processor.py:208} INFO - Processing /opt/airflow/dags/dag_etl.py took 1.151 seconds
[2024-10-12T19:19:25.583+0000] {processor.py:186} INFO - Started process (PID=1128) to work on /opt/airflow/dags/dag_etl.py
[2024-10-12T19:19:25.585+0000] {processor.py:914} INFO - Processing file /opt/airflow/dags/dag_etl.py for tasks to queue
[2024-10-12T19:19:25.590+0000] {logging_mixin.py:190} INFO - [2024-10-12T19:19:25.589+0000] {dagbag.py:588} INFO - Filling up the DagBag from /opt/airflow/dags/dag_etl.py
[2024-10-12T19:19:26.242+0000] {processor.py:925} INFO - DAG(s) 'insert_crypto_data_redshift' retrieved from /opt/airflow/dags/dag_etl.py
[2024-10-12T19:19:26.284+0000] {logging_mixin.py:190} INFO - [2024-10-12T19:19:26.283+0000] {dag.py:3239} INFO - Sync 1 DAGs
[2024-10-12T19:19:26.313+0000] {logging_mixin.py:190} INFO - [2024-10-12T19:19:26.313+0000] {dag.py:4180} INFO - Setting next_dagrun for insert_crypto_data_redshift to 2024-10-12 00:00:00+00:00, run_after=2024-10-13 00:00:00+00:00
[2024-10-12T19:19:26.365+0000] {processor.py:208} INFO - Processing /opt/airflow/dags/dag_etl.py took 0.805 seconds
[2024-10-12T19:19:56.845+0000] {processor.py:186} INFO - Started process (PID=1136) to work on /opt/airflow/dags/dag_etl.py
[2024-10-12T19:19:56.857+0000] {processor.py:914} INFO - Processing file /opt/airflow/dags/dag_etl.py for tasks to queue
[2024-10-12T19:19:56.873+0000] {logging_mixin.py:190} INFO - [2024-10-12T19:19:56.869+0000] {dagbag.py:588} INFO - Filling up the DagBag from /opt/airflow/dags/dag_etl.py
[2024-10-12T19:19:57.484+0000] {processor.py:925} INFO - DAG(s) 'insert_crypto_data_redshift' retrieved from /opt/airflow/dags/dag_etl.py
[2024-10-12T19:19:57.551+0000] {logging_mixin.py:190} INFO - [2024-10-12T19:19:57.550+0000] {dag.py:3239} INFO - Sync 1 DAGs
[2024-10-12T19:19:57.591+0000] {logging_mixin.py:190} INFO - [2024-10-12T19:19:57.591+0000] {dag.py:4180} INFO - Setting next_dagrun for insert_crypto_data_redshift to 2024-10-12 00:00:00+00:00, run_after=2024-10-13 00:00:00+00:00
[2024-10-12T19:19:57.622+0000] {processor.py:208} INFO - Processing /opt/airflow/dags/dag_etl.py took 0.784 seconds
[2024-10-12T19:20:28.351+0000] {processor.py:186} INFO - Started process (PID=1144) to work on /opt/airflow/dags/dag_etl.py
[2024-10-12T19:20:28.354+0000] {processor.py:914} INFO - Processing file /opt/airflow/dags/dag_etl.py for tasks to queue
[2024-10-12T19:20:28.358+0000] {logging_mixin.py:190} INFO - [2024-10-12T19:20:28.358+0000] {dagbag.py:588} INFO - Filling up the DagBag from /opt/airflow/dags/dag_etl.py
[2024-10-12T19:20:28.627+0000] {processor.py:925} INFO - DAG(s) 'insert_crypto_data_redshift' retrieved from /opt/airflow/dags/dag_etl.py
[2024-10-12T19:20:28.651+0000] {logging_mixin.py:190} INFO - [2024-10-12T19:20:28.651+0000] {dag.py:3239} INFO - Sync 1 DAGs
[2024-10-12T19:20:28.665+0000] {logging_mixin.py:190} INFO - [2024-10-12T19:20:28.665+0000] {dag.py:4180} INFO - Setting next_dagrun for insert_crypto_data_redshift to 2024-10-12 00:00:00+00:00, run_after=2024-10-13 00:00:00+00:00
[2024-10-12T19:20:28.672+0000] {processor.py:208} INFO - Processing /opt/airflow/dags/dag_etl.py took 0.340 seconds
[2024-10-12T19:20:58.892+0000] {processor.py:186} INFO - Started process (PID=1152) to work on /opt/airflow/dags/dag_etl.py
[2024-10-12T19:20:58.893+0000] {processor.py:914} INFO - Processing file /opt/airflow/dags/dag_etl.py for tasks to queue
[2024-10-12T19:20:58.896+0000] {logging_mixin.py:190} INFO - [2024-10-12T19:20:58.895+0000] {dagbag.py:588} INFO - Filling up the DagBag from /opt/airflow/dags/dag_etl.py
[2024-10-12T19:20:59.166+0000] {processor.py:925} INFO - DAG(s) 'insert_crypto_data_redshift' retrieved from /opt/airflow/dags/dag_etl.py
[2024-10-12T19:20:59.236+0000] {logging_mixin.py:190} INFO - [2024-10-12T19:20:59.235+0000] {dag.py:3239} INFO - Sync 1 DAGs
[2024-10-12T19:20:59.284+0000] {logging_mixin.py:190} INFO - [2024-10-12T19:20:59.284+0000] {dag.py:4180} INFO - Setting next_dagrun for insert_crypto_data_redshift to 2024-10-12 00:00:00+00:00, run_after=2024-10-13 00:00:00+00:00
[2024-10-12T19:20:59.300+0000] {processor.py:208} INFO - Processing /opt/airflow/dags/dag_etl.py took 0.415 seconds
[2024-10-12T19:21:29.726+0000] {processor.py:186} INFO - Started process (PID=1160) to work on /opt/airflow/dags/dag_etl.py
[2024-10-12T19:21:29.730+0000] {processor.py:914} INFO - Processing file /opt/airflow/dags/dag_etl.py for tasks to queue
[2024-10-12T19:21:29.733+0000] {logging_mixin.py:190} INFO - [2024-10-12T19:21:29.732+0000] {dagbag.py:588} INFO - Filling up the DagBag from /opt/airflow/dags/dag_etl.py
[2024-10-12T19:21:30.038+0000] {processor.py:925} INFO - DAG(s) 'insert_crypto_data_redshift' retrieved from /opt/airflow/dags/dag_etl.py
[2024-10-12T19:21:30.077+0000] {logging_mixin.py:190} INFO - [2024-10-12T19:21:30.077+0000] {dag.py:3239} INFO - Sync 1 DAGs
[2024-10-12T19:21:30.095+0000] {logging_mixin.py:190} INFO - [2024-10-12T19:21:30.095+0000] {dag.py:4180} INFO - Setting next_dagrun for insert_crypto_data_redshift to 2024-10-12 00:00:00+00:00, run_after=2024-10-13 00:00:00+00:00
[2024-10-12T19:21:30.104+0000] {processor.py:208} INFO - Processing /opt/airflow/dags/dag_etl.py took 0.394 seconds
[2024-10-12T19:22:00.154+0000] {processor.py:186} INFO - Started process (PID=1168) to work on /opt/airflow/dags/dag_etl.py
[2024-10-12T19:22:00.160+0000] {processor.py:914} INFO - Processing file /opt/airflow/dags/dag_etl.py for tasks to queue
[2024-10-12T19:22:00.166+0000] {logging_mixin.py:190} INFO - [2024-10-12T19:22:00.164+0000] {dagbag.py:588} INFO - Filling up the DagBag from /opt/airflow/dags/dag_etl.py
[2024-10-12T19:22:00.475+0000] {processor.py:925} INFO - DAG(s) 'insert_crypto_data_redshift' retrieved from /opt/airflow/dags/dag_etl.py
[2024-10-12T19:22:00.495+0000] {logging_mixin.py:190} INFO - [2024-10-12T19:22:00.494+0000] {dag.py:3239} INFO - Sync 1 DAGs
[2024-10-12T19:22:00.507+0000] {logging_mixin.py:190} INFO - [2024-10-12T19:22:00.507+0000] {dag.py:4180} INFO - Setting next_dagrun for insert_crypto_data_redshift to 2024-10-12 00:00:00+00:00, run_after=2024-10-13 00:00:00+00:00
[2024-10-12T19:22:00.515+0000] {processor.py:208} INFO - Processing /opt/airflow/dags/dag_etl.py took 0.368 seconds
[2024-10-12T19:22:31.066+0000] {processor.py:186} INFO - Started process (PID=1176) to work on /opt/airflow/dags/dag_etl.py
[2024-10-12T19:22:31.070+0000] {processor.py:914} INFO - Processing file /opt/airflow/dags/dag_etl.py for tasks to queue
[2024-10-12T19:22:31.075+0000] {logging_mixin.py:190} INFO - [2024-10-12T19:22:31.074+0000] {dagbag.py:588} INFO - Filling up the DagBag from /opt/airflow/dags/dag_etl.py
[2024-10-12T19:22:31.341+0000] {processor.py:925} INFO - DAG(s) 'insert_crypto_data_redshift' retrieved from /opt/airflow/dags/dag_etl.py
[2024-10-12T19:22:31.365+0000] {logging_mixin.py:190} INFO - [2024-10-12T19:22:31.365+0000] {dag.py:3239} INFO - Sync 1 DAGs
[2024-10-12T19:22:31.381+0000] {logging_mixin.py:190} INFO - [2024-10-12T19:22:31.381+0000] {dag.py:4180} INFO - Setting next_dagrun for insert_crypto_data_redshift to 2024-10-12 00:00:00+00:00, run_after=2024-10-13 00:00:00+00:00
[2024-10-12T19:22:31.390+0000] {processor.py:208} INFO - Processing /opt/airflow/dags/dag_etl.py took 0.332 seconds
[2024-10-12T19:23:01.603+0000] {processor.py:186} INFO - Started process (PID=1184) to work on /opt/airflow/dags/dag_etl.py
[2024-10-12T19:23:01.606+0000] {processor.py:914} INFO - Processing file /opt/airflow/dags/dag_etl.py for tasks to queue
[2024-10-12T19:23:01.609+0000] {logging_mixin.py:190} INFO - [2024-10-12T19:23:01.608+0000] {dagbag.py:588} INFO - Filling up the DagBag from /opt/airflow/dags/dag_etl.py
[2024-10-12T19:23:02.197+0000] {processor.py:925} INFO - DAG(s) 'insert_crypto_data_redshift' retrieved from /opt/airflow/dags/dag_etl.py
[2024-10-12T19:23:02.272+0000] {logging_mixin.py:190} INFO - [2024-10-12T19:23:02.271+0000] {dag.py:3239} INFO - Sync 1 DAGs
[2024-10-12T19:23:02.323+0000] {logging_mixin.py:190} INFO - [2024-10-12T19:23:02.323+0000] {dag.py:4180} INFO - Setting next_dagrun for insert_crypto_data_redshift to 2024-10-12 00:00:00+00:00, run_after=2024-10-13 00:00:00+00:00
[2024-10-12T19:23:02.338+0000] {processor.py:208} INFO - Processing /opt/airflow/dags/dag_etl.py took 0.746 seconds
[2024-10-12T19:23:32.793+0000] {processor.py:186} INFO - Started process (PID=1192) to work on /opt/airflow/dags/dag_etl.py
[2024-10-12T19:23:32.795+0000] {processor.py:914} INFO - Processing file /opt/airflow/dags/dag_etl.py for tasks to queue
[2024-10-12T19:23:32.799+0000] {logging_mixin.py:190} INFO - [2024-10-12T19:23:32.797+0000] {dagbag.py:588} INFO - Filling up the DagBag from /opt/airflow/dags/dag_etl.py
[2024-10-12T19:23:33.327+0000] {processor.py:925} INFO - DAG(s) 'insert_crypto_data_redshift' retrieved from /opt/airflow/dags/dag_etl.py
[2024-10-12T19:23:33.445+0000] {logging_mixin.py:190} INFO - [2024-10-12T19:23:33.444+0000] {dag.py:3239} INFO - Sync 1 DAGs
[2024-10-12T19:23:33.652+0000] {logging_mixin.py:190} INFO - [2024-10-12T19:23:33.651+0000] {dag.py:4180} INFO - Setting next_dagrun for insert_crypto_data_redshift to 2024-10-12 00:00:00+00:00, run_after=2024-10-13 00:00:00+00:00
[2024-10-12T19:23:33.965+0000] {processor.py:208} INFO - Processing /opt/airflow/dags/dag_etl.py took 1.173 seconds
[2024-10-12T19:24:04.883+0000] {processor.py:186} INFO - Started process (PID=1200) to work on /opt/airflow/dags/dag_etl.py
[2024-10-12T19:24:04.885+0000] {processor.py:914} INFO - Processing file /opt/airflow/dags/dag_etl.py for tasks to queue
[2024-10-12T19:24:04.890+0000] {logging_mixin.py:190} INFO - [2024-10-12T19:24:04.888+0000] {dagbag.py:588} INFO - Filling up the DagBag from /opt/airflow/dags/dag_etl.py
[2024-10-12T19:24:06.073+0000] {processor.py:925} INFO - DAG(s) 'insert_crypto_data_redshift' retrieved from /opt/airflow/dags/dag_etl.py
[2024-10-12T19:24:06.161+0000] {logging_mixin.py:190} INFO - [2024-10-12T19:24:06.160+0000] {dag.py:3239} INFO - Sync 1 DAGs
[2024-10-12T19:24:06.194+0000] {logging_mixin.py:190} INFO - [2024-10-12T19:24:06.193+0000] {dag.py:4180} INFO - Setting next_dagrun for insert_crypto_data_redshift to 2024-10-12 00:00:00+00:00, run_after=2024-10-13 00:00:00+00:00
[2024-10-12T19:24:06.230+0000] {processor.py:208} INFO - Processing /opt/airflow/dags/dag_etl.py took 1.385 seconds
[2024-10-12T19:24:36.356+0000] {processor.py:186} INFO - Started process (PID=1208) to work on /opt/airflow/dags/dag_etl.py
[2024-10-12T19:24:36.359+0000] {processor.py:914} INFO - Processing file /opt/airflow/dags/dag_etl.py for tasks to queue
[2024-10-12T19:24:36.361+0000] {logging_mixin.py:190} INFO - [2024-10-12T19:24:36.360+0000] {dagbag.py:588} INFO - Filling up the DagBag from /opt/airflow/dags/dag_etl.py
[2024-10-12T19:24:36.786+0000] {processor.py:925} INFO - DAG(s) 'insert_crypto_data_redshift' retrieved from /opt/airflow/dags/dag_etl.py
[2024-10-12T19:24:36.837+0000] {logging_mixin.py:190} INFO - [2024-10-12T19:24:36.836+0000] {dag.py:3239} INFO - Sync 1 DAGs
[2024-10-12T19:24:36.885+0000] {logging_mixin.py:190} INFO - [2024-10-12T19:24:36.884+0000] {dag.py:4180} INFO - Setting next_dagrun for insert_crypto_data_redshift to 2024-10-12 00:00:00+00:00, run_after=2024-10-13 00:00:00+00:00
[2024-10-12T19:24:36.906+0000] {processor.py:208} INFO - Processing /opt/airflow/dags/dag_etl.py took 0.583 seconds
[2024-10-12T19:25:07.036+0000] {processor.py:186} INFO - Started process (PID=1216) to work on /opt/airflow/dags/dag_etl.py
[2024-10-12T19:25:07.038+0000] {processor.py:914} INFO - Processing file /opt/airflow/dags/dag_etl.py for tasks to queue
[2024-10-12T19:25:07.040+0000] {logging_mixin.py:190} INFO - [2024-10-12T19:25:07.039+0000] {dagbag.py:588} INFO - Filling up the DagBag from /opt/airflow/dags/dag_etl.py
[2024-10-12T19:25:09.095+0000] {processor.py:925} INFO - DAG(s) 'insert_crypto_data_redshift' retrieved from /opt/airflow/dags/dag_etl.py
[2024-10-12T19:25:09.165+0000] {logging_mixin.py:190} INFO - [2024-10-12T19:25:09.164+0000] {dag.py:3239} INFO - Sync 1 DAGs
[2024-10-12T19:25:09.213+0000] {logging_mixin.py:190} INFO - [2024-10-12T19:25:09.213+0000] {dag.py:4180} INFO - Setting next_dagrun for insert_crypto_data_redshift to 2024-10-12 00:00:00+00:00, run_after=2024-10-13 00:00:00+00:00
[2024-10-12T19:25:09.236+0000] {processor.py:208} INFO - Processing /opt/airflow/dags/dag_etl.py took 2.220 seconds
[2024-10-12T19:25:39.908+0000] {processor.py:186} INFO - Started process (PID=1224) to work on /opt/airflow/dags/dag_etl.py
[2024-10-12T19:25:39.911+0000] {processor.py:914} INFO - Processing file /opt/airflow/dags/dag_etl.py for tasks to queue
[2024-10-12T19:25:39.914+0000] {logging_mixin.py:190} INFO - [2024-10-12T19:25:39.913+0000] {dagbag.py:588} INFO - Filling up the DagBag from /opt/airflow/dags/dag_etl.py
[2024-10-12T19:25:40.315+0000] {processor.py:925} INFO - DAG(s) 'insert_crypto_data_redshift' retrieved from /opt/airflow/dags/dag_etl.py
[2024-10-12T19:25:40.340+0000] {logging_mixin.py:190} INFO - [2024-10-12T19:25:40.340+0000] {dag.py:3239} INFO - Sync 1 DAGs
[2024-10-12T19:25:40.368+0000] {logging_mixin.py:190} INFO - [2024-10-12T19:25:40.367+0000] {dag.py:4180} INFO - Setting next_dagrun for insert_crypto_data_redshift to 2024-10-12 00:00:00+00:00, run_after=2024-10-13 00:00:00+00:00
[2024-10-12T19:25:40.382+0000] {processor.py:208} INFO - Processing /opt/airflow/dags/dag_etl.py took 0.489 seconds
[2024-10-12T19:26:10.768+0000] {processor.py:186} INFO - Started process (PID=1232) to work on /opt/airflow/dags/dag_etl.py
[2024-10-12T19:26:10.771+0000] {processor.py:914} INFO - Processing file /opt/airflow/dags/dag_etl.py for tasks to queue
[2024-10-12T19:26:10.773+0000] {logging_mixin.py:190} INFO - [2024-10-12T19:26:10.772+0000] {dagbag.py:588} INFO - Filling up the DagBag from /opt/airflow/dags/dag_etl.py
[2024-10-12T19:26:11.061+0000] {processor.py:925} INFO - DAG(s) 'insert_crypto_data_redshift' retrieved from /opt/airflow/dags/dag_etl.py
[2024-10-12T19:26:11.080+0000] {logging_mixin.py:190} INFO - [2024-10-12T19:26:11.080+0000] {dag.py:3239} INFO - Sync 1 DAGs
[2024-10-12T19:26:11.100+0000] {logging_mixin.py:190} INFO - [2024-10-12T19:26:11.099+0000] {dag.py:4180} INFO - Setting next_dagrun for insert_crypto_data_redshift to 2024-10-12 00:00:00+00:00, run_after=2024-10-13 00:00:00+00:00
[2024-10-12T19:26:11.111+0000] {processor.py:208} INFO - Processing /opt/airflow/dags/dag_etl.py took 0.355 seconds
[2024-10-12T19:26:41.538+0000] {processor.py:186} INFO - Started process (PID=1240) to work on /opt/airflow/dags/dag_etl.py
[2024-10-12T19:26:41.540+0000] {processor.py:914} INFO - Processing file /opt/airflow/dags/dag_etl.py for tasks to queue
[2024-10-12T19:26:41.543+0000] {logging_mixin.py:190} INFO - [2024-10-12T19:26:41.542+0000] {dagbag.py:588} INFO - Filling up the DagBag from /opt/airflow/dags/dag_etl.py
[2024-10-12T19:26:41.990+0000] {processor.py:925} INFO - DAG(s) 'insert_crypto_data_redshift' retrieved from /opt/airflow/dags/dag_etl.py
[2024-10-12T19:26:42.029+0000] {logging_mixin.py:190} INFO - [2024-10-12T19:26:42.028+0000] {dag.py:3239} INFO - Sync 1 DAGs
[2024-10-12T19:26:42.069+0000] {logging_mixin.py:190} INFO - [2024-10-12T19:26:42.069+0000] {dag.py:4180} INFO - Setting next_dagrun for insert_crypto_data_redshift to 2024-10-12 00:00:00+00:00, run_after=2024-10-13 00:00:00+00:00
[2024-10-12T19:26:42.084+0000] {processor.py:208} INFO - Processing /opt/airflow/dags/dag_etl.py took 0.558 seconds
[2024-10-12T19:27:12.596+0000] {processor.py:186} INFO - Started process (PID=1247) to work on /opt/airflow/dags/dag_etl.py
[2024-10-12T19:27:12.597+0000] {processor.py:914} INFO - Processing file /opt/airflow/dags/dag_etl.py for tasks to queue
[2024-10-12T19:27:12.604+0000] {logging_mixin.py:190} INFO - [2024-10-12T19:27:12.601+0000] {dagbag.py:588} INFO - Filling up the DagBag from /opt/airflow/dags/dag_etl.py
[2024-10-12T19:27:13.119+0000] {processor.py:925} INFO - DAG(s) 'insert_crypto_data_redshift' retrieved from /opt/airflow/dags/dag_etl.py
[2024-10-12T19:27:13.182+0000] {logging_mixin.py:190} INFO - [2024-10-12T19:27:13.181+0000] {dag.py:3239} INFO - Sync 1 DAGs
[2024-10-12T19:27:13.203+0000] {logging_mixin.py:190} INFO - [2024-10-12T19:27:13.203+0000] {dag.py:4180} INFO - Setting next_dagrun for insert_crypto_data_redshift to 2024-10-12 00:00:00+00:00, run_after=2024-10-13 00:00:00+00:00
[2024-10-12T19:27:13.214+0000] {processor.py:208} INFO - Processing /opt/airflow/dags/dag_etl.py took 0.624 seconds
[2024-10-12T19:27:43.552+0000] {processor.py:186} INFO - Started process (PID=1255) to work on /opt/airflow/dags/dag_etl.py
[2024-10-12T19:27:43.553+0000] {processor.py:914} INFO - Processing file /opt/airflow/dags/dag_etl.py for tasks to queue
[2024-10-12T19:27:43.555+0000] {logging_mixin.py:190} INFO - [2024-10-12T19:27:43.554+0000] {dagbag.py:588} INFO - Filling up the DagBag from /opt/airflow/dags/dag_etl.py
[2024-10-12T19:27:44.228+0000] {processor.py:925} INFO - DAG(s) 'insert_crypto_data_redshift' retrieved from /opt/airflow/dags/dag_etl.py
[2024-10-12T19:27:44.282+0000] {logging_mixin.py:190} INFO - [2024-10-12T19:27:44.281+0000] {dag.py:3239} INFO - Sync 1 DAGs
[2024-10-12T19:27:44.343+0000] {logging_mixin.py:190} INFO - [2024-10-12T19:27:44.343+0000] {dag.py:4180} INFO - Setting next_dagrun for insert_crypto_data_redshift to 2024-10-12 00:00:00+00:00, run_after=2024-10-13 00:00:00+00:00
[2024-10-12T19:27:44.359+0000] {processor.py:208} INFO - Processing /opt/airflow/dags/dag_etl.py took 0.817 seconds
[2024-10-12T19:28:15.188+0000] {processor.py:186} INFO - Started process (PID=1263) to work on /opt/airflow/dags/dag_etl.py
[2024-10-12T19:28:15.190+0000] {processor.py:914} INFO - Processing file /opt/airflow/dags/dag_etl.py for tasks to queue
[2024-10-12T19:28:15.192+0000] {logging_mixin.py:190} INFO - [2024-10-12T19:28:15.191+0000] {dagbag.py:588} INFO - Filling up the DagBag from /opt/airflow/dags/dag_etl.py
[2024-10-12T19:28:15.662+0000] {processor.py:925} INFO - DAG(s) 'insert_crypto_data_redshift' retrieved from /opt/airflow/dags/dag_etl.py
[2024-10-12T19:28:15.762+0000] {logging_mixin.py:190} INFO - [2024-10-12T19:28:15.761+0000] {dag.py:3239} INFO - Sync 1 DAGs
[2024-10-12T19:28:15.788+0000] {logging_mixin.py:190} INFO - [2024-10-12T19:28:15.788+0000] {dag.py:4180} INFO - Setting next_dagrun for insert_crypto_data_redshift to 2024-10-12 00:00:00+00:00, run_after=2024-10-13 00:00:00+00:00
[2024-10-12T19:28:15.820+0000] {processor.py:208} INFO - Processing /opt/airflow/dags/dag_etl.py took 0.644 seconds
[2024-10-12T19:28:46.514+0000] {processor.py:186} INFO - Started process (PID=1270) to work on /opt/airflow/dags/dag_etl.py
[2024-10-12T19:28:46.517+0000] {processor.py:914} INFO - Processing file /opt/airflow/dags/dag_etl.py for tasks to queue
[2024-10-12T19:28:46.520+0000] {logging_mixin.py:190} INFO - [2024-10-12T19:28:46.519+0000] {dagbag.py:588} INFO - Filling up the DagBag from /opt/airflow/dags/dag_etl.py
[2024-10-12T19:28:47.080+0000] {processor.py:925} INFO - DAG(s) 'insert_crypto_data_redshift' retrieved from /opt/airflow/dags/dag_etl.py
[2024-10-12T19:28:47.136+0000] {logging_mixin.py:190} INFO - [2024-10-12T19:28:47.135+0000] {dag.py:3239} INFO - Sync 1 DAGs
[2024-10-12T19:28:47.175+0000] {logging_mixin.py:190} INFO - [2024-10-12T19:28:47.174+0000] {dag.py:4180} INFO - Setting next_dagrun for insert_crypto_data_redshift to 2024-10-12 00:00:00+00:00, run_after=2024-10-13 00:00:00+00:00
[2024-10-12T19:28:47.188+0000] {processor.py:208} INFO - Processing /opt/airflow/dags/dag_etl.py took 0.693 seconds
[2024-10-12T19:29:17.380+0000] {processor.py:186} INFO - Started process (PID=1279) to work on /opt/airflow/dags/dag_etl.py
[2024-10-12T19:29:17.382+0000] {processor.py:914} INFO - Processing file /opt/airflow/dags/dag_etl.py for tasks to queue
[2024-10-12T19:29:17.385+0000] {logging_mixin.py:190} INFO - [2024-10-12T19:29:17.384+0000] {dagbag.py:588} INFO - Filling up the DagBag from /opt/airflow/dags/dag_etl.py
[2024-10-12T19:29:17.695+0000] {processor.py:925} INFO - DAG(s) 'insert_crypto_data_redshift' retrieved from /opt/airflow/dags/dag_etl.py
[2024-10-12T19:29:17.729+0000] {logging_mixin.py:190} INFO - [2024-10-12T19:29:17.729+0000] {dag.py:3239} INFO - Sync 1 DAGs
[2024-10-12T19:29:17.748+0000] {logging_mixin.py:190} INFO - [2024-10-12T19:29:17.748+0000] {dag.py:4180} INFO - Setting next_dagrun for insert_crypto_data_redshift to 2024-10-12 00:00:00+00:00, run_after=2024-10-13 00:00:00+00:00
[2024-10-12T19:29:17.760+0000] {processor.py:208} INFO - Processing /opt/airflow/dags/dag_etl.py took 0.402 seconds
[2024-10-12T19:29:48.561+0000] {processor.py:186} INFO - Started process (PID=1287) to work on /opt/airflow/dags/dag_etl.py
[2024-10-12T19:29:48.563+0000] {processor.py:914} INFO - Processing file /opt/airflow/dags/dag_etl.py for tasks to queue
[2024-10-12T19:29:48.564+0000] {logging_mixin.py:190} INFO - [2024-10-12T19:29:48.564+0000] {dagbag.py:588} INFO - Filling up the DagBag from /opt/airflow/dags/dag_etl.py
[2024-10-12T19:29:49.035+0000] {processor.py:925} INFO - DAG(s) 'insert_crypto_data_redshift' retrieved from /opt/airflow/dags/dag_etl.py
[2024-10-12T19:29:49.085+0000] {logging_mixin.py:190} INFO - [2024-10-12T19:29:49.084+0000] {dag.py:3239} INFO - Sync 1 DAGs
[2024-10-12T19:29:49.107+0000] {logging_mixin.py:190} INFO - [2024-10-12T19:29:49.107+0000] {dag.py:4180} INFO - Setting next_dagrun for insert_crypto_data_redshift to 2024-10-12 00:00:00+00:00, run_after=2024-10-13 00:00:00+00:00
[2024-10-12T19:29:49.117+0000] {processor.py:208} INFO - Processing /opt/airflow/dags/dag_etl.py took 0.575 seconds
[2024-10-12T19:30:19.814+0000] {processor.py:186} INFO - Started process (PID=1295) to work on /opt/airflow/dags/dag_etl.py
[2024-10-12T19:30:19.816+0000] {processor.py:914} INFO - Processing file /opt/airflow/dags/dag_etl.py for tasks to queue
[2024-10-12T19:30:19.819+0000] {logging_mixin.py:190} INFO - [2024-10-12T19:30:19.818+0000] {dagbag.py:588} INFO - Filling up the DagBag from /opt/airflow/dags/dag_etl.py
[2024-10-12T19:30:20.355+0000] {processor.py:925} INFO - DAG(s) 'insert_crypto_data_redshift' retrieved from /opt/airflow/dags/dag_etl.py
[2024-10-12T19:30:20.397+0000] {logging_mixin.py:190} INFO - [2024-10-12T19:30:20.396+0000] {dag.py:3239} INFO - Sync 1 DAGs
[2024-10-12T19:30:20.415+0000] {logging_mixin.py:190} INFO - [2024-10-12T19:30:20.415+0000] {dag.py:4180} INFO - Setting next_dagrun for insert_crypto_data_redshift to 2024-10-12 00:00:00+00:00, run_after=2024-10-13 00:00:00+00:00
[2024-10-12T19:30:20.425+0000] {processor.py:208} INFO - Processing /opt/airflow/dags/dag_etl.py took 0.624 seconds
[2024-10-12T19:30:51.420+0000] {processor.py:186} INFO - Started process (PID=1309) to work on /opt/airflow/dags/dag_etl.py
[2024-10-12T19:30:51.422+0000] {processor.py:914} INFO - Processing file /opt/airflow/dags/dag_etl.py for tasks to queue
[2024-10-12T19:30:51.425+0000] {logging_mixin.py:190} INFO - [2024-10-12T19:30:51.424+0000] {dagbag.py:588} INFO - Filling up the DagBag from /opt/airflow/dags/dag_etl.py
[2024-10-12T19:30:51.774+0000] {processor.py:925} INFO - DAG(s) 'insert_crypto_data_redshift' retrieved from /opt/airflow/dags/dag_etl.py
[2024-10-12T19:30:51.799+0000] {logging_mixin.py:190} INFO - [2024-10-12T19:30:51.798+0000] {dag.py:3239} INFO - Sync 1 DAGs
[2024-10-12T19:30:51.813+0000] {logging_mixin.py:190} INFO - [2024-10-12T19:30:51.813+0000] {dag.py:4180} INFO - Setting next_dagrun for insert_crypto_data_redshift to 2024-10-12 00:00:00+00:00, run_after=2024-10-13 00:00:00+00:00
[2024-10-12T19:30:51.822+0000] {processor.py:208} INFO - Processing /opt/airflow/dags/dag_etl.py took 0.422 seconds
[2024-10-12T19:31:21.981+0000] {processor.py:186} INFO - Started process (PID=1317) to work on /opt/airflow/dags/dag_etl.py
[2024-10-12T19:31:21.994+0000] {processor.py:914} INFO - Processing file /opt/airflow/dags/dag_etl.py for tasks to queue
[2024-10-12T19:31:21.996+0000] {logging_mixin.py:190} INFO - [2024-10-12T19:31:21.995+0000] {dagbag.py:588} INFO - Filling up the DagBag from /opt/airflow/dags/dag_etl.py
[2024-10-12T19:31:22.256+0000] {processor.py:925} INFO - DAG(s) 'insert_crypto_data_redshift' retrieved from /opt/airflow/dags/dag_etl.py
[2024-10-12T19:31:22.277+0000] {logging_mixin.py:190} INFO - [2024-10-12T19:31:22.276+0000] {dag.py:3239} INFO - Sync 1 DAGs
[2024-10-12T19:31:22.293+0000] {logging_mixin.py:190} INFO - [2024-10-12T19:31:22.293+0000] {dag.py:4180} INFO - Setting next_dagrun for insert_crypto_data_redshift to 2024-10-12 00:00:00+00:00, run_after=2024-10-13 00:00:00+00:00
[2024-10-12T19:31:22.308+0000] {processor.py:208} INFO - Processing /opt/airflow/dags/dag_etl.py took 0.349 seconds
[2024-10-12T19:31:52.805+0000] {processor.py:186} INFO - Started process (PID=1325) to work on /opt/airflow/dags/dag_etl.py
[2024-10-12T19:31:52.808+0000] {processor.py:914} INFO - Processing file /opt/airflow/dags/dag_etl.py for tasks to queue
[2024-10-12T19:31:52.814+0000] {logging_mixin.py:190} INFO - [2024-10-12T19:31:52.813+0000] {dagbag.py:588} INFO - Filling up the DagBag from /opt/airflow/dags/dag_etl.py
[2024-10-12T19:31:53.158+0000] {processor.py:925} INFO - DAG(s) 'insert_crypto_data_redshift' retrieved from /opt/airflow/dags/dag_etl.py
[2024-10-12T19:31:53.230+0000] {logging_mixin.py:190} INFO - [2024-10-12T19:31:53.230+0000] {dag.py:3239} INFO - Sync 1 DAGs
[2024-10-12T19:31:53.270+0000] {logging_mixin.py:190} INFO - [2024-10-12T19:31:53.269+0000] {dag.py:4180} INFO - Setting next_dagrun for insert_crypto_data_redshift to 2024-10-12 00:00:00+00:00, run_after=2024-10-13 00:00:00+00:00
[2024-10-12T19:31:53.280+0000] {processor.py:208} INFO - Processing /opt/airflow/dags/dag_etl.py took 0.499 seconds
[2024-10-12T19:32:23.762+0000] {processor.py:186} INFO - Started process (PID=1333) to work on /opt/airflow/dags/dag_etl.py
[2024-10-12T19:32:23.765+0000] {processor.py:914} INFO - Processing file /opt/airflow/dags/dag_etl.py for tasks to queue
[2024-10-12T19:32:23.767+0000] {logging_mixin.py:190} INFO - [2024-10-12T19:32:23.766+0000] {dagbag.py:588} INFO - Filling up the DagBag from /opt/airflow/dags/dag_etl.py
[2024-10-12T19:32:24.248+0000] {processor.py:925} INFO - DAG(s) 'insert_crypto_data_redshift' retrieved from /opt/airflow/dags/dag_etl.py
[2024-10-12T19:32:24.301+0000] {logging_mixin.py:190} INFO - [2024-10-12T19:32:24.301+0000] {dag.py:3239} INFO - Sync 1 DAGs
[2024-10-12T19:32:24.324+0000] {logging_mixin.py:190} INFO - [2024-10-12T19:32:24.324+0000] {dag.py:4180} INFO - Setting next_dagrun for insert_crypto_data_redshift to 2024-10-12 00:00:00+00:00, run_after=2024-10-13 00:00:00+00:00
[2024-10-12T19:32:24.336+0000] {processor.py:208} INFO - Processing /opt/airflow/dags/dag_etl.py took 0.590 seconds
[2024-10-12T19:32:54.730+0000] {processor.py:186} INFO - Started process (PID=1341) to work on /opt/airflow/dags/dag_etl.py
[2024-10-12T19:32:54.733+0000] {processor.py:914} INFO - Processing file /opt/airflow/dags/dag_etl.py for tasks to queue
[2024-10-12T19:32:54.735+0000] {logging_mixin.py:190} INFO - [2024-10-12T19:32:54.734+0000] {dagbag.py:588} INFO - Filling up the DagBag from /opt/airflow/dags/dag_etl.py
[2024-10-12T19:32:55.108+0000] {processor.py:925} INFO - DAG(s) 'insert_crypto_data_redshift' retrieved from /opt/airflow/dags/dag_etl.py
[2024-10-12T19:32:55.131+0000] {logging_mixin.py:190} INFO - [2024-10-12T19:32:55.131+0000] {dag.py:3239} INFO - Sync 1 DAGs
[2024-10-12T19:32:55.149+0000] {logging_mixin.py:190} INFO - [2024-10-12T19:32:55.149+0000] {dag.py:4180} INFO - Setting next_dagrun for insert_crypto_data_redshift to 2024-10-12 00:00:00+00:00, run_after=2024-10-13 00:00:00+00:00
[2024-10-12T19:32:55.169+0000] {processor.py:208} INFO - Processing /opt/airflow/dags/dag_etl.py took 0.453 seconds
[2024-10-12T19:33:25.633+0000] {processor.py:186} INFO - Started process (PID=1349) to work on /opt/airflow/dags/dag_etl.py
[2024-10-12T19:33:25.635+0000] {processor.py:914} INFO - Processing file /opt/airflow/dags/dag_etl.py for tasks to queue
[2024-10-12T19:33:25.638+0000] {logging_mixin.py:190} INFO - [2024-10-12T19:33:25.637+0000] {dagbag.py:588} INFO - Filling up the DagBag from /opt/airflow/dags/dag_etl.py
[2024-10-12T19:33:25.970+0000] {processor.py:925} INFO - DAG(s) 'insert_crypto_data_redshift' retrieved from /opt/airflow/dags/dag_etl.py
[2024-10-12T19:33:26.007+0000] {logging_mixin.py:190} INFO - [2024-10-12T19:33:26.007+0000] {dag.py:3239} INFO - Sync 1 DAGs
[2024-10-12T19:33:26.025+0000] {logging_mixin.py:190} INFO - [2024-10-12T19:33:26.025+0000] {dag.py:4180} INFO - Setting next_dagrun for insert_crypto_data_redshift to 2024-10-12 00:00:00+00:00, run_after=2024-10-13 00:00:00+00:00
[2024-10-12T19:33:26.035+0000] {processor.py:208} INFO - Processing /opt/airflow/dags/dag_etl.py took 0.414 seconds
[2024-10-12T19:33:56.088+0000] {processor.py:186} INFO - Started process (PID=1356) to work on /opt/airflow/dags/dag_etl.py
[2024-10-12T19:33:56.090+0000] {processor.py:914} INFO - Processing file /opt/airflow/dags/dag_etl.py for tasks to queue
[2024-10-12T19:33:56.091+0000] {logging_mixin.py:190} INFO - [2024-10-12T19:33:56.090+0000] {dagbag.py:588} INFO - Filling up the DagBag from /opt/airflow/dags/dag_etl.py
[2024-10-12T19:33:56.400+0000] {processor.py:925} INFO - DAG(s) 'insert_crypto_data_redshift' retrieved from /opt/airflow/dags/dag_etl.py
[2024-10-12T19:33:56.426+0000] {logging_mixin.py:190} INFO - [2024-10-12T19:33:56.426+0000] {dag.py:3239} INFO - Sync 1 DAGs
[2024-10-12T19:33:56.455+0000] {logging_mixin.py:190} INFO - [2024-10-12T19:33:56.454+0000] {dag.py:4180} INFO - Setting next_dagrun for insert_crypto_data_redshift to 2024-10-12 00:00:00+00:00, run_after=2024-10-13 00:00:00+00:00
[2024-10-12T19:33:56.468+0000] {processor.py:208} INFO - Processing /opt/airflow/dags/dag_etl.py took 0.384 seconds
[2024-10-12T19:34:26.889+0000] {processor.py:186} INFO - Started process (PID=1364) to work on /opt/airflow/dags/dag_etl.py
[2024-10-12T19:34:26.891+0000] {processor.py:914} INFO - Processing file /opt/airflow/dags/dag_etl.py for tasks to queue
[2024-10-12T19:34:26.894+0000] {logging_mixin.py:190} INFO - [2024-10-12T19:34:26.893+0000] {dagbag.py:588} INFO - Filling up the DagBag from /opt/airflow/dags/dag_etl.py
[2024-10-12T19:34:27.199+0000] {processor.py:925} INFO - DAG(s) 'insert_crypto_data_redshift' retrieved from /opt/airflow/dags/dag_etl.py
[2024-10-12T19:34:27.220+0000] {logging_mixin.py:190} INFO - [2024-10-12T19:34:27.220+0000] {dag.py:3239} INFO - Sync 1 DAGs
[2024-10-12T19:34:27.236+0000] {logging_mixin.py:190} INFO - [2024-10-12T19:34:27.236+0000] {dag.py:4180} INFO - Setting next_dagrun for insert_crypto_data_redshift to 2024-10-12 00:00:00+00:00, run_after=2024-10-13 00:00:00+00:00
[2024-10-12T19:34:27.245+0000] {processor.py:208} INFO - Processing /opt/airflow/dags/dag_etl.py took 0.365 seconds
[2024-10-12T19:34:57.398+0000] {processor.py:186} INFO - Started process (PID=1372) to work on /opt/airflow/dags/dag_etl.py
[2024-10-12T19:34:57.401+0000] {processor.py:914} INFO - Processing file /opt/airflow/dags/dag_etl.py for tasks to queue
[2024-10-12T19:34:57.403+0000] {logging_mixin.py:190} INFO - [2024-10-12T19:34:57.403+0000] {dagbag.py:588} INFO - Filling up the DagBag from /opt/airflow/dags/dag_etl.py
[2024-10-12T19:34:57.707+0000] {processor.py:925} INFO - DAG(s) 'insert_crypto_data_redshift' retrieved from /opt/airflow/dags/dag_etl.py
[2024-10-12T19:34:57.729+0000] {logging_mixin.py:190} INFO - [2024-10-12T19:34:57.729+0000] {dag.py:3239} INFO - Sync 1 DAGs
[2024-10-12T19:34:57.743+0000] {logging_mixin.py:190} INFO - [2024-10-12T19:34:57.743+0000] {dag.py:4180} INFO - Setting next_dagrun for insert_crypto_data_redshift to 2024-10-12 00:00:00+00:00, run_after=2024-10-13 00:00:00+00:00
[2024-10-12T19:34:57.751+0000] {processor.py:208} INFO - Processing /opt/airflow/dags/dag_etl.py took 0.365 seconds
[2024-10-12T19:35:28.244+0000] {processor.py:186} INFO - Started process (PID=1380) to work on /opt/airflow/dags/dag_etl.py
[2024-10-12T19:35:28.246+0000] {processor.py:914} INFO - Processing file /opt/airflow/dags/dag_etl.py for tasks to queue
[2024-10-12T19:35:28.248+0000] {logging_mixin.py:190} INFO - [2024-10-12T19:35:28.248+0000] {dagbag.py:588} INFO - Filling up the DagBag from /opt/airflow/dags/dag_etl.py
[2024-10-12T19:35:28.503+0000] {processor.py:925} INFO - DAG(s) 'insert_crypto_data_redshift' retrieved from /opt/airflow/dags/dag_etl.py
[2024-10-12T19:35:28.523+0000] {logging_mixin.py:190} INFO - [2024-10-12T19:35:28.522+0000] {dag.py:3239} INFO - Sync 1 DAGs
[2024-10-12T19:35:28.536+0000] {logging_mixin.py:190} INFO - [2024-10-12T19:35:28.536+0000] {dag.py:4180} INFO - Setting next_dagrun for insert_crypto_data_redshift to 2024-10-12 00:00:00+00:00, run_after=2024-10-13 00:00:00+00:00
[2024-10-12T19:35:28.544+0000] {processor.py:208} INFO - Processing /opt/airflow/dags/dag_etl.py took 0.307 seconds
[2024-10-12T19:35:58.685+0000] {processor.py:186} INFO - Started process (PID=1388) to work on /opt/airflow/dags/dag_etl.py
[2024-10-12T19:35:58.688+0000] {processor.py:914} INFO - Processing file /opt/airflow/dags/dag_etl.py for tasks to queue
[2024-10-12T19:35:58.690+0000] {logging_mixin.py:190} INFO - [2024-10-12T19:35:58.690+0000] {dagbag.py:588} INFO - Filling up the DagBag from /opt/airflow/dags/dag_etl.py
[2024-10-12T19:35:59.020+0000] {processor.py:925} INFO - DAG(s) 'insert_crypto_data_redshift' retrieved from /opt/airflow/dags/dag_etl.py
[2024-10-12T19:35:59.045+0000] {logging_mixin.py:190} INFO - [2024-10-12T19:35:59.045+0000] {dag.py:3239} INFO - Sync 1 DAGs
[2024-10-12T19:35:59.077+0000] {logging_mixin.py:190} INFO - [2024-10-12T19:35:59.077+0000] {dag.py:4180} INFO - Setting next_dagrun for insert_crypto_data_redshift to 2024-10-12 00:00:00+00:00, run_after=2024-10-13 00:00:00+00:00
[2024-10-12T19:35:59.090+0000] {processor.py:208} INFO - Processing /opt/airflow/dags/dag_etl.py took 0.416 seconds
[2024-10-12T19:36:29.346+0000] {processor.py:186} INFO - Started process (PID=1396) to work on /opt/airflow/dags/dag_etl.py
[2024-10-12T19:36:29.349+0000] {processor.py:914} INFO - Processing file /opt/airflow/dags/dag_etl.py for tasks to queue
[2024-10-12T19:36:29.352+0000] {logging_mixin.py:190} INFO - [2024-10-12T19:36:29.352+0000] {dagbag.py:588} INFO - Filling up the DagBag from /opt/airflow/dags/dag_etl.py
[2024-10-12T19:36:29.638+0000] {processor.py:925} INFO - DAG(s) 'insert_crypto_data_redshift' retrieved from /opt/airflow/dags/dag_etl.py
[2024-10-12T19:36:29.663+0000] {logging_mixin.py:190} INFO - [2024-10-12T19:36:29.663+0000] {dag.py:3239} INFO - Sync 1 DAGs
[2024-10-12T19:36:29.696+0000] {logging_mixin.py:190} INFO - [2024-10-12T19:36:29.696+0000] {dag.py:4180} INFO - Setting next_dagrun for insert_crypto_data_redshift to 2024-10-12 00:00:00+00:00, run_after=2024-10-13 00:00:00+00:00
[2024-10-12T19:36:29.706+0000] {processor.py:208} INFO - Processing /opt/airflow/dags/dag_etl.py took 0.391 seconds
[2024-10-12T19:36:59.891+0000] {processor.py:186} INFO - Started process (PID=1404) to work on /opt/airflow/dags/dag_etl.py
[2024-10-12T19:36:59.894+0000] {processor.py:914} INFO - Processing file /opt/airflow/dags/dag_etl.py for tasks to queue
[2024-10-12T19:36:59.896+0000] {logging_mixin.py:190} INFO - [2024-10-12T19:36:59.896+0000] {dagbag.py:588} INFO - Filling up the DagBag from /opt/airflow/dags/dag_etl.py
[2024-10-12T19:37:00.221+0000] {processor.py:925} INFO - DAG(s) 'insert_crypto_data_redshift' retrieved from /opt/airflow/dags/dag_etl.py
[2024-10-12T19:37:00.244+0000] {logging_mixin.py:190} INFO - [2024-10-12T19:37:00.244+0000] {dag.py:3239} INFO - Sync 1 DAGs
[2024-10-12T19:37:00.258+0000] {logging_mixin.py:190} INFO - [2024-10-12T19:37:00.258+0000] {dag.py:4180} INFO - Setting next_dagrun for insert_crypto_data_redshift to 2024-10-12 00:00:00+00:00, run_after=2024-10-13 00:00:00+00:00
[2024-10-12T19:37:00.266+0000] {processor.py:208} INFO - Processing /opt/airflow/dags/dag_etl.py took 0.387 seconds
[2024-10-12T19:37:30.399+0000] {processor.py:186} INFO - Started process (PID=1411) to work on /opt/airflow/dags/dag_etl.py
[2024-10-12T19:37:30.400+0000] {processor.py:914} INFO - Processing file /opt/airflow/dags/dag_etl.py for tasks to queue
[2024-10-12T19:37:30.402+0000] {logging_mixin.py:190} INFO - [2024-10-12T19:37:30.401+0000] {dagbag.py:588} INFO - Filling up the DagBag from /opt/airflow/dags/dag_etl.py
[2024-10-12T19:37:30.858+0000] {processor.py:925} INFO - DAG(s) 'insert_crypto_data_redshift' retrieved from /opt/airflow/dags/dag_etl.py
[2024-10-12T19:37:30.886+0000] {logging_mixin.py:190} INFO - [2024-10-12T19:37:30.886+0000] {dag.py:3239} INFO - Sync 1 DAGs
[2024-10-12T19:37:30.920+0000] {logging_mixin.py:190} INFO - [2024-10-12T19:37:30.920+0000] {dag.py:4180} INFO - Setting next_dagrun for insert_crypto_data_redshift to 2024-10-12 00:00:00+00:00, run_after=2024-10-13 00:00:00+00:00
[2024-10-12T19:37:30.938+0000] {processor.py:208} INFO - Processing /opt/airflow/dags/dag_etl.py took 0.546 seconds
[2024-10-12T19:38:01.183+0000] {processor.py:186} INFO - Started process (PID=1419) to work on /opt/airflow/dags/dag_etl.py
[2024-10-12T19:38:01.185+0000] {processor.py:914} INFO - Processing file /opt/airflow/dags/dag_etl.py for tasks to queue
[2024-10-12T19:38:01.187+0000] {logging_mixin.py:190} INFO - [2024-10-12T19:38:01.186+0000] {dagbag.py:588} INFO - Filling up the DagBag from /opt/airflow/dags/dag_etl.py
[2024-10-12T19:38:01.539+0000] {processor.py:925} INFO - DAG(s) 'insert_crypto_data_redshift' retrieved from /opt/airflow/dags/dag_etl.py
[2024-10-12T19:38:01.565+0000] {logging_mixin.py:190} INFO - [2024-10-12T19:38:01.564+0000] {dag.py:3239} INFO - Sync 1 DAGs
[2024-10-12T19:38:01.582+0000] {logging_mixin.py:190} INFO - [2024-10-12T19:38:01.581+0000] {dag.py:4180} INFO - Setting next_dagrun for insert_crypto_data_redshift to 2024-10-12 00:00:00+00:00, run_after=2024-10-13 00:00:00+00:00
[2024-10-12T19:38:01.592+0000] {processor.py:208} INFO - Processing /opt/airflow/dags/dag_etl.py took 0.434 seconds
[2024-10-12T19:38:31.699+0000] {processor.py:186} INFO - Started process (PID=1427) to work on /opt/airflow/dags/dag_etl.py
[2024-10-12T19:38:31.718+0000] {processor.py:914} INFO - Processing file /opt/airflow/dags/dag_etl.py for tasks to queue
[2024-10-12T19:38:31.723+0000] {logging_mixin.py:190} INFO - [2024-10-12T19:38:31.721+0000] {dagbag.py:588} INFO - Filling up the DagBag from /opt/airflow/dags/dag_etl.py
[2024-10-12T19:38:32.069+0000] {processor.py:925} INFO - DAG(s) 'insert_crypto_data_redshift' retrieved from /opt/airflow/dags/dag_etl.py
[2024-10-12T19:38:32.092+0000] {logging_mixin.py:190} INFO - [2024-10-12T19:38:32.092+0000] {dag.py:3239} INFO - Sync 1 DAGs
[2024-10-12T19:38:32.107+0000] {logging_mixin.py:190} INFO - [2024-10-12T19:38:32.107+0000] {dag.py:4180} INFO - Setting next_dagrun for insert_crypto_data_redshift to 2024-10-12 00:00:00+00:00, run_after=2024-10-13 00:00:00+00:00
[2024-10-12T19:38:32.121+0000] {processor.py:208} INFO - Processing /opt/airflow/dags/dag_etl.py took 0.434 seconds
[2024-10-12T19:39:02.501+0000] {processor.py:186} INFO - Started process (PID=1435) to work on /opt/airflow/dags/dag_etl.py
[2024-10-12T19:39:02.503+0000] {processor.py:914} INFO - Processing file /opt/airflow/dags/dag_etl.py for tasks to queue
[2024-10-12T19:39:02.505+0000] {logging_mixin.py:190} INFO - [2024-10-12T19:39:02.505+0000] {dagbag.py:588} INFO - Filling up the DagBag from /opt/airflow/dags/dag_etl.py
[2024-10-12T19:39:02.789+0000] {processor.py:925} INFO - DAG(s) 'insert_crypto_data_redshift' retrieved from /opt/airflow/dags/dag_etl.py
[2024-10-12T19:39:02.812+0000] {logging_mixin.py:190} INFO - [2024-10-12T19:39:02.812+0000] {dag.py:3239} INFO - Sync 1 DAGs
[2024-10-12T19:39:02.846+0000] {logging_mixin.py:190} INFO - [2024-10-12T19:39:02.846+0000] {dag.py:4180} INFO - Setting next_dagrun for insert_crypto_data_redshift to 2024-10-12 00:00:00+00:00, run_after=2024-10-13 00:00:00+00:00
[2024-10-12T19:39:02.855+0000] {processor.py:208} INFO - Processing /opt/airflow/dags/dag_etl.py took 0.393 seconds
[2024-10-12T19:39:33.010+0000] {processor.py:186} INFO - Started process (PID=1443) to work on /opt/airflow/dags/dag_etl.py
[2024-10-12T19:39:33.012+0000] {processor.py:914} INFO - Processing file /opt/airflow/dags/dag_etl.py for tasks to queue
[2024-10-12T19:39:33.014+0000] {logging_mixin.py:190} INFO - [2024-10-12T19:39:33.014+0000] {dagbag.py:588} INFO - Filling up the DagBag from /opt/airflow/dags/dag_etl.py
[2024-10-12T19:39:33.339+0000] {processor.py:925} INFO - DAG(s) 'insert_crypto_data_redshift' retrieved from /opt/airflow/dags/dag_etl.py
[2024-10-12T19:39:33.358+0000] {logging_mixin.py:190} INFO - [2024-10-12T19:39:33.357+0000] {dag.py:3239} INFO - Sync 1 DAGs
[2024-10-12T19:39:33.371+0000] {logging_mixin.py:190} INFO - [2024-10-12T19:39:33.371+0000] {dag.py:4180} INFO - Setting next_dagrun for insert_crypto_data_redshift to 2024-10-12 00:00:00+00:00, run_after=2024-10-13 00:00:00+00:00
[2024-10-12T19:39:33.379+0000] {processor.py:208} INFO - Processing /opt/airflow/dags/dag_etl.py took 0.380 seconds
[2024-10-12T19:40:03.899+0000] {processor.py:186} INFO - Started process (PID=1450) to work on /opt/airflow/dags/dag_etl.py
[2024-10-12T19:40:03.901+0000] {processor.py:914} INFO - Processing file /opt/airflow/dags/dag_etl.py for tasks to queue
[2024-10-12T19:40:03.905+0000] {logging_mixin.py:190} INFO - [2024-10-12T19:40:03.903+0000] {dagbag.py:588} INFO - Filling up the DagBag from /opt/airflow/dags/dag_etl.py
[2024-10-12T19:40:04.269+0000] {processor.py:925} INFO - DAG(s) 'insert_crypto_data_redshift' retrieved from /opt/airflow/dags/dag_etl.py
[2024-10-12T19:40:04.310+0000] {logging_mixin.py:190} INFO - [2024-10-12T19:40:04.309+0000] {dag.py:3239} INFO - Sync 1 DAGs
[2024-10-12T19:40:04.349+0000] {logging_mixin.py:190} INFO - [2024-10-12T19:40:04.349+0000] {dag.py:4180} INFO - Setting next_dagrun for insert_crypto_data_redshift to 2024-10-12 00:00:00+00:00, run_after=2024-10-13 00:00:00+00:00
[2024-10-12T19:40:04.364+0000] {processor.py:208} INFO - Processing /opt/airflow/dags/dag_etl.py took 0.477 seconds
[2024-10-12T19:40:34.823+0000] {processor.py:186} INFO - Started process (PID=1458) to work on /opt/airflow/dags/dag_etl.py
[2024-10-12T19:40:34.825+0000] {processor.py:914} INFO - Processing file /opt/airflow/dags/dag_etl.py for tasks to queue
[2024-10-12T19:40:34.827+0000] {logging_mixin.py:190} INFO - [2024-10-12T19:40:34.826+0000] {dagbag.py:588} INFO - Filling up the DagBag from /opt/airflow/dags/dag_etl.py
[2024-10-12T19:40:35.055+0000] {processor.py:925} INFO - DAG(s) 'insert_crypto_data_redshift' retrieved from /opt/airflow/dags/dag_etl.py
[2024-10-12T19:40:35.073+0000] {logging_mixin.py:190} INFO - [2024-10-12T19:40:35.072+0000] {dag.py:3239} INFO - Sync 1 DAGs
[2024-10-12T19:40:35.085+0000] {logging_mixin.py:190} INFO - [2024-10-12T19:40:35.085+0000] {dag.py:4180} INFO - Setting next_dagrun for insert_crypto_data_redshift to 2024-10-12 00:00:00+00:00, run_after=2024-10-13 00:00:00+00:00
[2024-10-12T19:40:35.093+0000] {processor.py:208} INFO - Processing /opt/airflow/dags/dag_etl.py took 0.281 seconds
[2024-10-12T19:41:05.202+0000] {processor.py:186} INFO - Started process (PID=1466) to work on /opt/airflow/dags/dag_etl.py
[2024-10-12T19:41:05.204+0000] {processor.py:914} INFO - Processing file /opt/airflow/dags/dag_etl.py for tasks to queue
[2024-10-12T19:41:05.206+0000] {logging_mixin.py:190} INFO - [2024-10-12T19:41:05.206+0000] {dagbag.py:588} INFO - Filling up the DagBag from /opt/airflow/dags/dag_etl.py
[2024-10-12T19:41:05.491+0000] {processor.py:925} INFO - DAG(s) 'insert_crypto_data_redshift' retrieved from /opt/airflow/dags/dag_etl.py
[2024-10-12T19:41:05.512+0000] {logging_mixin.py:190} INFO - [2024-10-12T19:41:05.512+0000] {dag.py:3239} INFO - Sync 1 DAGs
[2024-10-12T19:41:05.527+0000] {logging_mixin.py:190} INFO - [2024-10-12T19:41:05.526+0000] {dag.py:4180} INFO - Setting next_dagrun for insert_crypto_data_redshift to 2024-10-12 00:00:00+00:00, run_after=2024-10-13 00:00:00+00:00
[2024-10-12T19:41:05.535+0000] {processor.py:208} INFO - Processing /opt/airflow/dags/dag_etl.py took 0.343 seconds
[2024-10-12T19:41:35.822+0000] {processor.py:186} INFO - Started process (PID=1474) to work on /opt/airflow/dags/dag_etl.py
[2024-10-12T19:41:35.824+0000] {processor.py:914} INFO - Processing file /opt/airflow/dags/dag_etl.py for tasks to queue
[2024-10-12T19:41:35.826+0000] {logging_mixin.py:190} INFO - [2024-10-12T19:41:35.825+0000] {dagbag.py:588} INFO - Filling up the DagBag from /opt/airflow/dags/dag_etl.py
[2024-10-12T19:41:36.089+0000] {processor.py:925} INFO - DAG(s) 'insert_crypto_data_redshift' retrieved from /opt/airflow/dags/dag_etl.py
[2024-10-12T19:41:36.105+0000] {logging_mixin.py:190} INFO - [2024-10-12T19:41:36.105+0000] {dag.py:3239} INFO - Sync 1 DAGs
[2024-10-12T19:41:36.117+0000] {logging_mixin.py:190} INFO - [2024-10-12T19:41:36.117+0000] {dag.py:4180} INFO - Setting next_dagrun for insert_crypto_data_redshift to 2024-10-12 00:00:00+00:00, run_after=2024-10-13 00:00:00+00:00
[2024-10-12T19:41:36.124+0000] {processor.py:208} INFO - Processing /opt/airflow/dags/dag_etl.py took 0.334 seconds
[2024-10-12T19:42:06.344+0000] {processor.py:186} INFO - Started process (PID=1481) to work on /opt/airflow/dags/dag_etl.py
[2024-10-12T19:42:06.348+0000] {processor.py:914} INFO - Processing file /opt/airflow/dags/dag_etl.py for tasks to queue
[2024-10-12T19:42:06.350+0000] {logging_mixin.py:190} INFO - [2024-10-12T19:42:06.349+0000] {dagbag.py:588} INFO - Filling up the DagBag from /opt/airflow/dags/dag_etl.py
[2024-10-12T19:42:06.642+0000] {processor.py:925} INFO - DAG(s) 'insert_crypto_data_redshift' retrieved from /opt/airflow/dags/dag_etl.py
[2024-10-12T19:42:06.669+0000] {logging_mixin.py:190} INFO - [2024-10-12T19:42:06.668+0000] {dag.py:3239} INFO - Sync 1 DAGs
[2024-10-12T19:42:06.683+0000] {logging_mixin.py:190} INFO - [2024-10-12T19:42:06.683+0000] {dag.py:4180} INFO - Setting next_dagrun for insert_crypto_data_redshift to 2024-10-12 00:00:00+00:00, run_after=2024-10-13 00:00:00+00:00
[2024-10-12T19:42:06.694+0000] {processor.py:208} INFO - Processing /opt/airflow/dags/dag_etl.py took 0.361 seconds
[2024-10-12T19:42:36.975+0000] {processor.py:186} INFO - Started process (PID=1489) to work on /opt/airflow/dags/dag_etl.py
[2024-10-12T19:42:36.980+0000] {processor.py:914} INFO - Processing file /opt/airflow/dags/dag_etl.py for tasks to queue
[2024-10-12T19:42:36.984+0000] {logging_mixin.py:190} INFO - [2024-10-12T19:42:36.983+0000] {dagbag.py:588} INFO - Filling up the DagBag from /opt/airflow/dags/dag_etl.py
[2024-10-12T19:42:37.306+0000] {processor.py:925} INFO - DAG(s) 'insert_crypto_data_redshift' retrieved from /opt/airflow/dags/dag_etl.py
[2024-10-12T19:42:37.332+0000] {logging_mixin.py:190} INFO - [2024-10-12T19:42:37.331+0000] {dag.py:3239} INFO - Sync 1 DAGs
[2024-10-12T19:42:37.363+0000] {logging_mixin.py:190} INFO - [2024-10-12T19:42:37.363+0000] {dag.py:4180} INFO - Setting next_dagrun for insert_crypto_data_redshift to 2024-10-12 00:00:00+00:00, run_after=2024-10-13 00:00:00+00:00
[2024-10-12T19:42:37.373+0000] {processor.py:208} INFO - Processing /opt/airflow/dags/dag_etl.py took 0.427 seconds
[2024-10-12T19:43:07.898+0000] {processor.py:186} INFO - Started process (PID=1497) to work on /opt/airflow/dags/dag_etl.py
[2024-10-12T19:43:07.901+0000] {processor.py:914} INFO - Processing file /opt/airflow/dags/dag_etl.py for tasks to queue
[2024-10-12T19:43:07.903+0000] {logging_mixin.py:190} INFO - [2024-10-12T19:43:07.902+0000] {dagbag.py:588} INFO - Filling up the DagBag from /opt/airflow/dags/dag_etl.py
[2024-10-12T19:43:08.317+0000] {processor.py:925} INFO - DAG(s) 'insert_crypto_data_redshift' retrieved from /opt/airflow/dags/dag_etl.py
[2024-10-12T19:43:08.359+0000] {logging_mixin.py:190} INFO - [2024-10-12T19:43:08.359+0000] {dag.py:3239} INFO - Sync 1 DAGs
[2024-10-12T19:43:08.374+0000] {logging_mixin.py:190} INFO - [2024-10-12T19:43:08.374+0000] {dag.py:4180} INFO - Setting next_dagrun for insert_crypto_data_redshift to 2024-10-12 00:00:00+00:00, run_after=2024-10-13 00:00:00+00:00
[2024-10-12T19:43:08.394+0000] {processor.py:208} INFO - Processing /opt/airflow/dags/dag_etl.py took 0.510 seconds
[2024-10-12T19:43:38.804+0000] {processor.py:186} INFO - Started process (PID=1505) to work on /opt/airflow/dags/dag_etl.py
[2024-10-12T19:43:38.807+0000] {processor.py:914} INFO - Processing file /opt/airflow/dags/dag_etl.py for tasks to queue
[2024-10-12T19:43:38.809+0000] {logging_mixin.py:190} INFO - [2024-10-12T19:43:38.808+0000] {dagbag.py:588} INFO - Filling up the DagBag from /opt/airflow/dags/dag_etl.py
[2024-10-12T19:43:39.092+0000] {processor.py:925} INFO - DAG(s) 'insert_crypto_data_redshift' retrieved from /opt/airflow/dags/dag_etl.py
[2024-10-12T19:43:39.116+0000] {logging_mixin.py:190} INFO - [2024-10-12T19:43:39.115+0000] {dag.py:3239} INFO - Sync 1 DAGs
[2024-10-12T19:43:39.130+0000] {logging_mixin.py:190} INFO - [2024-10-12T19:43:39.130+0000] {dag.py:4180} INFO - Setting next_dagrun for insert_crypto_data_redshift to 2024-10-12 00:00:00+00:00, run_after=2024-10-13 00:00:00+00:00
[2024-10-12T19:43:39.146+0000] {processor.py:208} INFO - Processing /opt/airflow/dags/dag_etl.py took 0.354 seconds
[2024-10-12T19:44:09.254+0000] {processor.py:186} INFO - Started process (PID=1513) to work on /opt/airflow/dags/dag_etl.py
[2024-10-12T19:44:09.257+0000] {processor.py:914} INFO - Processing file /opt/airflow/dags/dag_etl.py for tasks to queue
[2024-10-12T19:44:09.259+0000] {logging_mixin.py:190} INFO - [2024-10-12T19:44:09.258+0000] {dagbag.py:588} INFO - Filling up the DagBag from /opt/airflow/dags/dag_etl.py
[2024-10-12T19:44:09.611+0000] {processor.py:925} INFO - DAG(s) 'insert_crypto_data_redshift' retrieved from /opt/airflow/dags/dag_etl.py
[2024-10-12T19:44:09.656+0000] {logging_mixin.py:190} INFO - [2024-10-12T19:44:09.655+0000] {dag.py:3239} INFO - Sync 1 DAGs
[2024-10-12T19:44:09.675+0000] {logging_mixin.py:190} INFO - [2024-10-12T19:44:09.675+0000] {dag.py:4180} INFO - Setting next_dagrun for insert_crypto_data_redshift to 2024-10-12 00:00:00+00:00, run_after=2024-10-13 00:00:00+00:00
[2024-10-12T19:44:09.683+0000] {processor.py:208} INFO - Processing /opt/airflow/dags/dag_etl.py took 0.440 seconds
[2024-10-12T19:44:40.200+0000] {processor.py:186} INFO - Started process (PID=1521) to work on /opt/airflow/dags/dag_etl.py
[2024-10-12T19:44:40.207+0000] {processor.py:914} INFO - Processing file /opt/airflow/dags/dag_etl.py for tasks to queue
[2024-10-12T19:44:40.213+0000] {logging_mixin.py:190} INFO - [2024-10-12T19:44:40.210+0000] {dagbag.py:588} INFO - Filling up the DagBag from /opt/airflow/dags/dag_etl.py
[2024-10-12T19:44:40.538+0000] {processor.py:925} INFO - DAG(s) 'insert_crypto_data_redshift' retrieved from /opt/airflow/dags/dag_etl.py
[2024-10-12T19:44:40.593+0000] {logging_mixin.py:190} INFO - [2024-10-12T19:44:40.593+0000] {dag.py:3239} INFO - Sync 1 DAGs
[2024-10-12T19:44:40.612+0000] {logging_mixin.py:190} INFO - [2024-10-12T19:44:40.611+0000] {dag.py:4180} INFO - Setting next_dagrun for insert_crypto_data_redshift to 2024-10-12 00:00:00+00:00, run_after=2024-10-13 00:00:00+00:00
[2024-10-12T19:44:40.622+0000] {processor.py:208} INFO - Processing /opt/airflow/dags/dag_etl.py took 0.435 seconds
[2024-10-12T19:45:11.032+0000] {processor.py:186} INFO - Started process (PID=1529) to work on /opt/airflow/dags/dag_etl.py
[2024-10-12T19:45:11.035+0000] {processor.py:914} INFO - Processing file /opt/airflow/dags/dag_etl.py for tasks to queue
[2024-10-12T19:45:11.038+0000] {logging_mixin.py:190} INFO - [2024-10-12T19:45:11.037+0000] {dagbag.py:588} INFO - Filling up the DagBag from /opt/airflow/dags/dag_etl.py
[2024-10-12T19:45:11.321+0000] {processor.py:925} INFO - DAG(s) 'insert_crypto_data_redshift' retrieved from /opt/airflow/dags/dag_etl.py
[2024-10-12T19:45:11.346+0000] {logging_mixin.py:190} INFO - [2024-10-12T19:45:11.346+0000] {dag.py:3239} INFO - Sync 1 DAGs
[2024-10-12T19:45:11.364+0000] {logging_mixin.py:190} INFO - [2024-10-12T19:45:11.364+0000] {dag.py:4180} INFO - Setting next_dagrun for insert_crypto_data_redshift to 2024-10-12 00:00:00+00:00, run_after=2024-10-13 00:00:00+00:00
[2024-10-12T19:45:11.373+0000] {processor.py:208} INFO - Processing /opt/airflow/dags/dag_etl.py took 0.380 seconds
[2024-10-12T19:45:41.785+0000] {processor.py:186} INFO - Started process (PID=1537) to work on /opt/airflow/dags/dag_etl.py
[2024-10-12T19:45:41.787+0000] {processor.py:914} INFO - Processing file /opt/airflow/dags/dag_etl.py for tasks to queue
[2024-10-12T19:45:41.789+0000] {logging_mixin.py:190} INFO - [2024-10-12T19:45:41.788+0000] {dagbag.py:588} INFO - Filling up the DagBag from /opt/airflow/dags/dag_etl.py
[2024-10-12T19:45:42.038+0000] {processor.py:925} INFO - DAG(s) 'insert_crypto_data_redshift' retrieved from /opt/airflow/dags/dag_etl.py
[2024-10-12T19:45:42.097+0000] {logging_mixin.py:190} INFO - [2024-10-12T19:45:42.096+0000] {dag.py:3239} INFO - Sync 1 DAGs
[2024-10-12T19:45:42.119+0000] {logging_mixin.py:190} INFO - [2024-10-12T19:45:42.119+0000] {dag.py:4180} INFO - Setting next_dagrun for insert_crypto_data_redshift to 2024-10-12 00:00:00+00:00, run_after=2024-10-13 00:00:00+00:00
[2024-10-12T19:45:42.128+0000] {processor.py:208} INFO - Processing /opt/airflow/dags/dag_etl.py took 0.351 seconds
[2024-10-12T19:46:12.601+0000] {processor.py:186} INFO - Started process (PID=1545) to work on /opt/airflow/dags/dag_etl.py
[2024-10-12T19:46:12.605+0000] {processor.py:914} INFO - Processing file /opt/airflow/dags/dag_etl.py for tasks to queue
[2024-10-12T19:46:12.608+0000] {logging_mixin.py:190} INFO - [2024-10-12T19:46:12.607+0000] {dagbag.py:588} INFO - Filling up the DagBag from /opt/airflow/dags/dag_etl.py
[2024-10-12T19:46:12.936+0000] {processor.py:925} INFO - DAG(s) 'insert_crypto_data_redshift' retrieved from /opt/airflow/dags/dag_etl.py
[2024-10-12T19:46:12.956+0000] {logging_mixin.py:190} INFO - [2024-10-12T19:46:12.956+0000] {dag.py:3239} INFO - Sync 1 DAGs
[2024-10-12T19:46:12.970+0000] {logging_mixin.py:190} INFO - [2024-10-12T19:46:12.970+0000] {dag.py:4180} INFO - Setting next_dagrun for insert_crypto_data_redshift to 2024-10-12 00:00:00+00:00, run_after=2024-10-13 00:00:00+00:00
[2024-10-12T19:46:12.978+0000] {processor.py:208} INFO - Processing /opt/airflow/dags/dag_etl.py took 0.418 seconds
[2024-10-12T19:46:43.331+0000] {processor.py:186} INFO - Started process (PID=1553) to work on /opt/airflow/dags/dag_etl.py
[2024-10-12T19:46:43.335+0000] {processor.py:914} INFO - Processing file /opt/airflow/dags/dag_etl.py for tasks to queue
[2024-10-12T19:46:43.345+0000] {logging_mixin.py:190} INFO - [2024-10-12T19:46:43.339+0000] {dagbag.py:588} INFO - Filling up the DagBag from /opt/airflow/dags/dag_etl.py
[2024-10-12T19:46:43.694+0000] {processor.py:925} INFO - DAG(s) 'insert_crypto_data_redshift' retrieved from /opt/airflow/dags/dag_etl.py
[2024-10-12T19:46:43.737+0000] {logging_mixin.py:190} INFO - [2024-10-12T19:46:43.737+0000] {dag.py:3239} INFO - Sync 1 DAGs
[2024-10-12T19:46:43.758+0000] {logging_mixin.py:190} INFO - [2024-10-12T19:46:43.758+0000] {dag.py:4180} INFO - Setting next_dagrun for insert_crypto_data_redshift to 2024-10-12 00:00:00+00:00, run_after=2024-10-13 00:00:00+00:00
[2024-10-12T19:46:43.773+0000] {processor.py:208} INFO - Processing /opt/airflow/dags/dag_etl.py took 0.450 seconds
