[2024-09-27T15:46:19.112+0000] {processor.py:186} INFO - Started process (PID=63) to work on /home/airflow/.local/lib/python3.12/site-packages/airflow/example_dags/example_trigger_target_dag.py
[2024-09-27T15:46:19.113+0000] {processor.py:914} INFO - Processing file /home/airflow/.local/lib/python3.12/site-packages/airflow/example_dags/example_trigger_target_dag.py for tasks to queue
[2024-09-27T15:46:19.114+0000] {logging_mixin.py:190} INFO - [2024-09-27T15:46:19.114+0000] {dagbag.py:588} INFO - Filling up the DagBag from /home/airflow/.local/lib/python3.12/site-packages/airflow/example_dags/example_trigger_target_dag.py
[2024-09-27T15:46:19.121+0000] {processor.py:925} INFO - DAG(s) 'example_trigger_target_dag' retrieved from /home/airflow/.local/lib/python3.12/site-packages/airflow/example_dags/example_trigger_target_dag.py
[2024-09-27T15:46:19.171+0000] {logging_mixin.py:190} INFO - [2024-09-27T15:46:19.171+0000] {override.py:1900} INFO - Created Permission View: can delete on DAG:example_trigger_target_dag
[2024-09-27T15:46:19.176+0000] {logging_mixin.py:190} INFO - [2024-09-27T15:46:19.176+0000] {override.py:1900} INFO - Created Permission View: can read on DAG:example_trigger_target_dag
[2024-09-27T15:46:19.178+0000] {logging_mixin.py:190} INFO - [2024-09-27T15:46:19.178+0000] {override.py:1900} INFO - Created Permission View: can edit on DAG:example_trigger_target_dag
[2024-09-27T15:46:19.181+0000] {logging_mixin.py:190} INFO - [2024-09-27T15:46:19.181+0000] {override.py:1900} INFO - Created Permission View: can create on DAG Run:example_trigger_target_dag
[2024-09-27T15:46:19.183+0000] {logging_mixin.py:190} INFO - [2024-09-27T15:46:19.183+0000] {override.py:1900} INFO - Created Permission View: can delete on DAG Run:example_trigger_target_dag
[2024-09-27T15:46:19.186+0000] {logging_mixin.py:190} INFO - [2024-09-27T15:46:19.185+0000] {override.py:1900} INFO - Created Permission View: menu access on DAG Run:example_trigger_target_dag
[2024-09-27T15:46:19.188+0000] {logging_mixin.py:190} INFO - [2024-09-27T15:46:19.188+0000] {override.py:1900} INFO - Created Permission View: can read on DAG Run:example_trigger_target_dag
[2024-09-27T15:46:19.188+0000] {logging_mixin.py:190} INFO - [2024-09-27T15:46:19.188+0000] {dag.py:3239} INFO - Sync 1 DAGs
[2024-09-27T15:46:19.195+0000] {logging_mixin.py:190} INFO - [2024-09-27T15:46:19.195+0000] {dag.py:3262} INFO - Creating ORM DAG for example_trigger_target_dag
[2024-09-27T15:46:19.195+0000] {logging_mixin.py:190} INFO - [2024-09-27T15:46:19.195+0000] {dag.py:4180} INFO - Setting next_dagrun for example_trigger_target_dag to None, run_after=None
[2024-09-27T15:46:19.202+0000] {processor.py:208} INFO - Processing /home/airflow/.local/lib/python3.12/site-packages/airflow/example_dags/example_trigger_target_dag.py took 0.093 seconds
[2024-09-27T15:46:49.753+0000] {processor.py:186} INFO - Started process (PID=126) to work on /home/airflow/.local/lib/python3.12/site-packages/airflow/example_dags/example_trigger_target_dag.py
[2024-09-27T15:46:49.754+0000] {processor.py:914} INFO - Processing file /home/airflow/.local/lib/python3.12/site-packages/airflow/example_dags/example_trigger_target_dag.py for tasks to queue
[2024-09-27T15:46:49.756+0000] {logging_mixin.py:190} INFO - [2024-09-27T15:46:49.756+0000] {dagbag.py:588} INFO - Filling up the DagBag from /home/airflow/.local/lib/python3.12/site-packages/airflow/example_dags/example_trigger_target_dag.py
[2024-09-27T15:46:49.761+0000] {processor.py:925} INFO - DAG(s) 'example_trigger_target_dag' retrieved from /home/airflow/.local/lib/python3.12/site-packages/airflow/example_dags/example_trigger_target_dag.py
[2024-09-27T15:46:49.774+0000] {logging_mixin.py:190} INFO - [2024-09-27T15:46:49.774+0000] {dag.py:3239} INFO - Sync 1 DAGs
[2024-09-27T15:46:49.782+0000] {logging_mixin.py:190} INFO - [2024-09-27T15:46:49.782+0000] {dag.py:4180} INFO - Setting next_dagrun for example_trigger_target_dag to None, run_after=None
[2024-09-27T15:46:49.792+0000] {processor.py:208} INFO - Processing /home/airflow/.local/lib/python3.12/site-packages/airflow/example_dags/example_trigger_target_dag.py took 0.045 seconds
[2024-09-27T15:47:20.659+0000] {processor.py:186} INFO - Started process (PID=189) to work on /home/airflow/.local/lib/python3.12/site-packages/airflow/example_dags/example_trigger_target_dag.py
[2024-09-27T15:47:20.660+0000] {processor.py:914} INFO - Processing file /home/airflow/.local/lib/python3.12/site-packages/airflow/example_dags/example_trigger_target_dag.py for tasks to queue
[2024-09-27T15:47:20.661+0000] {logging_mixin.py:190} INFO - [2024-09-27T15:47:20.661+0000] {dagbag.py:588} INFO - Filling up the DagBag from /home/airflow/.local/lib/python3.12/site-packages/airflow/example_dags/example_trigger_target_dag.py
[2024-09-27T15:47:20.665+0000] {processor.py:925} INFO - DAG(s) 'example_trigger_target_dag' retrieved from /home/airflow/.local/lib/python3.12/site-packages/airflow/example_dags/example_trigger_target_dag.py
[2024-09-27T15:47:20.675+0000] {logging_mixin.py:190} INFO - [2024-09-27T15:47:20.675+0000] {dag.py:3239} INFO - Sync 1 DAGs
[2024-09-27T15:47:20.683+0000] {logging_mixin.py:190} INFO - [2024-09-27T15:47:20.682+0000] {dag.py:4180} INFO - Setting next_dagrun for example_trigger_target_dag to None, run_after=None
[2024-09-27T15:47:20.691+0000] {processor.py:208} INFO - Processing /home/airflow/.local/lib/python3.12/site-packages/airflow/example_dags/example_trigger_target_dag.py took 0.036 seconds
[2024-09-27T15:47:51.681+0000] {processor.py:186} INFO - Started process (PID=252) to work on /home/airflow/.local/lib/python3.12/site-packages/airflow/example_dags/example_trigger_target_dag.py
[2024-09-27T15:47:51.682+0000] {processor.py:914} INFO - Processing file /home/airflow/.local/lib/python3.12/site-packages/airflow/example_dags/example_trigger_target_dag.py for tasks to queue
[2024-09-27T15:47:51.683+0000] {logging_mixin.py:190} INFO - [2024-09-27T15:47:51.683+0000] {dagbag.py:588} INFO - Filling up the DagBag from /home/airflow/.local/lib/python3.12/site-packages/airflow/example_dags/example_trigger_target_dag.py
[2024-09-27T15:47:51.687+0000] {processor.py:925} INFO - DAG(s) 'example_trigger_target_dag' retrieved from /home/airflow/.local/lib/python3.12/site-packages/airflow/example_dags/example_trigger_target_dag.py
[2024-09-27T15:47:51.698+0000] {logging_mixin.py:190} INFO - [2024-09-27T15:47:51.698+0000] {dag.py:3239} INFO - Sync 1 DAGs
[2024-09-27T15:47:51.706+0000] {logging_mixin.py:190} INFO - [2024-09-27T15:47:51.706+0000] {dag.py:4180} INFO - Setting next_dagrun for example_trigger_target_dag to None, run_after=None
[2024-09-27T15:47:51.715+0000] {processor.py:208} INFO - Processing /home/airflow/.local/lib/python3.12/site-packages/airflow/example_dags/example_trigger_target_dag.py took 0.038 seconds
[2024-09-27T15:48:22.280+0000] {processor.py:186} INFO - Started process (PID=315) to work on /home/airflow/.local/lib/python3.12/site-packages/airflow/example_dags/example_trigger_target_dag.py
[2024-09-27T15:48:22.281+0000] {processor.py:914} INFO - Processing file /home/airflow/.local/lib/python3.12/site-packages/airflow/example_dags/example_trigger_target_dag.py for tasks to queue
[2024-09-27T15:48:22.283+0000] {logging_mixin.py:190} INFO - [2024-09-27T15:48:22.283+0000] {dagbag.py:588} INFO - Filling up the DagBag from /home/airflow/.local/lib/python3.12/site-packages/airflow/example_dags/example_trigger_target_dag.py
[2024-09-27T15:48:22.288+0000] {processor.py:925} INFO - DAG(s) 'example_trigger_target_dag' retrieved from /home/airflow/.local/lib/python3.12/site-packages/airflow/example_dags/example_trigger_target_dag.py
[2024-09-27T15:48:22.299+0000] {logging_mixin.py:190} INFO - [2024-09-27T15:48:22.299+0000] {dag.py:3239} INFO - Sync 1 DAGs
[2024-09-27T15:48:22.307+0000] {logging_mixin.py:190} INFO - [2024-09-27T15:48:22.307+0000] {dag.py:4180} INFO - Setting next_dagrun for example_trigger_target_dag to None, run_after=None
[2024-09-27T15:48:22.317+0000] {processor.py:208} INFO - Processing /home/airflow/.local/lib/python3.12/site-packages/airflow/example_dags/example_trigger_target_dag.py took 0.040 seconds
[2024-09-27T15:48:52.819+0000] {processor.py:186} INFO - Started process (PID=378) to work on /home/airflow/.local/lib/python3.12/site-packages/airflow/example_dags/example_trigger_target_dag.py
[2024-09-27T15:48:52.820+0000] {processor.py:914} INFO - Processing file /home/airflow/.local/lib/python3.12/site-packages/airflow/example_dags/example_trigger_target_dag.py for tasks to queue
[2024-09-27T15:48:52.822+0000] {logging_mixin.py:190} INFO - [2024-09-27T15:48:52.822+0000] {dagbag.py:588} INFO - Filling up the DagBag from /home/airflow/.local/lib/python3.12/site-packages/airflow/example_dags/example_trigger_target_dag.py
[2024-09-27T15:48:52.826+0000] {processor.py:925} INFO - DAG(s) 'example_trigger_target_dag' retrieved from /home/airflow/.local/lib/python3.12/site-packages/airflow/example_dags/example_trigger_target_dag.py
[2024-09-27T15:48:52.836+0000] {logging_mixin.py:190} INFO - [2024-09-27T15:48:52.836+0000] {dag.py:3239} INFO - Sync 1 DAGs
[2024-09-27T15:48:52.844+0000] {logging_mixin.py:190} INFO - [2024-09-27T15:48:52.843+0000] {dag.py:4180} INFO - Setting next_dagrun for example_trigger_target_dag to None, run_after=None
[2024-09-27T15:48:52.853+0000] {processor.py:208} INFO - Processing /home/airflow/.local/lib/python3.12/site-packages/airflow/example_dags/example_trigger_target_dag.py took 0.037 seconds
[2024-09-27T15:49:23.646+0000] {processor.py:186} INFO - Started process (PID=441) to work on /home/airflow/.local/lib/python3.12/site-packages/airflow/example_dags/example_trigger_target_dag.py
[2024-09-27T15:49:23.646+0000] {processor.py:914} INFO - Processing file /home/airflow/.local/lib/python3.12/site-packages/airflow/example_dags/example_trigger_target_dag.py for tasks to queue
[2024-09-27T15:49:23.648+0000] {logging_mixin.py:190} INFO - [2024-09-27T15:49:23.647+0000] {dagbag.py:588} INFO - Filling up the DagBag from /home/airflow/.local/lib/python3.12/site-packages/airflow/example_dags/example_trigger_target_dag.py
[2024-09-27T15:49:23.652+0000] {processor.py:925} INFO - DAG(s) 'example_trigger_target_dag' retrieved from /home/airflow/.local/lib/python3.12/site-packages/airflow/example_dags/example_trigger_target_dag.py
[2024-09-27T15:49:23.662+0000] {logging_mixin.py:190} INFO - [2024-09-27T15:49:23.662+0000] {dag.py:3239} INFO - Sync 1 DAGs
[2024-09-27T15:49:23.669+0000] {logging_mixin.py:190} INFO - [2024-09-27T15:49:23.669+0000] {dag.py:4180} INFO - Setting next_dagrun for example_trigger_target_dag to None, run_after=None
[2024-09-27T15:49:23.678+0000] {processor.py:208} INFO - Processing /home/airflow/.local/lib/python3.12/site-packages/airflow/example_dags/example_trigger_target_dag.py took 0.036 seconds
[2024-09-27T15:49:54.362+0000] {processor.py:186} INFO - Started process (PID=504) to work on /home/airflow/.local/lib/python3.12/site-packages/airflow/example_dags/example_trigger_target_dag.py
[2024-09-27T15:49:54.363+0000] {processor.py:914} INFO - Processing file /home/airflow/.local/lib/python3.12/site-packages/airflow/example_dags/example_trigger_target_dag.py for tasks to queue
[2024-09-27T15:49:54.364+0000] {logging_mixin.py:190} INFO - [2024-09-27T15:49:54.364+0000] {dagbag.py:588} INFO - Filling up the DagBag from /home/airflow/.local/lib/python3.12/site-packages/airflow/example_dags/example_trigger_target_dag.py
[2024-09-27T15:49:54.369+0000] {processor.py:925} INFO - DAG(s) 'example_trigger_target_dag' retrieved from /home/airflow/.local/lib/python3.12/site-packages/airflow/example_dags/example_trigger_target_dag.py
[2024-09-27T15:49:54.378+0000] {logging_mixin.py:190} INFO - [2024-09-27T15:49:54.378+0000] {dag.py:3239} INFO - Sync 1 DAGs
[2024-09-27T15:49:54.385+0000] {logging_mixin.py:190} INFO - [2024-09-27T15:49:54.385+0000] {dag.py:4180} INFO - Setting next_dagrun for example_trigger_target_dag to None, run_after=None
[2024-09-27T15:49:54.395+0000] {processor.py:208} INFO - Processing /home/airflow/.local/lib/python3.12/site-packages/airflow/example_dags/example_trigger_target_dag.py took 0.036 seconds
