[2024-09-27T15:46:17.769+0000] {processor.py:186} INFO - Started process (PID=45) to work on /home/airflow/.local/lib/python3.12/site-packages/airflow/example_dags/example_sla_dag.py
[2024-09-27T15:46:17.769+0000] {processor.py:914} INFO - Processing file /home/airflow/.local/lib/python3.12/site-packages/airflow/example_dags/example_sla_dag.py for tasks to queue
[2024-09-27T15:46:17.771+0000] {logging_mixin.py:190} INFO - [2024-09-27T15:46:17.771+0000] {dagbag.py:588} INFO - Filling up the DagBag from /home/airflow/.local/lib/python3.12/site-packages/airflow/example_dags/example_sla_dag.py
[2024-09-27T15:46:17.777+0000] {processor.py:925} INFO - DAG(s) 'example_sla_dag' retrieved from /home/airflow/.local/lib/python3.12/site-packages/airflow/example_dags/example_sla_dag.py
[2024-09-27T15:46:17.827+0000] {logging_mixin.py:190} INFO - [2024-09-27T15:46:17.827+0000] {override.py:1900} INFO - Created Permission View: can delete on DAG:example_sla_dag
[2024-09-27T15:46:17.831+0000] {logging_mixin.py:190} INFO - [2024-09-27T15:46:17.831+0000] {override.py:1900} INFO - Created Permission View: can read on DAG:example_sla_dag
[2024-09-27T15:46:17.834+0000] {logging_mixin.py:190} INFO - [2024-09-27T15:46:17.833+0000] {override.py:1900} INFO - Created Permission View: can edit on DAG:example_sla_dag
[2024-09-27T15:46:17.836+0000] {logging_mixin.py:190} INFO - [2024-09-27T15:46:17.836+0000] {override.py:1900} INFO - Created Permission View: can create on DAG Run:example_sla_dag
[2024-09-27T15:46:17.838+0000] {logging_mixin.py:190} INFO - [2024-09-27T15:46:17.838+0000] {override.py:1900} INFO - Created Permission View: can delete on DAG Run:example_sla_dag
[2024-09-27T15:46:17.840+0000] {logging_mixin.py:190} INFO - [2024-09-27T15:46:17.840+0000] {override.py:1900} INFO - Created Permission View: menu access on DAG Run:example_sla_dag
[2024-09-27T15:46:17.842+0000] {logging_mixin.py:190} INFO - [2024-09-27T15:46:17.842+0000] {override.py:1900} INFO - Created Permission View: can read on DAG Run:example_sla_dag
[2024-09-27T15:46:17.843+0000] {logging_mixin.py:190} INFO - [2024-09-27T15:46:17.843+0000] {dag.py:3239} INFO - Sync 1 DAGs
[2024-09-27T15:46:17.848+0000] {logging_mixin.py:190} INFO - [2024-09-27T15:46:17.848+0000] {dag.py:3262} INFO - Creating ORM DAG for example_sla_dag
[2024-09-27T15:46:17.863+0000] {logging_mixin.py:190} INFO - [2024-09-27T15:46:17.862+0000] {dag.py:4180} INFO - Setting next_dagrun for example_sla_dag to 2024-09-27 15:44:00+00:00, run_after=2024-09-27 15:46:00+00:00
[2024-09-27T15:46:17.874+0000] {processor.py:208} INFO - Processing /home/airflow/.local/lib/python3.12/site-packages/airflow/example_dags/example_sla_dag.py took 0.110 seconds
[2024-09-27T15:46:47.943+0000] {processor.py:186} INFO - Started process (PID=107) to work on /home/airflow/.local/lib/python3.12/site-packages/airflow/example_dags/example_sla_dag.py
[2024-09-27T15:46:47.944+0000] {processor.py:914} INFO - Processing file /home/airflow/.local/lib/python3.12/site-packages/airflow/example_dags/example_sla_dag.py for tasks to queue
[2024-09-27T15:46:47.946+0000] {logging_mixin.py:190} INFO - [2024-09-27T15:46:47.946+0000] {dagbag.py:588} INFO - Filling up the DagBag from /home/airflow/.local/lib/python3.12/site-packages/airflow/example_dags/example_sla_dag.py
[2024-09-27T15:46:47.951+0000] {processor.py:925} INFO - DAG(s) 'example_sla_dag' retrieved from /home/airflow/.local/lib/python3.12/site-packages/airflow/example_dags/example_sla_dag.py
[2024-09-27T15:46:47.962+0000] {logging_mixin.py:190} INFO - [2024-09-27T15:46:47.962+0000] {dag.py:3239} INFO - Sync 1 DAGs
[2024-09-27T15:46:47.974+0000] {logging_mixin.py:190} INFO - [2024-09-27T15:46:47.974+0000] {dag.py:4180} INFO - Setting next_dagrun for example_sla_dag to 2024-09-27 15:44:00+00:00, run_after=2024-09-27 15:46:00+00:00
[2024-09-27T15:46:47.981+0000] {processor.py:208} INFO - Processing /home/airflow/.local/lib/python3.12/site-packages/airflow/example_dags/example_sla_dag.py took 0.041 seconds
[2024-09-27T15:47:18.847+0000] {processor.py:186} INFO - Started process (PID=170) to work on /home/airflow/.local/lib/python3.12/site-packages/airflow/example_dags/example_sla_dag.py
[2024-09-27T15:47:18.848+0000] {processor.py:914} INFO - Processing file /home/airflow/.local/lib/python3.12/site-packages/airflow/example_dags/example_sla_dag.py for tasks to queue
[2024-09-27T15:47:18.849+0000] {logging_mixin.py:190} INFO - [2024-09-27T15:47:18.849+0000] {dagbag.py:588} INFO - Filling up the DagBag from /home/airflow/.local/lib/python3.12/site-packages/airflow/example_dags/example_sla_dag.py
[2024-09-27T15:47:18.855+0000] {processor.py:925} INFO - DAG(s) 'example_sla_dag' retrieved from /home/airflow/.local/lib/python3.12/site-packages/airflow/example_dags/example_sla_dag.py
[2024-09-27T15:47:18.865+0000] {logging_mixin.py:190} INFO - [2024-09-27T15:47:18.865+0000] {dag.py:3239} INFO - Sync 1 DAGs
[2024-09-27T15:47:18.878+0000] {logging_mixin.py:190} INFO - [2024-09-27T15:47:18.878+0000] {dag.py:4180} INFO - Setting next_dagrun for example_sla_dag to 2024-09-27 15:44:00+00:00, run_after=2024-09-27 15:46:00+00:00
[2024-09-27T15:47:18.886+0000] {processor.py:208} INFO - Processing /home/airflow/.local/lib/python3.12/site-packages/airflow/example_dags/example_sla_dag.py took 0.042 seconds
[2024-09-27T15:47:49.786+0000] {processor.py:186} INFO - Started process (PID=233) to work on /home/airflow/.local/lib/python3.12/site-packages/airflow/example_dags/example_sla_dag.py
[2024-09-27T15:47:49.787+0000] {processor.py:914} INFO - Processing file /home/airflow/.local/lib/python3.12/site-packages/airflow/example_dags/example_sla_dag.py for tasks to queue
[2024-09-27T15:47:49.788+0000] {logging_mixin.py:190} INFO - [2024-09-27T15:47:49.788+0000] {dagbag.py:588} INFO - Filling up the DagBag from /home/airflow/.local/lib/python3.12/site-packages/airflow/example_dags/example_sla_dag.py
[2024-09-27T15:47:49.795+0000] {processor.py:925} INFO - DAG(s) 'example_sla_dag' retrieved from /home/airflow/.local/lib/python3.12/site-packages/airflow/example_dags/example_sla_dag.py
[2024-09-27T15:47:49.806+0000] {logging_mixin.py:190} INFO - [2024-09-27T15:47:49.806+0000] {dag.py:3239} INFO - Sync 1 DAGs
[2024-09-27T15:47:49.823+0000] {logging_mixin.py:190} INFO - [2024-09-27T15:47:49.823+0000] {dag.py:4180} INFO - Setting next_dagrun for example_sla_dag to 2024-09-27 15:44:00+00:00, run_after=2024-09-27 15:46:00+00:00
[2024-09-27T15:47:49.842+0000] {processor.py:208} INFO - Processing /home/airflow/.local/lib/python3.12/site-packages/airflow/example_dags/example_sla_dag.py took 0.060 seconds
[2024-09-27T15:48:19.913+0000] {processor.py:186} INFO - Started process (PID=296) to work on /home/airflow/.local/lib/python3.12/site-packages/airflow/example_dags/example_sla_dag.py
[2024-09-27T15:48:19.917+0000] {processor.py:914} INFO - Processing file /home/airflow/.local/lib/python3.12/site-packages/airflow/example_dags/example_sla_dag.py for tasks to queue
[2024-09-27T15:48:19.928+0000] {logging_mixin.py:190} INFO - [2024-09-27T15:48:19.926+0000] {dagbag.py:588} INFO - Filling up the DagBag from /home/airflow/.local/lib/python3.12/site-packages/airflow/example_dags/example_sla_dag.py
[2024-09-27T15:48:19.954+0000] {processor.py:925} INFO - DAG(s) 'example_sla_dag' retrieved from /home/airflow/.local/lib/python3.12/site-packages/airflow/example_dags/example_sla_dag.py
[2024-09-27T15:48:19.996+0000] {logging_mixin.py:190} INFO - [2024-09-27T15:48:19.996+0000] {dag.py:3239} INFO - Sync 1 DAGs
[2024-09-27T15:48:20.036+0000] {logging_mixin.py:190} INFO - [2024-09-27T15:48:20.035+0000] {dag.py:4180} INFO - Setting next_dagrun for example_sla_dag to 2024-09-27 15:46:00+00:00, run_after=2024-09-27 15:48:00+00:00
[2024-09-27T15:48:20.056+0000] {processor.py:208} INFO - Processing /home/airflow/.local/lib/python3.12/site-packages/airflow/example_dags/example_sla_dag.py took 0.165 seconds
[2024-09-27T15:48:50.117+0000] {processor.py:186} INFO - Started process (PID=359) to work on /home/airflow/.local/lib/python3.12/site-packages/airflow/example_dags/example_sla_dag.py
[2024-09-27T15:48:50.118+0000] {processor.py:914} INFO - Processing file /home/airflow/.local/lib/python3.12/site-packages/airflow/example_dags/example_sla_dag.py for tasks to queue
[2024-09-27T15:48:50.120+0000] {logging_mixin.py:190} INFO - [2024-09-27T15:48:50.120+0000] {dagbag.py:588} INFO - Filling up the DagBag from /home/airflow/.local/lib/python3.12/site-packages/airflow/example_dags/example_sla_dag.py
[2024-09-27T15:48:50.126+0000] {processor.py:925} INFO - DAG(s) 'example_sla_dag' retrieved from /home/airflow/.local/lib/python3.12/site-packages/airflow/example_dags/example_sla_dag.py
[2024-09-27T15:48:50.136+0000] {logging_mixin.py:190} INFO - [2024-09-27T15:48:50.136+0000] {dag.py:3239} INFO - Sync 1 DAGs
[2024-09-27T15:48:50.148+0000] {logging_mixin.py:190} INFO - [2024-09-27T15:48:50.147+0000] {dag.py:4180} INFO - Setting next_dagrun for example_sla_dag to 2024-09-27 15:46:00+00:00, run_after=2024-09-27 15:48:00+00:00
[2024-09-27T15:48:50.156+0000] {processor.py:208} INFO - Processing /home/airflow/.local/lib/python3.12/site-packages/airflow/example_dags/example_sla_dag.py took 0.044 seconds
[2024-09-27T15:49:20.848+0000] {processor.py:186} INFO - Started process (PID=422) to work on /home/airflow/.local/lib/python3.12/site-packages/airflow/example_dags/example_sla_dag.py
[2024-09-27T15:49:20.849+0000] {processor.py:914} INFO - Processing file /home/airflow/.local/lib/python3.12/site-packages/airflow/example_dags/example_sla_dag.py for tasks to queue
[2024-09-27T15:49:20.852+0000] {logging_mixin.py:190} INFO - [2024-09-27T15:49:20.852+0000] {dagbag.py:588} INFO - Filling up the DagBag from /home/airflow/.local/lib/python3.12/site-packages/airflow/example_dags/example_sla_dag.py
[2024-09-27T15:49:20.859+0000] {processor.py:925} INFO - DAG(s) 'example_sla_dag' retrieved from /home/airflow/.local/lib/python3.12/site-packages/airflow/example_dags/example_sla_dag.py
[2024-09-27T15:49:20.871+0000] {logging_mixin.py:190} INFO - [2024-09-27T15:49:20.871+0000] {dag.py:3239} INFO - Sync 1 DAGs
[2024-09-27T15:49:20.885+0000] {logging_mixin.py:190} INFO - [2024-09-27T15:49:20.885+0000] {dag.py:4180} INFO - Setting next_dagrun for example_sla_dag to 2024-09-27 15:46:00+00:00, run_after=2024-09-27 15:48:00+00:00
[2024-09-27T15:49:20.894+0000] {processor.py:208} INFO - Processing /home/airflow/.local/lib/python3.12/site-packages/airflow/example_dags/example_sla_dag.py took 0.052 seconds
[2024-09-27T15:49:51.570+0000] {processor.py:186} INFO - Started process (PID=485) to work on /home/airflow/.local/lib/python3.12/site-packages/airflow/example_dags/example_sla_dag.py
[2024-09-27T15:49:51.571+0000] {processor.py:914} INFO - Processing file /home/airflow/.local/lib/python3.12/site-packages/airflow/example_dags/example_sla_dag.py for tasks to queue
[2024-09-27T15:49:51.572+0000] {logging_mixin.py:190} INFO - [2024-09-27T15:49:51.572+0000] {dagbag.py:588} INFO - Filling up the DagBag from /home/airflow/.local/lib/python3.12/site-packages/airflow/example_dags/example_sla_dag.py
[2024-09-27T15:49:51.579+0000] {processor.py:925} INFO - DAG(s) 'example_sla_dag' retrieved from /home/airflow/.local/lib/python3.12/site-packages/airflow/example_dags/example_sla_dag.py
[2024-09-27T15:49:51.593+0000] {logging_mixin.py:190} INFO - [2024-09-27T15:49:51.593+0000] {dag.py:3239} INFO - Sync 1 DAGs
[2024-09-27T15:49:51.608+0000] {logging_mixin.py:190} INFO - [2024-09-27T15:49:51.608+0000] {dag.py:4180} INFO - Setting next_dagrun for example_sla_dag to 2024-09-27 15:46:00+00:00, run_after=2024-09-27 15:48:00+00:00
[2024-09-27T15:49:51.620+0000] {processor.py:208} INFO - Processing /home/airflow/.local/lib/python3.12/site-packages/airflow/example_dags/example_sla_dag.py took 0.053 seconds
