[2024-09-27T15:46:18.223+0000] {processor.py:186} INFO - Started process (PID=49) to work on /home/airflow/.local/lib/python3.12/site-packages/airflow/example_dags/example_short_circuit_operator.py
[2024-09-27T15:46:18.224+0000] {processor.py:914} INFO - Processing file /home/airflow/.local/lib/python3.12/site-packages/airflow/example_dags/example_short_circuit_operator.py for tasks to queue
[2024-09-27T15:46:18.225+0000] {logging_mixin.py:190} INFO - [2024-09-27T15:46:18.225+0000] {dagbag.py:588} INFO - Filling up the DagBag from /home/airflow/.local/lib/python3.12/site-packages/airflow/example_dags/example_short_circuit_operator.py
[2024-09-27T15:46:18.230+0000] {processor.py:925} INFO - DAG(s) 'example_short_circuit_operator' retrieved from /home/airflow/.local/lib/python3.12/site-packages/airflow/example_dags/example_short_circuit_operator.py
[2024-09-27T15:46:18.283+0000] {logging_mixin.py:190} INFO - [2024-09-27T15:46:18.283+0000] {override.py:1900} INFO - Created Permission View: can delete on DAG:example_short_circuit_operator
[2024-09-27T15:46:18.287+0000] {logging_mixin.py:190} INFO - [2024-09-27T15:46:18.287+0000] {override.py:1900} INFO - Created Permission View: can read on DAG:example_short_circuit_operator
[2024-09-27T15:46:18.289+0000] {logging_mixin.py:190} INFO - [2024-09-27T15:46:18.289+0000] {override.py:1900} INFO - Created Permission View: can edit on DAG:example_short_circuit_operator
[2024-09-27T15:46:18.291+0000] {logging_mixin.py:190} INFO - [2024-09-27T15:46:18.291+0000] {override.py:1900} INFO - Created Permission View: can create on DAG Run:example_short_circuit_operator
[2024-09-27T15:46:18.294+0000] {logging_mixin.py:190} INFO - [2024-09-27T15:46:18.293+0000] {override.py:1900} INFO - Created Permission View: can delete on DAG Run:example_short_circuit_operator
[2024-09-27T15:46:18.296+0000] {logging_mixin.py:190} INFO - [2024-09-27T15:46:18.295+0000] {override.py:1900} INFO - Created Permission View: menu access on DAG Run:example_short_circuit_operator
[2024-09-27T15:46:18.298+0000] {logging_mixin.py:190} INFO - [2024-09-27T15:46:18.298+0000] {override.py:1900} INFO - Created Permission View: can read on DAG Run:example_short_circuit_operator
[2024-09-27T15:46:18.298+0000] {logging_mixin.py:190} INFO - [2024-09-27T15:46:18.298+0000] {dag.py:3239} INFO - Sync 1 DAGs
[2024-09-27T15:46:18.304+0000] {logging_mixin.py:190} INFO - [2024-09-27T15:46:18.303+0000] {dag.py:3262} INFO - Creating ORM DAG for example_short_circuit_operator
[2024-09-27T15:46:18.304+0000] {logging_mixin.py:190} INFO - [2024-09-27T15:46:18.304+0000] {dag.py:4180} INFO - Setting next_dagrun for example_short_circuit_operator to None, run_after=None
[2024-09-27T15:46:18.310+0000] {processor.py:208} INFO - Processing /home/airflow/.local/lib/python3.12/site-packages/airflow/example_dags/example_short_circuit_operator.py took 0.091 seconds
[2024-09-27T15:46:49.190+0000] {processor.py:186} INFO - Started process (PID=112) to work on /home/airflow/.local/lib/python3.12/site-packages/airflow/example_dags/example_short_circuit_operator.py
[2024-09-27T15:46:49.190+0000] {processor.py:914} INFO - Processing file /home/airflow/.local/lib/python3.12/site-packages/airflow/example_dags/example_short_circuit_operator.py for tasks to queue
[2024-09-27T15:46:49.192+0000] {logging_mixin.py:190} INFO - [2024-09-27T15:46:49.192+0000] {dagbag.py:588} INFO - Filling up the DagBag from /home/airflow/.local/lib/python3.12/site-packages/airflow/example_dags/example_short_circuit_operator.py
[2024-09-27T15:46:49.201+0000] {processor.py:925} INFO - DAG(s) 'example_short_circuit_operator' retrieved from /home/airflow/.local/lib/python3.12/site-packages/airflow/example_dags/example_short_circuit_operator.py
[2024-09-27T15:46:49.230+0000] {logging_mixin.py:190} INFO - [2024-09-27T15:46:49.230+0000] {dag.py:3239} INFO - Sync 1 DAGs
[2024-09-27T15:46:49.245+0000] {logging_mixin.py:190} INFO - [2024-09-27T15:46:49.244+0000] {dag.py:4180} INFO - Setting next_dagrun for example_short_circuit_operator to None, run_after=None
[2024-09-27T15:46:49.257+0000] {processor.py:208} INFO - Processing /home/airflow/.local/lib/python3.12/site-packages/airflow/example_dags/example_short_circuit_operator.py took 0.071 seconds
[2024-09-27T15:47:20.080+0000] {processor.py:186} INFO - Started process (PID=175) to work on /home/airflow/.local/lib/python3.12/site-packages/airflow/example_dags/example_short_circuit_operator.py
[2024-09-27T15:47:20.081+0000] {processor.py:914} INFO - Processing file /home/airflow/.local/lib/python3.12/site-packages/airflow/example_dags/example_short_circuit_operator.py for tasks to queue
[2024-09-27T15:47:20.083+0000] {logging_mixin.py:190} INFO - [2024-09-27T15:47:20.082+0000] {dagbag.py:588} INFO - Filling up the DagBag from /home/airflow/.local/lib/python3.12/site-packages/airflow/example_dags/example_short_circuit_operator.py
[2024-09-27T15:47:20.087+0000] {processor.py:925} INFO - DAG(s) 'example_short_circuit_operator' retrieved from /home/airflow/.local/lib/python3.12/site-packages/airflow/example_dags/example_short_circuit_operator.py
[2024-09-27T15:47:20.101+0000] {logging_mixin.py:190} INFO - [2024-09-27T15:47:20.101+0000] {dag.py:3239} INFO - Sync 1 DAGs
[2024-09-27T15:47:20.110+0000] {logging_mixin.py:190} INFO - [2024-09-27T15:47:20.110+0000] {dag.py:4180} INFO - Setting next_dagrun for example_short_circuit_operator to None, run_after=None
[2024-09-27T15:47:20.121+0000] {processor.py:208} INFO - Processing /home/airflow/.local/lib/python3.12/site-packages/airflow/example_dags/example_short_circuit_operator.py took 0.044 seconds
[2024-09-27T15:47:51.092+0000] {processor.py:186} INFO - Started process (PID=238) to work on /home/airflow/.local/lib/python3.12/site-packages/airflow/example_dags/example_short_circuit_operator.py
[2024-09-27T15:47:51.093+0000] {processor.py:914} INFO - Processing file /home/airflow/.local/lib/python3.12/site-packages/airflow/example_dags/example_short_circuit_operator.py for tasks to queue
[2024-09-27T15:47:51.095+0000] {logging_mixin.py:190} INFO - [2024-09-27T15:47:51.094+0000] {dagbag.py:588} INFO - Filling up the DagBag from /home/airflow/.local/lib/python3.12/site-packages/airflow/example_dags/example_short_circuit_operator.py
[2024-09-27T15:47:51.101+0000] {processor.py:925} INFO - DAG(s) 'example_short_circuit_operator' retrieved from /home/airflow/.local/lib/python3.12/site-packages/airflow/example_dags/example_short_circuit_operator.py
[2024-09-27T15:47:51.115+0000] {logging_mixin.py:190} INFO - [2024-09-27T15:47:51.115+0000] {dag.py:3239} INFO - Sync 1 DAGs
[2024-09-27T15:47:51.124+0000] {logging_mixin.py:190} INFO - [2024-09-27T15:47:51.124+0000] {dag.py:4180} INFO - Setting next_dagrun for example_short_circuit_operator to None, run_after=None
[2024-09-27T15:47:51.135+0000] {processor.py:208} INFO - Processing /home/airflow/.local/lib/python3.12/site-packages/airflow/example_dags/example_short_circuit_operator.py took 0.049 seconds
[2024-09-27T15:48:21.751+0000] {processor.py:186} INFO - Started process (PID=301) to work on /home/airflow/.local/lib/python3.12/site-packages/airflow/example_dags/example_short_circuit_operator.py
[2024-09-27T15:48:21.751+0000] {processor.py:914} INFO - Processing file /home/airflow/.local/lib/python3.12/site-packages/airflow/example_dags/example_short_circuit_operator.py for tasks to queue
[2024-09-27T15:48:21.753+0000] {logging_mixin.py:190} INFO - [2024-09-27T15:48:21.753+0000] {dagbag.py:588} INFO - Filling up the DagBag from /home/airflow/.local/lib/python3.12/site-packages/airflow/example_dags/example_short_circuit_operator.py
[2024-09-27T15:48:21.758+0000] {processor.py:925} INFO - DAG(s) 'example_short_circuit_operator' retrieved from /home/airflow/.local/lib/python3.12/site-packages/airflow/example_dags/example_short_circuit_operator.py
[2024-09-27T15:48:21.769+0000] {logging_mixin.py:190} INFO - [2024-09-27T15:48:21.769+0000] {dag.py:3239} INFO - Sync 1 DAGs
[2024-09-27T15:48:21.776+0000] {logging_mixin.py:190} INFO - [2024-09-27T15:48:21.776+0000] {dag.py:4180} INFO - Setting next_dagrun for example_short_circuit_operator to None, run_after=None
[2024-09-27T15:48:21.785+0000] {processor.py:208} INFO - Processing /home/airflow/.local/lib/python3.12/site-packages/airflow/example_dags/example_short_circuit_operator.py took 0.038 seconds
[2024-09-27T15:48:52.348+0000] {processor.py:186} INFO - Started process (PID=364) to work on /home/airflow/.local/lib/python3.12/site-packages/airflow/example_dags/example_short_circuit_operator.py
[2024-09-27T15:48:52.348+0000] {processor.py:914} INFO - Processing file /home/airflow/.local/lib/python3.12/site-packages/airflow/example_dags/example_short_circuit_operator.py for tasks to queue
[2024-09-27T15:48:52.351+0000] {logging_mixin.py:190} INFO - [2024-09-27T15:48:52.350+0000] {dagbag.py:588} INFO - Filling up the DagBag from /home/airflow/.local/lib/python3.12/site-packages/airflow/example_dags/example_short_circuit_operator.py
[2024-09-27T15:48:52.356+0000] {processor.py:925} INFO - DAG(s) 'example_short_circuit_operator' retrieved from /home/airflow/.local/lib/python3.12/site-packages/airflow/example_dags/example_short_circuit_operator.py
[2024-09-27T15:48:52.368+0000] {logging_mixin.py:190} INFO - [2024-09-27T15:48:52.368+0000] {dag.py:3239} INFO - Sync 1 DAGs
[2024-09-27T15:48:52.377+0000] {logging_mixin.py:190} INFO - [2024-09-27T15:48:52.377+0000] {dag.py:4180} INFO - Setting next_dagrun for example_short_circuit_operator to None, run_after=None
[2024-09-27T15:48:52.395+0000] {processor.py:208} INFO - Processing /home/airflow/.local/lib/python3.12/site-packages/airflow/example_dags/example_short_circuit_operator.py took 0.050 seconds
[2024-09-27T15:49:23.114+0000] {processor.py:186} INFO - Started process (PID=427) to work on /home/airflow/.local/lib/python3.12/site-packages/airflow/example_dags/example_short_circuit_operator.py
[2024-09-27T15:49:23.115+0000] {processor.py:914} INFO - Processing file /home/airflow/.local/lib/python3.12/site-packages/airflow/example_dags/example_short_circuit_operator.py for tasks to queue
[2024-09-27T15:49:23.117+0000] {logging_mixin.py:190} INFO - [2024-09-27T15:49:23.116+0000] {dagbag.py:588} INFO - Filling up the DagBag from /home/airflow/.local/lib/python3.12/site-packages/airflow/example_dags/example_short_circuit_operator.py
[2024-09-27T15:49:23.121+0000] {processor.py:925} INFO - DAG(s) 'example_short_circuit_operator' retrieved from /home/airflow/.local/lib/python3.12/site-packages/airflow/example_dags/example_short_circuit_operator.py
[2024-09-27T15:49:23.134+0000] {logging_mixin.py:190} INFO - [2024-09-27T15:49:23.133+0000] {dag.py:3239} INFO - Sync 1 DAGs
[2024-09-27T15:49:23.141+0000] {logging_mixin.py:190} INFO - [2024-09-27T15:49:23.141+0000] {dag.py:4180} INFO - Setting next_dagrun for example_short_circuit_operator to None, run_after=None
[2024-09-27T15:49:23.149+0000] {processor.py:208} INFO - Processing /home/airflow/.local/lib/python3.12/site-packages/airflow/example_dags/example_short_circuit_operator.py took 0.038 seconds
[2024-09-27T15:49:53.842+0000] {processor.py:186} INFO - Started process (PID=490) to work on /home/airflow/.local/lib/python3.12/site-packages/airflow/example_dags/example_short_circuit_operator.py
[2024-09-27T15:49:53.843+0000] {processor.py:914} INFO - Processing file /home/airflow/.local/lib/python3.12/site-packages/airflow/example_dags/example_short_circuit_operator.py for tasks to queue
[2024-09-27T15:49:53.845+0000] {logging_mixin.py:190} INFO - [2024-09-27T15:49:53.845+0000] {dagbag.py:588} INFO - Filling up the DagBag from /home/airflow/.local/lib/python3.12/site-packages/airflow/example_dags/example_short_circuit_operator.py
[2024-09-27T15:49:53.851+0000] {processor.py:925} INFO - DAG(s) 'example_short_circuit_operator' retrieved from /home/airflow/.local/lib/python3.12/site-packages/airflow/example_dags/example_short_circuit_operator.py
[2024-09-27T15:49:53.867+0000] {logging_mixin.py:190} INFO - [2024-09-27T15:49:53.867+0000] {dag.py:3239} INFO - Sync 1 DAGs
[2024-09-27T15:49:53.874+0000] {logging_mixin.py:190} INFO - [2024-09-27T15:49:53.874+0000] {dag.py:4180} INFO - Setting next_dagrun for example_short_circuit_operator to None, run_after=None
[2024-09-27T15:49:53.884+0000] {processor.py:208} INFO - Processing /home/airflow/.local/lib/python3.12/site-packages/airflow/example_dags/example_short_circuit_operator.py took 0.049 seconds
