[2024-09-27T15:46:19.569+0000] {processor.py:186} INFO - Started process (PID=69) to work on /home/airflow/.local/lib/python3.12/site-packages/airflow/example_dags/example_params_trigger_ui.py
[2024-09-27T15:46:19.570+0000] {processor.py:914} INFO - Processing file /home/airflow/.local/lib/python3.12/site-packages/airflow/example_dags/example_params_trigger_ui.py for tasks to queue
[2024-09-27T15:46:19.571+0000] {logging_mixin.py:190} INFO - [2024-09-27T15:46:19.571+0000] {dagbag.py:588} INFO - Filling up the DagBag from /home/airflow/.local/lib/python3.12/site-packages/airflow/example_dags/example_params_trigger_ui.py
[2024-09-27T15:46:19.580+0000] {processor.py:925} INFO - DAG(s) 'example_params_trigger_ui' retrieved from /home/airflow/.local/lib/python3.12/site-packages/airflow/example_dags/example_params_trigger_ui.py
[2024-09-27T15:46:19.643+0000] {logging_mixin.py:190} INFO - [2024-09-27T15:46:19.643+0000] {override.py:1900} INFO - Created Permission View: can delete on DAG:example_params_trigger_ui
[2024-09-27T15:46:19.647+0000] {logging_mixin.py:190} INFO - [2024-09-27T15:46:19.647+0000] {override.py:1900} INFO - Created Permission View: can read on DAG:example_params_trigger_ui
[2024-09-27T15:46:19.650+0000] {logging_mixin.py:190} INFO - [2024-09-27T15:46:19.650+0000] {override.py:1900} INFO - Created Permission View: can edit on DAG:example_params_trigger_ui
[2024-09-27T15:46:19.653+0000] {logging_mixin.py:190} INFO - [2024-09-27T15:46:19.653+0000] {override.py:1900} INFO - Created Permission View: can create on DAG Run:example_params_trigger_ui
[2024-09-27T15:46:19.655+0000] {logging_mixin.py:190} INFO - [2024-09-27T15:46:19.655+0000] {override.py:1900} INFO - Created Permission View: can delete on DAG Run:example_params_trigger_ui
[2024-09-27T15:46:19.657+0000] {logging_mixin.py:190} INFO - [2024-09-27T15:46:19.657+0000] {override.py:1900} INFO - Created Permission View: menu access on DAG Run:example_params_trigger_ui
[2024-09-27T15:46:19.659+0000] {logging_mixin.py:190} INFO - [2024-09-27T15:46:19.659+0000] {override.py:1900} INFO - Created Permission View: can read on DAG Run:example_params_trigger_ui
[2024-09-27T15:46:19.660+0000] {logging_mixin.py:190} INFO - [2024-09-27T15:46:19.660+0000] {dag.py:3239} INFO - Sync 1 DAGs
[2024-09-27T15:46:19.666+0000] {logging_mixin.py:190} INFO - [2024-09-27T15:46:19.666+0000] {dag.py:3262} INFO - Creating ORM DAG for example_params_trigger_ui
[2024-09-27T15:46:19.666+0000] {logging_mixin.py:190} INFO - [2024-09-27T15:46:19.666+0000] {dag.py:4180} INFO - Setting next_dagrun for example_params_trigger_ui to None, run_after=None
[2024-09-27T15:46:19.674+0000] {processor.py:208} INFO - Processing /home/airflow/.local/lib/python3.12/site-packages/airflow/example_dags/example_params_trigger_ui.py took 0.109 seconds
[2024-09-27T15:46:49.970+0000] {processor.py:186} INFO - Started process (PID=132) to work on /home/airflow/.local/lib/python3.12/site-packages/airflow/example_dags/example_params_trigger_ui.py
[2024-09-27T15:46:49.970+0000] {processor.py:914} INFO - Processing file /home/airflow/.local/lib/python3.12/site-packages/airflow/example_dags/example_params_trigger_ui.py for tasks to queue
[2024-09-27T15:46:49.972+0000] {logging_mixin.py:190} INFO - [2024-09-27T15:46:49.972+0000] {dagbag.py:588} INFO - Filling up the DagBag from /home/airflow/.local/lib/python3.12/site-packages/airflow/example_dags/example_params_trigger_ui.py
[2024-09-27T15:46:49.978+0000] {processor.py:925} INFO - DAG(s) 'example_params_trigger_ui' retrieved from /home/airflow/.local/lib/python3.12/site-packages/airflow/example_dags/example_params_trigger_ui.py
[2024-09-27T15:46:49.997+0000] {logging_mixin.py:190} INFO - [2024-09-27T15:46:49.997+0000] {dag.py:3239} INFO - Sync 1 DAGs
[2024-09-27T15:46:50.004+0000] {logging_mixin.py:190} INFO - [2024-09-27T15:46:50.004+0000] {dag.py:4180} INFO - Setting next_dagrun for example_params_trigger_ui to None, run_after=None
[2024-09-27T15:46:50.014+0000] {processor.py:208} INFO - Processing /home/airflow/.local/lib/python3.12/site-packages/airflow/example_dags/example_params_trigger_ui.py took 0.048 seconds
[2024-09-27T15:47:20.896+0000] {processor.py:186} INFO - Started process (PID=195) to work on /home/airflow/.local/lib/python3.12/site-packages/airflow/example_dags/example_params_trigger_ui.py
[2024-09-27T15:47:20.897+0000] {processor.py:914} INFO - Processing file /home/airflow/.local/lib/python3.12/site-packages/airflow/example_dags/example_params_trigger_ui.py for tasks to queue
[2024-09-27T15:47:20.898+0000] {logging_mixin.py:190} INFO - [2024-09-27T15:47:20.898+0000] {dagbag.py:588} INFO - Filling up the DagBag from /home/airflow/.local/lib/python3.12/site-packages/airflow/example_dags/example_params_trigger_ui.py
[2024-09-27T15:47:20.904+0000] {processor.py:925} INFO - DAG(s) 'example_params_trigger_ui' retrieved from /home/airflow/.local/lib/python3.12/site-packages/airflow/example_dags/example_params_trigger_ui.py
[2024-09-27T15:47:20.927+0000] {logging_mixin.py:190} INFO - [2024-09-27T15:47:20.927+0000] {dag.py:3239} INFO - Sync 1 DAGs
[2024-09-27T15:47:20.934+0000] {logging_mixin.py:190} INFO - [2024-09-27T15:47:20.934+0000] {dag.py:4180} INFO - Setting next_dagrun for example_params_trigger_ui to None, run_after=None
[2024-09-27T15:47:20.943+0000] {processor.py:208} INFO - Processing /home/airflow/.local/lib/python3.12/site-packages/airflow/example_dags/example_params_trigger_ui.py took 0.049 seconds
[2024-09-27T15:47:51.945+0000] {processor.py:186} INFO - Started process (PID=258) to work on /home/airflow/.local/lib/python3.12/site-packages/airflow/example_dags/example_params_trigger_ui.py
[2024-09-27T15:47:51.946+0000] {processor.py:914} INFO - Processing file /home/airflow/.local/lib/python3.12/site-packages/airflow/example_dags/example_params_trigger_ui.py for tasks to queue
[2024-09-27T15:47:51.948+0000] {logging_mixin.py:190} INFO - [2024-09-27T15:47:51.948+0000] {dagbag.py:588} INFO - Filling up the DagBag from /home/airflow/.local/lib/python3.12/site-packages/airflow/example_dags/example_params_trigger_ui.py
[2024-09-27T15:47:51.958+0000] {processor.py:925} INFO - DAG(s) 'example_params_trigger_ui' retrieved from /home/airflow/.local/lib/python3.12/site-packages/airflow/example_dags/example_params_trigger_ui.py
[2024-09-27T15:47:51.981+0000] {logging_mixin.py:190} INFO - [2024-09-27T15:47:51.981+0000] {dag.py:3239} INFO - Sync 1 DAGs
[2024-09-27T15:47:51.989+0000] {logging_mixin.py:190} INFO - [2024-09-27T15:47:51.989+0000] {dag.py:4180} INFO - Setting next_dagrun for example_params_trigger_ui to None, run_after=None
[2024-09-27T15:47:51.997+0000] {processor.py:208} INFO - Processing /home/airflow/.local/lib/python3.12/site-packages/airflow/example_dags/example_params_trigger_ui.py took 0.057 seconds
[2024-09-27T15:48:22.576+0000] {processor.py:186} INFO - Started process (PID=321) to work on /home/airflow/.local/lib/python3.12/site-packages/airflow/example_dags/example_params_trigger_ui.py
[2024-09-27T15:48:22.577+0000] {processor.py:914} INFO - Processing file /home/airflow/.local/lib/python3.12/site-packages/airflow/example_dags/example_params_trigger_ui.py for tasks to queue
[2024-09-27T15:48:22.579+0000] {logging_mixin.py:190} INFO - [2024-09-27T15:48:22.578+0000] {dagbag.py:588} INFO - Filling up the DagBag from /home/airflow/.local/lib/python3.12/site-packages/airflow/example_dags/example_params_trigger_ui.py
[2024-09-27T15:48:22.586+0000] {processor.py:925} INFO - DAG(s) 'example_params_trigger_ui' retrieved from /home/airflow/.local/lib/python3.12/site-packages/airflow/example_dags/example_params_trigger_ui.py
[2024-09-27T15:48:22.606+0000] {logging_mixin.py:190} INFO - [2024-09-27T15:48:22.606+0000] {dag.py:3239} INFO - Sync 1 DAGs
[2024-09-27T15:48:22.614+0000] {logging_mixin.py:190} INFO - [2024-09-27T15:48:22.614+0000] {dag.py:4180} INFO - Setting next_dagrun for example_params_trigger_ui to None, run_after=None
[2024-09-27T15:48:22.623+0000] {processor.py:208} INFO - Processing /home/airflow/.local/lib/python3.12/site-packages/airflow/example_dags/example_params_trigger_ui.py took 0.050 seconds
[2024-09-27T15:48:53.031+0000] {processor.py:186} INFO - Started process (PID=384) to work on /home/airflow/.local/lib/python3.12/site-packages/airflow/example_dags/example_params_trigger_ui.py
[2024-09-27T15:48:53.032+0000] {processor.py:914} INFO - Processing file /home/airflow/.local/lib/python3.12/site-packages/airflow/example_dags/example_params_trigger_ui.py for tasks to queue
[2024-09-27T15:48:53.033+0000] {logging_mixin.py:190} INFO - [2024-09-27T15:48:53.033+0000] {dagbag.py:588} INFO - Filling up the DagBag from /home/airflow/.local/lib/python3.12/site-packages/airflow/example_dags/example_params_trigger_ui.py
[2024-09-27T15:48:53.039+0000] {processor.py:925} INFO - DAG(s) 'example_params_trigger_ui' retrieved from /home/airflow/.local/lib/python3.12/site-packages/airflow/example_dags/example_params_trigger_ui.py
[2024-09-27T15:48:53.060+0000] {logging_mixin.py:190} INFO - [2024-09-27T15:48:53.060+0000] {dag.py:3239} INFO - Sync 1 DAGs
[2024-09-27T15:48:53.068+0000] {logging_mixin.py:190} INFO - [2024-09-27T15:48:53.068+0000] {dag.py:4180} INFO - Setting next_dagrun for example_params_trigger_ui to None, run_after=None
[2024-09-27T15:48:53.076+0000] {processor.py:208} INFO - Processing /home/airflow/.local/lib/python3.12/site-packages/airflow/example_dags/example_params_trigger_ui.py took 0.048 seconds
[2024-09-27T15:49:23.875+0000] {processor.py:186} INFO - Started process (PID=447) to work on /home/airflow/.local/lib/python3.12/site-packages/airflow/example_dags/example_params_trigger_ui.py
[2024-09-27T15:49:23.876+0000] {processor.py:914} INFO - Processing file /home/airflow/.local/lib/python3.12/site-packages/airflow/example_dags/example_params_trigger_ui.py for tasks to queue
[2024-09-27T15:49:23.877+0000] {logging_mixin.py:190} INFO - [2024-09-27T15:49:23.877+0000] {dagbag.py:588} INFO - Filling up the DagBag from /home/airflow/.local/lib/python3.12/site-packages/airflow/example_dags/example_params_trigger_ui.py
[2024-09-27T15:49:23.885+0000] {processor.py:925} INFO - DAG(s) 'example_params_trigger_ui' retrieved from /home/airflow/.local/lib/python3.12/site-packages/airflow/example_dags/example_params_trigger_ui.py
[2024-09-27T15:49:23.911+0000] {logging_mixin.py:190} INFO - [2024-09-27T15:49:23.911+0000] {dag.py:3239} INFO - Sync 1 DAGs
[2024-09-27T15:49:23.921+0000] {logging_mixin.py:190} INFO - [2024-09-27T15:49:23.921+0000] {dag.py:4180} INFO - Setting next_dagrun for example_params_trigger_ui to None, run_after=None
[2024-09-27T15:49:23.930+0000] {processor.py:208} INFO - Processing /home/airflow/.local/lib/python3.12/site-packages/airflow/example_dags/example_params_trigger_ui.py took 0.058 seconds
[2024-09-27T15:49:54.610+0000] {processor.py:186} INFO - Started process (PID=510) to work on /home/airflow/.local/lib/python3.12/site-packages/airflow/example_dags/example_params_trigger_ui.py
[2024-09-27T15:49:54.612+0000] {processor.py:914} INFO - Processing file /home/airflow/.local/lib/python3.12/site-packages/airflow/example_dags/example_params_trigger_ui.py for tasks to queue
[2024-09-27T15:49:54.614+0000] {logging_mixin.py:190} INFO - [2024-09-27T15:49:54.614+0000] {dagbag.py:588} INFO - Filling up the DagBag from /home/airflow/.local/lib/python3.12/site-packages/airflow/example_dags/example_params_trigger_ui.py
[2024-09-27T15:49:54.620+0000] {processor.py:925} INFO - DAG(s) 'example_params_trigger_ui' retrieved from /home/airflow/.local/lib/python3.12/site-packages/airflow/example_dags/example_params_trigger_ui.py
[2024-09-27T15:49:54.644+0000] {logging_mixin.py:190} INFO - [2024-09-27T15:49:54.644+0000] {dag.py:3239} INFO - Sync 1 DAGs
[2024-09-27T15:49:54.651+0000] {logging_mixin.py:190} INFO - [2024-09-27T15:49:54.651+0000] {dag.py:4180} INFO - Setting next_dagrun for example_params_trigger_ui to None, run_after=None
[2024-09-27T15:49:54.660+0000] {processor.py:208} INFO - Processing /home/airflow/.local/lib/python3.12/site-packages/airflow/example_dags/example_params_trigger_ui.py took 0.053 seconds
