[2024-09-27T15:46:18.637+0000] {processor.py:186} INFO - Started process (PID=56) to work on /home/airflow/.local/lib/python3.12/site-packages/airflow/example_dags/example_external_task_marker_dag.py
[2024-09-27T15:46:18.638+0000] {processor.py:914} INFO - Processing file /home/airflow/.local/lib/python3.12/site-packages/airflow/example_dags/example_external_task_marker_dag.py for tasks to queue
[2024-09-27T15:46:18.640+0000] {logging_mixin.py:190} INFO - [2024-09-27T15:46:18.640+0000] {dagbag.py:588} INFO - Filling up the DagBag from /home/airflow/.local/lib/python3.12/site-packages/airflow/example_dags/example_external_task_marker_dag.py
[2024-09-27T15:46:18.650+0000] {processor.py:925} INFO - DAG(s) 'example_external_task_marker_parent', 'example_external_task_marker_child' retrieved from /home/airflow/.local/lib/python3.12/site-packages/airflow/example_dags/example_external_task_marker_dag.py
[2024-09-27T15:46:18.704+0000] {logging_mixin.py:190} INFO - [2024-09-27T15:46:18.703+0000] {override.py:1900} INFO - Created Permission View: can delete on DAG:example_external_task_marker_parent
[2024-09-27T15:46:18.708+0000] {logging_mixin.py:190} INFO - [2024-09-27T15:46:18.708+0000] {override.py:1900} INFO - Created Permission View: can read on DAG:example_external_task_marker_parent
[2024-09-27T15:46:18.711+0000] {logging_mixin.py:190} INFO - [2024-09-27T15:46:18.711+0000] {override.py:1900} INFO - Created Permission View: can edit on DAG:example_external_task_marker_parent
[2024-09-27T15:46:18.714+0000] {logging_mixin.py:190} INFO - [2024-09-27T15:46:18.714+0000] {override.py:1900} INFO - Created Permission View: can create on DAG Run:example_external_task_marker_parent
[2024-09-27T15:46:18.717+0000] {logging_mixin.py:190} INFO - [2024-09-27T15:46:18.717+0000] {override.py:1900} INFO - Created Permission View: can delete on DAG Run:example_external_task_marker_parent
[2024-09-27T15:46:18.720+0000] {logging_mixin.py:190} INFO - [2024-09-27T15:46:18.720+0000] {override.py:1900} INFO - Created Permission View: menu access on DAG Run:example_external_task_marker_parent
[2024-09-27T15:46:18.722+0000] {logging_mixin.py:190} INFO - [2024-09-27T15:46:18.722+0000] {override.py:1900} INFO - Created Permission View: can read on DAG Run:example_external_task_marker_parent
[2024-09-27T15:46:18.729+0000] {logging_mixin.py:190} INFO - [2024-09-27T15:46:18.729+0000] {override.py:1900} INFO - Created Permission View: can delete on DAG:example_external_task_marker_child
[2024-09-27T15:46:18.732+0000] {logging_mixin.py:190} INFO - [2024-09-27T15:46:18.732+0000] {override.py:1900} INFO - Created Permission View: can read on DAG:example_external_task_marker_child
[2024-09-27T15:46:18.735+0000] {logging_mixin.py:190} INFO - [2024-09-27T15:46:18.735+0000] {override.py:1900} INFO - Created Permission View: can edit on DAG:example_external_task_marker_child
[2024-09-27T15:46:18.737+0000] {logging_mixin.py:190} INFO - [2024-09-27T15:46:18.737+0000] {override.py:1900} INFO - Created Permission View: can create on DAG Run:example_external_task_marker_child
[2024-09-27T15:46:18.740+0000] {logging_mixin.py:190} INFO - [2024-09-27T15:46:18.740+0000] {override.py:1900} INFO - Created Permission View: can delete on DAG Run:example_external_task_marker_child
[2024-09-27T15:46:18.742+0000] {logging_mixin.py:190} INFO - [2024-09-27T15:46:18.742+0000] {override.py:1900} INFO - Created Permission View: menu access on DAG Run:example_external_task_marker_child
[2024-09-27T15:46:18.744+0000] {logging_mixin.py:190} INFO - [2024-09-27T15:46:18.744+0000] {override.py:1900} INFO - Created Permission View: can read on DAG Run:example_external_task_marker_child
[2024-09-27T15:46:18.744+0000] {logging_mixin.py:190} INFO - [2024-09-27T15:46:18.744+0000] {dag.py:3239} INFO - Sync 2 DAGs
[2024-09-27T15:46:18.751+0000] {logging_mixin.py:190} INFO - [2024-09-27T15:46:18.751+0000] {dag.py:3262} INFO - Creating ORM DAG for example_external_task_marker_parent
[2024-09-27T15:46:18.751+0000] {logging_mixin.py:190} INFO - [2024-09-27T15:46:18.751+0000] {dag.py:3262} INFO - Creating ORM DAG for example_external_task_marker_child
[2024-09-27T15:46:18.752+0000] {logging_mixin.py:190} INFO - [2024-09-27T15:46:18.752+0000] {dag.py:4180} INFO - Setting next_dagrun for example_external_task_marker_child to None, run_after=None
[2024-09-27T15:46:18.752+0000] {logging_mixin.py:190} INFO - [2024-09-27T15:46:18.752+0000] {dag.py:4180} INFO - Setting next_dagrun for example_external_task_marker_parent to None, run_after=None
[2024-09-27T15:46:18.760+0000] {processor.py:208} INFO - Processing /home/airflow/.local/lib/python3.12/site-packages/airflow/example_dags/example_external_task_marker_dag.py took 0.127 seconds
[2024-09-27T15:46:49.486+0000] {processor.py:186} INFO - Started process (PID=119) to work on /home/airflow/.local/lib/python3.12/site-packages/airflow/example_dags/example_external_task_marker_dag.py
[2024-09-27T15:46:49.487+0000] {processor.py:914} INFO - Processing file /home/airflow/.local/lib/python3.12/site-packages/airflow/example_dags/example_external_task_marker_dag.py for tasks to queue
[2024-09-27T15:46:49.488+0000] {logging_mixin.py:190} INFO - [2024-09-27T15:46:49.488+0000] {dagbag.py:588} INFO - Filling up the DagBag from /home/airflow/.local/lib/python3.12/site-packages/airflow/example_dags/example_external_task_marker_dag.py
[2024-09-27T15:46:49.493+0000] {processor.py:925} INFO - DAG(s) 'example_external_task_marker_child', 'example_external_task_marker_parent' retrieved from /home/airflow/.local/lib/python3.12/site-packages/airflow/example_dags/example_external_task_marker_dag.py
[2024-09-27T15:46:49.505+0000] {logging_mixin.py:190} INFO - [2024-09-27T15:46:49.505+0000] {dag.py:3239} INFO - Sync 2 DAGs
[2024-09-27T15:46:49.512+0000] {logging_mixin.py:190} INFO - [2024-09-27T15:46:49.512+0000] {dag.py:4180} INFO - Setting next_dagrun for example_external_task_marker_child to None, run_after=None
[2024-09-27T15:46:49.514+0000] {logging_mixin.py:190} INFO - [2024-09-27T15:46:49.514+0000] {dag.py:4180} INFO - Setting next_dagrun for example_external_task_marker_parent to None, run_after=None
[2024-09-27T15:46:49.522+0000] {processor.py:208} INFO - Processing /home/airflow/.local/lib/python3.12/site-packages/airflow/example_dags/example_external_task_marker_dag.py took 0.039 seconds
[2024-09-27T15:47:20.363+0000] {processor.py:186} INFO - Started process (PID=182) to work on /home/airflow/.local/lib/python3.12/site-packages/airflow/example_dags/example_external_task_marker_dag.py
[2024-09-27T15:47:20.364+0000] {processor.py:914} INFO - Processing file /home/airflow/.local/lib/python3.12/site-packages/airflow/example_dags/example_external_task_marker_dag.py for tasks to queue
[2024-09-27T15:47:20.367+0000] {logging_mixin.py:190} INFO - [2024-09-27T15:47:20.366+0000] {dagbag.py:588} INFO - Filling up the DagBag from /home/airflow/.local/lib/python3.12/site-packages/airflow/example_dags/example_external_task_marker_dag.py
[2024-09-27T15:47:20.372+0000] {processor.py:925} INFO - DAG(s) 'example_external_task_marker_child', 'example_external_task_marker_parent' retrieved from /home/airflow/.local/lib/python3.12/site-packages/airflow/example_dags/example_external_task_marker_dag.py
[2024-09-27T15:47:20.387+0000] {logging_mixin.py:190} INFO - [2024-09-27T15:47:20.387+0000] {dag.py:3239} INFO - Sync 2 DAGs
[2024-09-27T15:47:20.399+0000] {logging_mixin.py:190} INFO - [2024-09-27T15:47:20.399+0000] {dag.py:4180} INFO - Setting next_dagrun for example_external_task_marker_child to None, run_after=None
[2024-09-27T15:47:20.401+0000] {logging_mixin.py:190} INFO - [2024-09-27T15:47:20.401+0000] {dag.py:4180} INFO - Setting next_dagrun for example_external_task_marker_parent to None, run_after=None
[2024-09-27T15:47:20.411+0000] {processor.py:208} INFO - Processing /home/airflow/.local/lib/python3.12/site-packages/airflow/example_dags/example_external_task_marker_dag.py took 0.053 seconds
[2024-09-27T15:47:51.433+0000] {processor.py:186} INFO - Started process (PID=245) to work on /home/airflow/.local/lib/python3.12/site-packages/airflow/example_dags/example_external_task_marker_dag.py
[2024-09-27T15:47:51.434+0000] {processor.py:914} INFO - Processing file /home/airflow/.local/lib/python3.12/site-packages/airflow/example_dags/example_external_task_marker_dag.py for tasks to queue
[2024-09-27T15:47:51.435+0000] {logging_mixin.py:190} INFO - [2024-09-27T15:47:51.435+0000] {dagbag.py:588} INFO - Filling up the DagBag from /home/airflow/.local/lib/python3.12/site-packages/airflow/example_dags/example_external_task_marker_dag.py
[2024-09-27T15:47:51.440+0000] {processor.py:925} INFO - DAG(s) 'example_external_task_marker_child', 'example_external_task_marker_parent' retrieved from /home/airflow/.local/lib/python3.12/site-packages/airflow/example_dags/example_external_task_marker_dag.py
[2024-09-27T15:47:51.453+0000] {logging_mixin.py:190} INFO - [2024-09-27T15:47:51.453+0000] {dag.py:3239} INFO - Sync 2 DAGs
[2024-09-27T15:47:51.460+0000] {logging_mixin.py:190} INFO - [2024-09-27T15:47:51.460+0000] {dag.py:4180} INFO - Setting next_dagrun for example_external_task_marker_child to None, run_after=None
[2024-09-27T15:47:51.461+0000] {logging_mixin.py:190} INFO - [2024-09-27T15:47:51.461+0000] {dag.py:4180} INFO - Setting next_dagrun for example_external_task_marker_parent to None, run_after=None
[2024-09-27T15:47:51.469+0000] {processor.py:208} INFO - Processing /home/airflow/.local/lib/python3.12/site-packages/airflow/example_dags/example_external_task_marker_dag.py took 0.039 seconds
[2024-09-27T15:48:21.981+0000] {processor.py:186} INFO - Started process (PID=308) to work on /home/airflow/.local/lib/python3.12/site-packages/airflow/example_dags/example_external_task_marker_dag.py
[2024-09-27T15:48:21.982+0000] {processor.py:914} INFO - Processing file /home/airflow/.local/lib/python3.12/site-packages/airflow/example_dags/example_external_task_marker_dag.py for tasks to queue
[2024-09-27T15:48:21.984+0000] {logging_mixin.py:190} INFO - [2024-09-27T15:48:21.983+0000] {dagbag.py:588} INFO - Filling up the DagBag from /home/airflow/.local/lib/python3.12/site-packages/airflow/example_dags/example_external_task_marker_dag.py
[2024-09-27T15:48:21.988+0000] {processor.py:925} INFO - DAG(s) 'example_external_task_marker_child', 'example_external_task_marker_parent' retrieved from /home/airflow/.local/lib/python3.12/site-packages/airflow/example_dags/example_external_task_marker_dag.py
[2024-09-27T15:48:22.000+0000] {logging_mixin.py:190} INFO - [2024-09-27T15:48:22.000+0000] {dag.py:3239} INFO - Sync 2 DAGs
[2024-09-27T15:48:22.009+0000] {logging_mixin.py:190} INFO - [2024-09-27T15:48:22.009+0000] {dag.py:4180} INFO - Setting next_dagrun for example_external_task_marker_child to None, run_after=None
[2024-09-27T15:48:22.011+0000] {logging_mixin.py:190} INFO - [2024-09-27T15:48:22.011+0000] {dag.py:4180} INFO - Setting next_dagrun for example_external_task_marker_parent to None, run_after=None
[2024-09-27T15:48:22.020+0000] {processor.py:208} INFO - Processing /home/airflow/.local/lib/python3.12/site-packages/airflow/example_dags/example_external_task_marker_dag.py took 0.042 seconds
[2024-09-27T15:48:52.571+0000] {processor.py:186} INFO - Started process (PID=371) to work on /home/airflow/.local/lib/python3.12/site-packages/airflow/example_dags/example_external_task_marker_dag.py
[2024-09-27T15:48:52.571+0000] {processor.py:914} INFO - Processing file /home/airflow/.local/lib/python3.12/site-packages/airflow/example_dags/example_external_task_marker_dag.py for tasks to queue
[2024-09-27T15:48:52.573+0000] {logging_mixin.py:190} INFO - [2024-09-27T15:48:52.573+0000] {dagbag.py:588} INFO - Filling up the DagBag from /home/airflow/.local/lib/python3.12/site-packages/airflow/example_dags/example_external_task_marker_dag.py
[2024-09-27T15:48:52.577+0000] {processor.py:925} INFO - DAG(s) 'example_external_task_marker_child', 'example_external_task_marker_parent' retrieved from /home/airflow/.local/lib/python3.12/site-packages/airflow/example_dags/example_external_task_marker_dag.py
[2024-09-27T15:48:52.589+0000] {logging_mixin.py:190} INFO - [2024-09-27T15:48:52.589+0000] {dag.py:3239} INFO - Sync 2 DAGs
[2024-09-27T15:48:52.596+0000] {logging_mixin.py:190} INFO - [2024-09-27T15:48:52.596+0000] {dag.py:4180} INFO - Setting next_dagrun for example_external_task_marker_child to None, run_after=None
[2024-09-27T15:48:52.599+0000] {logging_mixin.py:190} INFO - [2024-09-27T15:48:52.598+0000] {dag.py:4180} INFO - Setting next_dagrun for example_external_task_marker_parent to None, run_after=None
[2024-09-27T15:48:52.608+0000] {processor.py:208} INFO - Processing /home/airflow/.local/lib/python3.12/site-packages/airflow/example_dags/example_external_task_marker_dag.py took 0.041 seconds
[2024-09-27T15:49:23.409+0000] {processor.py:186} INFO - Started process (PID=434) to work on /home/airflow/.local/lib/python3.12/site-packages/airflow/example_dags/example_external_task_marker_dag.py
[2024-09-27T15:49:23.410+0000] {processor.py:914} INFO - Processing file /home/airflow/.local/lib/python3.12/site-packages/airflow/example_dags/example_external_task_marker_dag.py for tasks to queue
[2024-09-27T15:49:23.412+0000] {logging_mixin.py:190} INFO - [2024-09-27T15:49:23.411+0000] {dagbag.py:588} INFO - Filling up the DagBag from /home/airflow/.local/lib/python3.12/site-packages/airflow/example_dags/example_external_task_marker_dag.py
[2024-09-27T15:49:23.417+0000] {processor.py:925} INFO - DAG(s) 'example_external_task_marker_child', 'example_external_task_marker_parent' retrieved from /home/airflow/.local/lib/python3.12/site-packages/airflow/example_dags/example_external_task_marker_dag.py
[2024-09-27T15:49:23.431+0000] {logging_mixin.py:190} INFO - [2024-09-27T15:49:23.430+0000] {dag.py:3239} INFO - Sync 2 DAGs
[2024-09-27T15:49:23.439+0000] {logging_mixin.py:190} INFO - [2024-09-27T15:49:23.439+0000] {dag.py:4180} INFO - Setting next_dagrun for example_external_task_marker_child to None, run_after=None
[2024-09-27T15:49:23.443+0000] {logging_mixin.py:190} INFO - [2024-09-27T15:49:23.443+0000] {dag.py:4180} INFO - Setting next_dagrun for example_external_task_marker_parent to None, run_after=None
[2024-09-27T15:49:23.451+0000] {processor.py:208} INFO - Processing /home/airflow/.local/lib/python3.12/site-packages/airflow/example_dags/example_external_task_marker_dag.py took 0.046 seconds
[2024-09-27T15:49:54.135+0000] {processor.py:186} INFO - Started process (PID=497) to work on /home/airflow/.local/lib/python3.12/site-packages/airflow/example_dags/example_external_task_marker_dag.py
[2024-09-27T15:49:54.138+0000] {processor.py:914} INFO - Processing file /home/airflow/.local/lib/python3.12/site-packages/airflow/example_dags/example_external_task_marker_dag.py for tasks to queue
[2024-09-27T15:49:54.139+0000] {logging_mixin.py:190} INFO - [2024-09-27T15:49:54.139+0000] {dagbag.py:588} INFO - Filling up the DagBag from /home/airflow/.local/lib/python3.12/site-packages/airflow/example_dags/example_external_task_marker_dag.py
[2024-09-27T15:49:54.144+0000] {processor.py:925} INFO - DAG(s) 'example_external_task_marker_child', 'example_external_task_marker_parent' retrieved from /home/airflow/.local/lib/python3.12/site-packages/airflow/example_dags/example_external_task_marker_dag.py
[2024-09-27T15:49:54.156+0000] {logging_mixin.py:190} INFO - [2024-09-27T15:49:54.156+0000] {dag.py:3239} INFO - Sync 2 DAGs
[2024-09-27T15:49:54.164+0000] {logging_mixin.py:190} INFO - [2024-09-27T15:49:54.164+0000] {dag.py:4180} INFO - Setting next_dagrun for example_external_task_marker_child to None, run_after=None
[2024-09-27T15:49:54.166+0000] {logging_mixin.py:190} INFO - [2024-09-27T15:49:54.165+0000] {dag.py:4180} INFO - Setting next_dagrun for example_external_task_marker_parent to None, run_after=None
[2024-09-27T15:49:54.173+0000] {processor.py:208} INFO - Processing /home/airflow/.local/lib/python3.12/site-packages/airflow/example_dags/example_external_task_marker_dag.py took 0.041 seconds
