[2024-09-27T15:46:19.631+0000] {processor.py:186} INFO - Started process (PID=70) to work on /home/airflow/.local/lib/python3.12/site-packages/airflow/example_dags/example_xcomargs.py
[2024-09-27T15:46:19.632+0000] {processor.py:914} INFO - Processing file /home/airflow/.local/lib/python3.12/site-packages/airflow/example_dags/example_xcomargs.py for tasks to queue
[2024-09-27T15:46:19.633+0000] {logging_mixin.py:190} INFO - [2024-09-27T15:46:19.633+0000] {dagbag.py:588} INFO - Filling up the DagBag from /home/airflow/.local/lib/python3.12/site-packages/airflow/example_dags/example_xcomargs.py
[2024-09-27T15:46:19.640+0000] {processor.py:925} INFO - DAG(s) 'example_xcom_args_with_operators', 'example_xcom_args' retrieved from /home/airflow/.local/lib/python3.12/site-packages/airflow/example_dags/example_xcomargs.py
[2024-09-27T15:46:19.688+0000] {logging_mixin.py:190} INFO - [2024-09-27T15:46:19.688+0000] {override.py:1900} INFO - Created Permission View: can delete on DAG:example_xcom_args_with_operators
[2024-09-27T15:46:19.693+0000] {logging_mixin.py:190} INFO - [2024-09-27T15:46:19.692+0000] {override.py:1900} INFO - Created Permission View: can read on DAG:example_xcom_args_with_operators
[2024-09-27T15:46:19.696+0000] {logging_mixin.py:190} INFO - [2024-09-27T15:46:19.695+0000] {override.py:1900} INFO - Created Permission View: can edit on DAG:example_xcom_args_with_operators
[2024-09-27T15:46:19.698+0000] {logging_mixin.py:190} INFO - [2024-09-27T15:46:19.698+0000] {override.py:1900} INFO - Created Permission View: can create on DAG Run:example_xcom_args_with_operators
[2024-09-27T15:46:19.701+0000] {logging_mixin.py:190} INFO - [2024-09-27T15:46:19.701+0000] {override.py:1900} INFO - Created Permission View: can delete on DAG Run:example_xcom_args_with_operators
[2024-09-27T15:46:19.704+0000] {logging_mixin.py:190} INFO - [2024-09-27T15:46:19.704+0000] {override.py:1900} INFO - Created Permission View: menu access on DAG Run:example_xcom_args_with_operators
[2024-09-27T15:46:19.706+0000] {logging_mixin.py:190} INFO - [2024-09-27T15:46:19.706+0000] {override.py:1900} INFO - Created Permission View: can read on DAG Run:example_xcom_args_with_operators
[2024-09-27T15:46:19.713+0000] {logging_mixin.py:190} INFO - [2024-09-27T15:46:19.713+0000] {override.py:1900} INFO - Created Permission View: can delete on DAG:example_xcom_args
[2024-09-27T15:46:19.717+0000] {logging_mixin.py:190} INFO - [2024-09-27T15:46:19.716+0000] {override.py:1900} INFO - Created Permission View: can read on DAG:example_xcom_args
[2024-09-27T15:46:19.721+0000] {logging_mixin.py:190} INFO - [2024-09-27T15:46:19.720+0000] {override.py:1900} INFO - Created Permission View: can edit on DAG:example_xcom_args
[2024-09-27T15:46:19.724+0000] {logging_mixin.py:190} INFO - [2024-09-27T15:46:19.724+0000] {override.py:1900} INFO - Created Permission View: can create on DAG Run:example_xcom_args
[2024-09-27T15:46:19.728+0000] {logging_mixin.py:190} INFO - [2024-09-27T15:46:19.728+0000] {override.py:1900} INFO - Created Permission View: can delete on DAG Run:example_xcom_args
[2024-09-27T15:46:19.730+0000] {logging_mixin.py:190} INFO - [2024-09-27T15:46:19.730+0000] {override.py:1900} INFO - Created Permission View: menu access on DAG Run:example_xcom_args
[2024-09-27T15:46:19.734+0000] {logging_mixin.py:190} INFO - [2024-09-27T15:46:19.733+0000] {override.py:1900} INFO - Created Permission View: can read on DAG Run:example_xcom_args
[2024-09-27T15:46:19.734+0000] {logging_mixin.py:190} INFO - [2024-09-27T15:46:19.734+0000] {dag.py:3239} INFO - Sync 2 DAGs
[2024-09-27T15:46:19.746+0000] {logging_mixin.py:190} INFO - [2024-09-27T15:46:19.746+0000] {dag.py:3262} INFO - Creating ORM DAG for example_xcom_args
[2024-09-27T15:46:19.747+0000] {logging_mixin.py:190} INFO - [2024-09-27T15:46:19.747+0000] {dag.py:3262} INFO - Creating ORM DAG for example_xcom_args_with_operators
[2024-09-27T15:46:19.748+0000] {logging_mixin.py:190} INFO - [2024-09-27T15:46:19.747+0000] {dag.py:4180} INFO - Setting next_dagrun for example_xcom_args to None, run_after=None
[2024-09-27T15:46:19.748+0000] {logging_mixin.py:190} INFO - [2024-09-27T15:46:19.748+0000] {dag.py:4180} INFO - Setting next_dagrun for example_xcom_args_with_operators to None, run_after=None
[2024-09-27T15:46:19.760+0000] {processor.py:208} INFO - Processing /home/airflow/.local/lib/python3.12/site-packages/airflow/example_dags/example_xcomargs.py took 0.132 seconds
[2024-09-27T15:46:50.027+0000] {processor.py:186} INFO - Started process (PID=133) to work on /home/airflow/.local/lib/python3.12/site-packages/airflow/example_dags/example_xcomargs.py
[2024-09-27T15:46:50.028+0000] {processor.py:914} INFO - Processing file /home/airflow/.local/lib/python3.12/site-packages/airflow/example_dags/example_xcomargs.py for tasks to queue
[2024-09-27T15:46:50.029+0000] {logging_mixin.py:190} INFO - [2024-09-27T15:46:50.029+0000] {dagbag.py:588} INFO - Filling up the DagBag from /home/airflow/.local/lib/python3.12/site-packages/airflow/example_dags/example_xcomargs.py
[2024-09-27T15:46:50.035+0000] {processor.py:925} INFO - DAG(s) 'example_xcom_args', 'example_xcom_args_with_operators' retrieved from /home/airflow/.local/lib/python3.12/site-packages/airflow/example_dags/example_xcomargs.py
[2024-09-27T15:46:50.048+0000] {logging_mixin.py:190} INFO - [2024-09-27T15:46:50.048+0000] {dag.py:3239} INFO - Sync 2 DAGs
[2024-09-27T15:46:50.058+0000] {logging_mixin.py:190} INFO - [2024-09-27T15:46:50.058+0000] {dag.py:4180} INFO - Setting next_dagrun for example_xcom_args to None, run_after=None
[2024-09-27T15:46:50.060+0000] {logging_mixin.py:190} INFO - [2024-09-27T15:46:50.060+0000] {dag.py:4180} INFO - Setting next_dagrun for example_xcom_args_with_operators to None, run_after=None
[2024-09-27T15:46:50.066+0000] {processor.py:208} INFO - Processing /home/airflow/.local/lib/python3.12/site-packages/airflow/example_dags/example_xcomargs.py took 0.042 seconds
[2024-09-27T15:47:20.958+0000] {processor.py:186} INFO - Started process (PID=196) to work on /home/airflow/.local/lib/python3.12/site-packages/airflow/example_dags/example_xcomargs.py
[2024-09-27T15:47:20.958+0000] {processor.py:914} INFO - Processing file /home/airflow/.local/lib/python3.12/site-packages/airflow/example_dags/example_xcomargs.py for tasks to queue
[2024-09-27T15:47:20.960+0000] {logging_mixin.py:190} INFO - [2024-09-27T15:47:20.959+0000] {dagbag.py:588} INFO - Filling up the DagBag from /home/airflow/.local/lib/python3.12/site-packages/airflow/example_dags/example_xcomargs.py
[2024-09-27T15:47:20.965+0000] {processor.py:925} INFO - DAG(s) 'example_xcom_args', 'example_xcom_args_with_operators' retrieved from /home/airflow/.local/lib/python3.12/site-packages/airflow/example_dags/example_xcomargs.py
[2024-09-27T15:47:20.976+0000] {logging_mixin.py:190} INFO - [2024-09-27T15:47:20.976+0000] {dag.py:3239} INFO - Sync 2 DAGs
[2024-09-27T15:47:20.983+0000] {logging_mixin.py:190} INFO - [2024-09-27T15:47:20.983+0000] {dag.py:4180} INFO - Setting next_dagrun for example_xcom_args to None, run_after=None
[2024-09-27T15:47:20.985+0000] {logging_mixin.py:190} INFO - [2024-09-27T15:47:20.985+0000] {dag.py:4180} INFO - Setting next_dagrun for example_xcom_args_with_operators to None, run_after=None
[2024-09-27T15:47:20.993+0000] {processor.py:208} INFO - Processing /home/airflow/.local/lib/python3.12/site-packages/airflow/example_dags/example_xcomargs.py took 0.038 seconds
[2024-09-27T15:47:52.012+0000] {processor.py:186} INFO - Started process (PID=259) to work on /home/airflow/.local/lib/python3.12/site-packages/airflow/example_dags/example_xcomargs.py
[2024-09-27T15:47:52.012+0000] {processor.py:914} INFO - Processing file /home/airflow/.local/lib/python3.12/site-packages/airflow/example_dags/example_xcomargs.py for tasks to queue
[2024-09-27T15:47:52.014+0000] {logging_mixin.py:190} INFO - [2024-09-27T15:47:52.014+0000] {dagbag.py:588} INFO - Filling up the DagBag from /home/airflow/.local/lib/python3.12/site-packages/airflow/example_dags/example_xcomargs.py
[2024-09-27T15:47:52.019+0000] {processor.py:925} INFO - DAG(s) 'example_xcom_args', 'example_xcom_args_with_operators' retrieved from /home/airflow/.local/lib/python3.12/site-packages/airflow/example_dags/example_xcomargs.py
[2024-09-27T15:47:52.033+0000] {logging_mixin.py:190} INFO - [2024-09-27T15:47:52.032+0000] {dag.py:3239} INFO - Sync 2 DAGs
[2024-09-27T15:47:52.041+0000] {logging_mixin.py:190} INFO - [2024-09-27T15:47:52.040+0000] {dag.py:4180} INFO - Setting next_dagrun for example_xcom_args to None, run_after=None
[2024-09-27T15:47:52.043+0000] {logging_mixin.py:190} INFO - [2024-09-27T15:47:52.043+0000] {dag.py:4180} INFO - Setting next_dagrun for example_xcom_args_with_operators to None, run_after=None
[2024-09-27T15:47:52.050+0000] {processor.py:208} INFO - Processing /home/airflow/.local/lib/python3.12/site-packages/airflow/example_dags/example_xcomargs.py took 0.042 seconds
[2024-09-27T15:48:22.635+0000] {processor.py:186} INFO - Started process (PID=322) to work on /home/airflow/.local/lib/python3.12/site-packages/airflow/example_dags/example_xcomargs.py
[2024-09-27T15:48:22.636+0000] {processor.py:914} INFO - Processing file /home/airflow/.local/lib/python3.12/site-packages/airflow/example_dags/example_xcomargs.py for tasks to queue
[2024-09-27T15:48:22.638+0000] {logging_mixin.py:190} INFO - [2024-09-27T15:48:22.637+0000] {dagbag.py:588} INFO - Filling up the DagBag from /home/airflow/.local/lib/python3.12/site-packages/airflow/example_dags/example_xcomargs.py
[2024-09-27T15:48:22.644+0000] {processor.py:925} INFO - DAG(s) 'example_xcom_args_with_operators', 'example_xcom_args' retrieved from /home/airflow/.local/lib/python3.12/site-packages/airflow/example_dags/example_xcomargs.py
[2024-09-27T15:48:22.659+0000] {logging_mixin.py:190} INFO - [2024-09-27T15:48:22.659+0000] {dag.py:3239} INFO - Sync 2 DAGs
[2024-09-27T15:48:22.669+0000] {logging_mixin.py:190} INFO - [2024-09-27T15:48:22.669+0000] {dag.py:4180} INFO - Setting next_dagrun for example_xcom_args to None, run_after=None
[2024-09-27T15:48:22.672+0000] {logging_mixin.py:190} INFO - [2024-09-27T15:48:22.672+0000] {dag.py:4180} INFO - Setting next_dagrun for example_xcom_args_with_operators to None, run_after=None
[2024-09-27T15:48:22.680+0000] {processor.py:208} INFO - Processing /home/airflow/.local/lib/python3.12/site-packages/airflow/example_dags/example_xcomargs.py took 0.048 seconds
[2024-09-27T15:48:53.054+0000] {processor.py:186} INFO - Started process (PID=385) to work on /home/airflow/.local/lib/python3.12/site-packages/airflow/example_dags/example_xcomargs.py
[2024-09-27T15:48:53.055+0000] {processor.py:914} INFO - Processing file /home/airflow/.local/lib/python3.12/site-packages/airflow/example_dags/example_xcomargs.py for tasks to queue
[2024-09-27T15:48:53.056+0000] {logging_mixin.py:190} INFO - [2024-09-27T15:48:53.056+0000] {dagbag.py:588} INFO - Filling up the DagBag from /home/airflow/.local/lib/python3.12/site-packages/airflow/example_dags/example_xcomargs.py
[2024-09-27T15:48:53.062+0000] {processor.py:925} INFO - DAG(s) 'example_xcom_args_with_operators', 'example_xcom_args' retrieved from /home/airflow/.local/lib/python3.12/site-packages/airflow/example_dags/example_xcomargs.py
[2024-09-27T15:48:53.074+0000] {logging_mixin.py:190} INFO - [2024-09-27T15:48:53.074+0000] {dag.py:3239} INFO - Sync 2 DAGs
[2024-09-27T15:48:53.083+0000] {logging_mixin.py:190} INFO - [2024-09-27T15:48:53.083+0000] {dag.py:4180} INFO - Setting next_dagrun for example_xcom_args to None, run_after=None
[2024-09-27T15:48:53.085+0000] {logging_mixin.py:190} INFO - [2024-09-27T15:48:53.085+0000] {dag.py:4180} INFO - Setting next_dagrun for example_xcom_args_with_operators to None, run_after=None
[2024-09-27T15:48:53.094+0000] {processor.py:208} INFO - Processing /home/airflow/.local/lib/python3.12/site-packages/airflow/example_dags/example_xcomargs.py took 0.044 seconds
[2024-09-27T15:49:23.944+0000] {processor.py:186} INFO - Started process (PID=448) to work on /home/airflow/.local/lib/python3.12/site-packages/airflow/example_dags/example_xcomargs.py
[2024-09-27T15:49:23.945+0000] {processor.py:914} INFO - Processing file /home/airflow/.local/lib/python3.12/site-packages/airflow/example_dags/example_xcomargs.py for tasks to queue
[2024-09-27T15:49:23.947+0000] {logging_mixin.py:190} INFO - [2024-09-27T15:49:23.947+0000] {dagbag.py:588} INFO - Filling up the DagBag from /home/airflow/.local/lib/python3.12/site-packages/airflow/example_dags/example_xcomargs.py
[2024-09-27T15:49:23.953+0000] {processor.py:925} INFO - DAG(s) 'example_xcom_args', 'example_xcom_args_with_operators' retrieved from /home/airflow/.local/lib/python3.12/site-packages/airflow/example_dags/example_xcomargs.py
[2024-09-27T15:49:23.966+0000] {logging_mixin.py:190} INFO - [2024-09-27T15:49:23.966+0000] {dag.py:3239} INFO - Sync 2 DAGs
[2024-09-27T15:49:23.975+0000] {logging_mixin.py:190} INFO - [2024-09-27T15:49:23.975+0000] {dag.py:4180} INFO - Setting next_dagrun for example_xcom_args to None, run_after=None
[2024-09-27T15:49:23.977+0000] {logging_mixin.py:190} INFO - [2024-09-27T15:49:23.977+0000] {dag.py:4180} INFO - Setting next_dagrun for example_xcom_args_with_operators to None, run_after=None
[2024-09-27T15:49:23.986+0000] {processor.py:208} INFO - Processing /home/airflow/.local/lib/python3.12/site-packages/airflow/example_dags/example_xcomargs.py took 0.046 seconds
[2024-09-27T15:49:54.617+0000] {processor.py:186} INFO - Started process (PID=511) to work on /home/airflow/.local/lib/python3.12/site-packages/airflow/example_dags/example_xcomargs.py
[2024-09-27T15:49:54.618+0000] {processor.py:914} INFO - Processing file /home/airflow/.local/lib/python3.12/site-packages/airflow/example_dags/example_xcomargs.py for tasks to queue
[2024-09-27T15:49:54.619+0000] {logging_mixin.py:190} INFO - [2024-09-27T15:49:54.619+0000] {dagbag.py:588} INFO - Filling up the DagBag from /home/airflow/.local/lib/python3.12/site-packages/airflow/example_dags/example_xcomargs.py
[2024-09-27T15:49:54.625+0000] {processor.py:925} INFO - DAG(s) 'example_xcom_args', 'example_xcom_args_with_operators' retrieved from /home/airflow/.local/lib/python3.12/site-packages/airflow/example_dags/example_xcomargs.py
[2024-09-27T15:49:54.640+0000] {logging_mixin.py:190} INFO - [2024-09-27T15:49:54.640+0000] {dag.py:3239} INFO - Sync 2 DAGs
[2024-09-27T15:49:54.648+0000] {logging_mixin.py:190} INFO - [2024-09-27T15:49:54.648+0000] {dag.py:4180} INFO - Setting next_dagrun for example_xcom_args to None, run_after=None
[2024-09-27T15:49:54.650+0000] {logging_mixin.py:190} INFO - [2024-09-27T15:49:54.650+0000] {dag.py:4180} INFO - Setting next_dagrun for example_xcom_args_with_operators to None, run_after=None
[2024-09-27T15:49:54.659+0000] {processor.py:208} INFO - Processing /home/airflow/.local/lib/python3.12/site-packages/airflow/example_dags/example_xcomargs.py took 0.046 seconds
