[2024-09-27T15:46:16.899+0000] {processor.py:186} INFO - Started process (PID=38) to work on /home/airflow/.local/lib/python3.12/site-packages/airflow/example_dags/example_local_kubernetes_executor.py
[2024-09-27T15:46:16.906+0000] {processor.py:914} INFO - Processing file /home/airflow/.local/lib/python3.12/site-packages/airflow/example_dags/example_local_kubernetes_executor.py for tasks to queue
[2024-09-27T15:46:16.913+0000] {logging_mixin.py:190} INFO - [2024-09-27T15:46:16.912+0000] {dagbag.py:588} INFO - Filling up the DagBag from /home/airflow/.local/lib/python3.12/site-packages/airflow/example_dags/example_local_kubernetes_executor.py
[2024-09-27T15:46:16.948+0000] {processor.py:925} INFO - DAG(s) 'example_local_kubernetes_executor' retrieved from /home/airflow/.local/lib/python3.12/site-packages/airflow/example_dags/example_local_kubernetes_executor.py
[2024-09-27T15:46:17.218+0000] {logging_mixin.py:190} INFO - [2024-09-27T15:46:17.215+0000] {override.py:1900} INFO - Created Permission View: can delete on DAG:example_local_kubernetes_executor
[2024-09-27T15:46:17.231+0000] {logging_mixin.py:190} INFO - [2024-09-27T15:46:17.231+0000] {override.py:1900} INFO - Created Permission View: can read on DAG:example_local_kubernetes_executor
[2024-09-27T15:46:17.233+0000] {logging_mixin.py:190} INFO - [2024-09-27T15:46:17.233+0000] {override.py:1900} INFO - Created Permission View: can edit on DAG:example_local_kubernetes_executor
[2024-09-27T15:46:17.238+0000] {logging_mixin.py:190} INFO - [2024-09-27T15:46:17.238+0000] {override.py:1900} INFO - Created Permission View: can create on DAG Run:example_local_kubernetes_executor
[2024-09-27T15:46:17.244+0000] {logging_mixin.py:190} INFO - [2024-09-27T15:46:17.244+0000] {override.py:1900} INFO - Created Permission View: can delete on DAG Run:example_local_kubernetes_executor
[2024-09-27T15:46:17.247+0000] {logging_mixin.py:190} INFO - [2024-09-27T15:46:17.247+0000] {override.py:1900} INFO - Created Permission View: menu access on DAG Run:example_local_kubernetes_executor
[2024-09-27T15:46:17.250+0000] {logging_mixin.py:190} INFO - [2024-09-27T15:46:17.249+0000] {override.py:1900} INFO - Created Permission View: can read on DAG Run:example_local_kubernetes_executor
[2024-09-27T15:46:17.250+0000] {logging_mixin.py:190} INFO - [2024-09-27T15:46:17.250+0000] {dag.py:3239} INFO - Sync 1 DAGs
[2024-09-27T15:46:17.279+0000] {logging_mixin.py:190} INFO - [2024-09-27T15:46:17.279+0000] {dag.py:3262} INFO - Creating ORM DAG for example_local_kubernetes_executor
[2024-09-27T15:46:17.283+0000] {logging_mixin.py:190} INFO - [2024-09-27T15:46:17.283+0000] {dag.py:4180} INFO - Setting next_dagrun for example_local_kubernetes_executor to None, run_after=None
[2024-09-27T15:46:17.299+0000] {processor.py:208} INFO - Processing /home/airflow/.local/lib/python3.12/site-packages/airflow/example_dags/example_local_kubernetes_executor.py took 0.415 seconds
[2024-09-27T15:46:47.737+0000] {processor.py:186} INFO - Started process (PID=101) to work on /home/airflow/.local/lib/python3.12/site-packages/airflow/example_dags/example_local_kubernetes_executor.py
[2024-09-27T15:46:47.738+0000] {processor.py:914} INFO - Processing file /home/airflow/.local/lib/python3.12/site-packages/airflow/example_dags/example_local_kubernetes_executor.py for tasks to queue
[2024-09-27T15:46:47.740+0000] {logging_mixin.py:190} INFO - [2024-09-27T15:46:47.740+0000] {dagbag.py:588} INFO - Filling up the DagBag from /home/airflow/.local/lib/python3.12/site-packages/airflow/example_dags/example_local_kubernetes_executor.py
[2024-09-27T15:46:47.750+0000] {processor.py:925} INFO - DAG(s) 'example_local_kubernetes_executor' retrieved from /home/airflow/.local/lib/python3.12/site-packages/airflow/example_dags/example_local_kubernetes_executor.py
[2024-09-27T15:46:47.772+0000] {logging_mixin.py:190} INFO - [2024-09-27T15:46:47.772+0000] {dag.py:3239} INFO - Sync 1 DAGs
[2024-09-27T15:46:47.780+0000] {logging_mixin.py:190} INFO - [2024-09-27T15:46:47.780+0000] {dag.py:4180} INFO - Setting next_dagrun for example_local_kubernetes_executor to None, run_after=None
[2024-09-27T15:46:47.788+0000] {processor.py:208} INFO - Processing /home/airflow/.local/lib/python3.12/site-packages/airflow/example_dags/example_local_kubernetes_executor.py took 0.054 seconds
[2024-09-27T15:47:18.677+0000] {processor.py:186} INFO - Started process (PID=164) to work on /home/airflow/.local/lib/python3.12/site-packages/airflow/example_dags/example_local_kubernetes_executor.py
[2024-09-27T15:47:18.677+0000] {processor.py:914} INFO - Processing file /home/airflow/.local/lib/python3.12/site-packages/airflow/example_dags/example_local_kubernetes_executor.py for tasks to queue
[2024-09-27T15:47:18.679+0000] {logging_mixin.py:190} INFO - [2024-09-27T15:47:18.679+0000] {dagbag.py:588} INFO - Filling up the DagBag from /home/airflow/.local/lib/python3.12/site-packages/airflow/example_dags/example_local_kubernetes_executor.py
[2024-09-27T15:47:18.685+0000] {processor.py:925} INFO - DAG(s) 'example_local_kubernetes_executor' retrieved from /home/airflow/.local/lib/python3.12/site-packages/airflow/example_dags/example_local_kubernetes_executor.py
[2024-09-27T15:47:18.704+0000] {logging_mixin.py:190} INFO - [2024-09-27T15:47:18.704+0000] {dag.py:3239} INFO - Sync 1 DAGs
[2024-09-27T15:47:18.710+0000] {logging_mixin.py:190} INFO - [2024-09-27T15:47:18.710+0000] {dag.py:4180} INFO - Setting next_dagrun for example_local_kubernetes_executor to None, run_after=None
[2024-09-27T15:47:18.720+0000] {processor.py:208} INFO - Processing /home/airflow/.local/lib/python3.12/site-packages/airflow/example_dags/example_local_kubernetes_executor.py took 0.046 seconds
[2024-09-27T15:47:49.531+0000] {processor.py:186} INFO - Started process (PID=227) to work on /home/airflow/.local/lib/python3.12/site-packages/airflow/example_dags/example_local_kubernetes_executor.py
[2024-09-27T15:47:49.532+0000] {processor.py:914} INFO - Processing file /home/airflow/.local/lib/python3.12/site-packages/airflow/example_dags/example_local_kubernetes_executor.py for tasks to queue
[2024-09-27T15:47:49.534+0000] {logging_mixin.py:190} INFO - [2024-09-27T15:47:49.534+0000] {dagbag.py:588} INFO - Filling up the DagBag from /home/airflow/.local/lib/python3.12/site-packages/airflow/example_dags/example_local_kubernetes_executor.py
[2024-09-27T15:47:49.542+0000] {processor.py:925} INFO - DAG(s) 'example_local_kubernetes_executor' retrieved from /home/airflow/.local/lib/python3.12/site-packages/airflow/example_dags/example_local_kubernetes_executor.py
[2024-09-27T15:47:49.562+0000] {logging_mixin.py:190} INFO - [2024-09-27T15:47:49.562+0000] {dag.py:3239} INFO - Sync 1 DAGs
[2024-09-27T15:47:49.569+0000] {logging_mixin.py:190} INFO - [2024-09-27T15:47:49.568+0000] {dag.py:4180} INFO - Setting next_dagrun for example_local_kubernetes_executor to None, run_after=None
[2024-09-27T15:47:49.576+0000] {processor.py:208} INFO - Processing /home/airflow/.local/lib/python3.12/site-packages/airflow/example_dags/example_local_kubernetes_executor.py took 0.048 seconds
[2024-09-27T15:48:19.678+0000] {processor.py:186} INFO - Started process (PID=290) to work on /home/airflow/.local/lib/python3.12/site-packages/airflow/example_dags/example_local_kubernetes_executor.py
[2024-09-27T15:48:19.680+0000] {processor.py:914} INFO - Processing file /home/airflow/.local/lib/python3.12/site-packages/airflow/example_dags/example_local_kubernetes_executor.py for tasks to queue
[2024-09-27T15:48:19.682+0000] {logging_mixin.py:190} INFO - [2024-09-27T15:48:19.682+0000] {dagbag.py:588} INFO - Filling up the DagBag from /home/airflow/.local/lib/python3.12/site-packages/airflow/example_dags/example_local_kubernetes_executor.py
[2024-09-27T15:48:19.689+0000] {processor.py:925} INFO - DAG(s) 'example_local_kubernetes_executor' retrieved from /home/airflow/.local/lib/python3.12/site-packages/airflow/example_dags/example_local_kubernetes_executor.py
[2024-09-27T15:48:19.720+0000] {logging_mixin.py:190} INFO - [2024-09-27T15:48:19.719+0000] {dag.py:3239} INFO - Sync 1 DAGs
[2024-09-27T15:48:19.730+0000] {logging_mixin.py:190} INFO - [2024-09-27T15:48:19.730+0000] {dag.py:4180} INFO - Setting next_dagrun for example_local_kubernetes_executor to None, run_after=None
[2024-09-27T15:48:19.742+0000] {processor.py:208} INFO - Processing /home/airflow/.local/lib/python3.12/site-packages/airflow/example_dags/example_local_kubernetes_executor.py took 0.067 seconds
[2024-09-27T15:48:49.896+0000] {processor.py:186} INFO - Started process (PID=353) to work on /home/airflow/.local/lib/python3.12/site-packages/airflow/example_dags/example_local_kubernetes_executor.py
[2024-09-27T15:48:49.897+0000] {processor.py:914} INFO - Processing file /home/airflow/.local/lib/python3.12/site-packages/airflow/example_dags/example_local_kubernetes_executor.py for tasks to queue
[2024-09-27T15:48:49.898+0000] {logging_mixin.py:190} INFO - [2024-09-27T15:48:49.898+0000] {dagbag.py:588} INFO - Filling up the DagBag from /home/airflow/.local/lib/python3.12/site-packages/airflow/example_dags/example_local_kubernetes_executor.py
[2024-09-27T15:48:49.904+0000] {processor.py:925} INFO - DAG(s) 'example_local_kubernetes_executor' retrieved from /home/airflow/.local/lib/python3.12/site-packages/airflow/example_dags/example_local_kubernetes_executor.py
[2024-09-27T15:48:49.925+0000] {logging_mixin.py:190} INFO - [2024-09-27T15:48:49.925+0000] {dag.py:3239} INFO - Sync 1 DAGs
[2024-09-27T15:48:49.933+0000] {logging_mixin.py:190} INFO - [2024-09-27T15:48:49.933+0000] {dag.py:4180} INFO - Setting next_dagrun for example_local_kubernetes_executor to None, run_after=None
[2024-09-27T15:48:49.942+0000] {processor.py:208} INFO - Processing /home/airflow/.local/lib/python3.12/site-packages/airflow/example_dags/example_local_kubernetes_executor.py took 0.049 seconds
[2024-09-27T15:49:20.546+0000] {processor.py:186} INFO - Started process (PID=416) to work on /home/airflow/.local/lib/python3.12/site-packages/airflow/example_dags/example_local_kubernetes_executor.py
[2024-09-27T15:49:20.550+0000] {processor.py:914} INFO - Processing file /home/airflow/.local/lib/python3.12/site-packages/airflow/example_dags/example_local_kubernetes_executor.py for tasks to queue
[2024-09-27T15:49:20.552+0000] {logging_mixin.py:190} INFO - [2024-09-27T15:49:20.552+0000] {dagbag.py:588} INFO - Filling up the DagBag from /home/airflow/.local/lib/python3.12/site-packages/airflow/example_dags/example_local_kubernetes_executor.py
[2024-09-27T15:49:20.566+0000] {processor.py:925} INFO - DAG(s) 'example_local_kubernetes_executor' retrieved from /home/airflow/.local/lib/python3.12/site-packages/airflow/example_dags/example_local_kubernetes_executor.py
[2024-09-27T15:49:20.609+0000] {logging_mixin.py:190} INFO - [2024-09-27T15:49:20.609+0000] {dag.py:3239} INFO - Sync 1 DAGs
[2024-09-27T15:49:20.627+0000] {logging_mixin.py:190} INFO - [2024-09-27T15:49:20.626+0000] {dag.py:4180} INFO - Setting next_dagrun for example_local_kubernetes_executor to None, run_after=None
[2024-09-27T15:49:20.641+0000] {processor.py:208} INFO - Processing /home/airflow/.local/lib/python3.12/site-packages/airflow/example_dags/example_local_kubernetes_executor.py took 0.102 seconds
[2024-09-27T15:49:51.311+0000] {processor.py:186} INFO - Started process (PID=479) to work on /home/airflow/.local/lib/python3.12/site-packages/airflow/example_dags/example_local_kubernetes_executor.py
[2024-09-27T15:49:51.312+0000] {processor.py:914} INFO - Processing file /home/airflow/.local/lib/python3.12/site-packages/airflow/example_dags/example_local_kubernetes_executor.py for tasks to queue
[2024-09-27T15:49:51.313+0000] {logging_mixin.py:190} INFO - [2024-09-27T15:49:51.313+0000] {dagbag.py:588} INFO - Filling up the DagBag from /home/airflow/.local/lib/python3.12/site-packages/airflow/example_dags/example_local_kubernetes_executor.py
[2024-09-27T15:49:51.320+0000] {processor.py:925} INFO - DAG(s) 'example_local_kubernetes_executor' retrieved from /home/airflow/.local/lib/python3.12/site-packages/airflow/example_dags/example_local_kubernetes_executor.py
[2024-09-27T15:49:51.345+0000] {logging_mixin.py:190} INFO - [2024-09-27T15:49:51.345+0000] {dag.py:3239} INFO - Sync 1 DAGs
[2024-09-27T15:49:51.355+0000] {logging_mixin.py:190} INFO - [2024-09-27T15:49:51.355+0000] {dag.py:4180} INFO - Setting next_dagrun for example_local_kubernetes_executor to None, run_after=None
[2024-09-27T15:49:51.369+0000] {processor.py:208} INFO - Processing /home/airflow/.local/lib/python3.12/site-packages/airflow/example_dags/example_local_kubernetes_executor.py took 0.061 seconds
