[2024-09-27T15:46:18.378+0000] {processor.py:186} INFO - Started process (PID=52) to work on /home/airflow/.local/lib/python3.12/site-packages/airflow/example_dags/example_task_group.py
[2024-09-27T15:46:18.378+0000] {processor.py:914} INFO - Processing file /home/airflow/.local/lib/python3.12/site-packages/airflow/example_dags/example_task_group.py for tasks to queue
[2024-09-27T15:46:18.380+0000] {logging_mixin.py:190} INFO - [2024-09-27T15:46:18.380+0000] {dagbag.py:588} INFO - Filling up the DagBag from /home/airflow/.local/lib/python3.12/site-packages/airflow/example_dags/example_task_group.py
[2024-09-27T15:46:18.385+0000] {processor.py:925} INFO - DAG(s) 'example_task_group' retrieved from /home/airflow/.local/lib/python3.12/site-packages/airflow/example_dags/example_task_group.py
[2024-09-27T15:46:18.434+0000] {logging_mixin.py:190} INFO - [2024-09-27T15:46:18.434+0000] {override.py:1900} INFO - Created Permission View: can delete on DAG:example_task_group
[2024-09-27T15:46:18.439+0000] {logging_mixin.py:190} INFO - [2024-09-27T15:46:18.439+0000] {override.py:1900} INFO - Created Permission View: can read on DAG:example_task_group
[2024-09-27T15:46:18.442+0000] {logging_mixin.py:190} INFO - [2024-09-27T15:46:18.442+0000] {override.py:1900} INFO - Created Permission View: can edit on DAG:example_task_group
[2024-09-27T15:46:18.445+0000] {logging_mixin.py:190} INFO - [2024-09-27T15:46:18.445+0000] {override.py:1900} INFO - Created Permission View: can create on DAG Run:example_task_group
[2024-09-27T15:46:18.447+0000] {logging_mixin.py:190} INFO - [2024-09-27T15:46:18.447+0000] {override.py:1900} INFO - Created Permission View: can delete on DAG Run:example_task_group
[2024-09-27T15:46:18.450+0000] {logging_mixin.py:190} INFO - [2024-09-27T15:46:18.449+0000] {override.py:1900} INFO - Created Permission View: menu access on DAG Run:example_task_group
[2024-09-27T15:46:18.454+0000] {logging_mixin.py:190} INFO - [2024-09-27T15:46:18.453+0000] {override.py:1900} INFO - Created Permission View: can read on DAG Run:example_task_group
[2024-09-27T15:46:18.454+0000] {logging_mixin.py:190} INFO - [2024-09-27T15:46:18.454+0000] {dag.py:3239} INFO - Sync 1 DAGs
[2024-09-27T15:46:18.460+0000] {logging_mixin.py:190} INFO - [2024-09-27T15:46:18.459+0000] {dag.py:3262} INFO - Creating ORM DAG for example_task_group
[2024-09-27T15:46:18.460+0000] {logging_mixin.py:190} INFO - [2024-09-27T15:46:18.460+0000] {dag.py:4180} INFO - Setting next_dagrun for example_task_group to None, run_after=None
[2024-09-27T15:46:18.468+0000] {processor.py:208} INFO - Processing /home/airflow/.local/lib/python3.12/site-packages/airflow/example_dags/example_task_group.py took 0.093 seconds
[2024-09-27T15:46:49.357+0000] {processor.py:186} INFO - Started process (PID=115) to work on /home/airflow/.local/lib/python3.12/site-packages/airflow/example_dags/example_task_group.py
[2024-09-27T15:46:49.358+0000] {processor.py:914} INFO - Processing file /home/airflow/.local/lib/python3.12/site-packages/airflow/example_dags/example_task_group.py for tasks to queue
[2024-09-27T15:46:49.360+0000] {logging_mixin.py:190} INFO - [2024-09-27T15:46:49.359+0000] {dagbag.py:588} INFO - Filling up the DagBag from /home/airflow/.local/lib/python3.12/site-packages/airflow/example_dags/example_task_group.py
[2024-09-27T15:46:49.364+0000] {processor.py:925} INFO - DAG(s) 'example_task_group' retrieved from /home/airflow/.local/lib/python3.12/site-packages/airflow/example_dags/example_task_group.py
[2024-09-27T15:46:49.381+0000] {logging_mixin.py:190} INFO - [2024-09-27T15:46:49.381+0000] {dag.py:3239} INFO - Sync 1 DAGs
[2024-09-27T15:46:49.390+0000] {logging_mixin.py:190} INFO - [2024-09-27T15:46:49.390+0000] {dag.py:4180} INFO - Setting next_dagrun for example_task_group to None, run_after=None
[2024-09-27T15:46:49.408+0000] {processor.py:208} INFO - Processing /home/airflow/.local/lib/python3.12/site-packages/airflow/example_dags/example_task_group.py took 0.054 seconds
[2024-09-27T15:47:20.206+0000] {processor.py:186} INFO - Started process (PID=178) to work on /home/airflow/.local/lib/python3.12/site-packages/airflow/example_dags/example_task_group.py
[2024-09-27T15:47:20.206+0000] {processor.py:914} INFO - Processing file /home/airflow/.local/lib/python3.12/site-packages/airflow/example_dags/example_task_group.py for tasks to queue
[2024-09-27T15:47:20.208+0000] {logging_mixin.py:190} INFO - [2024-09-27T15:47:20.208+0000] {dagbag.py:588} INFO - Filling up the DagBag from /home/airflow/.local/lib/python3.12/site-packages/airflow/example_dags/example_task_group.py
[2024-09-27T15:47:20.212+0000] {processor.py:925} INFO - DAG(s) 'example_task_group' retrieved from /home/airflow/.local/lib/python3.12/site-packages/airflow/example_dags/example_task_group.py
[2024-09-27T15:47:20.222+0000] {logging_mixin.py:190} INFO - [2024-09-27T15:47:20.222+0000] {dag.py:3239} INFO - Sync 1 DAGs
[2024-09-27T15:47:20.230+0000] {logging_mixin.py:190} INFO - [2024-09-27T15:47:20.230+0000] {dag.py:4180} INFO - Setting next_dagrun for example_task_group to None, run_after=None
[2024-09-27T15:47:20.238+0000] {processor.py:208} INFO - Processing /home/airflow/.local/lib/python3.12/site-packages/airflow/example_dags/example_task_group.py took 0.036 seconds
[2024-09-27T15:47:51.260+0000] {processor.py:186} INFO - Started process (PID=241) to work on /home/airflow/.local/lib/python3.12/site-packages/airflow/example_dags/example_task_group.py
[2024-09-27T15:47:51.261+0000] {processor.py:914} INFO - Processing file /home/airflow/.local/lib/python3.12/site-packages/airflow/example_dags/example_task_group.py for tasks to queue
[2024-09-27T15:47:51.263+0000] {logging_mixin.py:190} INFO - [2024-09-27T15:47:51.263+0000] {dagbag.py:588} INFO - Filling up the DagBag from /home/airflow/.local/lib/python3.12/site-packages/airflow/example_dags/example_task_group.py
[2024-09-27T15:47:51.271+0000] {processor.py:925} INFO - DAG(s) 'example_task_group' retrieved from /home/airflow/.local/lib/python3.12/site-packages/airflow/example_dags/example_task_group.py
[2024-09-27T15:47:51.298+0000] {logging_mixin.py:190} INFO - [2024-09-27T15:47:51.298+0000] {dag.py:3239} INFO - Sync 1 DAGs
[2024-09-27T15:47:51.307+0000] {logging_mixin.py:190} INFO - [2024-09-27T15:47:51.307+0000] {dag.py:4180} INFO - Setting next_dagrun for example_task_group to None, run_after=None
[2024-09-27T15:47:51.321+0000] {processor.py:208} INFO - Processing /home/airflow/.local/lib/python3.12/site-packages/airflow/example_dags/example_task_group.py took 0.066 seconds
[2024-09-27T15:48:21.872+0000] {processor.py:186} INFO - Started process (PID=304) to work on /home/airflow/.local/lib/python3.12/site-packages/airflow/example_dags/example_task_group.py
[2024-09-27T15:48:21.874+0000] {processor.py:914} INFO - Processing file /home/airflow/.local/lib/python3.12/site-packages/airflow/example_dags/example_task_group.py for tasks to queue
[2024-09-27T15:48:21.875+0000] {logging_mixin.py:190} INFO - [2024-09-27T15:48:21.875+0000] {dagbag.py:588} INFO - Filling up the DagBag from /home/airflow/.local/lib/python3.12/site-packages/airflow/example_dags/example_task_group.py
[2024-09-27T15:48:21.881+0000] {processor.py:925} INFO - DAG(s) 'example_task_group' retrieved from /home/airflow/.local/lib/python3.12/site-packages/airflow/example_dags/example_task_group.py
[2024-09-27T15:48:21.893+0000] {logging_mixin.py:190} INFO - [2024-09-27T15:48:21.893+0000] {dag.py:3239} INFO - Sync 1 DAGs
[2024-09-27T15:48:21.901+0000] {logging_mixin.py:190} INFO - [2024-09-27T15:48:21.900+0000] {dag.py:4180} INFO - Setting next_dagrun for example_task_group to None, run_after=None
[2024-09-27T15:48:21.910+0000] {processor.py:208} INFO - Processing /home/airflow/.local/lib/python3.12/site-packages/airflow/example_dags/example_task_group.py took 0.041 seconds
[2024-09-27T15:48:52.475+0000] {processor.py:186} INFO - Started process (PID=367) to work on /home/airflow/.local/lib/python3.12/site-packages/airflow/example_dags/example_task_group.py
[2024-09-27T15:48:52.476+0000] {processor.py:914} INFO - Processing file /home/airflow/.local/lib/python3.12/site-packages/airflow/example_dags/example_task_group.py for tasks to queue
[2024-09-27T15:48:52.477+0000] {logging_mixin.py:190} INFO - [2024-09-27T15:48:52.477+0000] {dagbag.py:588} INFO - Filling up the DagBag from /home/airflow/.local/lib/python3.12/site-packages/airflow/example_dags/example_task_group.py
[2024-09-27T15:48:52.482+0000] {processor.py:925} INFO - DAG(s) 'example_task_group' retrieved from /home/airflow/.local/lib/python3.12/site-packages/airflow/example_dags/example_task_group.py
[2024-09-27T15:48:52.494+0000] {logging_mixin.py:190} INFO - [2024-09-27T15:48:52.494+0000] {dag.py:3239} INFO - Sync 1 DAGs
[2024-09-27T15:48:52.501+0000] {logging_mixin.py:190} INFO - [2024-09-27T15:48:52.501+0000] {dag.py:4180} INFO - Setting next_dagrun for example_task_group to None, run_after=None
[2024-09-27T15:48:52.510+0000] {processor.py:208} INFO - Processing /home/airflow/.local/lib/python3.12/site-packages/airflow/example_dags/example_task_group.py took 0.039 seconds
[2024-09-27T15:49:23.234+0000] {processor.py:186} INFO - Started process (PID=430) to work on /home/airflow/.local/lib/python3.12/site-packages/airflow/example_dags/example_task_group.py
[2024-09-27T15:49:23.234+0000] {processor.py:914} INFO - Processing file /home/airflow/.local/lib/python3.12/site-packages/airflow/example_dags/example_task_group.py for tasks to queue
[2024-09-27T15:49:23.236+0000] {logging_mixin.py:190} INFO - [2024-09-27T15:49:23.236+0000] {dagbag.py:588} INFO - Filling up the DagBag from /home/airflow/.local/lib/python3.12/site-packages/airflow/example_dags/example_task_group.py
[2024-09-27T15:49:23.241+0000] {processor.py:925} INFO - DAG(s) 'example_task_group' retrieved from /home/airflow/.local/lib/python3.12/site-packages/airflow/example_dags/example_task_group.py
[2024-09-27T15:49:23.252+0000] {logging_mixin.py:190} INFO - [2024-09-27T15:49:23.252+0000] {dag.py:3239} INFO - Sync 1 DAGs
[2024-09-27T15:49:23.259+0000] {logging_mixin.py:190} INFO - [2024-09-27T15:49:23.259+0000] {dag.py:4180} INFO - Setting next_dagrun for example_task_group to None, run_after=None
[2024-09-27T15:49:23.268+0000] {processor.py:208} INFO - Processing /home/airflow/.local/lib/python3.12/site-packages/airflow/example_dags/example_task_group.py took 0.038 seconds
[2024-09-27T15:49:53.974+0000] {processor.py:186} INFO - Started process (PID=493) to work on /home/airflow/.local/lib/python3.12/site-packages/airflow/example_dags/example_task_group.py
[2024-09-27T15:49:53.975+0000] {processor.py:914} INFO - Processing file /home/airflow/.local/lib/python3.12/site-packages/airflow/example_dags/example_task_group.py for tasks to queue
[2024-09-27T15:49:53.976+0000] {logging_mixin.py:190} INFO - [2024-09-27T15:49:53.976+0000] {dagbag.py:588} INFO - Filling up the DagBag from /home/airflow/.local/lib/python3.12/site-packages/airflow/example_dags/example_task_group.py
[2024-09-27T15:49:53.980+0000] {processor.py:925} INFO - DAG(s) 'example_task_group' retrieved from /home/airflow/.local/lib/python3.12/site-packages/airflow/example_dags/example_task_group.py
[2024-09-27T15:49:53.991+0000] {logging_mixin.py:190} INFO - [2024-09-27T15:49:53.991+0000] {dag.py:3239} INFO - Sync 1 DAGs
[2024-09-27T15:49:53.997+0000] {logging_mixin.py:190} INFO - [2024-09-27T15:49:53.997+0000] {dag.py:4180} INFO - Setting next_dagrun for example_task_group to None, run_after=None
[2024-09-27T15:49:54.005+0000] {processor.py:208} INFO - Processing /home/airflow/.local/lib/python3.12/site-packages/airflow/example_dags/example_task_group.py took 0.034 seconds
