[2024-09-27T15:46:20.017+0000] {processor.py:186} INFO - Started process (PID=75) to work on /home/airflow/.local/lib/python3.12/site-packages/airflow/example_dags/example_branch_datetime_operator.py
[2024-09-27T15:46:20.017+0000] {processor.py:914} INFO - Processing file /home/airflow/.local/lib/python3.12/site-packages/airflow/example_dags/example_branch_datetime_operator.py for tasks to queue
[2024-09-27T15:46:20.018+0000] {logging_mixin.py:190} INFO - [2024-09-27T15:46:20.018+0000] {dagbag.py:588} INFO - Filling up the DagBag from /home/airflow/.local/lib/python3.12/site-packages/airflow/example_dags/example_branch_datetime_operator.py
[2024-09-27T15:46:20.025+0000] {processor.py:925} INFO - DAG(s) 'example_branch_datetime_operator', 'example_branch_datetime_operator_3', 'example_branch_datetime_operator_2' retrieved from /home/airflow/.local/lib/python3.12/site-packages/airflow/example_dags/example_branch_datetime_operator.py
[2024-09-27T15:46:20.079+0000] {logging_mixin.py:190} INFO - [2024-09-27T15:46:20.079+0000] {override.py:1900} INFO - Created Permission View: can delete on DAG:example_branch_datetime_operator
[2024-09-27T15:46:20.083+0000] {logging_mixin.py:190} INFO - [2024-09-27T15:46:20.083+0000] {override.py:1900} INFO - Created Permission View: can read on DAG:example_branch_datetime_operator
[2024-09-27T15:46:20.086+0000] {logging_mixin.py:190} INFO - [2024-09-27T15:46:20.086+0000] {override.py:1900} INFO - Created Permission View: can edit on DAG:example_branch_datetime_operator
[2024-09-27T15:46:20.088+0000] {logging_mixin.py:190} INFO - [2024-09-27T15:46:20.088+0000] {override.py:1900} INFO - Created Permission View: can create on DAG Run:example_branch_datetime_operator
[2024-09-27T15:46:20.091+0000] {logging_mixin.py:190} INFO - [2024-09-27T15:46:20.091+0000] {override.py:1900} INFO - Created Permission View: can delete on DAG Run:example_branch_datetime_operator
[2024-09-27T15:46:20.093+0000] {logging_mixin.py:190} INFO - [2024-09-27T15:46:20.093+0000] {override.py:1900} INFO - Created Permission View: menu access on DAG Run:example_branch_datetime_operator
[2024-09-27T15:46:20.095+0000] {logging_mixin.py:190} INFO - [2024-09-27T15:46:20.095+0000] {override.py:1900} INFO - Created Permission View: can read on DAG Run:example_branch_datetime_operator
[2024-09-27T15:46:20.101+0000] {logging_mixin.py:190} INFO - [2024-09-27T15:46:20.100+0000] {override.py:1900} INFO - Created Permission View: can delete on DAG:example_branch_datetime_operator_3
[2024-09-27T15:46:20.103+0000] {logging_mixin.py:190} INFO - [2024-09-27T15:46:20.103+0000] {override.py:1900} INFO - Created Permission View: can read on DAG:example_branch_datetime_operator_3
[2024-09-27T15:46:20.106+0000] {logging_mixin.py:190} INFO - [2024-09-27T15:46:20.106+0000] {override.py:1900} INFO - Created Permission View: can edit on DAG:example_branch_datetime_operator_3
[2024-09-27T15:46:20.109+0000] {logging_mixin.py:190} INFO - [2024-09-27T15:46:20.108+0000] {override.py:1900} INFO - Created Permission View: can create on DAG Run:example_branch_datetime_operator_3
[2024-09-27T15:46:20.111+0000] {logging_mixin.py:190} INFO - [2024-09-27T15:46:20.111+0000] {override.py:1900} INFO - Created Permission View: can delete on DAG Run:example_branch_datetime_operator_3
[2024-09-27T15:46:20.113+0000] {logging_mixin.py:190} INFO - [2024-09-27T15:46:20.113+0000] {override.py:1900} INFO - Created Permission View: menu access on DAG Run:example_branch_datetime_operator_3
[2024-09-27T15:46:20.115+0000] {logging_mixin.py:190} INFO - [2024-09-27T15:46:20.115+0000] {override.py:1900} INFO - Created Permission View: can read on DAG Run:example_branch_datetime_operator_3
[2024-09-27T15:46:20.119+0000] {logging_mixin.py:190} INFO - [2024-09-27T15:46:20.119+0000] {override.py:1900} INFO - Created Permission View: can delete on DAG:example_branch_datetime_operator_2
[2024-09-27T15:46:20.121+0000] {logging_mixin.py:190} INFO - [2024-09-27T15:46:20.121+0000] {override.py:1900} INFO - Created Permission View: can read on DAG:example_branch_datetime_operator_2
[2024-09-27T15:46:20.123+0000] {logging_mixin.py:190} INFO - [2024-09-27T15:46:20.123+0000] {override.py:1900} INFO - Created Permission View: can edit on DAG:example_branch_datetime_operator_2
[2024-09-27T15:46:20.125+0000] {logging_mixin.py:190} INFO - [2024-09-27T15:46:20.125+0000] {override.py:1900} INFO - Created Permission View: can create on DAG Run:example_branch_datetime_operator_2
[2024-09-27T15:46:20.128+0000] {logging_mixin.py:190} INFO - [2024-09-27T15:46:20.127+0000] {override.py:1900} INFO - Created Permission View: can delete on DAG Run:example_branch_datetime_operator_2
[2024-09-27T15:46:20.129+0000] {logging_mixin.py:190} INFO - [2024-09-27T15:46:20.129+0000] {override.py:1900} INFO - Created Permission View: menu access on DAG Run:example_branch_datetime_operator_2
[2024-09-27T15:46:20.131+0000] {logging_mixin.py:190} INFO - [2024-09-27T15:46:20.131+0000] {override.py:1900} INFO - Created Permission View: can read on DAG Run:example_branch_datetime_operator_2
[2024-09-27T15:46:20.132+0000] {logging_mixin.py:190} INFO - [2024-09-27T15:46:20.132+0000] {dag.py:3239} INFO - Sync 3 DAGs
[2024-09-27T15:46:20.137+0000] {logging_mixin.py:190} INFO - [2024-09-27T15:46:20.137+0000] {dag.py:3262} INFO - Creating ORM DAG for example_branch_datetime_operator_2
[2024-09-27T15:46:20.137+0000] {logging_mixin.py:190} INFO - [2024-09-27T15:46:20.137+0000] {dag.py:3262} INFO - Creating ORM DAG for example_branch_datetime_operator
[2024-09-27T15:46:20.138+0000] {logging_mixin.py:190} INFO - [2024-09-27T15:46:20.138+0000] {dag.py:3262} INFO - Creating ORM DAG for example_branch_datetime_operator_3
[2024-09-27T15:46:20.145+0000] {logging_mixin.py:190} INFO - [2024-09-27T15:46:20.145+0000] {dag.py:4180} INFO - Setting next_dagrun for example_branch_datetime_operator to 2024-09-26 00:00:00+00:00, run_after=2024-09-27 00:00:00+00:00
[2024-09-27T15:46:20.146+0000] {logging_mixin.py:190} INFO - [2024-09-27T15:46:20.146+0000] {dag.py:4180} INFO - Setting next_dagrun for example_branch_datetime_operator_2 to 2024-09-26 00:00:00+00:00, run_after=2024-09-27 00:00:00+00:00
[2024-09-27T15:46:20.147+0000] {logging_mixin.py:190} INFO - [2024-09-27T15:46:20.147+0000] {dag.py:4180} INFO - Setting next_dagrun for example_branch_datetime_operator_3 to 2024-09-26 00:00:00+00:00, run_after=2024-09-27 00:00:00+00:00
[2024-09-27T15:46:20.158+0000] {processor.py:208} INFO - Processing /home/airflow/.local/lib/python3.12/site-packages/airflow/example_dags/example_branch_datetime_operator.py took 0.145 seconds
[2024-09-27T15:46:50.250+0000] {processor.py:186} INFO - Started process (PID=138) to work on /home/airflow/.local/lib/python3.12/site-packages/airflow/example_dags/example_branch_datetime_operator.py
[2024-09-27T15:46:50.251+0000] {processor.py:914} INFO - Processing file /home/airflow/.local/lib/python3.12/site-packages/airflow/example_dags/example_branch_datetime_operator.py for tasks to queue
[2024-09-27T15:46:50.252+0000] {logging_mixin.py:190} INFO - [2024-09-27T15:46:50.252+0000] {dagbag.py:588} INFO - Filling up the DagBag from /home/airflow/.local/lib/python3.12/site-packages/airflow/example_dags/example_branch_datetime_operator.py
[2024-09-27T15:46:50.258+0000] {processor.py:925} INFO - DAG(s) 'example_branch_datetime_operator_3', 'example_branch_datetime_operator', 'example_branch_datetime_operator_2' retrieved from /home/airflow/.local/lib/python3.12/site-packages/airflow/example_dags/example_branch_datetime_operator.py
[2024-09-27T15:46:50.272+0000] {logging_mixin.py:190} INFO - [2024-09-27T15:46:50.272+0000] {dag.py:3239} INFO - Sync 3 DAGs
[2024-09-27T15:46:50.284+0000] {logging_mixin.py:190} INFO - [2024-09-27T15:46:50.284+0000] {dag.py:4180} INFO - Setting next_dagrun for example_branch_datetime_operator to 2024-09-26 00:00:00+00:00, run_after=2024-09-27 00:00:00+00:00
[2024-09-27T15:46:50.288+0000] {logging_mixin.py:190} INFO - [2024-09-27T15:46:50.288+0000] {dag.py:4180} INFO - Setting next_dagrun for example_branch_datetime_operator_2 to 2024-09-26 00:00:00+00:00, run_after=2024-09-27 00:00:00+00:00
[2024-09-27T15:46:50.289+0000] {logging_mixin.py:190} INFO - [2024-09-27T15:46:50.289+0000] {dag.py:4180} INFO - Setting next_dagrun for example_branch_datetime_operator_3 to 2024-09-26 00:00:00+00:00, run_after=2024-09-27 00:00:00+00:00
[2024-09-27T15:46:50.297+0000] {processor.py:208} INFO - Processing /home/airflow/.local/lib/python3.12/site-packages/airflow/example_dags/example_branch_datetime_operator.py took 0.049 seconds
[2024-09-27T15:47:21.111+0000] {processor.py:186} INFO - Started process (PID=201) to work on /home/airflow/.local/lib/python3.12/site-packages/airflow/example_dags/example_branch_datetime_operator.py
[2024-09-27T15:47:21.113+0000] {processor.py:914} INFO - Processing file /home/airflow/.local/lib/python3.12/site-packages/airflow/example_dags/example_branch_datetime_operator.py for tasks to queue
[2024-09-27T15:47:21.114+0000] {logging_mixin.py:190} INFO - [2024-09-27T15:47:21.114+0000] {dagbag.py:588} INFO - Filling up the DagBag from /home/airflow/.local/lib/python3.12/site-packages/airflow/example_dags/example_branch_datetime_operator.py
[2024-09-27T15:47:21.120+0000] {processor.py:925} INFO - DAG(s) 'example_branch_datetime_operator', 'example_branch_datetime_operator_3', 'example_branch_datetime_operator_2' retrieved from /home/airflow/.local/lib/python3.12/site-packages/airflow/example_dags/example_branch_datetime_operator.py
[2024-09-27T15:47:21.134+0000] {logging_mixin.py:190} INFO - [2024-09-27T15:47:21.134+0000] {dag.py:3239} INFO - Sync 3 DAGs
[2024-09-27T15:47:21.147+0000] {logging_mixin.py:190} INFO - [2024-09-27T15:47:21.147+0000] {dag.py:4180} INFO - Setting next_dagrun for example_branch_datetime_operator to 2024-09-26 00:00:00+00:00, run_after=2024-09-27 00:00:00+00:00
[2024-09-27T15:47:21.150+0000] {logging_mixin.py:190} INFO - [2024-09-27T15:47:21.150+0000] {dag.py:4180} INFO - Setting next_dagrun for example_branch_datetime_operator_2 to 2024-09-26 00:00:00+00:00, run_after=2024-09-27 00:00:00+00:00
[2024-09-27T15:47:21.151+0000] {logging_mixin.py:190} INFO - [2024-09-27T15:47:21.151+0000] {dag.py:4180} INFO - Setting next_dagrun for example_branch_datetime_operator_3 to 2024-09-26 00:00:00+00:00, run_after=2024-09-27 00:00:00+00:00
[2024-09-27T15:47:21.159+0000] {processor.py:208} INFO - Processing /home/airflow/.local/lib/python3.12/site-packages/airflow/example_dags/example_branch_datetime_operator.py took 0.051 seconds
[2024-09-27T15:47:52.182+0000] {processor.py:186} INFO - Started process (PID=264) to work on /home/airflow/.local/lib/python3.12/site-packages/airflow/example_dags/example_branch_datetime_operator.py
[2024-09-27T15:47:52.183+0000] {processor.py:914} INFO - Processing file /home/airflow/.local/lib/python3.12/site-packages/airflow/example_dags/example_branch_datetime_operator.py for tasks to queue
[2024-09-27T15:47:52.185+0000] {logging_mixin.py:190} INFO - [2024-09-27T15:47:52.184+0000] {dagbag.py:588} INFO - Filling up the DagBag from /home/airflow/.local/lib/python3.12/site-packages/airflow/example_dags/example_branch_datetime_operator.py
[2024-09-27T15:47:52.191+0000] {processor.py:925} INFO - DAG(s) 'example_branch_datetime_operator_3', 'example_branch_datetime_operator', 'example_branch_datetime_operator_2' retrieved from /home/airflow/.local/lib/python3.12/site-packages/airflow/example_dags/example_branch_datetime_operator.py
[2024-09-27T15:47:52.205+0000] {logging_mixin.py:190} INFO - [2024-09-27T15:47:52.205+0000] {dag.py:3239} INFO - Sync 3 DAGs
[2024-09-27T15:47:52.218+0000] {logging_mixin.py:190} INFO - [2024-09-27T15:47:52.218+0000] {dag.py:4180} INFO - Setting next_dagrun for example_branch_datetime_operator to 2024-09-26 00:00:00+00:00, run_after=2024-09-27 00:00:00+00:00
[2024-09-27T15:47:52.221+0000] {logging_mixin.py:190} INFO - [2024-09-27T15:47:52.221+0000] {dag.py:4180} INFO - Setting next_dagrun for example_branch_datetime_operator_2 to 2024-09-26 00:00:00+00:00, run_after=2024-09-27 00:00:00+00:00
[2024-09-27T15:47:52.223+0000] {logging_mixin.py:190} INFO - [2024-09-27T15:47:52.223+0000] {dag.py:4180} INFO - Setting next_dagrun for example_branch_datetime_operator_3 to 2024-09-26 00:00:00+00:00, run_after=2024-09-27 00:00:00+00:00
[2024-09-27T15:47:52.230+0000] {processor.py:208} INFO - Processing /home/airflow/.local/lib/python3.12/site-packages/airflow/example_dags/example_branch_datetime_operator.py took 0.051 seconds
[2024-09-27T15:48:22.806+0000] {processor.py:186} INFO - Started process (PID=327) to work on /home/airflow/.local/lib/python3.12/site-packages/airflow/example_dags/example_branch_datetime_operator.py
[2024-09-27T15:48:22.806+0000] {processor.py:914} INFO - Processing file /home/airflow/.local/lib/python3.12/site-packages/airflow/example_dags/example_branch_datetime_operator.py for tasks to queue
[2024-09-27T15:48:22.808+0000] {logging_mixin.py:190} INFO - [2024-09-27T15:48:22.808+0000] {dagbag.py:588} INFO - Filling up the DagBag from /home/airflow/.local/lib/python3.12/site-packages/airflow/example_dags/example_branch_datetime_operator.py
[2024-09-27T15:48:22.815+0000] {processor.py:925} INFO - DAG(s) 'example_branch_datetime_operator_2', 'example_branch_datetime_operator', 'example_branch_datetime_operator_3' retrieved from /home/airflow/.local/lib/python3.12/site-packages/airflow/example_dags/example_branch_datetime_operator.py
[2024-09-27T15:48:22.830+0000] {logging_mixin.py:190} INFO - [2024-09-27T15:48:22.829+0000] {dag.py:3239} INFO - Sync 3 DAGs
[2024-09-27T15:48:22.843+0000] {logging_mixin.py:190} INFO - [2024-09-27T15:48:22.843+0000] {dag.py:4180} INFO - Setting next_dagrun for example_branch_datetime_operator to 2024-09-26 00:00:00+00:00, run_after=2024-09-27 00:00:00+00:00
[2024-09-27T15:48:22.846+0000] {logging_mixin.py:190} INFO - [2024-09-27T15:48:22.846+0000] {dag.py:4180} INFO - Setting next_dagrun for example_branch_datetime_operator_2 to 2024-09-26 00:00:00+00:00, run_after=2024-09-27 00:00:00+00:00
[2024-09-27T15:48:22.848+0000] {logging_mixin.py:190} INFO - [2024-09-27T15:48:22.848+0000] {dag.py:4180} INFO - Setting next_dagrun for example_branch_datetime_operator_3 to 2024-09-26 00:00:00+00:00, run_after=2024-09-27 00:00:00+00:00
[2024-09-27T15:48:22.856+0000] {processor.py:208} INFO - Processing /home/airflow/.local/lib/python3.12/site-packages/airflow/example_dags/example_branch_datetime_operator.py took 0.054 seconds
[2024-09-27T15:48:53.231+0000] {processor.py:186} INFO - Started process (PID=390) to work on /home/airflow/.local/lib/python3.12/site-packages/airflow/example_dags/example_branch_datetime_operator.py
[2024-09-27T15:48:53.232+0000] {processor.py:914} INFO - Processing file /home/airflow/.local/lib/python3.12/site-packages/airflow/example_dags/example_branch_datetime_operator.py for tasks to queue
[2024-09-27T15:48:53.233+0000] {logging_mixin.py:190} INFO - [2024-09-27T15:48:53.233+0000] {dagbag.py:588} INFO - Filling up the DagBag from /home/airflow/.local/lib/python3.12/site-packages/airflow/example_dags/example_branch_datetime_operator.py
[2024-09-27T15:48:53.239+0000] {processor.py:925} INFO - DAG(s) 'example_branch_datetime_operator_3', 'example_branch_datetime_operator_2', 'example_branch_datetime_operator' retrieved from /home/airflow/.local/lib/python3.12/site-packages/airflow/example_dags/example_branch_datetime_operator.py
[2024-09-27T15:48:53.253+0000] {logging_mixin.py:190} INFO - [2024-09-27T15:48:53.253+0000] {dag.py:3239} INFO - Sync 3 DAGs
[2024-09-27T15:48:53.265+0000] {logging_mixin.py:190} INFO - [2024-09-27T15:48:53.265+0000] {dag.py:4180} INFO - Setting next_dagrun for example_branch_datetime_operator to 2024-09-26 00:00:00+00:00, run_after=2024-09-27 00:00:00+00:00
[2024-09-27T15:48:53.268+0000] {logging_mixin.py:190} INFO - [2024-09-27T15:48:53.268+0000] {dag.py:4180} INFO - Setting next_dagrun for example_branch_datetime_operator_2 to 2024-09-26 00:00:00+00:00, run_after=2024-09-27 00:00:00+00:00
[2024-09-27T15:48:53.269+0000] {logging_mixin.py:190} INFO - [2024-09-27T15:48:53.269+0000] {dag.py:4180} INFO - Setting next_dagrun for example_branch_datetime_operator_3 to 2024-09-26 00:00:00+00:00, run_after=2024-09-27 00:00:00+00:00
[2024-09-27T15:48:53.276+0000] {processor.py:208} INFO - Processing /home/airflow/.local/lib/python3.12/site-packages/airflow/example_dags/example_branch_datetime_operator.py took 0.048 seconds
[2024-09-27T15:49:24.114+0000] {processor.py:186} INFO - Started process (PID=453) to work on /home/airflow/.local/lib/python3.12/site-packages/airflow/example_dags/example_branch_datetime_operator.py
[2024-09-27T15:49:24.114+0000] {processor.py:914} INFO - Processing file /home/airflow/.local/lib/python3.12/site-packages/airflow/example_dags/example_branch_datetime_operator.py for tasks to queue
[2024-09-27T15:49:24.116+0000] {logging_mixin.py:190} INFO - [2024-09-27T15:49:24.115+0000] {dagbag.py:588} INFO - Filling up the DagBag from /home/airflow/.local/lib/python3.12/site-packages/airflow/example_dags/example_branch_datetime_operator.py
[2024-09-27T15:49:24.122+0000] {processor.py:925} INFO - DAG(s) 'example_branch_datetime_operator', 'example_branch_datetime_operator_3', 'example_branch_datetime_operator_2' retrieved from /home/airflow/.local/lib/python3.12/site-packages/airflow/example_dags/example_branch_datetime_operator.py
[2024-09-27T15:49:24.135+0000] {logging_mixin.py:190} INFO - [2024-09-27T15:49:24.135+0000] {dag.py:3239} INFO - Sync 3 DAGs
[2024-09-27T15:49:24.148+0000] {logging_mixin.py:190} INFO - [2024-09-27T15:49:24.148+0000] {dag.py:4180} INFO - Setting next_dagrun for example_branch_datetime_operator to 2024-09-26 00:00:00+00:00, run_after=2024-09-27 00:00:00+00:00
[2024-09-27T15:49:24.151+0000] {logging_mixin.py:190} INFO - [2024-09-27T15:49:24.151+0000] {dag.py:4180} INFO - Setting next_dagrun for example_branch_datetime_operator_2 to 2024-09-26 00:00:00+00:00, run_after=2024-09-27 00:00:00+00:00
[2024-09-27T15:49:24.152+0000] {logging_mixin.py:190} INFO - [2024-09-27T15:49:24.152+0000] {dag.py:4180} INFO - Setting next_dagrun for example_branch_datetime_operator_3 to 2024-09-26 00:00:00+00:00, run_after=2024-09-27 00:00:00+00:00
[2024-09-27T15:49:24.160+0000] {processor.py:208} INFO - Processing /home/airflow/.local/lib/python3.12/site-packages/airflow/example_dags/example_branch_datetime_operator.py took 0.049 seconds
[2024-09-27T15:49:54.850+0000] {processor.py:186} INFO - Started process (PID=516) to work on /home/airflow/.local/lib/python3.12/site-packages/airflow/example_dags/example_branch_datetime_operator.py
[2024-09-27T15:49:54.851+0000] {processor.py:914} INFO - Processing file /home/airflow/.local/lib/python3.12/site-packages/airflow/example_dags/example_branch_datetime_operator.py for tasks to queue
[2024-09-27T15:49:54.853+0000] {logging_mixin.py:190} INFO - [2024-09-27T15:49:54.853+0000] {dagbag.py:588} INFO - Filling up the DagBag from /home/airflow/.local/lib/python3.12/site-packages/airflow/example_dags/example_branch_datetime_operator.py
[2024-09-27T15:49:54.859+0000] {processor.py:925} INFO - DAG(s) 'example_branch_datetime_operator_2', 'example_branch_datetime_operator_3', 'example_branch_datetime_operator' retrieved from /home/airflow/.local/lib/python3.12/site-packages/airflow/example_dags/example_branch_datetime_operator.py
[2024-09-27T15:49:54.872+0000] {logging_mixin.py:190} INFO - [2024-09-27T15:49:54.872+0000] {dag.py:3239} INFO - Sync 3 DAGs
[2024-09-27T15:49:54.885+0000] {logging_mixin.py:190} INFO - [2024-09-27T15:49:54.885+0000] {dag.py:4180} INFO - Setting next_dagrun for example_branch_datetime_operator to 2024-09-26 00:00:00+00:00, run_after=2024-09-27 00:00:00+00:00
[2024-09-27T15:49:54.888+0000] {logging_mixin.py:190} INFO - [2024-09-27T15:49:54.888+0000] {dag.py:4180} INFO - Setting next_dagrun for example_branch_datetime_operator_2 to 2024-09-26 00:00:00+00:00, run_after=2024-09-27 00:00:00+00:00
[2024-09-27T15:49:54.890+0000] {logging_mixin.py:190} INFO - [2024-09-27T15:49:54.889+0000] {dag.py:4180} INFO - Setting next_dagrun for example_branch_datetime_operator_3 to 2024-09-26 00:00:00+00:00, run_after=2024-09-27 00:00:00+00:00
[2024-09-27T15:49:54.897+0000] {processor.py:208} INFO - Processing /home/airflow/.local/lib/python3.12/site-packages/airflow/example_dags/example_branch_datetime_operator.py took 0.050 seconds
