[2024-09-27T15:46:20.279+0000] {processor.py:186} INFO - Started process (PID=79) to work on /home/airflow/.local/lib/python3.12/site-packages/airflow/example_dags/example_display_name.py
[2024-09-27T15:46:20.279+0000] {processor.py:914} INFO - Processing file /home/airflow/.local/lib/python3.12/site-packages/airflow/example_dags/example_display_name.py for tasks to queue
[2024-09-27T15:46:20.281+0000] {logging_mixin.py:190} INFO - [2024-09-27T15:46:20.281+0000] {dagbag.py:588} INFO - Filling up the DagBag from /home/airflow/.local/lib/python3.12/site-packages/airflow/example_dags/example_display_name.py
[2024-09-27T15:46:20.286+0000] {processor.py:925} INFO - DAG(s) 'example_display_name' retrieved from /home/airflow/.local/lib/python3.12/site-packages/airflow/example_dags/example_display_name.py
[2024-09-27T15:46:20.367+0000] {logging_mixin.py:190} INFO - [2024-09-27T15:46:20.367+0000] {override.py:1900} INFO - Created Permission View: can delete on DAG:example_display_name
[2024-09-27T15:46:20.372+0000] {logging_mixin.py:190} INFO - [2024-09-27T15:46:20.372+0000] {override.py:1900} INFO - Created Permission View: can read on DAG:example_display_name
[2024-09-27T15:46:20.375+0000] {logging_mixin.py:190} INFO - [2024-09-27T15:46:20.375+0000] {override.py:1900} INFO - Created Permission View: can edit on DAG:example_display_name
[2024-09-27T15:46:20.377+0000] {logging_mixin.py:190} INFO - [2024-09-27T15:46:20.377+0000] {override.py:1900} INFO - Created Permission View: can create on DAG Run:example_display_name
[2024-09-27T15:46:20.379+0000] {logging_mixin.py:190} INFO - [2024-09-27T15:46:20.379+0000] {override.py:1900} INFO - Created Permission View: can delete on DAG Run:example_display_name
[2024-09-27T15:46:20.382+0000] {logging_mixin.py:190} INFO - [2024-09-27T15:46:20.381+0000] {override.py:1900} INFO - Created Permission View: menu access on DAG Run:example_display_name
[2024-09-27T15:46:20.385+0000] {logging_mixin.py:190} INFO - [2024-09-27T15:46:20.385+0000] {override.py:1900} INFO - Created Permission View: can read on DAG Run:example_display_name
[2024-09-27T15:46:20.386+0000] {logging_mixin.py:190} INFO - [2024-09-27T15:46:20.385+0000] {dag.py:3239} INFO - Sync 1 DAGs
[2024-09-27T15:46:20.393+0000] {logging_mixin.py:190} INFO - [2024-09-27T15:46:20.393+0000] {dag.py:3262} INFO - Creating ORM DAG for example_display_name
[2024-09-27T15:46:20.393+0000] {logging_mixin.py:190} INFO - [2024-09-27T15:46:20.393+0000] {dag.py:4180} INFO - Setting next_dagrun for example_display_name to None, run_after=None
[2024-09-27T15:46:20.401+0000] {processor.py:208} INFO - Processing /home/airflow/.local/lib/python3.12/site-packages/airflow/example_dags/example_display_name.py took 0.125 seconds
[2024-09-27T15:46:51.421+0000] {processor.py:186} INFO - Started process (PID=142) to work on /home/airflow/.local/lib/python3.12/site-packages/airflow/example_dags/example_display_name.py
[2024-09-27T15:46:51.424+0000] {processor.py:914} INFO - Processing file /home/airflow/.local/lib/python3.12/site-packages/airflow/example_dags/example_display_name.py for tasks to queue
[2024-09-27T15:46:51.430+0000] {logging_mixin.py:190} INFO - [2024-09-27T15:46:51.429+0000] {dagbag.py:588} INFO - Filling up the DagBag from /home/airflow/.local/lib/python3.12/site-packages/airflow/example_dags/example_display_name.py
[2024-09-27T15:46:51.442+0000] {processor.py:925} INFO - DAG(s) 'example_display_name' retrieved from /home/airflow/.local/lib/python3.12/site-packages/airflow/example_dags/example_display_name.py
[2024-09-27T15:46:51.459+0000] {logging_mixin.py:190} INFO - [2024-09-27T15:46:51.459+0000] {dag.py:3239} INFO - Sync 1 DAGs
[2024-09-27T15:46:51.468+0000] {logging_mixin.py:190} INFO - [2024-09-27T15:46:51.467+0000] {dag.py:4180} INFO - Setting next_dagrun for example_display_name to None, run_after=None
[2024-09-27T15:46:51.478+0000] {processor.py:208} INFO - Processing /home/airflow/.local/lib/python3.12/site-packages/airflow/example_dags/example_display_name.py took 0.071 seconds
[2024-09-27T15:47:22.258+0000] {processor.py:186} INFO - Started process (PID=205) to work on /home/airflow/.local/lib/python3.12/site-packages/airflow/example_dags/example_display_name.py
[2024-09-27T15:47:22.260+0000] {processor.py:914} INFO - Processing file /home/airflow/.local/lib/python3.12/site-packages/airflow/example_dags/example_display_name.py for tasks to queue
[2024-09-27T15:47:22.263+0000] {logging_mixin.py:190} INFO - [2024-09-27T15:47:22.263+0000] {dagbag.py:588} INFO - Filling up the DagBag from /home/airflow/.local/lib/python3.12/site-packages/airflow/example_dags/example_display_name.py
[2024-09-27T15:47:22.273+0000] {processor.py:925} INFO - DAG(s) 'example_display_name' retrieved from /home/airflow/.local/lib/python3.12/site-packages/airflow/example_dags/example_display_name.py
[2024-09-27T15:47:22.289+0000] {logging_mixin.py:190} INFO - [2024-09-27T15:47:22.289+0000] {dag.py:3239} INFO - Sync 1 DAGs
[2024-09-27T15:47:22.299+0000] {logging_mixin.py:190} INFO - [2024-09-27T15:47:22.299+0000] {dag.py:4180} INFO - Setting next_dagrun for example_display_name to None, run_after=None
[2024-09-27T15:47:22.311+0000] {processor.py:208} INFO - Processing /home/airflow/.local/lib/python3.12/site-packages/airflow/example_dags/example_display_name.py took 0.061 seconds
[2024-09-27T15:47:53.368+0000] {processor.py:186} INFO - Started process (PID=268) to work on /home/airflow/.local/lib/python3.12/site-packages/airflow/example_dags/example_display_name.py
[2024-09-27T15:47:53.372+0000] {processor.py:914} INFO - Processing file /home/airflow/.local/lib/python3.12/site-packages/airflow/example_dags/example_display_name.py for tasks to queue
[2024-09-27T15:47:53.382+0000] {logging_mixin.py:190} INFO - [2024-09-27T15:47:53.381+0000] {dagbag.py:588} INFO - Filling up the DagBag from /home/airflow/.local/lib/python3.12/site-packages/airflow/example_dags/example_display_name.py
[2024-09-27T15:47:53.403+0000] {processor.py:925} INFO - DAG(s) 'example_display_name' retrieved from /home/airflow/.local/lib/python3.12/site-packages/airflow/example_dags/example_display_name.py
[2024-09-27T15:47:53.446+0000] {logging_mixin.py:190} INFO - [2024-09-27T15:47:53.445+0000] {dag.py:3239} INFO - Sync 1 DAGs
[2024-09-27T15:47:53.463+0000] {logging_mixin.py:190} INFO - [2024-09-27T15:47:53.463+0000] {dag.py:4180} INFO - Setting next_dagrun for example_display_name to None, run_after=None
[2024-09-27T15:47:53.480+0000] {processor.py:208} INFO - Processing /home/airflow/.local/lib/python3.12/site-packages/airflow/example_dags/example_display_name.py took 0.127 seconds
[2024-09-27T15:48:23.961+0000] {processor.py:186} INFO - Started process (PID=331) to work on /home/airflow/.local/lib/python3.12/site-packages/airflow/example_dags/example_display_name.py
[2024-09-27T15:48:23.963+0000] {processor.py:914} INFO - Processing file /home/airflow/.local/lib/python3.12/site-packages/airflow/example_dags/example_display_name.py for tasks to queue
[2024-09-27T15:48:23.966+0000] {logging_mixin.py:190} INFO - [2024-09-27T15:48:23.965+0000] {dagbag.py:588} INFO - Filling up the DagBag from /home/airflow/.local/lib/python3.12/site-packages/airflow/example_dags/example_display_name.py
[2024-09-27T15:48:23.973+0000] {processor.py:925} INFO - DAG(s) 'example_display_name' retrieved from /home/airflow/.local/lib/python3.12/site-packages/airflow/example_dags/example_display_name.py
[2024-09-27T15:48:23.987+0000] {logging_mixin.py:190} INFO - [2024-09-27T15:48:23.986+0000] {dag.py:3239} INFO - Sync 1 DAGs
[2024-09-27T15:48:23.995+0000] {logging_mixin.py:190} INFO - [2024-09-27T15:48:23.995+0000] {dag.py:4180} INFO - Setting next_dagrun for example_display_name to None, run_after=None
[2024-09-27T15:48:24.004+0000] {processor.py:208} INFO - Processing /home/airflow/.local/lib/python3.12/site-packages/airflow/example_dags/example_display_name.py took 0.052 seconds
[2024-09-27T15:48:54.368+0000] {processor.py:186} INFO - Started process (PID=394) to work on /home/airflow/.local/lib/python3.12/site-packages/airflow/example_dags/example_display_name.py
[2024-09-27T15:48:54.370+0000] {processor.py:914} INFO - Processing file /home/airflow/.local/lib/python3.12/site-packages/airflow/example_dags/example_display_name.py for tasks to queue
[2024-09-27T15:48:54.373+0000] {logging_mixin.py:190} INFO - [2024-09-27T15:48:54.373+0000] {dagbag.py:588} INFO - Filling up the DagBag from /home/airflow/.local/lib/python3.12/site-packages/airflow/example_dags/example_display_name.py
[2024-09-27T15:48:54.381+0000] {processor.py:925} INFO - DAG(s) 'example_display_name' retrieved from /home/airflow/.local/lib/python3.12/site-packages/airflow/example_dags/example_display_name.py
[2024-09-27T15:48:54.397+0000] {logging_mixin.py:190} INFO - [2024-09-27T15:48:54.397+0000] {dag.py:3239} INFO - Sync 1 DAGs
[2024-09-27T15:48:54.406+0000] {logging_mixin.py:190} INFO - [2024-09-27T15:48:54.406+0000] {dag.py:4180} INFO - Setting next_dagrun for example_display_name to None, run_after=None
[2024-09-27T15:48:54.416+0000] {processor.py:208} INFO - Processing /home/airflow/.local/lib/python3.12/site-packages/airflow/example_dags/example_display_name.py took 0.057 seconds
[2024-09-27T15:49:25.243+0000] {processor.py:186} INFO - Started process (PID=457) to work on /home/airflow/.local/lib/python3.12/site-packages/airflow/example_dags/example_display_name.py
[2024-09-27T15:49:25.243+0000] {processor.py:914} INFO - Processing file /home/airflow/.local/lib/python3.12/site-packages/airflow/example_dags/example_display_name.py for tasks to queue
[2024-09-27T15:49:25.246+0000] {logging_mixin.py:190} INFO - [2024-09-27T15:49:25.246+0000] {dagbag.py:588} INFO - Filling up the DagBag from /home/airflow/.local/lib/python3.12/site-packages/airflow/example_dags/example_display_name.py
[2024-09-27T15:49:25.251+0000] {processor.py:925} INFO - DAG(s) 'example_display_name' retrieved from /home/airflow/.local/lib/python3.12/site-packages/airflow/example_dags/example_display_name.py
[2024-09-27T15:49:25.270+0000] {logging_mixin.py:190} INFO - [2024-09-27T15:49:25.269+0000] {dag.py:3239} INFO - Sync 1 DAGs
[2024-09-27T15:49:25.291+0000] {logging_mixin.py:190} INFO - [2024-09-27T15:49:25.290+0000] {dag.py:4180} INFO - Setting next_dagrun for example_display_name to None, run_after=None
[2024-09-27T15:49:25.305+0000] {processor.py:208} INFO - Processing /home/airflow/.local/lib/python3.12/site-packages/airflow/example_dags/example_display_name.py took 0.066 seconds
[2024-09-27T15:49:55.981+0000] {processor.py:186} INFO - Started process (PID=520) to work on /home/airflow/.local/lib/python3.12/site-packages/airflow/example_dags/example_display_name.py
[2024-09-27T15:49:55.982+0000] {processor.py:914} INFO - Processing file /home/airflow/.local/lib/python3.12/site-packages/airflow/example_dags/example_display_name.py for tasks to queue
[2024-09-27T15:49:55.984+0000] {logging_mixin.py:190} INFO - [2024-09-27T15:49:55.983+0000] {dagbag.py:588} INFO - Filling up the DagBag from /home/airflow/.local/lib/python3.12/site-packages/airflow/example_dags/example_display_name.py
[2024-09-27T15:49:55.990+0000] {processor.py:925} INFO - DAG(s) 'example_display_name' retrieved from /home/airflow/.local/lib/python3.12/site-packages/airflow/example_dags/example_display_name.py
[2024-09-27T15:49:56.010+0000] {logging_mixin.py:190} INFO - [2024-09-27T15:49:56.009+0000] {dag.py:3239} INFO - Sync 1 DAGs
[2024-09-27T15:49:56.022+0000] {logging_mixin.py:190} INFO - [2024-09-27T15:49:56.022+0000] {dag.py:4180} INFO - Setting next_dagrun for example_display_name to None, run_after=None
[2024-09-27T15:49:56.040+0000] {processor.py:208} INFO - Processing /home/airflow/.local/lib/python3.12/site-packages/airflow/example_dags/example_display_name.py took 0.063 seconds
