[2024-09-27T15:46:19.414+0000] {processor.py:186} INFO - Started process (PID=68) to work on /home/airflow/.local/lib/python3.12/site-packages/airflow/example_dags/example_dag_decorator.py
[2024-09-27T15:46:19.415+0000] {processor.py:914} INFO - Processing file /home/airflow/.local/lib/python3.12/site-packages/airflow/example_dags/example_dag_decorator.py for tasks to queue
[2024-09-27T15:46:19.417+0000] {logging_mixin.py:190} INFO - [2024-09-27T15:46:19.416+0000] {dagbag.py:588} INFO - Filling up the DagBag from /home/airflow/.local/lib/python3.12/site-packages/airflow/example_dags/example_dag_decorator.py
[2024-09-27T15:46:19.423+0000] {processor.py:925} INFO - DAG(s) 'example_dag_decorator' retrieved from /home/airflow/.local/lib/python3.12/site-packages/airflow/example_dags/example_dag_decorator.py
[2024-09-27T15:46:19.509+0000] {logging_mixin.py:190} INFO - [2024-09-27T15:46:19.508+0000] {override.py:1900} INFO - Created Permission View: can delete on DAG:example_dag_decorator
[2024-09-27T15:46:19.516+0000] {logging_mixin.py:190} INFO - [2024-09-27T15:46:19.515+0000] {override.py:1900} INFO - Created Permission View: can read on DAG:example_dag_decorator
[2024-09-27T15:46:19.519+0000] {logging_mixin.py:190} INFO - [2024-09-27T15:46:19.519+0000] {override.py:1900} INFO - Created Permission View: can edit on DAG:example_dag_decorator
[2024-09-27T15:46:19.524+0000] {logging_mixin.py:190} INFO - [2024-09-27T15:46:19.524+0000] {override.py:1900} INFO - Created Permission View: can create on DAG Run:example_dag_decorator
[2024-09-27T15:46:19.527+0000] {logging_mixin.py:190} INFO - [2024-09-27T15:46:19.527+0000] {override.py:1900} INFO - Created Permission View: can delete on DAG Run:example_dag_decorator
[2024-09-27T15:46:19.530+0000] {logging_mixin.py:190} INFO - [2024-09-27T15:46:19.530+0000] {override.py:1900} INFO - Created Permission View: menu access on DAG Run:example_dag_decorator
[2024-09-27T15:46:19.532+0000] {logging_mixin.py:190} INFO - [2024-09-27T15:46:19.532+0000] {override.py:1900} INFO - Created Permission View: can read on DAG Run:example_dag_decorator
[2024-09-27T15:46:19.533+0000] {logging_mixin.py:190} INFO - [2024-09-27T15:46:19.533+0000] {dag.py:3239} INFO - Sync 1 DAGs
[2024-09-27T15:46:19.540+0000] {logging_mixin.py:190} INFO - [2024-09-27T15:46:19.540+0000] {dag.py:3262} INFO - Creating ORM DAG for example_dag_decorator
[2024-09-27T15:46:19.540+0000] {logging_mixin.py:190} INFO - [2024-09-27T15:46:19.540+0000] {dag.py:4180} INFO - Setting next_dagrun for example_dag_decorator to None, run_after=None
[2024-09-27T15:46:19.548+0000] {processor.py:208} INFO - Processing /home/airflow/.local/lib/python3.12/site-packages/airflow/example_dags/example_dag_decorator.py took 0.138 seconds
[2024-09-27T15:46:49.856+0000] {processor.py:186} INFO - Started process (PID=130) to work on /home/airflow/.local/lib/python3.12/site-packages/airflow/example_dags/example_dag_decorator.py
[2024-09-27T15:46:49.857+0000] {processor.py:914} INFO - Processing file /home/airflow/.local/lib/python3.12/site-packages/airflow/example_dags/example_dag_decorator.py for tasks to queue
[2024-09-27T15:46:49.858+0000] {logging_mixin.py:190} INFO - [2024-09-27T15:46:49.858+0000] {dagbag.py:588} INFO - Filling up the DagBag from /home/airflow/.local/lib/python3.12/site-packages/airflow/example_dags/example_dag_decorator.py
[2024-09-27T15:46:49.865+0000] {processor.py:925} INFO - DAG(s) 'example_dag_decorator' retrieved from /home/airflow/.local/lib/python3.12/site-packages/airflow/example_dags/example_dag_decorator.py
[2024-09-27T15:46:49.936+0000] {logging_mixin.py:190} INFO - [2024-09-27T15:46:49.936+0000] {dag.py:3239} INFO - Sync 1 DAGs
[2024-09-27T15:46:49.943+0000] {logging_mixin.py:190} INFO - [2024-09-27T15:46:49.943+0000] {dag.py:4180} INFO - Setting next_dagrun for example_dag_decorator to None, run_after=None
[2024-09-27T15:46:49.955+0000] {processor.py:208} INFO - Processing /home/airflow/.local/lib/python3.12/site-packages/airflow/example_dags/example_dag_decorator.py took 0.102 seconds
[2024-09-27T15:47:20.799+0000] {processor.py:186} INFO - Started process (PID=194) to work on /home/airflow/.local/lib/python3.12/site-packages/airflow/example_dags/example_dag_decorator.py
[2024-09-27T15:47:20.800+0000] {processor.py:914} INFO - Processing file /home/airflow/.local/lib/python3.12/site-packages/airflow/example_dags/example_dag_decorator.py for tasks to queue
[2024-09-27T15:47:20.801+0000] {logging_mixin.py:190} INFO - [2024-09-27T15:47:20.801+0000] {dagbag.py:588} INFO - Filling up the DagBag from /home/airflow/.local/lib/python3.12/site-packages/airflow/example_dags/example_dag_decorator.py
[2024-09-27T15:47:20.807+0000] {processor.py:925} INFO - DAG(s) 'example_dag_decorator' retrieved from /home/airflow/.local/lib/python3.12/site-packages/airflow/example_dags/example_dag_decorator.py
[2024-09-27T15:47:20.867+0000] {logging_mixin.py:190} INFO - [2024-09-27T15:47:20.866+0000] {dag.py:3239} INFO - Sync 1 DAGs
[2024-09-27T15:47:20.873+0000] {logging_mixin.py:190} INFO - [2024-09-27T15:47:20.873+0000] {dag.py:4180} INFO - Setting next_dagrun for example_dag_decorator to None, run_after=None
[2024-09-27T15:47:20.883+0000] {processor.py:208} INFO - Processing /home/airflow/.local/lib/python3.12/site-packages/airflow/example_dags/example_dag_decorator.py took 0.087 seconds
[2024-09-27T15:47:51.838+0000] {processor.py:186} INFO - Started process (PID=257) to work on /home/airflow/.local/lib/python3.12/site-packages/airflow/example_dags/example_dag_decorator.py
[2024-09-27T15:47:51.839+0000] {processor.py:914} INFO - Processing file /home/airflow/.local/lib/python3.12/site-packages/airflow/example_dags/example_dag_decorator.py for tasks to queue
[2024-09-27T15:47:51.840+0000] {logging_mixin.py:190} INFO - [2024-09-27T15:47:51.840+0000] {dagbag.py:588} INFO - Filling up the DagBag from /home/airflow/.local/lib/python3.12/site-packages/airflow/example_dags/example_dag_decorator.py
[2024-09-27T15:47:51.846+0000] {processor.py:925} INFO - DAG(s) 'example_dag_decorator' retrieved from /home/airflow/.local/lib/python3.12/site-packages/airflow/example_dags/example_dag_decorator.py
[2024-09-27T15:47:51.915+0000] {logging_mixin.py:190} INFO - [2024-09-27T15:47:51.915+0000] {dag.py:3239} INFO - Sync 1 DAGs
[2024-09-27T15:47:51.922+0000] {logging_mixin.py:190} INFO - [2024-09-27T15:47:51.922+0000] {dag.py:4180} INFO - Setting next_dagrun for example_dag_decorator to None, run_after=None
[2024-09-27T15:47:51.933+0000] {processor.py:208} INFO - Processing /home/airflow/.local/lib/python3.12/site-packages/airflow/example_dags/example_dag_decorator.py took 0.098 seconds
[2024-09-27T15:48:22.433+0000] {processor.py:186} INFO - Started process (PID=320) to work on /home/airflow/.local/lib/python3.12/site-packages/airflow/example_dags/example_dag_decorator.py
[2024-09-27T15:48:22.434+0000] {processor.py:914} INFO - Processing file /home/airflow/.local/lib/python3.12/site-packages/airflow/example_dags/example_dag_decorator.py for tasks to queue
[2024-09-27T15:48:22.435+0000] {logging_mixin.py:190} INFO - [2024-09-27T15:48:22.435+0000] {dagbag.py:588} INFO - Filling up the DagBag from /home/airflow/.local/lib/python3.12/site-packages/airflow/example_dags/example_dag_decorator.py
[2024-09-27T15:48:22.443+0000] {processor.py:925} INFO - DAG(s) 'example_dag_decorator' retrieved from /home/airflow/.local/lib/python3.12/site-packages/airflow/example_dags/example_dag_decorator.py
[2024-09-27T15:48:22.527+0000] {logging_mixin.py:190} INFO - [2024-09-27T15:48:22.527+0000] {dag.py:3239} INFO - Sync 1 DAGs
[2024-09-27T15:48:22.534+0000] {logging_mixin.py:190} INFO - [2024-09-27T15:48:22.534+0000] {dag.py:4180} INFO - Setting next_dagrun for example_dag_decorator to None, run_after=None
[2024-09-27T15:48:22.558+0000] {processor.py:208} INFO - Processing /home/airflow/.local/lib/python3.12/site-packages/airflow/example_dags/example_dag_decorator.py took 0.129 seconds
[2024-09-27T15:48:52.938+0000] {processor.py:186} INFO - Started process (PID=383) to work on /home/airflow/.local/lib/python3.12/site-packages/airflow/example_dags/example_dag_decorator.py
[2024-09-27T15:48:52.938+0000] {processor.py:914} INFO - Processing file /home/airflow/.local/lib/python3.12/site-packages/airflow/example_dags/example_dag_decorator.py for tasks to queue
[2024-09-27T15:48:52.940+0000] {logging_mixin.py:190} INFO - [2024-09-27T15:48:52.940+0000] {dagbag.py:588} INFO - Filling up the DagBag from /home/airflow/.local/lib/python3.12/site-packages/airflow/example_dags/example_dag_decorator.py
[2024-09-27T15:48:52.946+0000] {processor.py:925} INFO - DAG(s) 'example_dag_decorator' retrieved from /home/airflow/.local/lib/python3.12/site-packages/airflow/example_dags/example_dag_decorator.py
[2024-09-27T15:48:53.002+0000] {logging_mixin.py:190} INFO - [2024-09-27T15:48:53.002+0000] {dag.py:3239} INFO - Sync 1 DAGs
[2024-09-27T15:48:53.009+0000] {logging_mixin.py:190} INFO - [2024-09-27T15:48:53.009+0000] {dag.py:4180} INFO - Setting next_dagrun for example_dag_decorator to None, run_after=None
[2024-09-27T15:48:53.017+0000] {processor.py:208} INFO - Processing /home/airflow/.local/lib/python3.12/site-packages/airflow/example_dags/example_dag_decorator.py took 0.083 seconds
[2024-09-27T15:49:23.781+0000] {processor.py:186} INFO - Started process (PID=446) to work on /home/airflow/.local/lib/python3.12/site-packages/airflow/example_dags/example_dag_decorator.py
[2024-09-27T15:49:23.781+0000] {processor.py:914} INFO - Processing file /home/airflow/.local/lib/python3.12/site-packages/airflow/example_dags/example_dag_decorator.py for tasks to queue
[2024-09-27T15:49:23.783+0000] {logging_mixin.py:190} INFO - [2024-09-27T15:49:23.783+0000] {dagbag.py:588} INFO - Filling up the DagBag from /home/airflow/.local/lib/python3.12/site-packages/airflow/example_dags/example_dag_decorator.py
[2024-09-27T15:49:23.789+0000] {processor.py:925} INFO - DAG(s) 'example_dag_decorator' retrieved from /home/airflow/.local/lib/python3.12/site-packages/airflow/example_dags/example_dag_decorator.py
[2024-09-27T15:49:23.846+0000] {logging_mixin.py:190} INFO - [2024-09-27T15:49:23.846+0000] {dag.py:3239} INFO - Sync 1 DAGs
[2024-09-27T15:49:23.854+0000] {logging_mixin.py:190} INFO - [2024-09-27T15:49:23.854+0000] {dag.py:4180} INFO - Setting next_dagrun for example_dag_decorator to None, run_after=None
[2024-09-27T15:49:23.863+0000] {processor.py:208} INFO - Processing /home/airflow/.local/lib/python3.12/site-packages/airflow/example_dags/example_dag_decorator.py took 0.085 seconds
[2024-09-27T15:49:54.498+0000] {processor.py:186} INFO - Started process (PID=509) to work on /home/airflow/.local/lib/python3.12/site-packages/airflow/example_dags/example_dag_decorator.py
[2024-09-27T15:49:54.499+0000] {processor.py:914} INFO - Processing file /home/airflow/.local/lib/python3.12/site-packages/airflow/example_dags/example_dag_decorator.py for tasks to queue
[2024-09-27T15:49:54.500+0000] {logging_mixin.py:190} INFO - [2024-09-27T15:49:54.500+0000] {dagbag.py:588} INFO - Filling up the DagBag from /home/airflow/.local/lib/python3.12/site-packages/airflow/example_dags/example_dag_decorator.py
[2024-09-27T15:49:54.507+0000] {processor.py:925} INFO - DAG(s) 'example_dag_decorator' retrieved from /home/airflow/.local/lib/python3.12/site-packages/airflow/example_dags/example_dag_decorator.py
[2024-09-27T15:49:54.582+0000] {logging_mixin.py:190} INFO - [2024-09-27T15:49:54.581+0000] {dag.py:3239} INFO - Sync 1 DAGs
[2024-09-27T15:49:54.589+0000] {logging_mixin.py:190} INFO - [2024-09-27T15:49:54.589+0000] {dag.py:4180} INFO - Setting next_dagrun for example_dag_decorator to None, run_after=None
[2024-09-27T15:49:54.601+0000] {processor.py:208} INFO - Processing /home/airflow/.local/lib/python3.12/site-packages/airflow/example_dags/example_dag_decorator.py took 0.106 seconds
