[2024-09-27T15:46:17.671+0000] {processor.py:186} INFO - Started process (PID=44) to work on /home/airflow/.local/lib/python3.12/site-packages/airflow/example_dags/example_outlet_event_extra.py
[2024-09-27T15:46:17.672+0000] {processor.py:914} INFO - Processing file /home/airflow/.local/lib/python3.12/site-packages/airflow/example_dags/example_outlet_event_extra.py for tasks to queue
[2024-09-27T15:46:17.673+0000] {logging_mixin.py:190} INFO - [2024-09-27T15:46:17.673+0000] {dagbag.py:588} INFO - Filling up the DagBag from /home/airflow/.local/lib/python3.12/site-packages/airflow/example_dags/example_outlet_event_extra.py
[2024-09-27T15:46:18.084+0000] {processor.py:925} INFO - DAG(s) 'dataset_with_extra_by_context', 'dataset_with_extra_by_yield', 'dataset_with_extra_from_classic_operator' retrieved from /home/airflow/.local/lib/python3.12/site-packages/airflow/example_dags/example_outlet_event_extra.py
[2024-09-27T15:46:18.134+0000] {logging_mixin.py:190} INFO - [2024-09-27T15:46:18.133+0000] {override.py:1900} INFO - Created Permission View: can delete on DAG:dataset_with_extra_by_context
[2024-09-27T15:46:18.137+0000] {logging_mixin.py:190} INFO - [2024-09-27T15:46:18.137+0000] {override.py:1900} INFO - Created Permission View: can read on DAG:dataset_with_extra_by_context
[2024-09-27T15:46:18.139+0000] {logging_mixin.py:190} INFO - [2024-09-27T15:46:18.139+0000] {override.py:1900} INFO - Created Permission View: can edit on DAG:dataset_with_extra_by_context
[2024-09-27T15:46:18.141+0000] {logging_mixin.py:190} INFO - [2024-09-27T15:46:18.141+0000] {override.py:1900} INFO - Created Permission View: can create on DAG Run:dataset_with_extra_by_context
[2024-09-27T15:46:18.143+0000] {logging_mixin.py:190} INFO - [2024-09-27T15:46:18.143+0000] {override.py:1900} INFO - Created Permission View: can delete on DAG Run:dataset_with_extra_by_context
[2024-09-27T15:46:18.145+0000] {logging_mixin.py:190} INFO - [2024-09-27T15:46:18.145+0000] {override.py:1900} INFO - Created Permission View: menu access on DAG Run:dataset_with_extra_by_context
[2024-09-27T15:46:18.147+0000] {logging_mixin.py:190} INFO - [2024-09-27T15:46:18.147+0000] {override.py:1900} INFO - Created Permission View: can read on DAG Run:dataset_with_extra_by_context
[2024-09-27T15:46:18.153+0000] {logging_mixin.py:190} INFO - [2024-09-27T15:46:18.153+0000] {override.py:1900} INFO - Created Permission View: can delete on DAG:dataset_with_extra_by_yield
[2024-09-27T15:46:18.157+0000] {logging_mixin.py:190} INFO - [2024-09-27T15:46:18.157+0000] {override.py:1900} INFO - Created Permission View: can read on DAG:dataset_with_extra_by_yield
[2024-09-27T15:46:18.164+0000] {logging_mixin.py:190} INFO - [2024-09-27T15:46:18.164+0000] {override.py:1900} INFO - Created Permission View: can edit on DAG:dataset_with_extra_by_yield
[2024-09-27T15:46:18.170+0000] {logging_mixin.py:190} INFO - [2024-09-27T15:46:18.170+0000] {override.py:1900} INFO - Created Permission View: can create on DAG Run:dataset_with_extra_by_yield
[2024-09-27T15:46:18.174+0000] {logging_mixin.py:190} INFO - [2024-09-27T15:46:18.174+0000] {override.py:1900} INFO - Created Permission View: can delete on DAG Run:dataset_with_extra_by_yield
[2024-09-27T15:46:18.178+0000] {logging_mixin.py:190} INFO - [2024-09-27T15:46:18.178+0000] {override.py:1900} INFO - Created Permission View: menu access on DAG Run:dataset_with_extra_by_yield
[2024-09-27T15:46:18.181+0000] {logging_mixin.py:190} INFO - [2024-09-27T15:46:18.181+0000] {override.py:1900} INFO - Created Permission View: can read on DAG Run:dataset_with_extra_by_yield
[2024-09-27T15:46:18.188+0000] {logging_mixin.py:190} INFO - [2024-09-27T15:46:18.188+0000] {override.py:1900} INFO - Created Permission View: can delete on DAG:dataset_with_extra_from_classic_operator
[2024-09-27T15:46:18.191+0000] {logging_mixin.py:190} INFO - [2024-09-27T15:46:18.191+0000] {override.py:1900} INFO - Created Permission View: can read on DAG:dataset_with_extra_from_classic_operator
[2024-09-27T15:46:18.193+0000] {logging_mixin.py:190} INFO - [2024-09-27T15:46:18.193+0000] {override.py:1900} INFO - Created Permission View: can edit on DAG:dataset_with_extra_from_classic_operator
[2024-09-27T15:46:18.196+0000] {logging_mixin.py:190} INFO - [2024-09-27T15:46:18.196+0000] {override.py:1900} INFO - Created Permission View: can create on DAG Run:dataset_with_extra_from_classic_operator
[2024-09-27T15:46:18.199+0000] {logging_mixin.py:190} INFO - [2024-09-27T15:46:18.199+0000] {override.py:1900} INFO - Created Permission View: can delete on DAG Run:dataset_with_extra_from_classic_operator
[2024-09-27T15:46:18.202+0000] {logging_mixin.py:190} INFO - [2024-09-27T15:46:18.202+0000] {override.py:1900} INFO - Created Permission View: menu access on DAG Run:dataset_with_extra_from_classic_operator
[2024-09-27T15:46:18.205+0000] {logging_mixin.py:190} INFO - [2024-09-27T15:46:18.204+0000] {override.py:1900} INFO - Created Permission View: can read on DAG Run:dataset_with_extra_from_classic_operator
[2024-09-27T15:46:18.205+0000] {logging_mixin.py:190} INFO - [2024-09-27T15:46:18.205+0000] {dag.py:3239} INFO - Sync 3 DAGs
[2024-09-27T15:46:18.213+0000] {logging_mixin.py:190} INFO - [2024-09-27T15:46:18.212+0000] {dag.py:3262} INFO - Creating ORM DAG for dataset_with_extra_by_context
[2024-09-27T15:46:18.213+0000] {logging_mixin.py:190} INFO - [2024-09-27T15:46:18.213+0000] {dag.py:3262} INFO - Creating ORM DAG for dataset_with_extra_from_classic_operator
[2024-09-27T15:46:18.213+0000] {logging_mixin.py:190} INFO - [2024-09-27T15:46:18.213+0000] {dag.py:3262} INFO - Creating ORM DAG for dataset_with_extra_by_yield
[2024-09-27T15:46:18.219+0000] {logging_mixin.py:190} INFO - [2024-09-27T15:46:18.219+0000] {dag.py:4180} INFO - Setting next_dagrun for dataset_with_extra_by_context to 2024-09-26 00:00:00+00:00, run_after=2024-09-27 00:00:00+00:00
[2024-09-27T15:46:18.220+0000] {logging_mixin.py:190} INFO - [2024-09-27T15:46:18.220+0000] {dag.py:4180} INFO - Setting next_dagrun for dataset_with_extra_by_yield to 2024-09-26 00:00:00+00:00, run_after=2024-09-27 00:00:00+00:00
[2024-09-27T15:46:18.221+0000] {logging_mixin.py:190} INFO - [2024-09-27T15:46:18.221+0000] {dag.py:4180} INFO - Setting next_dagrun for dataset_with_extra_from_classic_operator to 2024-09-26 00:00:00+00:00, run_after=2024-09-27 00:00:00+00:00
[2024-09-27T15:46:18.234+0000] {processor.py:208} INFO - Processing /home/airflow/.local/lib/python3.12/site-packages/airflow/example_dags/example_outlet_event_extra.py took 0.566 seconds
[2024-09-27T15:46:49.054+0000] {processor.py:186} INFO - Started process (PID=109) to work on /home/airflow/.local/lib/python3.12/site-packages/airflow/example_dags/example_outlet_event_extra.py
[2024-09-27T15:46:49.056+0000] {processor.py:914} INFO - Processing file /home/airflow/.local/lib/python3.12/site-packages/airflow/example_dags/example_outlet_event_extra.py for tasks to queue
[2024-09-27T15:46:49.061+0000] {logging_mixin.py:190} INFO - [2024-09-27T15:46:49.061+0000] {dagbag.py:588} INFO - Filling up the DagBag from /home/airflow/.local/lib/python3.12/site-packages/airflow/example_dags/example_outlet_event_extra.py
[2024-09-27T15:46:49.232+0000] {processor.py:925} INFO - DAG(s) 'dataset_with_extra_from_classic_operator', 'dataset_with_extra_by_context', 'dataset_with_extra_by_yield' retrieved from /home/airflow/.local/lib/python3.12/site-packages/airflow/example_dags/example_outlet_event_extra.py
[2024-09-27T15:46:49.253+0000] {logging_mixin.py:190} INFO - [2024-09-27T15:46:49.253+0000] {dag.py:3239} INFO - Sync 3 DAGs
[2024-09-27T15:46:49.272+0000] {logging_mixin.py:190} INFO - [2024-09-27T15:46:49.272+0000] {dag.py:4180} INFO - Setting next_dagrun for dataset_with_extra_by_context to 2024-09-26 00:00:00+00:00, run_after=2024-09-27 00:00:00+00:00
[2024-09-27T15:46:49.277+0000] {logging_mixin.py:190} INFO - [2024-09-27T15:46:49.277+0000] {dag.py:4180} INFO - Setting next_dagrun for dataset_with_extra_by_yield to 2024-09-26 00:00:00+00:00, run_after=2024-09-27 00:00:00+00:00
[2024-09-27T15:46:49.279+0000] {logging_mixin.py:190} INFO - [2024-09-27T15:46:49.279+0000] {dag.py:4180} INFO - Setting next_dagrun for dataset_with_extra_from_classic_operator to 2024-09-26 00:00:00+00:00, run_after=2024-09-27 00:00:00+00:00
[2024-09-27T15:46:49.292+0000] {processor.py:208} INFO - Processing /home/airflow/.local/lib/python3.12/site-packages/airflow/example_dags/example_outlet_event_extra.py took 0.250 seconds
[2024-09-27T15:47:19.927+0000] {processor.py:186} INFO - Started process (PID=172) to work on /home/airflow/.local/lib/python3.12/site-packages/airflow/example_dags/example_outlet_event_extra.py
[2024-09-27T15:47:19.930+0000] {processor.py:914} INFO - Processing file /home/airflow/.local/lib/python3.12/site-packages/airflow/example_dags/example_outlet_event_extra.py for tasks to queue
[2024-09-27T15:47:19.932+0000] {logging_mixin.py:190} INFO - [2024-09-27T15:47:19.932+0000] {dagbag.py:588} INFO - Filling up the DagBag from /home/airflow/.local/lib/python3.12/site-packages/airflow/example_dags/example_outlet_event_extra.py
[2024-09-27T15:47:20.073+0000] {processor.py:925} INFO - DAG(s) 'dataset_with_extra_by_yield', 'dataset_with_extra_from_classic_operator', 'dataset_with_extra_by_context' retrieved from /home/airflow/.local/lib/python3.12/site-packages/airflow/example_dags/example_outlet_event_extra.py
[2024-09-27T15:47:20.087+0000] {logging_mixin.py:190} INFO - [2024-09-27T15:47:20.087+0000] {dag.py:3239} INFO - Sync 3 DAGs
[2024-09-27T15:47:20.103+0000] {logging_mixin.py:190} INFO - [2024-09-27T15:47:20.102+0000] {dag.py:4180} INFO - Setting next_dagrun for dataset_with_extra_by_context to 2024-09-26 00:00:00+00:00, run_after=2024-09-27 00:00:00+00:00
[2024-09-27T15:47:20.106+0000] {logging_mixin.py:190} INFO - [2024-09-27T15:47:20.105+0000] {dag.py:4180} INFO - Setting next_dagrun for dataset_with_extra_by_yield to 2024-09-26 00:00:00+00:00, run_after=2024-09-27 00:00:00+00:00
[2024-09-27T15:47:20.107+0000] {logging_mixin.py:190} INFO - [2024-09-27T15:47:20.107+0000] {dag.py:4180} INFO - Setting next_dagrun for dataset_with_extra_from_classic_operator to 2024-09-26 00:00:00+00:00, run_after=2024-09-27 00:00:00+00:00
[2024-09-27T15:47:20.119+0000] {processor.py:208} INFO - Processing /home/airflow/.local/lib/python3.12/site-packages/airflow/example_dags/example_outlet_event_extra.py took 0.198 seconds
[2024-09-27T15:47:50.915+0000] {processor.py:186} INFO - Started process (PID=235) to work on /home/airflow/.local/lib/python3.12/site-packages/airflow/example_dags/example_outlet_event_extra.py
[2024-09-27T15:47:50.923+0000] {processor.py:914} INFO - Processing file /home/airflow/.local/lib/python3.12/site-packages/airflow/example_dags/example_outlet_event_extra.py for tasks to queue
[2024-09-27T15:47:50.928+0000] {logging_mixin.py:190} INFO - [2024-09-27T15:47:50.927+0000] {dagbag.py:588} INFO - Filling up the DagBag from /home/airflow/.local/lib/python3.12/site-packages/airflow/example_dags/example_outlet_event_extra.py
[2024-09-27T15:47:51.078+0000] {processor.py:925} INFO - DAG(s) 'dataset_with_extra_by_context', 'dataset_with_extra_from_classic_operator', 'dataset_with_extra_by_yield' retrieved from /home/airflow/.local/lib/python3.12/site-packages/airflow/example_dags/example_outlet_event_extra.py
[2024-09-27T15:47:51.096+0000] {logging_mixin.py:190} INFO - [2024-09-27T15:47:51.096+0000] {dag.py:3239} INFO - Sync 3 DAGs
[2024-09-27T15:47:51.114+0000] {logging_mixin.py:190} INFO - [2024-09-27T15:47:51.114+0000] {dag.py:4180} INFO - Setting next_dagrun for dataset_with_extra_by_context to 2024-09-26 00:00:00+00:00, run_after=2024-09-27 00:00:00+00:00
[2024-09-27T15:47:51.117+0000] {logging_mixin.py:190} INFO - [2024-09-27T15:47:51.117+0000] {dag.py:4180} INFO - Setting next_dagrun for dataset_with_extra_by_yield to 2024-09-26 00:00:00+00:00, run_after=2024-09-27 00:00:00+00:00
[2024-09-27T15:47:51.121+0000] {logging_mixin.py:190} INFO - [2024-09-27T15:47:51.121+0000] {dag.py:4180} INFO - Setting next_dagrun for dataset_with_extra_from_classic_operator to 2024-09-26 00:00:00+00:00, run_after=2024-09-27 00:00:00+00:00
[2024-09-27T15:47:51.133+0000] {processor.py:208} INFO - Processing /home/airflow/.local/lib/python3.12/site-packages/airflow/example_dags/example_outlet_event_extra.py took 0.240 seconds
[2024-09-27T15:48:21.548+0000] {processor.py:186} INFO - Started process (PID=300) to work on /home/airflow/.local/lib/python3.12/site-packages/airflow/example_dags/example_outlet_event_extra.py
[2024-09-27T15:48:21.551+0000] {processor.py:914} INFO - Processing file /home/airflow/.local/lib/python3.12/site-packages/airflow/example_dags/example_outlet_event_extra.py for tasks to queue
[2024-09-27T15:48:21.555+0000] {logging_mixin.py:190} INFO - [2024-09-27T15:48:21.554+0000] {dagbag.py:588} INFO - Filling up the DagBag from /home/airflow/.local/lib/python3.12/site-packages/airflow/example_dags/example_outlet_event_extra.py
[2024-09-27T15:48:21.693+0000] {processor.py:925} INFO - DAG(s) 'dataset_with_extra_from_classic_operator', 'dataset_with_extra_by_yield', 'dataset_with_extra_by_context' retrieved from /home/airflow/.local/lib/python3.12/site-packages/airflow/example_dags/example_outlet_event_extra.py
[2024-09-27T15:48:21.708+0000] {logging_mixin.py:190} INFO - [2024-09-27T15:48:21.708+0000] {dag.py:3239} INFO - Sync 3 DAGs
[2024-09-27T15:48:21.721+0000] {logging_mixin.py:190} INFO - [2024-09-27T15:48:21.721+0000] {dag.py:4180} INFO - Setting next_dagrun for dataset_with_extra_by_context to 2024-09-26 00:00:00+00:00, run_after=2024-09-27 00:00:00+00:00
[2024-09-27T15:48:21.723+0000] {logging_mixin.py:190} INFO - [2024-09-27T15:48:21.723+0000] {dag.py:4180} INFO - Setting next_dagrun for dataset_with_extra_by_yield to 2024-09-26 00:00:00+00:00, run_after=2024-09-27 00:00:00+00:00
[2024-09-27T15:48:21.724+0000] {logging_mixin.py:190} INFO - [2024-09-27T15:48:21.724+0000] {dag.py:4180} INFO - Setting next_dagrun for dataset_with_extra_from_classic_operator to 2024-09-26 00:00:00+00:00, run_after=2024-09-27 00:00:00+00:00
[2024-09-27T15:48:21.734+0000] {processor.py:208} INFO - Processing /home/airflow/.local/lib/python3.12/site-packages/airflow/example_dags/example_outlet_event_extra.py took 0.191 seconds
[2024-09-27T15:48:52.211+0000] {processor.py:186} INFO - Started process (PID=361) to work on /home/airflow/.local/lib/python3.12/site-packages/airflow/example_dags/example_outlet_event_extra.py
[2024-09-27T15:48:52.214+0000] {processor.py:914} INFO - Processing file /home/airflow/.local/lib/python3.12/site-packages/airflow/example_dags/example_outlet_event_extra.py for tasks to queue
[2024-09-27T15:48:52.217+0000] {logging_mixin.py:190} INFO - [2024-09-27T15:48:52.216+0000] {dagbag.py:588} INFO - Filling up the DagBag from /home/airflow/.local/lib/python3.12/site-packages/airflow/example_dags/example_outlet_event_extra.py
[2024-09-27T15:48:52.348+0000] {processor.py:925} INFO - DAG(s) 'dataset_with_extra_by_context', 'dataset_with_extra_from_classic_operator', 'dataset_with_extra_by_yield' retrieved from /home/airflow/.local/lib/python3.12/site-packages/airflow/example_dags/example_outlet_event_extra.py
[2024-09-27T15:48:52.362+0000] {logging_mixin.py:190} INFO - [2024-09-27T15:48:52.362+0000] {dag.py:3239} INFO - Sync 3 DAGs
[2024-09-27T15:48:52.375+0000] {logging_mixin.py:190} INFO - [2024-09-27T15:48:52.374+0000] {dag.py:4180} INFO - Setting next_dagrun for dataset_with_extra_by_context to 2024-09-26 00:00:00+00:00, run_after=2024-09-27 00:00:00+00:00
[2024-09-27T15:48:52.378+0000] {logging_mixin.py:190} INFO - [2024-09-27T15:48:52.378+0000] {dag.py:4180} INFO - Setting next_dagrun for dataset_with_extra_by_yield to 2024-09-26 00:00:00+00:00, run_after=2024-09-27 00:00:00+00:00
[2024-09-27T15:48:52.380+0000] {logging_mixin.py:190} INFO - [2024-09-27T15:48:52.380+0000] {dag.py:4180} INFO - Setting next_dagrun for dataset_with_extra_from_classic_operator to 2024-09-26 00:00:00+00:00, run_after=2024-09-27 00:00:00+00:00
[2024-09-27T15:48:52.402+0000] {processor.py:208} INFO - Processing /home/airflow/.local/lib/python3.12/site-packages/airflow/example_dags/example_outlet_event_extra.py took 0.200 seconds
[2024-09-27T15:49:22.970+0000] {processor.py:186} INFO - Started process (PID=424) to work on /home/airflow/.local/lib/python3.12/site-packages/airflow/example_dags/example_outlet_event_extra.py
[2024-09-27T15:49:22.973+0000] {processor.py:914} INFO - Processing file /home/airflow/.local/lib/python3.12/site-packages/airflow/example_dags/example_outlet_event_extra.py for tasks to queue
[2024-09-27T15:49:22.977+0000] {logging_mixin.py:190} INFO - [2024-09-27T15:49:22.977+0000] {dagbag.py:588} INFO - Filling up the DagBag from /home/airflow/.local/lib/python3.12/site-packages/airflow/example_dags/example_outlet_event_extra.py
[2024-09-27T15:49:23.111+0000] {processor.py:925} INFO - DAG(s) 'dataset_with_extra_by_yield', 'dataset_with_extra_from_classic_operator', 'dataset_with_extra_by_context' retrieved from /home/airflow/.local/lib/python3.12/site-packages/airflow/example_dags/example_outlet_event_extra.py
[2024-09-27T15:49:23.125+0000] {logging_mixin.py:190} INFO - [2024-09-27T15:49:23.124+0000] {dag.py:3239} INFO - Sync 3 DAGs
[2024-09-27T15:49:23.137+0000] {logging_mixin.py:190} INFO - [2024-09-27T15:49:23.137+0000] {dag.py:4180} INFO - Setting next_dagrun for dataset_with_extra_by_context to 2024-09-26 00:00:00+00:00, run_after=2024-09-27 00:00:00+00:00
[2024-09-27T15:49:23.139+0000] {logging_mixin.py:190} INFO - [2024-09-27T15:49:23.139+0000] {dag.py:4180} INFO - Setting next_dagrun for dataset_with_extra_by_yield to 2024-09-26 00:00:00+00:00, run_after=2024-09-27 00:00:00+00:00
[2024-09-27T15:49:23.140+0000] {logging_mixin.py:190} INFO - [2024-09-27T15:49:23.140+0000] {dag.py:4180} INFO - Setting next_dagrun for dataset_with_extra_from_classic_operator to 2024-09-26 00:00:00+00:00, run_after=2024-09-27 00:00:00+00:00
[2024-09-27T15:49:23.149+0000] {processor.py:208} INFO - Processing /home/airflow/.local/lib/python3.12/site-packages/airflow/example_dags/example_outlet_event_extra.py took 0.192 seconds
[2024-09-27T15:49:53.687+0000] {processor.py:186} INFO - Started process (PID=487) to work on /home/airflow/.local/lib/python3.12/site-packages/airflow/example_dags/example_outlet_event_extra.py
[2024-09-27T15:49:53.689+0000] {processor.py:914} INFO - Processing file /home/airflow/.local/lib/python3.12/site-packages/airflow/example_dags/example_outlet_event_extra.py for tasks to queue
[2024-09-27T15:49:53.694+0000] {logging_mixin.py:190} INFO - [2024-09-27T15:49:53.694+0000] {dagbag.py:588} INFO - Filling up the DagBag from /home/airflow/.local/lib/python3.12/site-packages/airflow/example_dags/example_outlet_event_extra.py
[2024-09-27T15:49:53.852+0000] {processor.py:925} INFO - DAG(s) 'dataset_with_extra_by_yield', 'dataset_with_extra_from_classic_operator', 'dataset_with_extra_by_context' retrieved from /home/airflow/.local/lib/python3.12/site-packages/airflow/example_dags/example_outlet_event_extra.py
[2024-09-27T15:49:53.869+0000] {logging_mixin.py:190} INFO - [2024-09-27T15:49:53.869+0000] {dag.py:3239} INFO - Sync 3 DAGs
[2024-09-27T15:49:53.883+0000] {logging_mixin.py:190} INFO - [2024-09-27T15:49:53.882+0000] {dag.py:4180} INFO - Setting next_dagrun for dataset_with_extra_by_context to 2024-09-26 00:00:00+00:00, run_after=2024-09-27 00:00:00+00:00
[2024-09-27T15:49:53.885+0000] {logging_mixin.py:190} INFO - [2024-09-27T15:49:53.885+0000] {dag.py:4180} INFO - Setting next_dagrun for dataset_with_extra_by_yield to 2024-09-26 00:00:00+00:00, run_after=2024-09-27 00:00:00+00:00
[2024-09-27T15:49:53.887+0000] {logging_mixin.py:190} INFO - [2024-09-27T15:49:53.887+0000] {dag.py:4180} INFO - Setting next_dagrun for dataset_with_extra_from_classic_operator to 2024-09-26 00:00:00+00:00, run_after=2024-09-27 00:00:00+00:00
[2024-09-27T15:49:53.899+0000] {processor.py:208} INFO - Processing /home/airflow/.local/lib/python3.12/site-packages/airflow/example_dags/example_outlet_event_extra.py took 0.224 seconds
