[2024-09-27T15:46:19.887+0000] {processor.py:186} INFO - Started process (PID=73) to work on /home/airflow/.local/lib/python3.12/site-packages/airflow/example_dags/example_xcom.py
[2024-09-27T15:46:19.887+0000] {processor.py:914} INFO - Processing file /home/airflow/.local/lib/python3.12/site-packages/airflow/example_dags/example_xcom.py for tasks to queue
[2024-09-27T15:46:19.889+0000] {logging_mixin.py:190} INFO - [2024-09-27T15:46:19.888+0000] {dagbag.py:588} INFO - Filling up the DagBag from /home/airflow/.local/lib/python3.12/site-packages/airflow/example_dags/example_xcom.py
[2024-09-27T15:46:19.894+0000] {processor.py:925} INFO - DAG(s) 'example_xcom' retrieved from /home/airflow/.local/lib/python3.12/site-packages/airflow/example_dags/example_xcom.py
[2024-09-27T15:46:19.957+0000] {logging_mixin.py:190} INFO - [2024-09-27T15:46:19.956+0000] {override.py:1900} INFO - Created Permission View: can delete on DAG:example_xcom
[2024-09-27T15:46:19.966+0000] {logging_mixin.py:190} INFO - [2024-09-27T15:46:19.965+0000] {override.py:1900} INFO - Created Permission View: can read on DAG:example_xcom
[2024-09-27T15:46:19.969+0000] {logging_mixin.py:190} INFO - [2024-09-27T15:46:19.969+0000] {override.py:1900} INFO - Created Permission View: can edit on DAG:example_xcom
[2024-09-27T15:46:19.972+0000] {logging_mixin.py:190} INFO - [2024-09-27T15:46:19.972+0000] {override.py:1900} INFO - Created Permission View: can create on DAG Run:example_xcom
[2024-09-27T15:46:19.975+0000] {logging_mixin.py:190} INFO - [2024-09-27T15:46:19.975+0000] {override.py:1900} INFO - Created Permission View: can delete on DAG Run:example_xcom
[2024-09-27T15:46:19.978+0000] {logging_mixin.py:190} INFO - [2024-09-27T15:46:19.977+0000] {override.py:1900} INFO - Created Permission View: menu access on DAG Run:example_xcom
[2024-09-27T15:46:19.981+0000] {logging_mixin.py:190} INFO - [2024-09-27T15:46:19.980+0000] {override.py:1900} INFO - Created Permission View: can read on DAG Run:example_xcom
[2024-09-27T15:46:19.981+0000] {logging_mixin.py:190} INFO - [2024-09-27T15:46:19.981+0000] {dag.py:3239} INFO - Sync 1 DAGs
[2024-09-27T15:46:19.988+0000] {logging_mixin.py:190} INFO - [2024-09-27T15:46:19.988+0000] {dag.py:3262} INFO - Creating ORM DAG for example_xcom
[2024-09-27T15:46:19.994+0000] {logging_mixin.py:190} INFO - [2024-09-27T15:46:19.993+0000] {dag.py:4180} INFO - Setting next_dagrun for example_xcom to 2021-01-01 00:00:00+00:00, run_after=2021-01-01 00:00:00+00:00
[2024-09-27T15:46:20.001+0000] {processor.py:208} INFO - Processing /home/airflow/.local/lib/python3.12/site-packages/airflow/example_dags/example_xcom.py took 0.117 seconds
[2024-09-27T15:46:50.146+0000] {processor.py:186} INFO - Started process (PID=136) to work on /home/airflow/.local/lib/python3.12/site-packages/airflow/example_dags/example_xcom.py
[2024-09-27T15:46:50.147+0000] {processor.py:914} INFO - Processing file /home/airflow/.local/lib/python3.12/site-packages/airflow/example_dags/example_xcom.py for tasks to queue
[2024-09-27T15:46:50.148+0000] {logging_mixin.py:190} INFO - [2024-09-27T15:46:50.148+0000] {dagbag.py:588} INFO - Filling up the DagBag from /home/airflow/.local/lib/python3.12/site-packages/airflow/example_dags/example_xcom.py
[2024-09-27T15:46:50.153+0000] {processor.py:925} INFO - DAG(s) 'example_xcom' retrieved from /home/airflow/.local/lib/python3.12/site-packages/airflow/example_dags/example_xcom.py
[2024-09-27T15:46:50.165+0000] {logging_mixin.py:190} INFO - [2024-09-27T15:46:50.165+0000] {dag.py:3239} INFO - Sync 1 DAGs
[2024-09-27T15:46:50.177+0000] {logging_mixin.py:190} INFO - [2024-09-27T15:46:50.177+0000] {dag.py:4180} INFO - Setting next_dagrun for example_xcom to 2021-01-01 00:00:00+00:00, run_after=2021-01-01 00:00:00+00:00
[2024-09-27T15:46:50.185+0000] {processor.py:208} INFO - Processing /home/airflow/.local/lib/python3.12/site-packages/airflow/example_dags/example_xcom.py took 0.042 seconds
[2024-09-27T15:47:21.061+0000] {processor.py:186} INFO - Started process (PID=199) to work on /home/airflow/.local/lib/python3.12/site-packages/airflow/example_dags/example_xcom.py
[2024-09-27T15:47:21.062+0000] {processor.py:914} INFO - Processing file /home/airflow/.local/lib/python3.12/site-packages/airflow/example_dags/example_xcom.py for tasks to queue
[2024-09-27T15:47:21.063+0000] {logging_mixin.py:190} INFO - [2024-09-27T15:47:21.063+0000] {dagbag.py:588} INFO - Filling up the DagBag from /home/airflow/.local/lib/python3.12/site-packages/airflow/example_dags/example_xcom.py
[2024-09-27T15:47:21.068+0000] {processor.py:925} INFO - DAG(s) 'example_xcom' retrieved from /home/airflow/.local/lib/python3.12/site-packages/airflow/example_dags/example_xcom.py
[2024-09-27T15:47:21.079+0000] {logging_mixin.py:190} INFO - [2024-09-27T15:47:21.078+0000] {dag.py:3239} INFO - Sync 1 DAGs
[2024-09-27T15:47:21.090+0000] {logging_mixin.py:190} INFO - [2024-09-27T15:47:21.089+0000] {dag.py:4180} INFO - Setting next_dagrun for example_xcom to 2021-01-01 00:00:00+00:00, run_after=2021-01-01 00:00:00+00:00
[2024-09-27T15:47:21.098+0000] {processor.py:208} INFO - Processing /home/airflow/.local/lib/python3.12/site-packages/airflow/example_dags/example_xcom.py took 0.040 seconds
[2024-09-27T15:47:52.127+0000] {processor.py:186} INFO - Started process (PID=262) to work on /home/airflow/.local/lib/python3.12/site-packages/airflow/example_dags/example_xcom.py
[2024-09-27T15:47:52.128+0000] {processor.py:914} INFO - Processing file /home/airflow/.local/lib/python3.12/site-packages/airflow/example_dags/example_xcom.py for tasks to queue
[2024-09-27T15:47:52.130+0000] {logging_mixin.py:190} INFO - [2024-09-27T15:47:52.130+0000] {dagbag.py:588} INFO - Filling up the DagBag from /home/airflow/.local/lib/python3.12/site-packages/airflow/example_dags/example_xcom.py
[2024-09-27T15:47:52.135+0000] {processor.py:925} INFO - DAG(s) 'example_xcom' retrieved from /home/airflow/.local/lib/python3.12/site-packages/airflow/example_dags/example_xcom.py
[2024-09-27T15:47:52.147+0000] {logging_mixin.py:190} INFO - [2024-09-27T15:47:52.147+0000] {dag.py:3239} INFO - Sync 1 DAGs
[2024-09-27T15:47:52.159+0000] {logging_mixin.py:190} INFO - [2024-09-27T15:47:52.159+0000] {dag.py:4180} INFO - Setting next_dagrun for example_xcom to 2021-01-01 00:00:00+00:00, run_after=2021-01-01 00:00:00+00:00
[2024-09-27T15:47:52.169+0000] {processor.py:208} INFO - Processing /home/airflow/.local/lib/python3.12/site-packages/airflow/example_dags/example_xcom.py took 0.044 seconds
[2024-09-27T15:48:22.750+0000] {processor.py:186} INFO - Started process (PID=325) to work on /home/airflow/.local/lib/python3.12/site-packages/airflow/example_dags/example_xcom.py
[2024-09-27T15:48:22.751+0000] {processor.py:914} INFO - Processing file /home/airflow/.local/lib/python3.12/site-packages/airflow/example_dags/example_xcom.py for tasks to queue
[2024-09-27T15:48:22.752+0000] {logging_mixin.py:190} INFO - [2024-09-27T15:48:22.752+0000] {dagbag.py:588} INFO - Filling up the DagBag from /home/airflow/.local/lib/python3.12/site-packages/airflow/example_dags/example_xcom.py
[2024-09-27T15:48:22.757+0000] {processor.py:925} INFO - DAG(s) 'example_xcom' retrieved from /home/airflow/.local/lib/python3.12/site-packages/airflow/example_dags/example_xcom.py
[2024-09-27T15:48:22.768+0000] {logging_mixin.py:190} INFO - [2024-09-27T15:48:22.768+0000] {dag.py:3239} INFO - Sync 1 DAGs
[2024-09-27T15:48:22.779+0000] {logging_mixin.py:190} INFO - [2024-09-27T15:48:22.779+0000] {dag.py:4180} INFO - Setting next_dagrun for example_xcom to 2021-01-01 00:00:00+00:00, run_after=2021-01-01 00:00:00+00:00
[2024-09-27T15:48:22.789+0000] {processor.py:208} INFO - Processing /home/airflow/.local/lib/python3.12/site-packages/airflow/example_dags/example_xcom.py took 0.042 seconds
[2024-09-27T15:48:53.167+0000] {processor.py:186} INFO - Started process (PID=388) to work on /home/airflow/.local/lib/python3.12/site-packages/airflow/example_dags/example_xcom.py
[2024-09-27T15:48:53.168+0000] {processor.py:914} INFO - Processing file /home/airflow/.local/lib/python3.12/site-packages/airflow/example_dags/example_xcom.py for tasks to queue
[2024-09-27T15:48:53.169+0000] {logging_mixin.py:190} INFO - [2024-09-27T15:48:53.169+0000] {dagbag.py:588} INFO - Filling up the DagBag from /home/airflow/.local/lib/python3.12/site-packages/airflow/example_dags/example_xcom.py
[2024-09-27T15:48:53.175+0000] {processor.py:925} INFO - DAG(s) 'example_xcom' retrieved from /home/airflow/.local/lib/python3.12/site-packages/airflow/example_dags/example_xcom.py
[2024-09-27T15:48:53.188+0000] {logging_mixin.py:190} INFO - [2024-09-27T15:48:53.188+0000] {dag.py:3239} INFO - Sync 1 DAGs
[2024-09-27T15:48:53.201+0000] {logging_mixin.py:190} INFO - [2024-09-27T15:48:53.201+0000] {dag.py:4180} INFO - Setting next_dagrun for example_xcom to 2021-01-01 00:00:00+00:00, run_after=2021-01-01 00:00:00+00:00
[2024-09-27T15:48:53.209+0000] {processor.py:208} INFO - Processing /home/airflow/.local/lib/python3.12/site-packages/airflow/example_dags/example_xcom.py took 0.044 seconds
[2024-09-27T15:49:24.062+0000] {processor.py:186} INFO - Started process (PID=451) to work on /home/airflow/.local/lib/python3.12/site-packages/airflow/example_dags/example_xcom.py
[2024-09-27T15:49:24.063+0000] {processor.py:914} INFO - Processing file /home/airflow/.local/lib/python3.12/site-packages/airflow/example_dags/example_xcom.py for tasks to queue
[2024-09-27T15:49:24.064+0000] {logging_mixin.py:190} INFO - [2024-09-27T15:49:24.064+0000] {dagbag.py:588} INFO - Filling up the DagBag from /home/airflow/.local/lib/python3.12/site-packages/airflow/example_dags/example_xcom.py
[2024-09-27T15:49:24.069+0000] {processor.py:925} INFO - DAG(s) 'example_xcom' retrieved from /home/airflow/.local/lib/python3.12/site-packages/airflow/example_dags/example_xcom.py
[2024-09-27T15:49:24.080+0000] {logging_mixin.py:190} INFO - [2024-09-27T15:49:24.080+0000] {dag.py:3239} INFO - Sync 1 DAGs
[2024-09-27T15:49:24.092+0000] {logging_mixin.py:190} INFO - [2024-09-27T15:49:24.092+0000] {dag.py:4180} INFO - Setting next_dagrun for example_xcom to 2021-01-01 00:00:00+00:00, run_after=2021-01-01 00:00:00+00:00
[2024-09-27T15:49:24.100+0000] {processor.py:208} INFO - Processing /home/airflow/.local/lib/python3.12/site-packages/airflow/example_dags/example_xcom.py took 0.041 seconds
[2024-09-27T15:49:54.796+0000] {processor.py:186} INFO - Started process (PID=514) to work on /home/airflow/.local/lib/python3.12/site-packages/airflow/example_dags/example_xcom.py
[2024-09-27T15:49:54.796+0000] {processor.py:914} INFO - Processing file /home/airflow/.local/lib/python3.12/site-packages/airflow/example_dags/example_xcom.py for tasks to queue
[2024-09-27T15:49:54.798+0000] {logging_mixin.py:190} INFO - [2024-09-27T15:49:54.798+0000] {dagbag.py:588} INFO - Filling up the DagBag from /home/airflow/.local/lib/python3.12/site-packages/airflow/example_dags/example_xcom.py
[2024-09-27T15:49:54.802+0000] {processor.py:925} INFO - DAG(s) 'example_xcom' retrieved from /home/airflow/.local/lib/python3.12/site-packages/airflow/example_dags/example_xcom.py
[2024-09-27T15:49:54.811+0000] {logging_mixin.py:190} INFO - [2024-09-27T15:49:54.811+0000] {dag.py:3239} INFO - Sync 1 DAGs
[2024-09-27T15:49:54.821+0000] {logging_mixin.py:190} INFO - [2024-09-27T15:49:54.821+0000] {dag.py:4180} INFO - Setting next_dagrun for example_xcom to 2021-01-01 00:00:00+00:00, run_after=2021-01-01 00:00:00+00:00
[2024-09-27T15:49:54.830+0000] {processor.py:208} INFO - Processing /home/airflow/.local/lib/python3.12/site-packages/airflow/example_dags/example_xcom.py took 0.037 seconds
