[2024-09-27T15:46:19.327+0000] {processor.py:186} INFO - Started process (PID=67) to work on /home/airflow/.local/lib/python3.12/site-packages/airflow/example_dags/example_dataset_alias.py
[2024-09-27T15:46:19.328+0000] {processor.py:914} INFO - Processing file /home/airflow/.local/lib/python3.12/site-packages/airflow/example_dags/example_dataset_alias.py for tasks to queue
[2024-09-27T15:46:19.330+0000] {logging_mixin.py:190} INFO - [2024-09-27T15:46:19.329+0000] {dagbag.py:588} INFO - Filling up the DagBag from /home/airflow/.local/lib/python3.12/site-packages/airflow/example_dags/example_dataset_alias.py
[2024-09-27T15:46:19.417+0000] {processor.py:925} INFO - DAG(s) 'dataset_alias_example_alias_consumer', 'dataset_alias_example_alias_producer', 'dataset_s3_bucket_producer', 'dataset_s3_bucket_consumer' retrieved from /home/airflow/.local/lib/python3.12/site-packages/airflow/example_dags/example_dataset_alias.py
[2024-09-27T15:46:19.467+0000] {logging_mixin.py:190} INFO - [2024-09-27T15:46:19.466+0000] {override.py:1900} INFO - Created Permission View: can delete on DAG:dataset_alias_example_alias_consumer
[2024-09-27T15:46:19.475+0000] {logging_mixin.py:190} INFO - [2024-09-27T15:46:19.474+0000] {override.py:1900} INFO - Created Permission View: can read on DAG:dataset_alias_example_alias_consumer
[2024-09-27T15:46:19.491+0000] {logging_mixin.py:190} INFO - [2024-09-27T15:46:19.491+0000] {override.py:1900} INFO - Created Permission View: can edit on DAG:dataset_alias_example_alias_consumer
[2024-09-27T15:46:19.502+0000] {logging_mixin.py:190} INFO - [2024-09-27T15:46:19.501+0000] {override.py:1900} INFO - Created Permission View: can create on DAG Run:dataset_alias_example_alias_consumer
[2024-09-27T15:46:19.507+0000] {logging_mixin.py:190} INFO - [2024-09-27T15:46:19.507+0000] {override.py:1900} INFO - Created Permission View: can delete on DAG Run:dataset_alias_example_alias_consumer
[2024-09-27T15:46:19.510+0000] {logging_mixin.py:190} INFO - [2024-09-27T15:46:19.510+0000] {override.py:1900} INFO - Created Permission View: menu access on DAG Run:dataset_alias_example_alias_consumer
[2024-09-27T15:46:19.517+0000] {logging_mixin.py:190} INFO - [2024-09-27T15:46:19.517+0000] {override.py:1900} INFO - Created Permission View: can read on DAG Run:dataset_alias_example_alias_consumer
[2024-09-27T15:46:19.526+0000] {logging_mixin.py:190} INFO - [2024-09-27T15:46:19.525+0000] {override.py:1900} INFO - Created Permission View: can delete on DAG:dataset_alias_example_alias_producer
[2024-09-27T15:46:19.528+0000] {logging_mixin.py:190} INFO - [2024-09-27T15:46:19.528+0000] {override.py:1900} INFO - Created Permission View: can read on DAG:dataset_alias_example_alias_producer
[2024-09-27T15:46:19.531+0000] {logging_mixin.py:190} INFO - [2024-09-27T15:46:19.531+0000] {override.py:1900} INFO - Created Permission View: can edit on DAG:dataset_alias_example_alias_producer
[2024-09-27T15:46:19.533+0000] {logging_mixin.py:190} INFO - [2024-09-27T15:46:19.533+0000] {override.py:1900} INFO - Created Permission View: can create on DAG Run:dataset_alias_example_alias_producer
[2024-09-27T15:46:19.536+0000] {logging_mixin.py:190} INFO - [2024-09-27T15:46:19.536+0000] {override.py:1900} INFO - Created Permission View: can delete on DAG Run:dataset_alias_example_alias_producer
[2024-09-27T15:46:19.538+0000] {logging_mixin.py:190} INFO - [2024-09-27T15:46:19.538+0000] {override.py:1900} INFO - Created Permission View: menu access on DAG Run:dataset_alias_example_alias_producer
[2024-09-27T15:46:19.540+0000] {logging_mixin.py:190} INFO - [2024-09-27T15:46:19.540+0000] {override.py:1900} INFO - Created Permission View: can read on DAG Run:dataset_alias_example_alias_producer
[2024-09-27T15:46:19.546+0000] {logging_mixin.py:190} INFO - [2024-09-27T15:46:19.545+0000] {override.py:1900} INFO - Created Permission View: can delete on DAG:dataset_s3_bucket_producer
[2024-09-27T15:46:19.548+0000] {logging_mixin.py:190} INFO - [2024-09-27T15:46:19.548+0000] {override.py:1900} INFO - Created Permission View: can read on DAG:dataset_s3_bucket_producer
[2024-09-27T15:46:19.552+0000] {logging_mixin.py:190} INFO - [2024-09-27T15:46:19.552+0000] {override.py:1900} INFO - Created Permission View: can edit on DAG:dataset_s3_bucket_producer
[2024-09-27T15:46:19.555+0000] {logging_mixin.py:190} INFO - [2024-09-27T15:46:19.555+0000] {override.py:1900} INFO - Created Permission View: can create on DAG Run:dataset_s3_bucket_producer
[2024-09-27T15:46:19.559+0000] {logging_mixin.py:190} INFO - [2024-09-27T15:46:19.559+0000] {override.py:1900} INFO - Created Permission View: can delete on DAG Run:dataset_s3_bucket_producer
[2024-09-27T15:46:19.562+0000] {logging_mixin.py:190} INFO - [2024-09-27T15:46:19.562+0000] {override.py:1900} INFO - Created Permission View: menu access on DAG Run:dataset_s3_bucket_producer
[2024-09-27T15:46:19.565+0000] {logging_mixin.py:190} INFO - [2024-09-27T15:46:19.565+0000] {override.py:1900} INFO - Created Permission View: can read on DAG Run:dataset_s3_bucket_producer
[2024-09-27T15:46:19.571+0000] {logging_mixin.py:190} INFO - [2024-09-27T15:46:19.571+0000] {override.py:1900} INFO - Created Permission View: can delete on DAG:dataset_s3_bucket_consumer
[2024-09-27T15:46:19.574+0000] {logging_mixin.py:190} INFO - [2024-09-27T15:46:19.574+0000] {override.py:1900} INFO - Created Permission View: can read on DAG:dataset_s3_bucket_consumer
[2024-09-27T15:46:19.578+0000] {logging_mixin.py:190} INFO - [2024-09-27T15:46:19.577+0000] {override.py:1900} INFO - Created Permission View: can edit on DAG:dataset_s3_bucket_consumer
[2024-09-27T15:46:19.581+0000] {logging_mixin.py:190} INFO - [2024-09-27T15:46:19.580+0000] {override.py:1900} INFO - Created Permission View: can create on DAG Run:dataset_s3_bucket_consumer
[2024-09-27T15:46:19.583+0000] {logging_mixin.py:190} INFO - [2024-09-27T15:46:19.583+0000] {override.py:1900} INFO - Created Permission View: can delete on DAG Run:dataset_s3_bucket_consumer
[2024-09-27T15:46:19.586+0000] {logging_mixin.py:190} INFO - [2024-09-27T15:46:19.586+0000] {override.py:1900} INFO - Created Permission View: menu access on DAG Run:dataset_s3_bucket_consumer
[2024-09-27T15:46:19.589+0000] {logging_mixin.py:190} INFO - [2024-09-27T15:46:19.588+0000] {override.py:1900} INFO - Created Permission View: can read on DAG Run:dataset_s3_bucket_consumer
[2024-09-27T15:46:19.589+0000] {logging_mixin.py:190} INFO - [2024-09-27T15:46:19.589+0000] {dag.py:3239} INFO - Sync 4 DAGs
[2024-09-27T15:46:19.595+0000] {logging_mixin.py:190} INFO - [2024-09-27T15:46:19.595+0000] {dag.py:3262} INFO - Creating ORM DAG for dataset_alias_example_alias_producer
[2024-09-27T15:46:19.596+0000] {logging_mixin.py:190} INFO - [2024-09-27T15:46:19.596+0000] {dag.py:3262} INFO - Creating ORM DAG for dataset_s3_bucket_producer
[2024-09-27T15:46:19.596+0000] {logging_mixin.py:190} INFO - [2024-09-27T15:46:19.596+0000] {dag.py:3262} INFO - Creating ORM DAG for dataset_s3_bucket_consumer
[2024-09-27T15:46:19.596+0000] {logging_mixin.py:190} INFO - [2024-09-27T15:46:19.596+0000] {dag.py:3262} INFO - Creating ORM DAG for dataset_alias_example_alias_consumer
[2024-09-27T15:46:19.601+0000] {logging_mixin.py:190} INFO - [2024-09-27T15:46:19.601+0000] {dag.py:4180} INFO - Setting next_dagrun for dataset_alias_example_alias_consumer to None, run_after=None
[2024-09-27T15:46:19.601+0000] {logging_mixin.py:190} INFO - [2024-09-27T15:46:19.601+0000] {dag.py:4180} INFO - Setting next_dagrun for dataset_alias_example_alias_producer to None, run_after=None
[2024-09-27T15:46:19.602+0000] {logging_mixin.py:190} INFO - [2024-09-27T15:46:19.602+0000] {dag.py:4180} INFO - Setting next_dagrun for dataset_s3_bucket_consumer to None, run_after=None
[2024-09-27T15:46:19.602+0000] {logging_mixin.py:190} INFO - [2024-09-27T15:46:19.602+0000] {dag.py:4180} INFO - Setting next_dagrun for dataset_s3_bucket_producer to None, run_after=None
[2024-09-27T15:46:19.616+0000] {processor.py:208} INFO - Processing /home/airflow/.local/lib/python3.12/site-packages/airflow/example_dags/example_dataset_alias.py took 0.292 seconds
[2024-09-27T15:46:49.888+0000] {processor.py:186} INFO - Started process (PID=131) to work on /home/airflow/.local/lib/python3.12/site-packages/airflow/example_dags/example_dataset_alias.py
[2024-09-27T15:46:49.889+0000] {processor.py:914} INFO - Processing file /home/airflow/.local/lib/python3.12/site-packages/airflow/example_dags/example_dataset_alias.py for tasks to queue
[2024-09-27T15:46:49.890+0000] {logging_mixin.py:190} INFO - [2024-09-27T15:46:49.890+0000] {dagbag.py:588} INFO - Filling up the DagBag from /home/airflow/.local/lib/python3.12/site-packages/airflow/example_dags/example_dataset_alias.py
[2024-09-27T15:46:49.984+0000] {processor.py:925} INFO - DAG(s) 'dataset_s3_bucket_producer', 'dataset_s3_bucket_consumer', 'dataset_alias_example_alias_consumer', 'dataset_alias_example_alias_producer' retrieved from /home/airflow/.local/lib/python3.12/site-packages/airflow/example_dags/example_dataset_alias.py
[2024-09-27T15:46:49.993+0000] {logging_mixin.py:190} INFO - [2024-09-27T15:46:49.993+0000] {dag.py:3239} INFO - Sync 4 DAGs
[2024-09-27T15:46:50.004+0000] {logging_mixin.py:190} INFO - [2024-09-27T15:46:50.004+0000] {dag.py:4180} INFO - Setting next_dagrun for dataset_alias_example_alias_consumer to None, run_after=None
[2024-09-27T15:46:50.006+0000] {logging_mixin.py:190} INFO - [2024-09-27T15:46:50.006+0000] {dag.py:4180} INFO - Setting next_dagrun for dataset_alias_example_alias_producer to None, run_after=None
[2024-09-27T15:46:50.006+0000] {logging_mixin.py:190} INFO - [2024-09-27T15:46:50.006+0000] {dag.py:4180} INFO - Setting next_dagrun for dataset_s3_bucket_consumer to None, run_after=None
[2024-09-27T15:46:50.007+0000] {logging_mixin.py:190} INFO - [2024-09-27T15:46:50.007+0000] {dag.py:4180} INFO - Setting next_dagrun for dataset_s3_bucket_producer to None, run_after=None
[2024-09-27T15:46:50.017+0000] {processor.py:208} INFO - Processing /home/airflow/.local/lib/python3.12/site-packages/airflow/example_dags/example_dataset_alias.py took 0.133 seconds
[2024-09-27T15:47:20.762+0000] {processor.py:186} INFO - Started process (PID=193) to work on /home/airflow/.local/lib/python3.12/site-packages/airflow/example_dags/example_dataset_alias.py
[2024-09-27T15:47:20.763+0000] {processor.py:914} INFO - Processing file /home/airflow/.local/lib/python3.12/site-packages/airflow/example_dags/example_dataset_alias.py for tasks to queue
[2024-09-27T15:47:20.764+0000] {logging_mixin.py:190} INFO - [2024-09-27T15:47:20.764+0000] {dagbag.py:588} INFO - Filling up the DagBag from /home/airflow/.local/lib/python3.12/site-packages/airflow/example_dags/example_dataset_alias.py
[2024-09-27T15:47:20.848+0000] {processor.py:925} INFO - DAG(s) 'dataset_alias_example_alias_consumer', 'dataset_s3_bucket_producer', 'dataset_s3_bucket_consumer', 'dataset_alias_example_alias_producer' retrieved from /home/airflow/.local/lib/python3.12/site-packages/airflow/example_dags/example_dataset_alias.py
[2024-09-27T15:47:20.859+0000] {logging_mixin.py:190} INFO - [2024-09-27T15:47:20.859+0000] {dag.py:3239} INFO - Sync 4 DAGs
[2024-09-27T15:47:20.871+0000] {logging_mixin.py:190} INFO - [2024-09-27T15:47:20.871+0000] {dag.py:4180} INFO - Setting next_dagrun for dataset_alias_example_alias_consumer to None, run_after=None
[2024-09-27T15:47:20.873+0000] {logging_mixin.py:190} INFO - [2024-09-27T15:47:20.873+0000] {dag.py:4180} INFO - Setting next_dagrun for dataset_alias_example_alias_producer to None, run_after=None
[2024-09-27T15:47:20.873+0000] {logging_mixin.py:190} INFO - [2024-09-27T15:47:20.873+0000] {dag.py:4180} INFO - Setting next_dagrun for dataset_s3_bucket_consumer to None, run_after=None
[2024-09-27T15:47:20.874+0000] {logging_mixin.py:190} INFO - [2024-09-27T15:47:20.874+0000] {dag.py:4180} INFO - Setting next_dagrun for dataset_s3_bucket_producer to None, run_after=None
[2024-09-27T15:47:20.884+0000] {processor.py:208} INFO - Processing /home/airflow/.local/lib/python3.12/site-packages/airflow/example_dags/example_dataset_alias.py took 0.125 seconds
[2024-09-27T15:47:51.799+0000] {processor.py:186} INFO - Started process (PID=256) to work on /home/airflow/.local/lib/python3.12/site-packages/airflow/example_dags/example_dataset_alias.py
[2024-09-27T15:47:51.800+0000] {processor.py:914} INFO - Processing file /home/airflow/.local/lib/python3.12/site-packages/airflow/example_dags/example_dataset_alias.py for tasks to queue
[2024-09-27T15:47:51.802+0000] {logging_mixin.py:190} INFO - [2024-09-27T15:47:51.802+0000] {dagbag.py:588} INFO - Filling up the DagBag from /home/airflow/.local/lib/python3.12/site-packages/airflow/example_dags/example_dataset_alias.py
[2024-09-27T15:47:51.889+0000] {processor.py:925} INFO - DAG(s) 'dataset_s3_bucket_consumer', 'dataset_s3_bucket_producer', 'dataset_alias_example_alias_consumer', 'dataset_alias_example_alias_producer' retrieved from /home/airflow/.local/lib/python3.12/site-packages/airflow/example_dags/example_dataset_alias.py
[2024-09-27T15:47:51.900+0000] {logging_mixin.py:190} INFO - [2024-09-27T15:47:51.900+0000] {dag.py:3239} INFO - Sync 4 DAGs
[2024-09-27T15:47:51.914+0000] {logging_mixin.py:190} INFO - [2024-09-27T15:47:51.914+0000] {dag.py:4180} INFO - Setting next_dagrun for dataset_alias_example_alias_consumer to None, run_after=None
[2024-09-27T15:47:51.915+0000] {logging_mixin.py:190} INFO - [2024-09-27T15:47:51.915+0000] {dag.py:4180} INFO - Setting next_dagrun for dataset_alias_example_alias_producer to None, run_after=None
[2024-09-27T15:47:51.916+0000] {logging_mixin.py:190} INFO - [2024-09-27T15:47:51.916+0000] {dag.py:4180} INFO - Setting next_dagrun for dataset_s3_bucket_consumer to None, run_after=None
[2024-09-27T15:47:51.916+0000] {logging_mixin.py:190} INFO - [2024-09-27T15:47:51.916+0000] {dag.py:4180} INFO - Setting next_dagrun for dataset_s3_bucket_producer to None, run_after=None
[2024-09-27T15:47:51.928+0000] {processor.py:208} INFO - Processing /home/airflow/.local/lib/python3.12/site-packages/airflow/example_dags/example_dataset_alias.py took 0.134 seconds
[2024-09-27T15:48:22.396+0000] {processor.py:186} INFO - Started process (PID=319) to work on /home/airflow/.local/lib/python3.12/site-packages/airflow/example_dags/example_dataset_alias.py
[2024-09-27T15:48:22.397+0000] {processor.py:914} INFO - Processing file /home/airflow/.local/lib/python3.12/site-packages/airflow/example_dags/example_dataset_alias.py for tasks to queue
[2024-09-27T15:48:22.398+0000] {logging_mixin.py:190} INFO - [2024-09-27T15:48:22.398+0000] {dagbag.py:588} INFO - Filling up the DagBag from /home/airflow/.local/lib/python3.12/site-packages/airflow/example_dags/example_dataset_alias.py
[2024-09-27T15:48:22.500+0000] {processor.py:925} INFO - DAG(s) 'dataset_alias_example_alias_consumer', 'dataset_s3_bucket_producer', 'dataset_s3_bucket_consumer', 'dataset_alias_example_alias_producer' retrieved from /home/airflow/.local/lib/python3.12/site-packages/airflow/example_dags/example_dataset_alias.py
[2024-09-27T15:48:22.510+0000] {logging_mixin.py:190} INFO - [2024-09-27T15:48:22.510+0000] {dag.py:3239} INFO - Sync 4 DAGs
[2024-09-27T15:48:22.526+0000] {logging_mixin.py:190} INFO - [2024-09-27T15:48:22.526+0000] {dag.py:4180} INFO - Setting next_dagrun for dataset_alias_example_alias_consumer to None, run_after=None
[2024-09-27T15:48:22.528+0000] {logging_mixin.py:190} INFO - [2024-09-27T15:48:22.528+0000] {dag.py:4180} INFO - Setting next_dagrun for dataset_alias_example_alias_producer to None, run_after=None
[2024-09-27T15:48:22.529+0000] {logging_mixin.py:190} INFO - [2024-09-27T15:48:22.529+0000] {dag.py:4180} INFO - Setting next_dagrun for dataset_s3_bucket_consumer to None, run_after=None
[2024-09-27T15:48:22.529+0000] {logging_mixin.py:190} INFO - [2024-09-27T15:48:22.529+0000] {dag.py:4180} INFO - Setting next_dagrun for dataset_s3_bucket_producer to None, run_after=None
[2024-09-27T15:48:22.545+0000] {processor.py:208} INFO - Processing /home/airflow/.local/lib/python3.12/site-packages/airflow/example_dags/example_dataset_alias.py took 0.154 seconds
[2024-09-27T15:48:52.921+0000] {processor.py:186} INFO - Started process (PID=382) to work on /home/airflow/.local/lib/python3.12/site-packages/airflow/example_dags/example_dataset_alias.py
[2024-09-27T15:48:52.921+0000] {processor.py:914} INFO - Processing file /home/airflow/.local/lib/python3.12/site-packages/airflow/example_dags/example_dataset_alias.py for tasks to queue
[2024-09-27T15:48:52.923+0000] {logging_mixin.py:190} INFO - [2024-09-27T15:48:52.923+0000] {dagbag.py:588} INFO - Filling up the DagBag from /home/airflow/.local/lib/python3.12/site-packages/airflow/example_dags/example_dataset_alias.py
[2024-09-27T15:48:53.005+0000] {processor.py:925} INFO - DAG(s) 'dataset_alias_example_alias_producer', 'dataset_s3_bucket_consumer', 'dataset_alias_example_alias_consumer', 'dataset_s3_bucket_producer' retrieved from /home/airflow/.local/lib/python3.12/site-packages/airflow/example_dags/example_dataset_alias.py
[2024-09-27T15:48:53.014+0000] {logging_mixin.py:190} INFO - [2024-09-27T15:48:53.014+0000] {dag.py:3239} INFO - Sync 4 DAGs
[2024-09-27T15:48:53.026+0000] {logging_mixin.py:190} INFO - [2024-09-27T15:48:53.026+0000] {dag.py:4180} INFO - Setting next_dagrun for dataset_alias_example_alias_consumer to None, run_after=None
[2024-09-27T15:48:53.029+0000] {logging_mixin.py:190} INFO - [2024-09-27T15:48:53.029+0000] {dag.py:4180} INFO - Setting next_dagrun for dataset_alias_example_alias_producer to None, run_after=None
[2024-09-27T15:48:53.029+0000] {logging_mixin.py:190} INFO - [2024-09-27T15:48:53.029+0000] {dag.py:4180} INFO - Setting next_dagrun for dataset_s3_bucket_consumer to None, run_after=None
[2024-09-27T15:48:53.030+0000] {logging_mixin.py:190} INFO - [2024-09-27T15:48:53.030+0000] {dag.py:4180} INFO - Setting next_dagrun for dataset_s3_bucket_producer to None, run_after=None
[2024-09-27T15:48:53.039+0000] {processor.py:208} INFO - Processing /home/airflow/.local/lib/python3.12/site-packages/airflow/example_dags/example_dataset_alias.py took 0.122 seconds
[2024-09-27T15:49:23.742+0000] {processor.py:186} INFO - Started process (PID=445) to work on /home/airflow/.local/lib/python3.12/site-packages/airflow/example_dags/example_dataset_alias.py
[2024-09-27T15:49:23.742+0000] {processor.py:914} INFO - Processing file /home/airflow/.local/lib/python3.12/site-packages/airflow/example_dags/example_dataset_alias.py for tasks to queue
[2024-09-27T15:49:23.744+0000] {logging_mixin.py:190} INFO - [2024-09-27T15:49:23.744+0000] {dagbag.py:588} INFO - Filling up the DagBag from /home/airflow/.local/lib/python3.12/site-packages/airflow/example_dags/example_dataset_alias.py
[2024-09-27T15:49:23.826+0000] {processor.py:925} INFO - DAG(s) 'dataset_s3_bucket_producer', 'dataset_alias_example_alias_producer', 'dataset_alias_example_alias_consumer', 'dataset_s3_bucket_consumer' retrieved from /home/airflow/.local/lib/python3.12/site-packages/airflow/example_dags/example_dataset_alias.py
[2024-09-27T15:49:23.836+0000] {logging_mixin.py:190} INFO - [2024-09-27T15:49:23.835+0000] {dag.py:3239} INFO - Sync 4 DAGs
[2024-09-27T15:49:23.847+0000] {logging_mixin.py:190} INFO - [2024-09-27T15:49:23.846+0000] {dag.py:4180} INFO - Setting next_dagrun for dataset_alias_example_alias_consumer to None, run_after=None
[2024-09-27T15:49:23.848+0000] {logging_mixin.py:190} INFO - [2024-09-27T15:49:23.848+0000] {dag.py:4180} INFO - Setting next_dagrun for dataset_alias_example_alias_producer to None, run_after=None
[2024-09-27T15:49:23.849+0000] {logging_mixin.py:190} INFO - [2024-09-27T15:49:23.849+0000] {dag.py:4180} INFO - Setting next_dagrun for dataset_s3_bucket_consumer to None, run_after=None
[2024-09-27T15:49:23.849+0000] {logging_mixin.py:190} INFO - [2024-09-27T15:49:23.849+0000] {dag.py:4180} INFO - Setting next_dagrun for dataset_s3_bucket_producer to None, run_after=None
[2024-09-27T15:49:23.860+0000] {processor.py:208} INFO - Processing /home/airflow/.local/lib/python3.12/site-packages/airflow/example_dags/example_dataset_alias.py took 0.121 seconds
[2024-09-27T15:49:54.459+0000] {processor.py:186} INFO - Started process (PID=508) to work on /home/airflow/.local/lib/python3.12/site-packages/airflow/example_dags/example_dataset_alias.py
[2024-09-27T15:49:54.460+0000] {processor.py:914} INFO - Processing file /home/airflow/.local/lib/python3.12/site-packages/airflow/example_dags/example_dataset_alias.py for tasks to queue
[2024-09-27T15:49:54.461+0000] {logging_mixin.py:190} INFO - [2024-09-27T15:49:54.461+0000] {dagbag.py:588} INFO - Filling up the DagBag from /home/airflow/.local/lib/python3.12/site-packages/airflow/example_dags/example_dataset_alias.py
[2024-09-27T15:49:54.548+0000] {processor.py:925} INFO - DAG(s) 'dataset_alias_example_alias_consumer', 'dataset_s3_bucket_consumer', 'dataset_alias_example_alias_producer', 'dataset_s3_bucket_producer' retrieved from /home/airflow/.local/lib/python3.12/site-packages/airflow/example_dags/example_dataset_alias.py
[2024-09-27T15:49:54.564+0000] {logging_mixin.py:190} INFO - [2024-09-27T15:49:54.564+0000] {dag.py:3239} INFO - Sync 4 DAGs
[2024-09-27T15:49:54.578+0000] {logging_mixin.py:190} INFO - [2024-09-27T15:49:54.577+0000] {dag.py:4180} INFO - Setting next_dagrun for dataset_alias_example_alias_consumer to None, run_after=None
[2024-09-27T15:49:54.579+0000] {logging_mixin.py:190} INFO - [2024-09-27T15:49:54.579+0000] {dag.py:4180} INFO - Setting next_dagrun for dataset_alias_example_alias_producer to None, run_after=None
[2024-09-27T15:49:54.580+0000] {logging_mixin.py:190} INFO - [2024-09-27T15:49:54.580+0000] {dag.py:4180} INFO - Setting next_dagrun for dataset_s3_bucket_consumer to None, run_after=None
[2024-09-27T15:49:54.581+0000] {logging_mixin.py:190} INFO - [2024-09-27T15:49:54.581+0000] {dag.py:4180} INFO - Setting next_dagrun for dataset_s3_bucket_producer to None, run_after=None
[2024-09-27T15:49:54.592+0000] {processor.py:208} INFO - Processing /home/airflow/.local/lib/python3.12/site-packages/airflow/example_dags/example_dataset_alias.py took 0.136 seconds
