[2024-09-27T15:46:16.882+0000] {processor.py:186} INFO - Started process (PID=37) to work on /home/airflow/.local/lib/python3.12/site-packages/airflow/example_dags/example_python_decorator.py
[2024-09-27T15:46:16.883+0000] {processor.py:914} INFO - Processing file /home/airflow/.local/lib/python3.12/site-packages/airflow/example_dags/example_python_decorator.py for tasks to queue
[2024-09-27T15:46:16.891+0000] {logging_mixin.py:190} INFO - [2024-09-27T15:46:16.889+0000] {dagbag.py:588} INFO - Filling up the DagBag from /home/airflow/.local/lib/python3.12/site-packages/airflow/example_dags/example_python_decorator.py
[2024-09-27T15:46:16.985+0000] {processor.py:925} INFO - DAG(s) 'example_python_decorator' retrieved from /home/airflow/.local/lib/python3.12/site-packages/airflow/example_dags/example_python_decorator.py
[2024-09-27T15:46:17.213+0000] {logging_mixin.py:190} INFO - [2024-09-27T15:46:17.212+0000] {override.py:1900} INFO - Created Permission View: can delete on DAG:example_python_decorator
[2024-09-27T15:46:17.223+0000] {logging_mixin.py:190} INFO - [2024-09-27T15:46:17.223+0000] {override.py:1900} INFO - Created Permission View: can read on DAG:example_python_decorator
[2024-09-27T15:46:17.226+0000] {logging_mixin.py:190} INFO - [2024-09-27T15:46:17.226+0000] {override.py:1900} INFO - Created Permission View: can edit on DAG:example_python_decorator
[2024-09-27T15:46:17.229+0000] {logging_mixin.py:190} INFO - [2024-09-27T15:46:17.229+0000] {override.py:1900} INFO - Created Permission View: can create on DAG Run:example_python_decorator
[2024-09-27T15:46:17.231+0000] {logging_mixin.py:190} INFO - [2024-09-27T15:46:17.231+0000] {override.py:1900} INFO - Created Permission View: can delete on DAG Run:example_python_decorator
[2024-09-27T15:46:17.233+0000] {logging_mixin.py:190} INFO - [2024-09-27T15:46:17.233+0000] {override.py:1900} INFO - Created Permission View: menu access on DAG Run:example_python_decorator
[2024-09-27T15:46:17.237+0000] {logging_mixin.py:190} INFO - [2024-09-27T15:46:17.237+0000] {override.py:1900} INFO - Created Permission View: can read on DAG Run:example_python_decorator
[2024-09-27T15:46:17.238+0000] {logging_mixin.py:190} INFO - [2024-09-27T15:46:17.238+0000] {dag.py:3239} INFO - Sync 1 DAGs
[2024-09-27T15:46:17.251+0000] {logging_mixin.py:190} INFO - [2024-09-27T15:46:17.251+0000] {dag.py:3262} INFO - Creating ORM DAG for example_python_decorator
[2024-09-27T15:46:17.252+0000] {logging_mixin.py:190} INFO - [2024-09-27T15:46:17.252+0000] {dag.py:4180} INFO - Setting next_dagrun for example_python_decorator to None, run_after=None
[2024-09-27T15:46:17.274+0000] {processor.py:208} INFO - Processing /home/airflow/.local/lib/python3.12/site-packages/airflow/example_dags/example_python_decorator.py took 0.405 seconds
[2024-09-27T15:46:47.656+0000] {processor.py:186} INFO - Started process (PID=100) to work on /home/airflow/.local/lib/python3.12/site-packages/airflow/example_dags/example_python_decorator.py
[2024-09-27T15:46:47.658+0000] {processor.py:914} INFO - Processing file /home/airflow/.local/lib/python3.12/site-packages/airflow/example_dags/example_python_decorator.py for tasks to queue
[2024-09-27T15:46:47.660+0000] {logging_mixin.py:190} INFO - [2024-09-27T15:46:47.660+0000] {dagbag.py:588} INFO - Filling up the DagBag from /home/airflow/.local/lib/python3.12/site-packages/airflow/example_dags/example_python_decorator.py
[2024-09-27T15:46:47.670+0000] {processor.py:925} INFO - DAG(s) 'example_python_decorator' retrieved from /home/airflow/.local/lib/python3.12/site-packages/airflow/example_dags/example_python_decorator.py
[2024-09-27T15:46:47.688+0000] {logging_mixin.py:190} INFO - [2024-09-27T15:46:47.688+0000] {dag.py:3239} INFO - Sync 1 DAGs
[2024-09-27T15:46:47.702+0000] {logging_mixin.py:190} INFO - [2024-09-27T15:46:47.702+0000] {dag.py:4180} INFO - Setting next_dagrun for example_python_decorator to None, run_after=None
[2024-09-27T15:46:47.722+0000] {processor.py:208} INFO - Processing /home/airflow/.local/lib/python3.12/site-packages/airflow/example_dags/example_python_decorator.py took 0.071 seconds
[2024-09-27T15:47:18.603+0000] {processor.py:186} INFO - Started process (PID=163) to work on /home/airflow/.local/lib/python3.12/site-packages/airflow/example_dags/example_python_decorator.py
[2024-09-27T15:47:18.604+0000] {processor.py:914} INFO - Processing file /home/airflow/.local/lib/python3.12/site-packages/airflow/example_dags/example_python_decorator.py for tasks to queue
[2024-09-27T15:47:18.607+0000] {logging_mixin.py:190} INFO - [2024-09-27T15:47:18.606+0000] {dagbag.py:588} INFO - Filling up the DagBag from /home/airflow/.local/lib/python3.12/site-packages/airflow/example_dags/example_python_decorator.py
[2024-09-27T15:47:18.624+0000] {processor.py:925} INFO - DAG(s) 'example_python_decorator' retrieved from /home/airflow/.local/lib/python3.12/site-packages/airflow/example_dags/example_python_decorator.py
[2024-09-27T15:47:18.648+0000] {logging_mixin.py:190} INFO - [2024-09-27T15:47:18.648+0000] {dag.py:3239} INFO - Sync 1 DAGs
[2024-09-27T15:47:18.660+0000] {logging_mixin.py:190} INFO - [2024-09-27T15:47:18.660+0000] {dag.py:4180} INFO - Setting next_dagrun for example_python_decorator to None, run_after=None
[2024-09-27T15:47:18.669+0000] {processor.py:208} INFO - Processing /home/airflow/.local/lib/python3.12/site-packages/airflow/example_dags/example_python_decorator.py took 0.072 seconds
[2024-09-27T15:47:49.443+0000] {processor.py:186} INFO - Started process (PID=226) to work on /home/airflow/.local/lib/python3.12/site-packages/airflow/example_dags/example_python_decorator.py
[2024-09-27T15:47:49.445+0000] {processor.py:914} INFO - Processing file /home/airflow/.local/lib/python3.12/site-packages/airflow/example_dags/example_python_decorator.py for tasks to queue
[2024-09-27T15:47:49.448+0000] {logging_mixin.py:190} INFO - [2024-09-27T15:47:49.447+0000] {dagbag.py:588} INFO - Filling up the DagBag from /home/airflow/.local/lib/python3.12/site-packages/airflow/example_dags/example_python_decorator.py
[2024-09-27T15:47:49.461+0000] {processor.py:925} INFO - DAG(s) 'example_python_decorator' retrieved from /home/airflow/.local/lib/python3.12/site-packages/airflow/example_dags/example_python_decorator.py
[2024-09-27T15:47:49.482+0000] {logging_mixin.py:190} INFO - [2024-09-27T15:47:49.482+0000] {dag.py:3239} INFO - Sync 1 DAGs
[2024-09-27T15:47:49.511+0000] {logging_mixin.py:190} INFO - [2024-09-27T15:47:49.511+0000] {dag.py:4180} INFO - Setting next_dagrun for example_python_decorator to None, run_after=None
[2024-09-27T15:47:49.520+0000] {processor.py:208} INFO - Processing /home/airflow/.local/lib/python3.12/site-packages/airflow/example_dags/example_python_decorator.py took 0.085 seconds
[2024-09-27T15:48:19.645+0000] {processor.py:186} INFO - Started process (PID=289) to work on /home/airflow/.local/lib/python3.12/site-packages/airflow/example_dags/example_python_decorator.py
[2024-09-27T15:48:19.646+0000] {processor.py:914} INFO - Processing file /home/airflow/.local/lib/python3.12/site-packages/airflow/example_dags/example_python_decorator.py for tasks to queue
[2024-09-27T15:48:19.647+0000] {logging_mixin.py:190} INFO - [2024-09-27T15:48:19.647+0000] {dagbag.py:588} INFO - Filling up the DagBag from /home/airflow/.local/lib/python3.12/site-packages/airflow/example_dags/example_python_decorator.py
[2024-09-27T15:48:19.657+0000] {processor.py:925} INFO - DAG(s) 'example_python_decorator' retrieved from /home/airflow/.local/lib/python3.12/site-packages/airflow/example_dags/example_python_decorator.py
[2024-09-27T15:48:19.670+0000] {logging_mixin.py:190} INFO - [2024-09-27T15:48:19.670+0000] {dag.py:3239} INFO - Sync 1 DAGs
[2024-09-27T15:48:19.679+0000] {logging_mixin.py:190} INFO - [2024-09-27T15:48:19.679+0000] {dag.py:4180} INFO - Setting next_dagrun for example_python_decorator to None, run_after=None
[2024-09-27T15:48:19.690+0000] {processor.py:208} INFO - Processing /home/airflow/.local/lib/python3.12/site-packages/airflow/example_dags/example_python_decorator.py took 0.048 seconds
[2024-09-27T15:48:49.872+0000] {processor.py:186} INFO - Started process (PID=352) to work on /home/airflow/.local/lib/python3.12/site-packages/airflow/example_dags/example_python_decorator.py
[2024-09-27T15:48:49.873+0000] {processor.py:914} INFO - Processing file /home/airflow/.local/lib/python3.12/site-packages/airflow/example_dags/example_python_decorator.py for tasks to queue
[2024-09-27T15:48:49.874+0000] {logging_mixin.py:190} INFO - [2024-09-27T15:48:49.874+0000] {dagbag.py:588} INFO - Filling up the DagBag from /home/airflow/.local/lib/python3.12/site-packages/airflow/example_dags/example_python_decorator.py
[2024-09-27T15:48:49.882+0000] {processor.py:925} INFO - DAG(s) 'example_python_decorator' retrieved from /home/airflow/.local/lib/python3.12/site-packages/airflow/example_dags/example_python_decorator.py
[2024-09-27T15:48:49.895+0000] {logging_mixin.py:190} INFO - [2024-09-27T15:48:49.895+0000] {dag.py:3239} INFO - Sync 1 DAGs
[2024-09-27T15:48:49.903+0000] {logging_mixin.py:190} INFO - [2024-09-27T15:48:49.902+0000] {dag.py:4180} INFO - Setting next_dagrun for example_python_decorator to None, run_after=None
[2024-09-27T15:48:49.912+0000] {processor.py:208} INFO - Processing /home/airflow/.local/lib/python3.12/site-packages/airflow/example_dags/example_python_decorator.py took 0.043 seconds
[2024-09-27T15:49:20.473+0000] {processor.py:186} INFO - Started process (PID=415) to work on /home/airflow/.local/lib/python3.12/site-packages/airflow/example_dags/example_python_decorator.py
[2024-09-27T15:49:20.475+0000] {processor.py:914} INFO - Processing file /home/airflow/.local/lib/python3.12/site-packages/airflow/example_dags/example_python_decorator.py for tasks to queue
[2024-09-27T15:49:20.480+0000] {logging_mixin.py:190} INFO - [2024-09-27T15:49:20.479+0000] {dagbag.py:588} INFO - Filling up the DagBag from /home/airflow/.local/lib/python3.12/site-packages/airflow/example_dags/example_python_decorator.py
[2024-09-27T15:49:20.523+0000] {processor.py:925} INFO - DAG(s) 'example_python_decorator' retrieved from /home/airflow/.local/lib/python3.12/site-packages/airflow/example_dags/example_python_decorator.py
[2024-09-27T15:49:20.555+0000] {logging_mixin.py:190} INFO - [2024-09-27T15:49:20.555+0000] {dag.py:3239} INFO - Sync 1 DAGs
[2024-09-27T15:49:20.575+0000] {logging_mixin.py:190} INFO - [2024-09-27T15:49:20.575+0000] {dag.py:4180} INFO - Setting next_dagrun for example_python_decorator to None, run_after=None
[2024-09-27T15:49:20.591+0000] {processor.py:208} INFO - Processing /home/airflow/.local/lib/python3.12/site-packages/airflow/example_dags/example_python_decorator.py took 0.123 seconds
[2024-09-27T15:49:51.268+0000] {processor.py:186} INFO - Started process (PID=478) to work on /home/airflow/.local/lib/python3.12/site-packages/airflow/example_dags/example_python_decorator.py
[2024-09-27T15:49:51.269+0000] {processor.py:914} INFO - Processing file /home/airflow/.local/lib/python3.12/site-packages/airflow/example_dags/example_python_decorator.py for tasks to queue
[2024-09-27T15:49:51.273+0000] {logging_mixin.py:190} INFO - [2024-09-27T15:49:51.272+0000] {dagbag.py:588} INFO - Filling up the DagBag from /home/airflow/.local/lib/python3.12/site-packages/airflow/example_dags/example_python_decorator.py
[2024-09-27T15:49:51.285+0000] {processor.py:925} INFO - DAG(s) 'example_python_decorator' retrieved from /home/airflow/.local/lib/python3.12/site-packages/airflow/example_dags/example_python_decorator.py
[2024-09-27T15:49:51.304+0000] {logging_mixin.py:190} INFO - [2024-09-27T15:49:51.304+0000] {dag.py:3239} INFO - Sync 1 DAGs
[2024-09-27T15:49:51.314+0000] {logging_mixin.py:190} INFO - [2024-09-27T15:49:51.314+0000] {dag.py:4180} INFO - Setting next_dagrun for example_python_decorator to None, run_after=None
[2024-09-27T15:49:51.325+0000] {processor.py:208} INFO - Processing /home/airflow/.local/lib/python3.12/site-packages/airflow/example_dags/example_python_decorator.py took 0.062 seconds
