[2024-09-27T15:46:18.248+0000] {processor.py:186} INFO - Started process (PID=50) to work on /home/airflow/.local/lib/python3.12/site-packages/airflow/example_dags/example_workday_timetable.py
[2024-09-27T15:46:18.249+0000] {processor.py:914} INFO - Processing file /home/airflow/.local/lib/python3.12/site-packages/airflow/example_dags/example_workday_timetable.py for tasks to queue
[2024-09-27T15:46:18.250+0000] {logging_mixin.py:190} INFO - [2024-09-27T15:46:18.250+0000] {dagbag.py:588} INFO - Filling up the DagBag from /home/airflow/.local/lib/python3.12/site-packages/airflow/example_dags/example_workday_timetable.py
[2024-09-27T15:46:18.254+0000] {processor.py:925} INFO - DAG(s) 'example_workday_timetable' retrieved from /home/airflow/.local/lib/python3.12/site-packages/airflow/example_dags/example_workday_timetable.py
[2024-09-27T15:46:18.301+0000] {logging_mixin.py:190} INFO - [2024-09-27T15:46:18.300+0000] {override.py:1900} INFO - Created Permission View: can delete on DAG:example_workday_timetable
[2024-09-27T15:46:18.305+0000] {logging_mixin.py:190} INFO - [2024-09-27T15:46:18.304+0000] {override.py:1900} INFO - Created Permission View: can read on DAG:example_workday_timetable
[2024-09-27T15:46:18.307+0000] {logging_mixin.py:190} INFO - [2024-09-27T15:46:18.307+0000] {override.py:1900} INFO - Created Permission View: can edit on DAG:example_workday_timetable
[2024-09-27T15:46:18.309+0000] {logging_mixin.py:190} INFO - [2024-09-27T15:46:18.309+0000] {override.py:1900} INFO - Created Permission View: can create on DAG Run:example_workday_timetable
[2024-09-27T15:46:18.311+0000] {logging_mixin.py:190} INFO - [2024-09-27T15:46:18.311+0000] {override.py:1900} INFO - Created Permission View: can delete on DAG Run:example_workday_timetable
[2024-09-27T15:46:18.314+0000] {logging_mixin.py:190} INFO - [2024-09-27T15:46:18.314+0000] {override.py:1900} INFO - Created Permission View: menu access on DAG Run:example_workday_timetable
[2024-09-27T15:46:18.317+0000] {logging_mixin.py:190} INFO - [2024-09-27T15:46:18.317+0000] {override.py:1900} INFO - Created Permission View: can read on DAG Run:example_workday_timetable
[2024-09-27T15:46:18.317+0000] {logging_mixin.py:190} INFO - [2024-09-27T15:46:18.317+0000] {dag.py:3239} INFO - Sync 1 DAGs
[2024-09-27T15:46:18.324+0000] {logging_mixin.py:190} INFO - [2024-09-27T15:46:18.324+0000] {dag.py:3262} INFO - Creating ORM DAG for example_workday_timetable
[2024-09-27T15:46:18.357+0000] {logging_mixin.py:190} INFO - [2024-09-27T15:46:18.357+0000] {dag.py:4180} INFO - Setting next_dagrun for example_workday_timetable to 2021-01-04 00:00:00+00:00, run_after=2021-01-05 00:00:00+00:00
[2024-09-27T15:46:18.364+0000] {processor.py:208} INFO - Processing /home/airflow/.local/lib/python3.12/site-packages/airflow/example_dags/example_workday_timetable.py took 0.119 seconds
[2024-09-27T15:46:49.278+0000] {processor.py:186} INFO - Started process (PID=113) to work on /home/airflow/.local/lib/python3.12/site-packages/airflow/example_dags/example_workday_timetable.py
[2024-09-27T15:46:49.279+0000] {processor.py:914} INFO - Processing file /home/airflow/.local/lib/python3.12/site-packages/airflow/example_dags/example_workday_timetable.py for tasks to queue
[2024-09-27T15:46:49.281+0000] {logging_mixin.py:190} INFO - [2024-09-27T15:46:49.281+0000] {dagbag.py:588} INFO - Filling up the DagBag from /home/airflow/.local/lib/python3.12/site-packages/airflow/example_dags/example_workday_timetable.py
[2024-09-27T15:46:49.285+0000] {processor.py:925} INFO - DAG(s) 'example_workday_timetable' retrieved from /home/airflow/.local/lib/python3.12/site-packages/airflow/example_dags/example_workday_timetable.py
[2024-09-27T15:46:49.298+0000] {logging_mixin.py:190} INFO - [2024-09-27T15:46:49.297+0000] {dag.py:3239} INFO - Sync 1 DAGs
[2024-09-27T15:46:49.360+0000] {logging_mixin.py:190} INFO - [2024-09-27T15:46:49.360+0000] {dag.py:4180} INFO - Setting next_dagrun for example_workday_timetable to 2021-01-04 00:00:00+00:00, run_after=2021-01-05 00:00:00+00:00
[2024-09-27T15:46:49.371+0000] {processor.py:208} INFO - Processing /home/airflow/.local/lib/python3.12/site-packages/airflow/example_dags/example_workday_timetable.py took 0.099 seconds
[2024-09-27T15:47:20.134+0000] {processor.py:186} INFO - Started process (PID=176) to work on /home/airflow/.local/lib/python3.12/site-packages/airflow/example_dags/example_workday_timetable.py
[2024-09-27T15:47:20.135+0000] {processor.py:914} INFO - Processing file /home/airflow/.local/lib/python3.12/site-packages/airflow/example_dags/example_workday_timetable.py for tasks to queue
[2024-09-27T15:47:20.136+0000] {logging_mixin.py:190} INFO - [2024-09-27T15:47:20.136+0000] {dagbag.py:588} INFO - Filling up the DagBag from /home/airflow/.local/lib/python3.12/site-packages/airflow/example_dags/example_workday_timetable.py
[2024-09-27T15:47:20.140+0000] {processor.py:925} INFO - DAG(s) 'example_workday_timetable' retrieved from /home/airflow/.local/lib/python3.12/site-packages/airflow/example_dags/example_workday_timetable.py
[2024-09-27T15:47:20.151+0000] {logging_mixin.py:190} INFO - [2024-09-27T15:47:20.151+0000] {dag.py:3239} INFO - Sync 1 DAGs
[2024-09-27T15:47:20.182+0000] {logging_mixin.py:190} INFO - [2024-09-27T15:47:20.181+0000] {dag.py:4180} INFO - Setting next_dagrun for example_workday_timetable to 2021-01-04 00:00:00+00:00, run_after=2021-01-05 00:00:00+00:00
[2024-09-27T15:47:20.190+0000] {processor.py:208} INFO - Processing /home/airflow/.local/lib/python3.12/site-packages/airflow/example_dags/example_workday_timetable.py took 0.059 seconds
[2024-09-27T15:47:51.149+0000] {processor.py:186} INFO - Started process (PID=239) to work on /home/airflow/.local/lib/python3.12/site-packages/airflow/example_dags/example_workday_timetable.py
[2024-09-27T15:47:51.150+0000] {processor.py:914} INFO - Processing file /home/airflow/.local/lib/python3.12/site-packages/airflow/example_dags/example_workday_timetable.py for tasks to queue
[2024-09-27T15:47:51.152+0000] {logging_mixin.py:190} INFO - [2024-09-27T15:47:51.151+0000] {dagbag.py:588} INFO - Filling up the DagBag from /home/airflow/.local/lib/python3.12/site-packages/airflow/example_dags/example_workday_timetable.py
[2024-09-27T15:47:51.155+0000] {processor.py:925} INFO - DAG(s) 'example_workday_timetable' retrieved from /home/airflow/.local/lib/python3.12/site-packages/airflow/example_dags/example_workday_timetable.py
[2024-09-27T15:47:51.168+0000] {logging_mixin.py:190} INFO - [2024-09-27T15:47:51.167+0000] {dag.py:3239} INFO - Sync 1 DAGs
[2024-09-27T15:47:51.218+0000] {logging_mixin.py:190} INFO - [2024-09-27T15:47:51.218+0000] {dag.py:4180} INFO - Setting next_dagrun for example_workday_timetable to 2021-01-04 00:00:00+00:00, run_after=2021-01-05 00:00:00+00:00
[2024-09-27T15:47:51.230+0000] {processor.py:208} INFO - Processing /home/airflow/.local/lib/python3.12/site-packages/airflow/example_dags/example_workday_timetable.py took 0.084 seconds
[2024-09-27T15:48:21.805+0000] {processor.py:186} INFO - Started process (PID=302) to work on /home/airflow/.local/lib/python3.12/site-packages/airflow/example_dags/example_workday_timetable.py
[2024-09-27T15:48:21.806+0000] {processor.py:914} INFO - Processing file /home/airflow/.local/lib/python3.12/site-packages/airflow/example_dags/example_workday_timetable.py for tasks to queue
[2024-09-27T15:48:21.808+0000] {logging_mixin.py:190} INFO - [2024-09-27T15:48:21.807+0000] {dagbag.py:588} INFO - Filling up the DagBag from /home/airflow/.local/lib/python3.12/site-packages/airflow/example_dags/example_workday_timetable.py
[2024-09-27T15:48:21.812+0000] {processor.py:925} INFO - DAG(s) 'example_workday_timetable' retrieved from /home/airflow/.local/lib/python3.12/site-packages/airflow/example_dags/example_workday_timetable.py
[2024-09-27T15:48:21.832+0000] {logging_mixin.py:190} INFO - [2024-09-27T15:48:21.832+0000] {dag.py:3239} INFO - Sync 1 DAGs
[2024-09-27T15:48:21.873+0000] {logging_mixin.py:190} INFO - [2024-09-27T15:48:21.873+0000] {dag.py:4180} INFO - Setting next_dagrun for example_workday_timetable to 2021-01-04 00:00:00+00:00, run_after=2021-01-05 00:00:00+00:00
[2024-09-27T15:48:21.885+0000] {processor.py:208} INFO - Processing /home/airflow/.local/lib/python3.12/site-packages/airflow/example_dags/example_workday_timetable.py took 0.085 seconds
[2024-09-27T15:48:52.412+0000] {processor.py:186} INFO - Started process (PID=365) to work on /home/airflow/.local/lib/python3.12/site-packages/airflow/example_dags/example_workday_timetable.py
[2024-09-27T15:48:52.413+0000] {processor.py:914} INFO - Processing file /home/airflow/.local/lib/python3.12/site-packages/airflow/example_dags/example_workday_timetable.py for tasks to queue
[2024-09-27T15:48:52.415+0000] {logging_mixin.py:190} INFO - [2024-09-27T15:48:52.415+0000] {dagbag.py:588} INFO - Filling up the DagBag from /home/airflow/.local/lib/python3.12/site-packages/airflow/example_dags/example_workday_timetable.py
[2024-09-27T15:48:52.418+0000] {processor.py:925} INFO - DAG(s) 'example_workday_timetable' retrieved from /home/airflow/.local/lib/python3.12/site-packages/airflow/example_dags/example_workday_timetable.py
[2024-09-27T15:48:52.429+0000] {logging_mixin.py:190} INFO - [2024-09-27T15:48:52.429+0000] {dag.py:3239} INFO - Sync 1 DAGs
[2024-09-27T15:48:52.464+0000] {logging_mixin.py:190} INFO - [2024-09-27T15:48:52.464+0000] {dag.py:4180} INFO - Setting next_dagrun for example_workday_timetable to 2021-01-04 00:00:00+00:00, run_after=2021-01-05 00:00:00+00:00
[2024-09-27T15:48:52.476+0000] {processor.py:208} INFO - Processing /home/airflow/.local/lib/python3.12/site-packages/airflow/example_dags/example_workday_timetable.py took 0.067 seconds
[2024-09-27T15:49:23.162+0000] {processor.py:186} INFO - Started process (PID=428) to work on /home/airflow/.local/lib/python3.12/site-packages/airflow/example_dags/example_workday_timetable.py
[2024-09-27T15:49:23.162+0000] {processor.py:914} INFO - Processing file /home/airflow/.local/lib/python3.12/site-packages/airflow/example_dags/example_workday_timetable.py for tasks to queue
[2024-09-27T15:49:23.163+0000] {logging_mixin.py:190} INFO - [2024-09-27T15:49:23.163+0000] {dagbag.py:588} INFO - Filling up the DagBag from /home/airflow/.local/lib/python3.12/site-packages/airflow/example_dags/example_workday_timetable.py
[2024-09-27T15:49:23.167+0000] {processor.py:925} INFO - DAG(s) 'example_workday_timetable' retrieved from /home/airflow/.local/lib/python3.12/site-packages/airflow/example_dags/example_workday_timetable.py
[2024-09-27T15:49:23.176+0000] {logging_mixin.py:190} INFO - [2024-09-27T15:49:23.176+0000] {dag.py:3239} INFO - Sync 1 DAGs
[2024-09-27T15:49:23.206+0000] {logging_mixin.py:190} INFO - [2024-09-27T15:49:23.206+0000] {dag.py:4180} INFO - Setting next_dagrun for example_workday_timetable to 2021-01-04 00:00:00+00:00, run_after=2021-01-05 00:00:00+00:00
[2024-09-27T15:49:23.217+0000] {processor.py:208} INFO - Processing /home/airflow/.local/lib/python3.12/site-packages/airflow/example_dags/example_workday_timetable.py took 0.058 seconds
[2024-09-27T15:49:53.898+0000] {processor.py:186} INFO - Started process (PID=491) to work on /home/airflow/.local/lib/python3.12/site-packages/airflow/example_dags/example_workday_timetable.py
[2024-09-27T15:49:53.899+0000] {processor.py:914} INFO - Processing file /home/airflow/.local/lib/python3.12/site-packages/airflow/example_dags/example_workday_timetable.py for tasks to queue
[2024-09-27T15:49:53.901+0000] {logging_mixin.py:190} INFO - [2024-09-27T15:49:53.901+0000] {dagbag.py:588} INFO - Filling up the DagBag from /home/airflow/.local/lib/python3.12/site-packages/airflow/example_dags/example_workday_timetable.py
[2024-09-27T15:49:53.905+0000] {processor.py:925} INFO - DAG(s) 'example_workday_timetable' retrieved from /home/airflow/.local/lib/python3.12/site-packages/airflow/example_dags/example_workday_timetable.py
[2024-09-27T15:49:53.920+0000] {logging_mixin.py:190} INFO - [2024-09-27T15:49:53.920+0000] {dag.py:3239} INFO - Sync 1 DAGs
[2024-09-27T15:49:53.952+0000] {logging_mixin.py:190} INFO - [2024-09-27T15:49:53.952+0000] {dag.py:4180} INFO - Setting next_dagrun for example_workday_timetable to 2021-01-04 00:00:00+00:00, run_after=2021-01-05 00:00:00+00:00
[2024-09-27T15:49:53.960+0000] {processor.py:208} INFO - Processing /home/airflow/.local/lib/python3.12/site-packages/airflow/example_dags/example_workday_timetable.py took 0.065 seconds
