[2024-09-27T15:46:19.187+0000] {processor.py:186} INFO - Started process (PID=64) to work on /home/airflow/.local/lib/python3.12/site-packages/airflow/example_dags/example_latest_only_with_trigger.py
[2024-09-27T15:46:19.187+0000] {processor.py:914} INFO - Processing file /home/airflow/.local/lib/python3.12/site-packages/airflow/example_dags/example_latest_only_with_trigger.py for tasks to queue
[2024-09-27T15:46:19.189+0000] {logging_mixin.py:190} INFO - [2024-09-27T15:46:19.189+0000] {dagbag.py:588} INFO - Filling up the DagBag from /home/airflow/.local/lib/python3.12/site-packages/airflow/example_dags/example_latest_only_with_trigger.py
[2024-09-27T15:46:19.193+0000] {processor.py:925} INFO - DAG(s) 'latest_only_with_trigger' retrieved from /home/airflow/.local/lib/python3.12/site-packages/airflow/example_dags/example_latest_only_with_trigger.py
[2024-09-27T15:46:19.241+0000] {logging_mixin.py:190} INFO - [2024-09-27T15:46:19.241+0000] {override.py:1900} INFO - Created Permission View: can delete on DAG:latest_only_with_trigger
[2024-09-27T15:46:19.245+0000] {logging_mixin.py:190} INFO - [2024-09-27T15:46:19.245+0000] {override.py:1900} INFO - Created Permission View: can read on DAG:latest_only_with_trigger
[2024-09-27T15:46:19.247+0000] {logging_mixin.py:190} INFO - [2024-09-27T15:46:19.247+0000] {override.py:1900} INFO - Created Permission View: can edit on DAG:latest_only_with_trigger
[2024-09-27T15:46:19.249+0000] {logging_mixin.py:190} INFO - [2024-09-27T15:46:19.249+0000] {override.py:1900} INFO - Created Permission View: can create on DAG Run:latest_only_with_trigger
[2024-09-27T15:46:19.251+0000] {logging_mixin.py:190} INFO - [2024-09-27T15:46:19.251+0000] {override.py:1900} INFO - Created Permission View: can delete on DAG Run:latest_only_with_trigger
[2024-09-27T15:46:19.253+0000] {logging_mixin.py:190} INFO - [2024-09-27T15:46:19.253+0000] {override.py:1900} INFO - Created Permission View: menu access on DAG Run:latest_only_with_trigger
[2024-09-27T15:46:19.255+0000] {logging_mixin.py:190} INFO - [2024-09-27T15:46:19.255+0000] {override.py:1900} INFO - Created Permission View: can read on DAG Run:latest_only_with_trigger
[2024-09-27T15:46:19.256+0000] {logging_mixin.py:190} INFO - [2024-09-27T15:46:19.255+0000] {dag.py:3239} INFO - Sync 1 DAGs
[2024-09-27T15:46:19.262+0000] {logging_mixin.py:190} INFO - [2024-09-27T15:46:19.261+0000] {dag.py:3262} INFO - Creating ORM DAG for latest_only_with_trigger
[2024-09-27T15:46:19.266+0000] {logging_mixin.py:190} INFO - [2024-09-27T15:46:19.266+0000] {dag.py:4180} INFO - Setting next_dagrun for latest_only_with_trigger to 2024-09-27 08:00:00+00:00, run_after=2024-09-27 12:00:00+00:00
[2024-09-27T15:46:19.272+0000] {processor.py:208} INFO - Processing /home/airflow/.local/lib/python3.12/site-packages/airflow/example_dags/example_latest_only_with_trigger.py took 0.089 seconds
[2024-09-27T15:46:49.770+0000] {processor.py:186} INFO - Started process (PID=127) to work on /home/airflow/.local/lib/python3.12/site-packages/airflow/example_dags/example_latest_only_with_trigger.py
[2024-09-27T15:46:49.771+0000] {processor.py:914} INFO - Processing file /home/airflow/.local/lib/python3.12/site-packages/airflow/example_dags/example_latest_only_with_trigger.py for tasks to queue
[2024-09-27T15:46:49.773+0000] {logging_mixin.py:190} INFO - [2024-09-27T15:46:49.773+0000] {dagbag.py:588} INFO - Filling up the DagBag from /home/airflow/.local/lib/python3.12/site-packages/airflow/example_dags/example_latest_only_with_trigger.py
[2024-09-27T15:46:49.778+0000] {processor.py:925} INFO - DAG(s) 'latest_only_with_trigger' retrieved from /home/airflow/.local/lib/python3.12/site-packages/airflow/example_dags/example_latest_only_with_trigger.py
[2024-09-27T15:46:49.789+0000] {logging_mixin.py:190} INFO - [2024-09-27T15:46:49.789+0000] {dag.py:3239} INFO - Sync 1 DAGs
[2024-09-27T15:46:49.802+0000] {logging_mixin.py:190} INFO - [2024-09-27T15:46:49.802+0000] {dag.py:4180} INFO - Setting next_dagrun for latest_only_with_trigger to 2024-09-27 08:00:00+00:00, run_after=2024-09-27 12:00:00+00:00
[2024-09-27T15:46:49.811+0000] {processor.py:208} INFO - Processing /home/airflow/.local/lib/python3.12/site-packages/airflow/example_dags/example_latest_only_with_trigger.py took 0.044 seconds
[2024-09-27T15:47:20.685+0000] {processor.py:186} INFO - Started process (PID=190) to work on /home/airflow/.local/lib/python3.12/site-packages/airflow/example_dags/example_latest_only_with_trigger.py
[2024-09-27T15:47:20.686+0000] {processor.py:914} INFO - Processing file /home/airflow/.local/lib/python3.12/site-packages/airflow/example_dags/example_latest_only_with_trigger.py for tasks to queue
[2024-09-27T15:47:20.687+0000] {logging_mixin.py:190} INFO - [2024-09-27T15:47:20.687+0000] {dagbag.py:588} INFO - Filling up the DagBag from /home/airflow/.local/lib/python3.12/site-packages/airflow/example_dags/example_latest_only_with_trigger.py
[2024-09-27T15:47:20.691+0000] {processor.py:925} INFO - DAG(s) 'latest_only_with_trigger' retrieved from /home/airflow/.local/lib/python3.12/site-packages/airflow/example_dags/example_latest_only_with_trigger.py
[2024-09-27T15:47:20.702+0000] {logging_mixin.py:190} INFO - [2024-09-27T15:47:20.702+0000] {dag.py:3239} INFO - Sync 1 DAGs
[2024-09-27T15:47:20.714+0000] {logging_mixin.py:190} INFO - [2024-09-27T15:47:20.714+0000] {dag.py:4180} INFO - Setting next_dagrun for latest_only_with_trigger to 2024-09-27 08:00:00+00:00, run_after=2024-09-27 12:00:00+00:00
[2024-09-27T15:47:20.726+0000] {processor.py:208} INFO - Processing /home/airflow/.local/lib/python3.12/site-packages/airflow/example_dags/example_latest_only_with_trigger.py took 0.043 seconds
[2024-09-27T15:47:51.710+0000] {processor.py:186} INFO - Started process (PID=253) to work on /home/airflow/.local/lib/python3.12/site-packages/airflow/example_dags/example_latest_only_with_trigger.py
[2024-09-27T15:47:51.710+0000] {processor.py:914} INFO - Processing file /home/airflow/.local/lib/python3.12/site-packages/airflow/example_dags/example_latest_only_with_trigger.py for tasks to queue
[2024-09-27T15:47:51.712+0000] {logging_mixin.py:190} INFO - [2024-09-27T15:47:51.712+0000] {dagbag.py:588} INFO - Filling up the DagBag from /home/airflow/.local/lib/python3.12/site-packages/airflow/example_dags/example_latest_only_with_trigger.py
[2024-09-27T15:47:51.716+0000] {processor.py:925} INFO - DAG(s) 'latest_only_with_trigger' retrieved from /home/airflow/.local/lib/python3.12/site-packages/airflow/example_dags/example_latest_only_with_trigger.py
[2024-09-27T15:47:51.727+0000] {logging_mixin.py:190} INFO - [2024-09-27T15:47:51.727+0000] {dag.py:3239} INFO - Sync 1 DAGs
[2024-09-27T15:47:51.739+0000] {logging_mixin.py:190} INFO - [2024-09-27T15:47:51.739+0000] {dag.py:4180} INFO - Setting next_dagrun for latest_only_with_trigger to 2024-09-27 08:00:00+00:00, run_after=2024-09-27 12:00:00+00:00
[2024-09-27T15:47:51.750+0000] {processor.py:208} INFO - Processing /home/airflow/.local/lib/python3.12/site-packages/airflow/example_dags/example_latest_only_with_trigger.py took 0.043 seconds
[2024-09-27T15:48:22.301+0000] {processor.py:186} INFO - Started process (PID=316) to work on /home/airflow/.local/lib/python3.12/site-packages/airflow/example_dags/example_latest_only_with_trigger.py
[2024-09-27T15:48:22.302+0000] {processor.py:914} INFO - Processing file /home/airflow/.local/lib/python3.12/site-packages/airflow/example_dags/example_latest_only_with_trigger.py for tasks to queue
[2024-09-27T15:48:22.304+0000] {logging_mixin.py:190} INFO - [2024-09-27T15:48:22.303+0000] {dagbag.py:588} INFO - Filling up the DagBag from /home/airflow/.local/lib/python3.12/site-packages/airflow/example_dags/example_latest_only_with_trigger.py
[2024-09-27T15:48:22.308+0000] {processor.py:925} INFO - DAG(s) 'latest_only_with_trigger' retrieved from /home/airflow/.local/lib/python3.12/site-packages/airflow/example_dags/example_latest_only_with_trigger.py
[2024-09-27T15:48:22.325+0000] {logging_mixin.py:190} INFO - [2024-09-27T15:48:22.325+0000] {dag.py:3239} INFO - Sync 1 DAGs
[2024-09-27T15:48:22.340+0000] {logging_mixin.py:190} INFO - [2024-09-27T15:48:22.340+0000] {dag.py:4180} INFO - Setting next_dagrun for latest_only_with_trigger to 2024-09-27 08:00:00+00:00, run_after=2024-09-27 12:00:00+00:00
[2024-09-27T15:48:22.351+0000] {processor.py:208} INFO - Processing /home/airflow/.local/lib/python3.12/site-packages/airflow/example_dags/example_latest_only_with_trigger.py took 0.053 seconds
[2024-09-27T15:48:52.828+0000] {processor.py:186} INFO - Started process (PID=379) to work on /home/airflow/.local/lib/python3.12/site-packages/airflow/example_dags/example_latest_only_with_trigger.py
[2024-09-27T15:48:52.829+0000] {processor.py:914} INFO - Processing file /home/airflow/.local/lib/python3.12/site-packages/airflow/example_dags/example_latest_only_with_trigger.py for tasks to queue
[2024-09-27T15:48:52.830+0000] {logging_mixin.py:190} INFO - [2024-09-27T15:48:52.830+0000] {dagbag.py:588} INFO - Filling up the DagBag from /home/airflow/.local/lib/python3.12/site-packages/airflow/example_dags/example_latest_only_with_trigger.py
[2024-09-27T15:48:52.834+0000] {processor.py:925} INFO - DAG(s) 'latest_only_with_trigger' retrieved from /home/airflow/.local/lib/python3.12/site-packages/airflow/example_dags/example_latest_only_with_trigger.py
[2024-09-27T15:48:52.846+0000] {logging_mixin.py:190} INFO - [2024-09-27T15:48:52.845+0000] {dag.py:3239} INFO - Sync 1 DAGs
[2024-09-27T15:48:52.857+0000] {logging_mixin.py:190} INFO - [2024-09-27T15:48:52.857+0000] {dag.py:4180} INFO - Setting next_dagrun for latest_only_with_trigger to 2024-09-27 08:00:00+00:00, run_after=2024-09-27 12:00:00+00:00
[2024-09-27T15:48:52.866+0000] {processor.py:208} INFO - Processing /home/airflow/.local/lib/python3.12/site-packages/airflow/example_dags/example_latest_only_with_trigger.py took 0.041 seconds
[2024-09-27T15:49:23.675+0000] {processor.py:186} INFO - Started process (PID=442) to work on /home/airflow/.local/lib/python3.12/site-packages/airflow/example_dags/example_latest_only_with_trigger.py
[2024-09-27T15:49:23.675+0000] {processor.py:914} INFO - Processing file /home/airflow/.local/lib/python3.12/site-packages/airflow/example_dags/example_latest_only_with_trigger.py for tasks to queue
[2024-09-27T15:49:23.677+0000] {logging_mixin.py:190} INFO - [2024-09-27T15:49:23.676+0000] {dagbag.py:588} INFO - Filling up the DagBag from /home/airflow/.local/lib/python3.12/site-packages/airflow/example_dags/example_latest_only_with_trigger.py
[2024-09-27T15:49:23.681+0000] {processor.py:925} INFO - DAG(s) 'latest_only_with_trigger' retrieved from /home/airflow/.local/lib/python3.12/site-packages/airflow/example_dags/example_latest_only_with_trigger.py
[2024-09-27T15:49:23.692+0000] {logging_mixin.py:190} INFO - [2024-09-27T15:49:23.692+0000] {dag.py:3239} INFO - Sync 1 DAGs
[2024-09-27T15:49:23.704+0000] {logging_mixin.py:190} INFO - [2024-09-27T15:49:23.703+0000] {dag.py:4180} INFO - Setting next_dagrun for latest_only_with_trigger to 2024-09-27 08:00:00+00:00, run_after=2024-09-27 12:00:00+00:00
[2024-09-27T15:49:23.712+0000] {processor.py:208} INFO - Processing /home/airflow/.local/lib/python3.12/site-packages/airflow/example_dags/example_latest_only_with_trigger.py took 0.041 seconds
[2024-09-27T15:49:54.389+0000] {processor.py:186} INFO - Started process (PID=505) to work on /home/airflow/.local/lib/python3.12/site-packages/airflow/example_dags/example_latest_only_with_trigger.py
[2024-09-27T15:49:54.390+0000] {processor.py:914} INFO - Processing file /home/airflow/.local/lib/python3.12/site-packages/airflow/example_dags/example_latest_only_with_trigger.py for tasks to queue
[2024-09-27T15:49:54.391+0000] {logging_mixin.py:190} INFO - [2024-09-27T15:49:54.391+0000] {dagbag.py:588} INFO - Filling up the DagBag from /home/airflow/.local/lib/python3.12/site-packages/airflow/example_dags/example_latest_only_with_trigger.py
[2024-09-27T15:49:54.396+0000] {processor.py:925} INFO - DAG(s) 'latest_only_with_trigger' retrieved from /home/airflow/.local/lib/python3.12/site-packages/airflow/example_dags/example_latest_only_with_trigger.py
[2024-09-27T15:49:54.408+0000] {logging_mixin.py:190} INFO - [2024-09-27T15:49:54.408+0000] {dag.py:3239} INFO - Sync 1 DAGs
[2024-09-27T15:49:54.420+0000] {logging_mixin.py:190} INFO - [2024-09-27T15:49:54.420+0000] {dag.py:4180} INFO - Setting next_dagrun for latest_only_with_trigger to 2024-09-27 08:00:00+00:00, run_after=2024-09-27 12:00:00+00:00
[2024-09-27T15:49:54.428+0000] {processor.py:208} INFO - Processing /home/airflow/.local/lib/python3.12/site-packages/airflow/example_dags/example_latest_only_with_trigger.py took 0.042 seconds
