[2024-09-27T15:46:20.093+0000] {processor.py:186} INFO - Started process (PID=76) to work on /home/airflow/.local/lib/python3.12/site-packages/airflow/example_dags/example_branch_labels.py
[2024-09-27T15:46:20.094+0000] {processor.py:914} INFO - Processing file /home/airflow/.local/lib/python3.12/site-packages/airflow/example_dags/example_branch_labels.py for tasks to queue
[2024-09-27T15:46:20.095+0000] {logging_mixin.py:190} INFO - [2024-09-27T15:46:20.095+0000] {dagbag.py:588} INFO - Filling up the DagBag from /home/airflow/.local/lib/python3.12/site-packages/airflow/example_dags/example_branch_labels.py
[2024-09-27T15:46:20.101+0000] {processor.py:925} INFO - DAG(s) 'example_branch_labels' retrieved from /home/airflow/.local/lib/python3.12/site-packages/airflow/example_dags/example_branch_labels.py
[2024-09-27T15:46:20.152+0000] {logging_mixin.py:190} INFO - [2024-09-27T15:46:20.151+0000] {override.py:1900} INFO - Created Permission View: can delete on DAG:example_branch_labels
[2024-09-27T15:46:20.158+0000] {logging_mixin.py:190} INFO - [2024-09-27T15:46:20.158+0000] {override.py:1900} INFO - Created Permission View: can read on DAG:example_branch_labels
[2024-09-27T15:46:20.162+0000] {logging_mixin.py:190} INFO - [2024-09-27T15:46:20.162+0000] {override.py:1900} INFO - Created Permission View: can edit on DAG:example_branch_labels
[2024-09-27T15:46:20.165+0000] {logging_mixin.py:190} INFO - [2024-09-27T15:46:20.165+0000] {override.py:1900} INFO - Created Permission View: can create on DAG Run:example_branch_labels
[2024-09-27T15:46:20.168+0000] {logging_mixin.py:190} INFO - [2024-09-27T15:46:20.168+0000] {override.py:1900} INFO - Created Permission View: can delete on DAG Run:example_branch_labels
[2024-09-27T15:46:20.171+0000] {logging_mixin.py:190} INFO - [2024-09-27T15:46:20.171+0000] {override.py:1900} INFO - Created Permission View: menu access on DAG Run:example_branch_labels
[2024-09-27T15:46:20.174+0000] {logging_mixin.py:190} INFO - [2024-09-27T15:46:20.174+0000] {override.py:1900} INFO - Created Permission View: can read on DAG Run:example_branch_labels
[2024-09-27T15:46:20.175+0000] {logging_mixin.py:190} INFO - [2024-09-27T15:46:20.174+0000] {dag.py:3239} INFO - Sync 1 DAGs
[2024-09-27T15:46:20.184+0000] {logging_mixin.py:190} INFO - [2024-09-27T15:46:20.184+0000] {dag.py:3262} INFO - Creating ORM DAG for example_branch_labels
[2024-09-27T15:46:20.190+0000] {logging_mixin.py:190} INFO - [2024-09-27T15:46:20.190+0000] {dag.py:4180} INFO - Setting next_dagrun for example_branch_labels to 2024-09-26 00:00:00+00:00, run_after=2024-09-27 00:00:00+00:00
[2024-09-27T15:46:20.196+0000] {processor.py:208} INFO - Processing /home/airflow/.local/lib/python3.12/site-packages/airflow/example_dags/example_branch_labels.py took 0.106 seconds
[2024-09-27T15:46:50.284+0000] {processor.py:186} INFO - Started process (PID=139) to work on /home/airflow/.local/lib/python3.12/site-packages/airflow/example_dags/example_branch_labels.py
[2024-09-27T15:46:50.284+0000] {processor.py:914} INFO - Processing file /home/airflow/.local/lib/python3.12/site-packages/airflow/example_dags/example_branch_labels.py for tasks to queue
[2024-09-27T15:46:50.286+0000] {logging_mixin.py:190} INFO - [2024-09-27T15:46:50.286+0000] {dagbag.py:588} INFO - Filling up the DagBag from /home/airflow/.local/lib/python3.12/site-packages/airflow/example_dags/example_branch_labels.py
[2024-09-27T15:46:50.292+0000] {processor.py:925} INFO - DAG(s) 'example_branch_labels' retrieved from /home/airflow/.local/lib/python3.12/site-packages/airflow/example_dags/example_branch_labels.py
[2024-09-27T15:46:50.302+0000] {logging_mixin.py:190} INFO - [2024-09-27T15:46:50.302+0000] {dag.py:3239} INFO - Sync 1 DAGs
[2024-09-27T15:46:50.314+0000] {logging_mixin.py:190} INFO - [2024-09-27T15:46:50.314+0000] {dag.py:4180} INFO - Setting next_dagrun for example_branch_labels to 2024-09-26 00:00:00+00:00, run_after=2024-09-27 00:00:00+00:00
[2024-09-27T15:46:50.323+0000] {processor.py:208} INFO - Processing /home/airflow/.local/lib/python3.12/site-packages/airflow/example_dags/example_branch_labels.py took 0.042 seconds
[2024-09-27T15:47:21.143+0000] {processor.py:186} INFO - Started process (PID=202) to work on /home/airflow/.local/lib/python3.12/site-packages/airflow/example_dags/example_branch_labels.py
[2024-09-27T15:47:21.144+0000] {processor.py:914} INFO - Processing file /home/airflow/.local/lib/python3.12/site-packages/airflow/example_dags/example_branch_labels.py for tasks to queue
[2024-09-27T15:47:21.146+0000] {logging_mixin.py:190} INFO - [2024-09-27T15:47:21.146+0000] {dagbag.py:588} INFO - Filling up the DagBag from /home/airflow/.local/lib/python3.12/site-packages/airflow/example_dags/example_branch_labels.py
[2024-09-27T15:47:21.151+0000] {processor.py:925} INFO - DAG(s) 'example_branch_labels' retrieved from /home/airflow/.local/lib/python3.12/site-packages/airflow/example_dags/example_branch_labels.py
[2024-09-27T15:47:21.163+0000] {logging_mixin.py:190} INFO - [2024-09-27T15:47:21.163+0000] {dag.py:3239} INFO - Sync 1 DAGs
[2024-09-27T15:47:21.175+0000] {logging_mixin.py:190} INFO - [2024-09-27T15:47:21.175+0000] {dag.py:4180} INFO - Setting next_dagrun for example_branch_labels to 2024-09-26 00:00:00+00:00, run_after=2024-09-27 00:00:00+00:00
[2024-09-27T15:47:21.187+0000] {processor.py:208} INFO - Processing /home/airflow/.local/lib/python3.12/site-packages/airflow/example_dags/example_branch_labels.py took 0.047 seconds
[2024-09-27T15:47:52.211+0000] {processor.py:186} INFO - Started process (PID=265) to work on /home/airflow/.local/lib/python3.12/site-packages/airflow/example_dags/example_branch_labels.py
[2024-09-27T15:47:52.211+0000] {processor.py:914} INFO - Processing file /home/airflow/.local/lib/python3.12/site-packages/airflow/example_dags/example_branch_labels.py for tasks to queue
[2024-09-27T15:47:52.213+0000] {logging_mixin.py:190} INFO - [2024-09-27T15:47:52.213+0000] {dagbag.py:588} INFO - Filling up the DagBag from /home/airflow/.local/lib/python3.12/site-packages/airflow/example_dags/example_branch_labels.py
[2024-09-27T15:47:52.219+0000] {processor.py:925} INFO - DAG(s) 'example_branch_labels' retrieved from /home/airflow/.local/lib/python3.12/site-packages/airflow/example_dags/example_branch_labels.py
[2024-09-27T15:47:52.230+0000] {logging_mixin.py:190} INFO - [2024-09-27T15:47:52.230+0000] {dag.py:3239} INFO - Sync 1 DAGs
[2024-09-27T15:47:52.242+0000] {logging_mixin.py:190} INFO - [2024-09-27T15:47:52.241+0000] {dag.py:4180} INFO - Setting next_dagrun for example_branch_labels to 2024-09-26 00:00:00+00:00, run_after=2024-09-27 00:00:00+00:00
[2024-09-27T15:47:52.252+0000] {processor.py:208} INFO - Processing /home/airflow/.local/lib/python3.12/site-packages/airflow/example_dags/example_branch_labels.py took 0.044 seconds
[2024-09-27T15:48:22.839+0000] {processor.py:186} INFO - Started process (PID=328) to work on /home/airflow/.local/lib/python3.12/site-packages/airflow/example_dags/example_branch_labels.py
[2024-09-27T15:48:22.841+0000] {processor.py:914} INFO - Processing file /home/airflow/.local/lib/python3.12/site-packages/airflow/example_dags/example_branch_labels.py for tasks to queue
[2024-09-27T15:48:22.842+0000] {logging_mixin.py:190} INFO - [2024-09-27T15:48:22.842+0000] {dagbag.py:588} INFO - Filling up the DagBag from /home/airflow/.local/lib/python3.12/site-packages/airflow/example_dags/example_branch_labels.py
[2024-09-27T15:48:22.849+0000] {processor.py:925} INFO - DAG(s) 'example_branch_labels' retrieved from /home/airflow/.local/lib/python3.12/site-packages/airflow/example_dags/example_branch_labels.py
[2024-09-27T15:48:22.860+0000] {logging_mixin.py:190} INFO - [2024-09-27T15:48:22.860+0000] {dag.py:3239} INFO - Sync 1 DAGs
[2024-09-27T15:48:22.873+0000] {logging_mixin.py:190} INFO - [2024-09-27T15:48:22.872+0000] {dag.py:4180} INFO - Setting next_dagrun for example_branch_labels to 2024-09-26 00:00:00+00:00, run_after=2024-09-27 00:00:00+00:00
[2024-09-27T15:48:22.881+0000] {processor.py:208} INFO - Processing /home/airflow/.local/lib/python3.12/site-packages/airflow/example_dags/example_branch_labels.py took 0.045 seconds
[2024-09-27T15:48:53.274+0000] {processor.py:186} INFO - Started process (PID=391) to work on /home/airflow/.local/lib/python3.12/site-packages/airflow/example_dags/example_branch_labels.py
[2024-09-27T15:48:53.275+0000] {processor.py:914} INFO - Processing file /home/airflow/.local/lib/python3.12/site-packages/airflow/example_dags/example_branch_labels.py for tasks to queue
[2024-09-27T15:48:53.276+0000] {logging_mixin.py:190} INFO - [2024-09-27T15:48:53.276+0000] {dagbag.py:588} INFO - Filling up the DagBag from /home/airflow/.local/lib/python3.12/site-packages/airflow/example_dags/example_branch_labels.py
[2024-09-27T15:48:53.281+0000] {processor.py:925} INFO - DAG(s) 'example_branch_labels' retrieved from /home/airflow/.local/lib/python3.12/site-packages/airflow/example_dags/example_branch_labels.py
[2024-09-27T15:48:53.292+0000] {logging_mixin.py:190} INFO - [2024-09-27T15:48:53.292+0000] {dag.py:3239} INFO - Sync 1 DAGs
[2024-09-27T15:48:53.304+0000] {logging_mixin.py:190} INFO - [2024-09-27T15:48:53.304+0000] {dag.py:4180} INFO - Setting next_dagrun for example_branch_labels to 2024-09-26 00:00:00+00:00, run_after=2024-09-27 00:00:00+00:00
[2024-09-27T15:48:53.312+0000] {processor.py:208} INFO - Processing /home/airflow/.local/lib/python3.12/site-packages/airflow/example_dags/example_branch_labels.py took 0.041 seconds
[2024-09-27T15:49:24.141+0000] {processor.py:186} INFO - Started process (PID=454) to work on /home/airflow/.local/lib/python3.12/site-packages/airflow/example_dags/example_branch_labels.py
[2024-09-27T15:49:24.141+0000] {processor.py:914} INFO - Processing file /home/airflow/.local/lib/python3.12/site-packages/airflow/example_dags/example_branch_labels.py for tasks to queue
[2024-09-27T15:49:24.143+0000] {logging_mixin.py:190} INFO - [2024-09-27T15:49:24.143+0000] {dagbag.py:588} INFO - Filling up the DagBag from /home/airflow/.local/lib/python3.12/site-packages/airflow/example_dags/example_branch_labels.py
[2024-09-27T15:49:24.149+0000] {processor.py:925} INFO - DAG(s) 'example_branch_labels' retrieved from /home/airflow/.local/lib/python3.12/site-packages/airflow/example_dags/example_branch_labels.py
[2024-09-27T15:49:24.160+0000] {logging_mixin.py:190} INFO - [2024-09-27T15:49:24.160+0000] {dag.py:3239} INFO - Sync 1 DAGs
[2024-09-27T15:49:24.173+0000] {logging_mixin.py:190} INFO - [2024-09-27T15:49:24.173+0000] {dag.py:4180} INFO - Setting next_dagrun for example_branch_labels to 2024-09-26 00:00:00+00:00, run_after=2024-09-27 00:00:00+00:00
[2024-09-27T15:49:24.181+0000] {processor.py:208} INFO - Processing /home/airflow/.local/lib/python3.12/site-packages/airflow/example_dags/example_branch_labels.py took 0.044 seconds
[2024-09-27T15:49:54.897+0000] {processor.py:186} INFO - Started process (PID=517) to work on /home/airflow/.local/lib/python3.12/site-packages/airflow/example_dags/example_branch_labels.py
[2024-09-27T15:49:54.899+0000] {processor.py:914} INFO - Processing file /home/airflow/.local/lib/python3.12/site-packages/airflow/example_dags/example_branch_labels.py for tasks to queue
[2024-09-27T15:49:54.900+0000] {logging_mixin.py:190} INFO - [2024-09-27T15:49:54.900+0000] {dagbag.py:588} INFO - Filling up the DagBag from /home/airflow/.local/lib/python3.12/site-packages/airflow/example_dags/example_branch_labels.py
[2024-09-27T15:49:54.906+0000] {processor.py:925} INFO - DAG(s) 'example_branch_labels' retrieved from /home/airflow/.local/lib/python3.12/site-packages/airflow/example_dags/example_branch_labels.py
[2024-09-27T15:49:54.916+0000] {logging_mixin.py:190} INFO - [2024-09-27T15:49:54.916+0000] {dag.py:3239} INFO - Sync 1 DAGs
[2024-09-27T15:49:54.932+0000] {logging_mixin.py:190} INFO - [2024-09-27T15:49:54.932+0000] {dag.py:4180} INFO - Setting next_dagrun for example_branch_labels to 2024-09-26 00:00:00+00:00, run_after=2024-09-27 00:00:00+00:00
[2024-09-27T15:49:54.944+0000] {processor.py:208} INFO - Processing /home/airflow/.local/lib/python3.12/site-packages/airflow/example_dags/example_branch_labels.py took 0.050 seconds
