[2024-09-27T15:46:19.215+0000] {processor.py:186} INFO - Started process (PID=65) to work on /home/airflow/.local/lib/python3.12/site-packages/airflow/example_dags/example_latest_only.py
[2024-09-27T15:46:19.216+0000] {processor.py:914} INFO - Processing file /home/airflow/.local/lib/python3.12/site-packages/airflow/example_dags/example_latest_only.py for tasks to queue
[2024-09-27T15:46:19.217+0000] {logging_mixin.py:190} INFO - [2024-09-27T15:46:19.217+0000] {dagbag.py:588} INFO - Filling up the DagBag from /home/airflow/.local/lib/python3.12/site-packages/airflow/example_dags/example_latest_only.py
[2024-09-27T15:46:19.221+0000] {processor.py:925} INFO - DAG(s) 'latest_only' retrieved from /home/airflow/.local/lib/python3.12/site-packages/airflow/example_dags/example_latest_only.py
[2024-09-27T15:46:19.267+0000] {logging_mixin.py:190} INFO - [2024-09-27T15:46:19.266+0000] {override.py:1900} INFO - Created Permission View: can delete on DAG:latest_only
[2024-09-27T15:46:19.270+0000] {logging_mixin.py:190} INFO - [2024-09-27T15:46:19.270+0000] {override.py:1900} INFO - Created Permission View: can read on DAG:latest_only
[2024-09-27T15:46:19.273+0000] {logging_mixin.py:190} INFO - [2024-09-27T15:46:19.273+0000] {override.py:1900} INFO - Created Permission View: can edit on DAG:latest_only
[2024-09-27T15:46:19.275+0000] {logging_mixin.py:190} INFO - [2024-09-27T15:46:19.275+0000] {override.py:1900} INFO - Created Permission View: can create on DAG Run:latest_only
[2024-09-27T15:46:19.277+0000] {logging_mixin.py:190} INFO - [2024-09-27T15:46:19.277+0000] {override.py:1900} INFO - Created Permission View: can delete on DAG Run:latest_only
[2024-09-27T15:46:19.280+0000] {logging_mixin.py:190} INFO - [2024-09-27T15:46:19.280+0000] {override.py:1900} INFO - Created Permission View: menu access on DAG Run:latest_only
[2024-09-27T15:46:19.283+0000] {logging_mixin.py:190} INFO - [2024-09-27T15:46:19.283+0000] {override.py:1900} INFO - Created Permission View: can read on DAG Run:latest_only
[2024-09-27T15:46:19.283+0000] {logging_mixin.py:190} INFO - [2024-09-27T15:46:19.283+0000] {dag.py:3239} INFO - Sync 1 DAGs
[2024-09-27T15:46:19.292+0000] {logging_mixin.py:190} INFO - [2024-09-27T15:46:19.292+0000] {dag.py:3262} INFO - Creating ORM DAG for latest_only
[2024-09-27T15:46:19.300+0000] {logging_mixin.py:190} INFO - [2024-09-27T15:46:19.300+0000] {dag.py:4180} INFO - Setting next_dagrun for latest_only to 2024-09-27 08:00:00+00:00, run_after=2024-09-27 12:00:00+00:00
[2024-09-27T15:46:19.310+0000] {processor.py:208} INFO - Processing /home/airflow/.local/lib/python3.12/site-packages/airflow/example_dags/example_latest_only.py took 0.097 seconds
[2024-09-27T15:46:49.806+0000] {processor.py:186} INFO - Started process (PID=128) to work on /home/airflow/.local/lib/python3.12/site-packages/airflow/example_dags/example_latest_only.py
[2024-09-27T15:46:49.806+0000] {processor.py:914} INFO - Processing file /home/airflow/.local/lib/python3.12/site-packages/airflow/example_dags/example_latest_only.py for tasks to queue
[2024-09-27T15:46:49.808+0000] {logging_mixin.py:190} INFO - [2024-09-27T15:46:49.808+0000] {dagbag.py:588} INFO - Filling up the DagBag from /home/airflow/.local/lib/python3.12/site-packages/airflow/example_dags/example_latest_only.py
[2024-09-27T15:46:49.812+0000] {processor.py:925} INFO - DAG(s) 'latest_only' retrieved from /home/airflow/.local/lib/python3.12/site-packages/airflow/example_dags/example_latest_only.py
[2024-09-27T15:46:49.823+0000] {logging_mixin.py:190} INFO - [2024-09-27T15:46:49.823+0000] {dag.py:3239} INFO - Sync 1 DAGs
[2024-09-27T15:46:49.834+0000] {logging_mixin.py:190} INFO - [2024-09-27T15:46:49.834+0000] {dag.py:4180} INFO - Setting next_dagrun for latest_only to 2024-09-27 08:00:00+00:00, run_after=2024-09-27 12:00:00+00:00
[2024-09-27T15:46:49.842+0000] {processor.py:208} INFO - Processing /home/airflow/.local/lib/python3.12/site-packages/airflow/example_dags/example_latest_only.py took 0.040 seconds
[2024-09-27T15:47:20.705+0000] {processor.py:186} INFO - Started process (PID=191) to work on /home/airflow/.local/lib/python3.12/site-packages/airflow/example_dags/example_latest_only.py
[2024-09-27T15:47:20.705+0000] {processor.py:914} INFO - Processing file /home/airflow/.local/lib/python3.12/site-packages/airflow/example_dags/example_latest_only.py for tasks to queue
[2024-09-27T15:47:20.707+0000] {logging_mixin.py:190} INFO - [2024-09-27T15:47:20.707+0000] {dagbag.py:588} INFO - Filling up the DagBag from /home/airflow/.local/lib/python3.12/site-packages/airflow/example_dags/example_latest_only.py
[2024-09-27T15:47:20.711+0000] {processor.py:925} INFO - DAG(s) 'latest_only' retrieved from /home/airflow/.local/lib/python3.12/site-packages/airflow/example_dags/example_latest_only.py
[2024-09-27T15:47:20.724+0000] {logging_mixin.py:190} INFO - [2024-09-27T15:47:20.723+0000] {dag.py:3239} INFO - Sync 1 DAGs
[2024-09-27T15:47:20.738+0000] {logging_mixin.py:190} INFO - [2024-09-27T15:47:20.738+0000] {dag.py:4180} INFO - Setting next_dagrun for latest_only to 2024-09-27 08:00:00+00:00, run_after=2024-09-27 12:00:00+00:00
[2024-09-27T15:47:20.748+0000] {processor.py:208} INFO - Processing /home/airflow/.local/lib/python3.12/site-packages/airflow/example_dags/example_latest_only.py took 0.046 seconds
[2024-09-27T15:47:51.728+0000] {processor.py:186} INFO - Started process (PID=254) to work on /home/airflow/.local/lib/python3.12/site-packages/airflow/example_dags/example_latest_only.py
[2024-09-27T15:47:51.729+0000] {processor.py:914} INFO - Processing file /home/airflow/.local/lib/python3.12/site-packages/airflow/example_dags/example_latest_only.py for tasks to queue
[2024-09-27T15:47:51.730+0000] {logging_mixin.py:190} INFO - [2024-09-27T15:47:51.730+0000] {dagbag.py:588} INFO - Filling up the DagBag from /home/airflow/.local/lib/python3.12/site-packages/airflow/example_dags/example_latest_only.py
[2024-09-27T15:47:51.734+0000] {processor.py:925} INFO - DAG(s) 'latest_only' retrieved from /home/airflow/.local/lib/python3.12/site-packages/airflow/example_dags/example_latest_only.py
[2024-09-27T15:47:51.746+0000] {logging_mixin.py:190} INFO - [2024-09-27T15:47:51.746+0000] {dag.py:3239} INFO - Sync 1 DAGs
[2024-09-27T15:47:51.762+0000] {logging_mixin.py:190} INFO - [2024-09-27T15:47:51.762+0000] {dag.py:4180} INFO - Setting next_dagrun for latest_only to 2024-09-27 08:00:00+00:00, run_after=2024-09-27 12:00:00+00:00
[2024-09-27T15:47:51.773+0000] {processor.py:208} INFO - Processing /home/airflow/.local/lib/python3.12/site-packages/airflow/example_dags/example_latest_only.py took 0.048 seconds
[2024-09-27T15:48:22.335+0000] {processor.py:186} INFO - Started process (PID=317) to work on /home/airflow/.local/lib/python3.12/site-packages/airflow/example_dags/example_latest_only.py
[2024-09-27T15:48:22.336+0000] {processor.py:914} INFO - Processing file /home/airflow/.local/lib/python3.12/site-packages/airflow/example_dags/example_latest_only.py for tasks to queue
[2024-09-27T15:48:22.337+0000] {logging_mixin.py:190} INFO - [2024-09-27T15:48:22.337+0000] {dagbag.py:588} INFO - Filling up the DagBag from /home/airflow/.local/lib/python3.12/site-packages/airflow/example_dags/example_latest_only.py
[2024-09-27T15:48:22.342+0000] {processor.py:925} INFO - DAG(s) 'latest_only' retrieved from /home/airflow/.local/lib/python3.12/site-packages/airflow/example_dags/example_latest_only.py
[2024-09-27T15:48:22.355+0000] {logging_mixin.py:190} INFO - [2024-09-27T15:48:22.355+0000] {dag.py:3239} INFO - Sync 1 DAGs
[2024-09-27T15:48:22.368+0000] {logging_mixin.py:190} INFO - [2024-09-27T15:48:22.368+0000] {dag.py:4180} INFO - Setting next_dagrun for latest_only to 2024-09-27 08:00:00+00:00, run_after=2024-09-27 12:00:00+00:00
[2024-09-27T15:48:22.378+0000] {processor.py:208} INFO - Processing /home/airflow/.local/lib/python3.12/site-packages/airflow/example_dags/example_latest_only.py took 0.047 seconds
[2024-09-27T15:48:52.870+0000] {processor.py:186} INFO - Started process (PID=380) to work on /home/airflow/.local/lib/python3.12/site-packages/airflow/example_dags/example_latest_only.py
[2024-09-27T15:48:52.870+0000] {processor.py:914} INFO - Processing file /home/airflow/.local/lib/python3.12/site-packages/airflow/example_dags/example_latest_only.py for tasks to queue
[2024-09-27T15:48:52.872+0000] {logging_mixin.py:190} INFO - [2024-09-27T15:48:52.872+0000] {dagbag.py:588} INFO - Filling up the DagBag from /home/airflow/.local/lib/python3.12/site-packages/airflow/example_dags/example_latest_only.py
[2024-09-27T15:48:52.876+0000] {processor.py:925} INFO - DAG(s) 'latest_only' retrieved from /home/airflow/.local/lib/python3.12/site-packages/airflow/example_dags/example_latest_only.py
[2024-09-27T15:48:52.886+0000] {logging_mixin.py:190} INFO - [2024-09-27T15:48:52.886+0000] {dag.py:3239} INFO - Sync 1 DAGs
[2024-09-27T15:48:52.898+0000] {logging_mixin.py:190} INFO - [2024-09-27T15:48:52.898+0000] {dag.py:4180} INFO - Setting next_dagrun for latest_only to 2024-09-27 08:00:00+00:00, run_after=2024-09-27 12:00:00+00:00
[2024-09-27T15:48:52.907+0000] {processor.py:208} INFO - Processing /home/airflow/.local/lib/python3.12/site-packages/airflow/example_dags/example_latest_only.py took 0.041 seconds
[2024-09-27T15:49:23.691+0000] {processor.py:186} INFO - Started process (PID=443) to work on /home/airflow/.local/lib/python3.12/site-packages/airflow/example_dags/example_latest_only.py
[2024-09-27T15:49:23.692+0000] {processor.py:914} INFO - Processing file /home/airflow/.local/lib/python3.12/site-packages/airflow/example_dags/example_latest_only.py for tasks to queue
[2024-09-27T15:49:23.694+0000] {logging_mixin.py:190} INFO - [2024-09-27T15:49:23.693+0000] {dagbag.py:588} INFO - Filling up the DagBag from /home/airflow/.local/lib/python3.12/site-packages/airflow/example_dags/example_latest_only.py
[2024-09-27T15:49:23.697+0000] {processor.py:925} INFO - DAG(s) 'latest_only' retrieved from /home/airflow/.local/lib/python3.12/site-packages/airflow/example_dags/example_latest_only.py
[2024-09-27T15:49:23.707+0000] {logging_mixin.py:190} INFO - [2024-09-27T15:49:23.707+0000] {dag.py:3239} INFO - Sync 1 DAGs
[2024-09-27T15:49:23.718+0000] {logging_mixin.py:190} INFO - [2024-09-27T15:49:23.718+0000] {dag.py:4180} INFO - Setting next_dagrun for latest_only to 2024-09-27 08:00:00+00:00, run_after=2024-09-27 12:00:00+00:00
[2024-09-27T15:49:23.728+0000] {processor.py:208} INFO - Processing /home/airflow/.local/lib/python3.12/site-packages/airflow/example_dags/example_latest_only.py took 0.039 seconds
[2024-09-27T15:49:54.409+0000] {processor.py:186} INFO - Started process (PID=506) to work on /home/airflow/.local/lib/python3.12/site-packages/airflow/example_dags/example_latest_only.py
[2024-09-27T15:49:54.409+0000] {processor.py:914} INFO - Processing file /home/airflow/.local/lib/python3.12/site-packages/airflow/example_dags/example_latest_only.py for tasks to queue
[2024-09-27T15:49:54.411+0000] {logging_mixin.py:190} INFO - [2024-09-27T15:49:54.411+0000] {dagbag.py:588} INFO - Filling up the DagBag from /home/airflow/.local/lib/python3.12/site-packages/airflow/example_dags/example_latest_only.py
[2024-09-27T15:49:54.415+0000] {processor.py:925} INFO - DAG(s) 'latest_only' retrieved from /home/airflow/.local/lib/python3.12/site-packages/airflow/example_dags/example_latest_only.py
[2024-09-27T15:49:54.425+0000] {logging_mixin.py:190} INFO - [2024-09-27T15:49:54.425+0000] {dag.py:3239} INFO - Sync 1 DAGs
[2024-09-27T15:49:54.436+0000] {logging_mixin.py:190} INFO - [2024-09-27T15:49:54.436+0000] {dag.py:4180} INFO - Setting next_dagrun for latest_only to 2024-09-27 08:00:00+00:00, run_after=2024-09-27 12:00:00+00:00
[2024-09-27T15:49:54.445+0000] {processor.py:208} INFO - Processing /home/airflow/.local/lib/python3.12/site-packages/airflow/example_dags/example_latest_only.py took 0.040 seconds
