[2024-09-27T15:46:17.990+0000] {processor.py:186} INFO - Started process (PID=47) to work on /home/airflow/.local/lib/python3.12/site-packages/airflow/example_dags/example_setup_teardown.py
[2024-09-27T15:46:17.990+0000] {processor.py:914} INFO - Processing file /home/airflow/.local/lib/python3.12/site-packages/airflow/example_dags/example_setup_teardown.py for tasks to queue
[2024-09-27T15:46:17.991+0000] {logging_mixin.py:190} INFO - [2024-09-27T15:46:17.991+0000] {dagbag.py:588} INFO - Filling up the DagBag from /home/airflow/.local/lib/python3.12/site-packages/airflow/example_dags/example_setup_teardown.py
[2024-09-27T15:46:17.999+0000] {processor.py:925} INFO - DAG(s) 'example_setup_teardown' retrieved from /home/airflow/.local/lib/python3.12/site-packages/airflow/example_dags/example_setup_teardown.py
[2024-09-27T15:46:18.058+0000] {logging_mixin.py:190} INFO - [2024-09-27T15:46:18.057+0000] {override.py:1900} INFO - Created Permission View: can delete on DAG:example_setup_teardown
[2024-09-27T15:46:18.061+0000] {logging_mixin.py:190} INFO - [2024-09-27T15:46:18.061+0000] {override.py:1900} INFO - Created Permission View: can read on DAG:example_setup_teardown
[2024-09-27T15:46:18.064+0000] {logging_mixin.py:190} INFO - [2024-09-27T15:46:18.064+0000] {override.py:1900} INFO - Created Permission View: can edit on DAG:example_setup_teardown
[2024-09-27T15:46:18.067+0000] {logging_mixin.py:190} INFO - [2024-09-27T15:46:18.067+0000] {override.py:1900} INFO - Created Permission View: can create on DAG Run:example_setup_teardown
[2024-09-27T15:46:18.069+0000] {logging_mixin.py:190} INFO - [2024-09-27T15:46:18.069+0000] {override.py:1900} INFO - Created Permission View: can delete on DAG Run:example_setup_teardown
[2024-09-27T15:46:18.071+0000] {logging_mixin.py:190} INFO - [2024-09-27T15:46:18.071+0000] {override.py:1900} INFO - Created Permission View: menu access on DAG Run:example_setup_teardown
[2024-09-27T15:46:18.074+0000] {logging_mixin.py:190} INFO - [2024-09-27T15:46:18.074+0000] {override.py:1900} INFO - Created Permission View: can read on DAG Run:example_setup_teardown
[2024-09-27T15:46:18.074+0000] {logging_mixin.py:190} INFO - [2024-09-27T15:46:18.074+0000] {dag.py:3239} INFO - Sync 1 DAGs
[2024-09-27T15:46:18.080+0000] {logging_mixin.py:190} INFO - [2024-09-27T15:46:18.080+0000] {dag.py:3262} INFO - Creating ORM DAG for example_setup_teardown
[2024-09-27T15:46:18.081+0000] {logging_mixin.py:190} INFO - [2024-09-27T15:46:18.081+0000] {dag.py:4180} INFO - Setting next_dagrun for example_setup_teardown to None, run_after=None
[2024-09-27T15:46:18.089+0000] {processor.py:208} INFO - Processing /home/airflow/.local/lib/python3.12/site-packages/airflow/example_dags/example_setup_teardown.py took 0.102 seconds
[2024-09-27T15:46:49.057+0000] {processor.py:186} INFO - Started process (PID=110) to work on /home/airflow/.local/lib/python3.12/site-packages/airflow/example_dags/example_setup_teardown.py
[2024-09-27T15:46:49.058+0000] {processor.py:914} INFO - Processing file /home/airflow/.local/lib/python3.12/site-packages/airflow/example_dags/example_setup_teardown.py for tasks to queue
[2024-09-27T15:46:49.061+0000] {logging_mixin.py:190} INFO - [2024-09-27T15:46:49.061+0000] {dagbag.py:588} INFO - Filling up the DagBag from /home/airflow/.local/lib/python3.12/site-packages/airflow/example_dags/example_setup_teardown.py
[2024-09-27T15:46:49.074+0000] {processor.py:925} INFO - DAG(s) 'example_setup_teardown' retrieved from /home/airflow/.local/lib/python3.12/site-packages/airflow/example_dags/example_setup_teardown.py
[2024-09-27T15:46:49.091+0000] {logging_mixin.py:190} INFO - [2024-09-27T15:46:49.091+0000] {dag.py:3239} INFO - Sync 1 DAGs
[2024-09-27T15:46:49.100+0000] {logging_mixin.py:190} INFO - [2024-09-27T15:46:49.100+0000] {dag.py:4180} INFO - Setting next_dagrun for example_setup_teardown to None, run_after=None
[2024-09-27T15:46:49.111+0000] {processor.py:208} INFO - Processing /home/airflow/.local/lib/python3.12/site-packages/airflow/example_dags/example_setup_teardown.py took 0.063 seconds
[2024-09-27T15:47:19.927+0000] {processor.py:186} INFO - Started process (PID=173) to work on /home/airflow/.local/lib/python3.12/site-packages/airflow/example_dags/example_setup_teardown.py
[2024-09-27T15:47:19.930+0000] {processor.py:914} INFO - Processing file /home/airflow/.local/lib/python3.12/site-packages/airflow/example_dags/example_setup_teardown.py for tasks to queue
[2024-09-27T15:47:19.932+0000] {logging_mixin.py:190} INFO - [2024-09-27T15:47:19.932+0000] {dagbag.py:588} INFO - Filling up the DagBag from /home/airflow/.local/lib/python3.12/site-packages/airflow/example_dags/example_setup_teardown.py
[2024-09-27T15:47:19.939+0000] {processor.py:925} INFO - DAG(s) 'example_setup_teardown' retrieved from /home/airflow/.local/lib/python3.12/site-packages/airflow/example_dags/example_setup_teardown.py
[2024-09-27T15:47:19.966+0000] {logging_mixin.py:190} INFO - [2024-09-27T15:47:19.966+0000] {dag.py:3239} INFO - Sync 1 DAGs
[2024-09-27T15:47:19.979+0000] {logging_mixin.py:190} INFO - [2024-09-27T15:47:19.978+0000] {dag.py:4180} INFO - Setting next_dagrun for example_setup_teardown to None, run_after=None
[2024-09-27T15:47:19.993+0000] {processor.py:208} INFO - Processing /home/airflow/.local/lib/python3.12/site-packages/airflow/example_dags/example_setup_teardown.py took 0.072 seconds
[2024-09-27T15:47:50.927+0000] {processor.py:186} INFO - Started process (PID=236) to work on /home/airflow/.local/lib/python3.12/site-packages/airflow/example_dags/example_setup_teardown.py
[2024-09-27T15:47:50.929+0000] {processor.py:914} INFO - Processing file /home/airflow/.local/lib/python3.12/site-packages/airflow/example_dags/example_setup_teardown.py for tasks to queue
[2024-09-27T15:47:50.933+0000] {logging_mixin.py:190} INFO - [2024-09-27T15:47:50.932+0000] {dagbag.py:588} INFO - Filling up the DagBag from /home/airflow/.local/lib/python3.12/site-packages/airflow/example_dags/example_setup_teardown.py
[2024-09-27T15:47:50.946+0000] {processor.py:925} INFO - DAG(s) 'example_setup_teardown' retrieved from /home/airflow/.local/lib/python3.12/site-packages/airflow/example_dags/example_setup_teardown.py
[2024-09-27T15:47:50.972+0000] {logging_mixin.py:190} INFO - [2024-09-27T15:47:50.971+0000] {dag.py:3239} INFO - Sync 1 DAGs
[2024-09-27T15:47:50.984+0000] {logging_mixin.py:190} INFO - [2024-09-27T15:47:50.984+0000] {dag.py:4180} INFO - Setting next_dagrun for example_setup_teardown to None, run_after=None
[2024-09-27T15:47:50.996+0000] {processor.py:208} INFO - Processing /home/airflow/.local/lib/python3.12/site-packages/airflow/example_dags/example_setup_teardown.py took 0.091 seconds
[2024-09-27T15:48:21.179+0000] {processor.py:186} INFO - Started process (PID=298) to work on /home/airflow/.local/lib/python3.12/site-packages/airflow/example_dags/example_setup_teardown.py
[2024-09-27T15:48:21.184+0000] {processor.py:914} INFO - Processing file /home/airflow/.local/lib/python3.12/site-packages/airflow/example_dags/example_setup_teardown.py for tasks to queue
[2024-09-27T15:48:21.192+0000] {logging_mixin.py:190} INFO - [2024-09-27T15:48:21.191+0000] {dagbag.py:588} INFO - Filling up the DagBag from /home/airflow/.local/lib/python3.12/site-packages/airflow/example_dags/example_setup_teardown.py
[2024-09-27T15:48:21.342+0000] {processor.py:925} INFO - DAG(s) 'example_setup_teardown' retrieved from /home/airflow/.local/lib/python3.12/site-packages/airflow/example_dags/example_setup_teardown.py
[2024-09-27T15:48:21.441+0000] {logging_mixin.py:190} INFO - [2024-09-27T15:48:21.440+0000] {dag.py:3239} INFO - Sync 1 DAGs
[2024-09-27T15:48:21.465+0000] {logging_mixin.py:190} INFO - [2024-09-27T15:48:21.465+0000] {dag.py:4180} INFO - Setting next_dagrun for example_setup_teardown to None, run_after=None
[2024-09-27T15:48:21.502+0000] {processor.py:208} INFO - Processing /home/airflow/.local/lib/python3.12/site-packages/airflow/example_dags/example_setup_teardown.py took 0.359 seconds
[2024-09-27T15:48:52.213+0000] {processor.py:186} INFO - Started process (PID=362) to work on /home/airflow/.local/lib/python3.12/site-packages/airflow/example_dags/example_setup_teardown.py
[2024-09-27T15:48:52.214+0000] {processor.py:914} INFO - Processing file /home/airflow/.local/lib/python3.12/site-packages/airflow/example_dags/example_setup_teardown.py for tasks to queue
[2024-09-27T15:48:52.217+0000] {logging_mixin.py:190} INFO - [2024-09-27T15:48:52.217+0000] {dagbag.py:588} INFO - Filling up the DagBag from /home/airflow/.local/lib/python3.12/site-packages/airflow/example_dags/example_setup_teardown.py
[2024-09-27T15:48:52.226+0000] {processor.py:925} INFO - DAG(s) 'example_setup_teardown' retrieved from /home/airflow/.local/lib/python3.12/site-packages/airflow/example_dags/example_setup_teardown.py
[2024-09-27T15:48:52.245+0000] {logging_mixin.py:190} INFO - [2024-09-27T15:48:52.245+0000] {dag.py:3239} INFO - Sync 1 DAGs
[2024-09-27T15:48:52.265+0000] {logging_mixin.py:190} INFO - [2024-09-27T15:48:52.265+0000] {dag.py:4180} INFO - Setting next_dagrun for example_setup_teardown to None, run_after=None
[2024-09-27T15:48:52.278+0000] {processor.py:208} INFO - Processing /home/airflow/.local/lib/python3.12/site-packages/airflow/example_dags/example_setup_teardown.py took 0.072 seconds
[2024-09-27T15:49:22.973+0000] {processor.py:186} INFO - Started process (PID=425) to work on /home/airflow/.local/lib/python3.12/site-packages/airflow/example_dags/example_setup_teardown.py
[2024-09-27T15:49:22.974+0000] {processor.py:914} INFO - Processing file /home/airflow/.local/lib/python3.12/site-packages/airflow/example_dags/example_setup_teardown.py for tasks to queue
[2024-09-27T15:49:22.977+0000] {logging_mixin.py:190} INFO - [2024-09-27T15:49:22.977+0000] {dagbag.py:588} INFO - Filling up the DagBag from /home/airflow/.local/lib/python3.12/site-packages/airflow/example_dags/example_setup_teardown.py
[2024-09-27T15:49:22.991+0000] {processor.py:925} INFO - DAG(s) 'example_setup_teardown' retrieved from /home/airflow/.local/lib/python3.12/site-packages/airflow/example_dags/example_setup_teardown.py
[2024-09-27T15:49:23.019+0000] {logging_mixin.py:190} INFO - [2024-09-27T15:49:23.017+0000] {dag.py:3239} INFO - Sync 1 DAGs
[2024-09-27T15:49:23.032+0000] {logging_mixin.py:190} INFO - [2024-09-27T15:49:23.032+0000] {dag.py:4180} INFO - Setting next_dagrun for example_setup_teardown to None, run_after=None
[2024-09-27T15:49:23.045+0000] {processor.py:208} INFO - Processing /home/airflow/.local/lib/python3.12/site-packages/airflow/example_dags/example_setup_teardown.py took 0.081 seconds
[2024-09-27T15:49:53.690+0000] {processor.py:186} INFO - Started process (PID=488) to work on /home/airflow/.local/lib/python3.12/site-packages/airflow/example_dags/example_setup_teardown.py
[2024-09-27T15:49:53.692+0000] {processor.py:914} INFO - Processing file /home/airflow/.local/lib/python3.12/site-packages/airflow/example_dags/example_setup_teardown.py for tasks to queue
[2024-09-27T15:49:53.695+0000] {logging_mixin.py:190} INFO - [2024-09-27T15:49:53.695+0000] {dagbag.py:588} INFO - Filling up the DagBag from /home/airflow/.local/lib/python3.12/site-packages/airflow/example_dags/example_setup_teardown.py
[2024-09-27T15:49:53.709+0000] {processor.py:925} INFO - DAG(s) 'example_setup_teardown' retrieved from /home/airflow/.local/lib/python3.12/site-packages/airflow/example_dags/example_setup_teardown.py
[2024-09-27T15:49:53.731+0000] {logging_mixin.py:190} INFO - [2024-09-27T15:49:53.730+0000] {dag.py:3239} INFO - Sync 1 DAGs
[2024-09-27T15:49:53.742+0000] {logging_mixin.py:190} INFO - [2024-09-27T15:49:53.741+0000] {dag.py:4180} INFO - Setting next_dagrun for example_setup_teardown to None, run_after=None
[2024-09-27T15:49:53.753+0000] {processor.py:208} INFO - Processing /home/airflow/.local/lib/python3.12/site-packages/airflow/example_dags/example_setup_teardown.py took 0.071 seconds
