[2024-09-27T15:46:17.561+0000] {processor.py:186} INFO - Started process (PID=42) to work on /home/airflow/.local/lib/python3.12/site-packages/airflow/example_dags/example_bash_decorator.py
[2024-09-27T15:46:17.562+0000] {processor.py:914} INFO - Processing file /home/airflow/.local/lib/python3.12/site-packages/airflow/example_dags/example_bash_decorator.py for tasks to queue
[2024-09-27T15:46:17.563+0000] {logging_mixin.py:190} INFO - [2024-09-27T15:46:17.563+0000] {dagbag.py:588} INFO - Filling up the DagBag from /home/airflow/.local/lib/python3.12/site-packages/airflow/example_dags/example_bash_decorator.py
[2024-09-27T15:46:17.573+0000] {processor.py:925} INFO - DAG(s) 'example_bash_decorator' retrieved from /home/airflow/.local/lib/python3.12/site-packages/airflow/example_dags/example_bash_decorator.py
[2024-09-27T15:46:17.624+0000] {logging_mixin.py:190} INFO - [2024-09-27T15:46:17.623+0000] {override.py:1900} INFO - Created Permission View: can delete on DAG:example_bash_decorator
[2024-09-27T15:46:17.628+0000] {logging_mixin.py:190} INFO - [2024-09-27T15:46:17.628+0000] {override.py:1900} INFO - Created Permission View: can read on DAG:example_bash_decorator
[2024-09-27T15:46:17.631+0000] {logging_mixin.py:190} INFO - [2024-09-27T15:46:17.631+0000] {override.py:1900} INFO - Created Permission View: can edit on DAG:example_bash_decorator
[2024-09-27T15:46:17.634+0000] {logging_mixin.py:190} INFO - [2024-09-27T15:46:17.634+0000] {override.py:1900} INFO - Created Permission View: can create on DAG Run:example_bash_decorator
[2024-09-27T15:46:17.637+0000] {logging_mixin.py:190} INFO - [2024-09-27T15:46:17.637+0000] {override.py:1900} INFO - Created Permission View: can delete on DAG Run:example_bash_decorator
[2024-09-27T15:46:17.641+0000] {logging_mixin.py:190} INFO - [2024-09-27T15:46:17.640+0000] {override.py:1900} INFO - Created Permission View: menu access on DAG Run:example_bash_decorator
[2024-09-27T15:46:17.643+0000] {logging_mixin.py:190} INFO - [2024-09-27T15:46:17.643+0000] {override.py:1900} INFO - Created Permission View: can read on DAG Run:example_bash_decorator
[2024-09-27T15:46:17.643+0000] {logging_mixin.py:190} INFO - [2024-09-27T15:46:17.643+0000] {dag.py:3239} INFO - Sync 1 DAGs
[2024-09-27T15:46:17.648+0000] {logging_mixin.py:190} INFO - [2024-09-27T15:46:17.648+0000] {dag.py:3262} INFO - Creating ORM DAG for example_bash_decorator
[2024-09-27T15:46:17.649+0000] {logging_mixin.py:190} INFO - [2024-09-27T15:46:17.649+0000] {dag.py:4180} INFO - Setting next_dagrun for example_bash_decorator to None, run_after=None
[2024-09-27T15:46:17.656+0000] {processor.py:208} INFO - Processing /home/airflow/.local/lib/python3.12/site-packages/airflow/example_dags/example_bash_decorator.py took 0.097 seconds
[2024-09-27T15:46:47.883+0000] {processor.py:186} INFO - Started process (PID=105) to work on /home/airflow/.local/lib/python3.12/site-packages/airflow/example_dags/example_bash_decorator.py
[2024-09-27T15:46:47.885+0000] {processor.py:914} INFO - Processing file /home/airflow/.local/lib/python3.12/site-packages/airflow/example_dags/example_bash_decorator.py for tasks to queue
[2024-09-27T15:46:47.887+0000] {logging_mixin.py:190} INFO - [2024-09-27T15:46:47.886+0000] {dagbag.py:588} INFO - Filling up the DagBag from /home/airflow/.local/lib/python3.12/site-packages/airflow/example_dags/example_bash_decorator.py
[2024-09-27T15:46:47.896+0000] {processor.py:925} INFO - DAG(s) 'example_bash_decorator' retrieved from /home/airflow/.local/lib/python3.12/site-packages/airflow/example_dags/example_bash_decorator.py
[2024-09-27T15:46:47.908+0000] {logging_mixin.py:190} INFO - [2024-09-27T15:46:47.908+0000] {dag.py:3239} INFO - Sync 1 DAGs
[2024-09-27T15:46:47.915+0000] {logging_mixin.py:190} INFO - [2024-09-27T15:46:47.915+0000] {dag.py:4180} INFO - Setting next_dagrun for example_bash_decorator to None, run_after=None
[2024-09-27T15:46:47.928+0000] {processor.py:208} INFO - Processing /home/airflow/.local/lib/python3.12/site-packages/airflow/example_dags/example_bash_decorator.py took 0.048 seconds
[2024-09-27T15:47:18.793+0000] {processor.py:186} INFO - Started process (PID=168) to work on /home/airflow/.local/lib/python3.12/site-packages/airflow/example_dags/example_bash_decorator.py
[2024-09-27T15:47:18.794+0000] {processor.py:914} INFO - Processing file /home/airflow/.local/lib/python3.12/site-packages/airflow/example_dags/example_bash_decorator.py for tasks to queue
[2024-09-27T15:47:18.795+0000] {logging_mixin.py:190} INFO - [2024-09-27T15:47:18.795+0000] {dagbag.py:588} INFO - Filling up the DagBag from /home/airflow/.local/lib/python3.12/site-packages/airflow/example_dags/example_bash_decorator.py
[2024-09-27T15:47:18.804+0000] {processor.py:925} INFO - DAG(s) 'example_bash_decorator' retrieved from /home/airflow/.local/lib/python3.12/site-packages/airflow/example_dags/example_bash_decorator.py
[2024-09-27T15:47:18.817+0000] {logging_mixin.py:190} INFO - [2024-09-27T15:47:18.816+0000] {dag.py:3239} INFO - Sync 1 DAGs
[2024-09-27T15:47:18.824+0000] {logging_mixin.py:190} INFO - [2024-09-27T15:47:18.824+0000] {dag.py:4180} INFO - Setting next_dagrun for example_bash_decorator to None, run_after=None
[2024-09-27T15:47:18.833+0000] {processor.py:208} INFO - Processing /home/airflow/.local/lib/python3.12/site-packages/airflow/example_dags/example_bash_decorator.py took 0.043 seconds
[2024-09-27T15:47:49.679+0000] {processor.py:186} INFO - Started process (PID=231) to work on /home/airflow/.local/lib/python3.12/site-packages/airflow/example_dags/example_bash_decorator.py
[2024-09-27T15:47:49.680+0000] {processor.py:914} INFO - Processing file /home/airflow/.local/lib/python3.12/site-packages/airflow/example_dags/example_bash_decorator.py for tasks to queue
[2024-09-27T15:47:49.682+0000] {logging_mixin.py:190} INFO - [2024-09-27T15:47:49.681+0000] {dagbag.py:588} INFO - Filling up the DagBag from /home/airflow/.local/lib/python3.12/site-packages/airflow/example_dags/example_bash_decorator.py
[2024-09-27T15:47:49.693+0000] {processor.py:925} INFO - DAG(s) 'example_bash_decorator' retrieved from /home/airflow/.local/lib/python3.12/site-packages/airflow/example_dags/example_bash_decorator.py
[2024-09-27T15:47:49.724+0000] {logging_mixin.py:190} INFO - [2024-09-27T15:47:49.724+0000] {dag.py:3239} INFO - Sync 1 DAGs
[2024-09-27T15:47:49.742+0000] {logging_mixin.py:190} INFO - [2024-09-27T15:47:49.742+0000] {dag.py:4180} INFO - Setting next_dagrun for example_bash_decorator to None, run_after=None
[2024-09-27T15:47:49.765+0000] {processor.py:208} INFO - Processing /home/airflow/.local/lib/python3.12/site-packages/airflow/example_dags/example_bash_decorator.py took 0.090 seconds
[2024-09-27T15:48:19.822+0000] {processor.py:186} INFO - Started process (PID=294) to work on /home/airflow/.local/lib/python3.12/site-packages/airflow/example_dags/example_bash_decorator.py
[2024-09-27T15:48:19.823+0000] {processor.py:914} INFO - Processing file /home/airflow/.local/lib/python3.12/site-packages/airflow/example_dags/example_bash_decorator.py for tasks to queue
[2024-09-27T15:48:19.824+0000] {logging_mixin.py:190} INFO - [2024-09-27T15:48:19.824+0000] {dagbag.py:588} INFO - Filling up the DagBag from /home/airflow/.local/lib/python3.12/site-packages/airflow/example_dags/example_bash_decorator.py
[2024-09-27T15:48:19.832+0000] {processor.py:925} INFO - DAG(s) 'example_bash_decorator' retrieved from /home/airflow/.local/lib/python3.12/site-packages/airflow/example_dags/example_bash_decorator.py
[2024-09-27T15:48:19.844+0000] {logging_mixin.py:190} INFO - [2024-09-27T15:48:19.844+0000] {dag.py:3239} INFO - Sync 1 DAGs
[2024-09-27T15:48:19.852+0000] {logging_mixin.py:190} INFO - [2024-09-27T15:48:19.852+0000] {dag.py:4180} INFO - Setting next_dagrun for example_bash_decorator to None, run_after=None
[2024-09-27T15:48:19.861+0000] {processor.py:208} INFO - Processing /home/airflow/.local/lib/python3.12/site-packages/airflow/example_dags/example_bash_decorator.py took 0.043 seconds
[2024-09-27T15:48:50.019+0000] {processor.py:186} INFO - Started process (PID=357) to work on /home/airflow/.local/lib/python3.12/site-packages/airflow/example_dags/example_bash_decorator.py
[2024-09-27T15:48:50.020+0000] {processor.py:914} INFO - Processing file /home/airflow/.local/lib/python3.12/site-packages/airflow/example_dags/example_bash_decorator.py for tasks to queue
[2024-09-27T15:48:50.021+0000] {logging_mixin.py:190} INFO - [2024-09-27T15:48:50.021+0000] {dagbag.py:588} INFO - Filling up the DagBag from /home/airflow/.local/lib/python3.12/site-packages/airflow/example_dags/example_bash_decorator.py
[2024-09-27T15:48:50.028+0000] {processor.py:925} INFO - DAG(s) 'example_bash_decorator' retrieved from /home/airflow/.local/lib/python3.12/site-packages/airflow/example_dags/example_bash_decorator.py
[2024-09-27T15:48:50.039+0000] {logging_mixin.py:190} INFO - [2024-09-27T15:48:50.039+0000] {dag.py:3239} INFO - Sync 1 DAGs
[2024-09-27T15:48:50.045+0000] {logging_mixin.py:190} INFO - [2024-09-27T15:48:50.045+0000] {dag.py:4180} INFO - Setting next_dagrun for example_bash_decorator to None, run_after=None
[2024-09-27T15:48:50.053+0000] {processor.py:208} INFO - Processing /home/airflow/.local/lib/python3.12/site-packages/airflow/example_dags/example_bash_decorator.py took 0.037 seconds
[2024-09-27T15:49:20.749+0000] {processor.py:186} INFO - Started process (PID=420) to work on /home/airflow/.local/lib/python3.12/site-packages/airflow/example_dags/example_bash_decorator.py
[2024-09-27T15:49:20.750+0000] {processor.py:914} INFO - Processing file /home/airflow/.local/lib/python3.12/site-packages/airflow/example_dags/example_bash_decorator.py for tasks to queue
[2024-09-27T15:49:20.752+0000] {logging_mixin.py:190} INFO - [2024-09-27T15:49:20.752+0000] {dagbag.py:588} INFO - Filling up the DagBag from /home/airflow/.local/lib/python3.12/site-packages/airflow/example_dags/example_bash_decorator.py
[2024-09-27T15:49:20.765+0000] {processor.py:925} INFO - DAG(s) 'example_bash_decorator' retrieved from /home/airflow/.local/lib/python3.12/site-packages/airflow/example_dags/example_bash_decorator.py
[2024-09-27T15:49:20.784+0000] {logging_mixin.py:190} INFO - [2024-09-27T15:49:20.784+0000] {dag.py:3239} INFO - Sync 1 DAGs
[2024-09-27T15:49:20.797+0000] {logging_mixin.py:190} INFO - [2024-09-27T15:49:20.797+0000] {dag.py:4180} INFO - Setting next_dagrun for example_bash_decorator to None, run_after=None
[2024-09-27T15:49:20.820+0000] {processor.py:208} INFO - Processing /home/airflow/.local/lib/python3.12/site-packages/airflow/example_dags/example_bash_decorator.py took 0.075 seconds
[2024-09-27T15:49:51.482+0000] {processor.py:186} INFO - Started process (PID=483) to work on /home/airflow/.local/lib/python3.12/site-packages/airflow/example_dags/example_bash_decorator.py
[2024-09-27T15:49:51.483+0000] {processor.py:914} INFO - Processing file /home/airflow/.local/lib/python3.12/site-packages/airflow/example_dags/example_bash_decorator.py for tasks to queue
[2024-09-27T15:49:51.486+0000] {logging_mixin.py:190} INFO - [2024-09-27T15:49:51.486+0000] {dagbag.py:588} INFO - Filling up the DagBag from /home/airflow/.local/lib/python3.12/site-packages/airflow/example_dags/example_bash_decorator.py
[2024-09-27T15:49:51.503+0000] {processor.py:925} INFO - DAG(s) 'example_bash_decorator' retrieved from /home/airflow/.local/lib/python3.12/site-packages/airflow/example_dags/example_bash_decorator.py
[2024-09-27T15:49:51.523+0000] {logging_mixin.py:190} INFO - [2024-09-27T15:49:51.523+0000] {dag.py:3239} INFO - Sync 1 DAGs
[2024-09-27T15:49:51.532+0000] {logging_mixin.py:190} INFO - [2024-09-27T15:49:51.532+0000] {dag.py:4180} INFO - Setting next_dagrun for example_bash_decorator to None, run_after=None
[2024-09-27T15:49:51.549+0000] {processor.py:208} INFO - Processing /home/airflow/.local/lib/python3.12/site-packages/airflow/example_dags/example_bash_decorator.py took 0.071 seconds
