[2024-09-27T15:46:17.623+0000] {processor.py:186} INFO - Started process (PID=43) to work on /home/airflow/.local/lib/python3.12/site-packages/airflow/example_dags/example_skip_dag.py
[2024-09-27T15:46:17.623+0000] {processor.py:914} INFO - Processing file /home/airflow/.local/lib/python3.12/site-packages/airflow/example_dags/example_skip_dag.py for tasks to queue
[2024-09-27T15:46:17.625+0000] {logging_mixin.py:190} INFO - [2024-09-27T15:46:17.624+0000] {dagbag.py:588} INFO - Filling up the DagBag from /home/airflow/.local/lib/python3.12/site-packages/airflow/example_dags/example_skip_dag.py
[2024-09-27T15:46:17.629+0000] {processor.py:925} INFO - DAG(s) 'example_skip_dag' retrieved from /home/airflow/.local/lib/python3.12/site-packages/airflow/example_dags/example_skip_dag.py
[2024-09-27T15:46:17.680+0000] {logging_mixin.py:190} INFO - [2024-09-27T15:46:17.679+0000] {override.py:1900} INFO - Created Permission View: can delete on DAG:example_skip_dag
[2024-09-27T15:46:17.684+0000] {logging_mixin.py:190} INFO - [2024-09-27T15:46:17.684+0000] {override.py:1900} INFO - Created Permission View: can read on DAG:example_skip_dag
[2024-09-27T15:46:17.688+0000] {logging_mixin.py:190} INFO - [2024-09-27T15:46:17.687+0000] {override.py:1900} INFO - Created Permission View: can edit on DAG:example_skip_dag
[2024-09-27T15:46:17.695+0000] {logging_mixin.py:190} INFO - [2024-09-27T15:46:17.695+0000] {override.py:1900} INFO - Created Permission View: can create on DAG Run:example_skip_dag
[2024-09-27T15:46:17.699+0000] {logging_mixin.py:190} INFO - [2024-09-27T15:46:17.699+0000] {override.py:1900} INFO - Created Permission View: can delete on DAG Run:example_skip_dag
[2024-09-27T15:46:17.704+0000] {logging_mixin.py:190} INFO - [2024-09-27T15:46:17.704+0000] {override.py:1900} INFO - Created Permission View: menu access on DAG Run:example_skip_dag
[2024-09-27T15:46:17.711+0000] {logging_mixin.py:190} INFO - [2024-09-27T15:46:17.710+0000] {override.py:1900} INFO - Created Permission View: can read on DAG Run:example_skip_dag
[2024-09-27T15:46:17.711+0000] {logging_mixin.py:190} INFO - [2024-09-27T15:46:17.711+0000] {dag.py:3239} INFO - Sync 1 DAGs
[2024-09-27T15:46:17.729+0000] {logging_mixin.py:190} INFO - [2024-09-27T15:46:17.729+0000] {dag.py:3262} INFO - Creating ORM DAG for example_skip_dag
[2024-09-27T15:46:17.737+0000] {logging_mixin.py:190} INFO - [2024-09-27T15:46:17.737+0000] {dag.py:4180} INFO - Setting next_dagrun for example_skip_dag to 2024-09-26 00:00:00+00:00, run_after=2024-09-27 00:00:00+00:00
[2024-09-27T15:46:17.749+0000] {processor.py:208} INFO - Processing /home/airflow/.local/lib/python3.12/site-packages/airflow/example_dags/example_skip_dag.py took 0.129 seconds
[2024-09-27T15:46:47.912+0000] {processor.py:186} INFO - Started process (PID=106) to work on /home/airflow/.local/lib/python3.12/site-packages/airflow/example_dags/example_skip_dag.py
[2024-09-27T15:46:47.913+0000] {processor.py:914} INFO - Processing file /home/airflow/.local/lib/python3.12/site-packages/airflow/example_dags/example_skip_dag.py for tasks to queue
[2024-09-27T15:46:47.914+0000] {logging_mixin.py:190} INFO - [2024-09-27T15:46:47.914+0000] {dagbag.py:588} INFO - Filling up the DagBag from /home/airflow/.local/lib/python3.12/site-packages/airflow/example_dags/example_skip_dag.py
[2024-09-27T15:46:47.921+0000] {processor.py:925} INFO - DAG(s) 'example_skip_dag' retrieved from /home/airflow/.local/lib/python3.12/site-packages/airflow/example_dags/example_skip_dag.py
[2024-09-27T15:46:47.934+0000] {logging_mixin.py:190} INFO - [2024-09-27T15:46:47.934+0000] {dag.py:3239} INFO - Sync 1 DAGs
[2024-09-27T15:46:47.947+0000] {logging_mixin.py:190} INFO - [2024-09-27T15:46:47.946+0000] {dag.py:4180} INFO - Setting next_dagrun for example_skip_dag to 2024-09-26 00:00:00+00:00, run_after=2024-09-27 00:00:00+00:00
[2024-09-27T15:46:47.955+0000] {processor.py:208} INFO - Processing /home/airflow/.local/lib/python3.12/site-packages/airflow/example_dags/example_skip_dag.py took 0.046 seconds
[2024-09-27T15:47:18.812+0000] {processor.py:186} INFO - Started process (PID=169) to work on /home/airflow/.local/lib/python3.12/site-packages/airflow/example_dags/example_skip_dag.py
[2024-09-27T15:47:18.813+0000] {processor.py:914} INFO - Processing file /home/airflow/.local/lib/python3.12/site-packages/airflow/example_dags/example_skip_dag.py for tasks to queue
[2024-09-27T15:47:18.814+0000] {logging_mixin.py:190} INFO - [2024-09-27T15:47:18.814+0000] {dagbag.py:588} INFO - Filling up the DagBag from /home/airflow/.local/lib/python3.12/site-packages/airflow/example_dags/example_skip_dag.py
[2024-09-27T15:47:18.818+0000] {processor.py:925} INFO - DAG(s) 'example_skip_dag' retrieved from /home/airflow/.local/lib/python3.12/site-packages/airflow/example_dags/example_skip_dag.py
[2024-09-27T15:47:18.830+0000] {logging_mixin.py:190} INFO - [2024-09-27T15:47:18.830+0000] {dag.py:3239} INFO - Sync 1 DAGs
[2024-09-27T15:47:18.842+0000] {logging_mixin.py:190} INFO - [2024-09-27T15:47:18.842+0000] {dag.py:4180} INFO - Setting next_dagrun for example_skip_dag to 2024-09-26 00:00:00+00:00, run_after=2024-09-27 00:00:00+00:00
[2024-09-27T15:47:18.852+0000] {processor.py:208} INFO - Processing /home/airflow/.local/lib/python3.12/site-packages/airflow/example_dags/example_skip_dag.py took 0.043 seconds
[2024-09-27T15:47:49.744+0000] {processor.py:186} INFO - Started process (PID=232) to work on /home/airflow/.local/lib/python3.12/site-packages/airflow/example_dags/example_skip_dag.py
[2024-09-27T15:47:49.746+0000] {processor.py:914} INFO - Processing file /home/airflow/.local/lib/python3.12/site-packages/airflow/example_dags/example_skip_dag.py for tasks to queue
[2024-09-27T15:47:49.748+0000] {logging_mixin.py:190} INFO - [2024-09-27T15:47:49.748+0000] {dagbag.py:588} INFO - Filling up the DagBag from /home/airflow/.local/lib/python3.12/site-packages/airflow/example_dags/example_skip_dag.py
[2024-09-27T15:47:49.756+0000] {processor.py:925} INFO - DAG(s) 'example_skip_dag' retrieved from /home/airflow/.local/lib/python3.12/site-packages/airflow/example_dags/example_skip_dag.py
[2024-09-27T15:47:49.778+0000] {logging_mixin.py:190} INFO - [2024-09-27T15:47:49.778+0000] {dag.py:3239} INFO - Sync 1 DAGs
[2024-09-27T15:47:49.794+0000] {logging_mixin.py:190} INFO - [2024-09-27T15:47:49.794+0000] {dag.py:4180} INFO - Setting next_dagrun for example_skip_dag to 2024-09-26 00:00:00+00:00, run_after=2024-09-27 00:00:00+00:00
[2024-09-27T15:47:49.803+0000] {processor.py:208} INFO - Processing /home/airflow/.local/lib/python3.12/site-packages/airflow/example_dags/example_skip_dag.py took 0.068 seconds
[2024-09-27T15:48:19.834+0000] {processor.py:186} INFO - Started process (PID=295) to work on /home/airflow/.local/lib/python3.12/site-packages/airflow/example_dags/example_skip_dag.py
[2024-09-27T15:48:19.834+0000] {processor.py:914} INFO - Processing file /home/airflow/.local/lib/python3.12/site-packages/airflow/example_dags/example_skip_dag.py for tasks to queue
[2024-09-27T15:48:19.836+0000] {logging_mixin.py:190} INFO - [2024-09-27T15:48:19.836+0000] {dagbag.py:588} INFO - Filling up the DagBag from /home/airflow/.local/lib/python3.12/site-packages/airflow/example_dags/example_skip_dag.py
[2024-09-27T15:48:19.840+0000] {processor.py:925} INFO - DAG(s) 'example_skip_dag' retrieved from /home/airflow/.local/lib/python3.12/site-packages/airflow/example_dags/example_skip_dag.py
[2024-09-27T15:48:19.852+0000] {logging_mixin.py:190} INFO - [2024-09-27T15:48:19.851+0000] {dag.py:3239} INFO - Sync 1 DAGs
[2024-09-27T15:48:19.865+0000] {logging_mixin.py:190} INFO - [2024-09-27T15:48:19.865+0000] {dag.py:4180} INFO - Setting next_dagrun for example_skip_dag to 2024-09-26 00:00:00+00:00, run_after=2024-09-27 00:00:00+00:00
[2024-09-27T15:48:19.901+0000] {processor.py:208} INFO - Processing /home/airflow/.local/lib/python3.12/site-packages/airflow/example_dags/example_skip_dag.py took 0.071 seconds
[2024-09-27T15:48:50.065+0000] {processor.py:186} INFO - Started process (PID=358) to work on /home/airflow/.local/lib/python3.12/site-packages/airflow/example_dags/example_skip_dag.py
[2024-09-27T15:48:50.066+0000] {processor.py:914} INFO - Processing file /home/airflow/.local/lib/python3.12/site-packages/airflow/example_dags/example_skip_dag.py for tasks to queue
[2024-09-27T15:48:50.067+0000] {logging_mixin.py:190} INFO - [2024-09-27T15:48:50.067+0000] {dagbag.py:588} INFO - Filling up the DagBag from /home/airflow/.local/lib/python3.12/site-packages/airflow/example_dags/example_skip_dag.py
[2024-09-27T15:48:50.071+0000] {processor.py:925} INFO - DAG(s) 'example_skip_dag' retrieved from /home/airflow/.local/lib/python3.12/site-packages/airflow/example_dags/example_skip_dag.py
[2024-09-27T15:48:50.081+0000] {logging_mixin.py:190} INFO - [2024-09-27T15:48:50.081+0000] {dag.py:3239} INFO - Sync 1 DAGs
[2024-09-27T15:48:50.091+0000] {logging_mixin.py:190} INFO - [2024-09-27T15:48:50.091+0000] {dag.py:4180} INFO - Setting next_dagrun for example_skip_dag to 2024-09-26 00:00:00+00:00, run_after=2024-09-27 00:00:00+00:00
[2024-09-27T15:48:50.099+0000] {processor.py:208} INFO - Processing /home/airflow/.local/lib/python3.12/site-packages/airflow/example_dags/example_skip_dag.py took 0.037 seconds
[2024-09-27T15:49:20.776+0000] {processor.py:186} INFO - Started process (PID=421) to work on /home/airflow/.local/lib/python3.12/site-packages/airflow/example_dags/example_skip_dag.py
[2024-09-27T15:49:20.777+0000] {processor.py:914} INFO - Processing file /home/airflow/.local/lib/python3.12/site-packages/airflow/example_dags/example_skip_dag.py for tasks to queue
[2024-09-27T15:49:20.780+0000] {logging_mixin.py:190} INFO - [2024-09-27T15:49:20.779+0000] {dagbag.py:588} INFO - Filling up the DagBag from /home/airflow/.local/lib/python3.12/site-packages/airflow/example_dags/example_skip_dag.py
[2024-09-27T15:49:20.787+0000] {processor.py:925} INFO - DAG(s) 'example_skip_dag' retrieved from /home/airflow/.local/lib/python3.12/site-packages/airflow/example_dags/example_skip_dag.py
[2024-09-27T15:49:20.819+0000] {logging_mixin.py:190} INFO - [2024-09-27T15:49:20.818+0000] {dag.py:3239} INFO - Sync 1 DAGs
[2024-09-27T15:49:20.840+0000] {logging_mixin.py:190} INFO - [2024-09-27T15:49:20.840+0000] {dag.py:4180} INFO - Setting next_dagrun for example_skip_dag to 2024-09-26 00:00:00+00:00, run_after=2024-09-27 00:00:00+00:00
[2024-09-27T15:49:20.856+0000] {processor.py:208} INFO - Processing /home/airflow/.local/lib/python3.12/site-packages/airflow/example_dags/example_skip_dag.py took 0.084 seconds
[2024-09-27T15:49:51.515+0000] {processor.py:186} INFO - Started process (PID=484) to work on /home/airflow/.local/lib/python3.12/site-packages/airflow/example_dags/example_skip_dag.py
[2024-09-27T15:49:51.517+0000] {processor.py:914} INFO - Processing file /home/airflow/.local/lib/python3.12/site-packages/airflow/example_dags/example_skip_dag.py for tasks to queue
[2024-09-27T15:49:51.518+0000] {logging_mixin.py:190} INFO - [2024-09-27T15:49:51.518+0000] {dagbag.py:588} INFO - Filling up the DagBag from /home/airflow/.local/lib/python3.12/site-packages/airflow/example_dags/example_skip_dag.py
[2024-09-27T15:49:51.524+0000] {processor.py:925} INFO - DAG(s) 'example_skip_dag' retrieved from /home/airflow/.local/lib/python3.12/site-packages/airflow/example_dags/example_skip_dag.py
[2024-09-27T15:49:51.539+0000] {logging_mixin.py:190} INFO - [2024-09-27T15:49:51.539+0000] {dag.py:3239} INFO - Sync 1 DAGs
[2024-09-27T15:49:51.558+0000] {logging_mixin.py:190} INFO - [2024-09-27T15:49:51.558+0000] {dag.py:4180} INFO - Setting next_dagrun for example_skip_dag to 2024-09-26 00:00:00+00:00, run_after=2024-09-27 00:00:00+00:00
[2024-09-27T15:49:51.571+0000] {processor.py:208} INFO - Processing /home/airflow/.local/lib/python3.12/site-packages/airflow/example_dags/example_skip_dag.py took 0.060 seconds
