[2024-09-27T15:46:16.005+0000] {processor.py:186} INFO - Started process (PID=35) to work on /home/airflow/.local/lib/python3.12/site-packages/airflow/example_dags/example_sensors.py
[2024-09-27T15:46:16.009+0000] {processor.py:914} INFO - Processing file /home/airflow/.local/lib/python3.12/site-packages/airflow/example_dags/example_sensors.py for tasks to queue
[2024-09-27T15:46:16.015+0000] {logging_mixin.py:190} INFO - [2024-09-27T15:46:16.014+0000] {dagbag.py:588} INFO - Filling up the DagBag from /home/airflow/.local/lib/python3.12/site-packages/airflow/example_dags/example_sensors.py
[2024-09-27T15:46:16.041+0000] {processor.py:925} INFO - DAG(s) 'example_sensors' retrieved from /home/airflow/.local/lib/python3.12/site-packages/airflow/example_dags/example_sensors.py
[2024-09-27T15:46:16.223+0000] {logging_mixin.py:190} INFO - [2024-09-27T15:46:16.222+0000] {override.py:1900} INFO - Created Permission View: can delete on DAG:example_sensors
[2024-09-27T15:46:16.230+0000] {logging_mixin.py:190} INFO - [2024-09-27T15:46:16.230+0000] {override.py:1900} INFO - Created Permission View: can read on DAG:example_sensors
[2024-09-27T15:46:16.235+0000] {logging_mixin.py:190} INFO - [2024-09-27T15:46:16.235+0000] {override.py:1900} INFO - Created Permission View: can edit on DAG:example_sensors
[2024-09-27T15:46:16.246+0000] {logging_mixin.py:190} INFO - [2024-09-27T15:46:16.245+0000] {override.py:1900} INFO - Created Permission View: can create on DAG Run:example_sensors
[2024-09-27T15:46:16.260+0000] {logging_mixin.py:190} INFO - [2024-09-27T15:46:16.260+0000] {override.py:1900} INFO - Created Permission View: can delete on DAG Run:example_sensors
[2024-09-27T15:46:16.267+0000] {logging_mixin.py:190} INFO - [2024-09-27T15:46:16.267+0000] {override.py:1900} INFO - Created Permission View: menu access on DAG Run:example_sensors
[2024-09-27T15:46:16.274+0000] {logging_mixin.py:190} INFO - [2024-09-27T15:46:16.273+0000] {override.py:1900} INFO - Created Permission View: can read on DAG Run:example_sensors
[2024-09-27T15:46:16.274+0000] {logging_mixin.py:190} INFO - [2024-09-27T15:46:16.274+0000] {dag.py:3239} INFO - Sync 1 DAGs
[2024-09-27T15:46:16.284+0000] {logging_mixin.py:190} INFO - [2024-09-27T15:46:16.283+0000] {dag.py:3262} INFO - Creating ORM DAG for example_sensors
[2024-09-27T15:46:16.285+0000] {logging_mixin.py:190} INFO - [2024-09-27T15:46:16.284+0000] {dag.py:4180} INFO - Setting next_dagrun for example_sensors to None, run_after=None
[2024-09-27T15:46:16.295+0000] {processor.py:208} INFO - Processing /home/airflow/.local/lib/python3.12/site-packages/airflow/example_dags/example_sensors.py took 0.306 seconds
[2024-09-27T15:46:46.587+0000] {processor.py:186} INFO - Started process (PID=98) to work on /home/airflow/.local/lib/python3.12/site-packages/airflow/example_dags/example_sensors.py
[2024-09-27T15:46:46.588+0000] {processor.py:914} INFO - Processing file /home/airflow/.local/lib/python3.12/site-packages/airflow/example_dags/example_sensors.py for tasks to queue
[2024-09-27T15:46:46.591+0000] {logging_mixin.py:190} INFO - [2024-09-27T15:46:46.591+0000] {dagbag.py:588} INFO - Filling up the DagBag from /home/airflow/.local/lib/python3.12/site-packages/airflow/example_dags/example_sensors.py
[2024-09-27T15:46:46.605+0000] {processor.py:925} INFO - DAG(s) 'example_sensors' retrieved from /home/airflow/.local/lib/python3.12/site-packages/airflow/example_dags/example_sensors.py
[2024-09-27T15:46:46.627+0000] {logging_mixin.py:190} INFO - [2024-09-27T15:46:46.627+0000] {dag.py:3239} INFO - Sync 1 DAGs
[2024-09-27T15:46:46.635+0000] {logging_mixin.py:190} INFO - [2024-09-27T15:46:46.635+0000] {dag.py:4180} INFO - Setting next_dagrun for example_sensors to None, run_after=None
[2024-09-27T15:46:46.644+0000] {processor.py:208} INFO - Processing /home/airflow/.local/lib/python3.12/site-packages/airflow/example_dags/example_sensors.py took 0.064 seconds
[2024-09-27T15:47:17.537+0000] {processor.py:186} INFO - Started process (PID=161) to work on /home/airflow/.local/lib/python3.12/site-packages/airflow/example_dags/example_sensors.py
[2024-09-27T15:47:17.538+0000] {processor.py:914} INFO - Processing file /home/airflow/.local/lib/python3.12/site-packages/airflow/example_dags/example_sensors.py for tasks to queue
[2024-09-27T15:47:17.540+0000] {logging_mixin.py:190} INFO - [2024-09-27T15:47:17.540+0000] {dagbag.py:588} INFO - Filling up the DagBag from /home/airflow/.local/lib/python3.12/site-packages/airflow/example_dags/example_sensors.py
[2024-09-27T15:47:17.551+0000] {processor.py:925} INFO - DAG(s) 'example_sensors' retrieved from /home/airflow/.local/lib/python3.12/site-packages/airflow/example_dags/example_sensors.py
[2024-09-27T15:47:17.566+0000] {logging_mixin.py:190} INFO - [2024-09-27T15:47:17.566+0000] {dag.py:3239} INFO - Sync 1 DAGs
[2024-09-27T15:47:17.574+0000] {logging_mixin.py:190} INFO - [2024-09-27T15:47:17.574+0000] {dag.py:4180} INFO - Setting next_dagrun for example_sensors to None, run_after=None
[2024-09-27T15:47:17.582+0000] {processor.py:208} INFO - Processing /home/airflow/.local/lib/python3.12/site-packages/airflow/example_dags/example_sensors.py took 0.048 seconds
[2024-09-27T15:47:48.357+0000] {processor.py:186} INFO - Started process (PID=224) to work on /home/airflow/.local/lib/python3.12/site-packages/airflow/example_dags/example_sensors.py
[2024-09-27T15:47:48.358+0000] {processor.py:914} INFO - Processing file /home/airflow/.local/lib/python3.12/site-packages/airflow/example_dags/example_sensors.py for tasks to queue
[2024-09-27T15:47:48.361+0000] {logging_mixin.py:190} INFO - [2024-09-27T15:47:48.361+0000] {dagbag.py:588} INFO - Filling up the DagBag from /home/airflow/.local/lib/python3.12/site-packages/airflow/example_dags/example_sensors.py
[2024-09-27T15:47:48.389+0000] {processor.py:925} INFO - DAG(s) 'example_sensors' retrieved from /home/airflow/.local/lib/python3.12/site-packages/airflow/example_dags/example_sensors.py
[2024-09-27T15:47:48.412+0000] {logging_mixin.py:190} INFO - [2024-09-27T15:47:48.412+0000] {dag.py:3239} INFO - Sync 1 DAGs
[2024-09-27T15:47:48.420+0000] {logging_mixin.py:190} INFO - [2024-09-27T15:47:48.420+0000] {dag.py:4180} INFO - Setting next_dagrun for example_sensors to None, run_after=None
[2024-09-27T15:47:48.430+0000] {processor.py:208} INFO - Processing /home/airflow/.local/lib/python3.12/site-packages/airflow/example_dags/example_sensors.py took 0.077 seconds
[2024-09-27T15:48:19.559+0000] {processor.py:186} INFO - Started process (PID=287) to work on /home/airflow/.local/lib/python3.12/site-packages/airflow/example_dags/example_sensors.py
[2024-09-27T15:48:19.560+0000] {processor.py:914} INFO - Processing file /home/airflow/.local/lib/python3.12/site-packages/airflow/example_dags/example_sensors.py for tasks to queue
[2024-09-27T15:48:19.563+0000] {logging_mixin.py:190} INFO - [2024-09-27T15:48:19.563+0000] {dagbag.py:588} INFO - Filling up the DagBag from /home/airflow/.local/lib/python3.12/site-packages/airflow/example_dags/example_sensors.py
[2024-09-27T15:48:19.574+0000] {processor.py:925} INFO - DAG(s) 'example_sensors' retrieved from /home/airflow/.local/lib/python3.12/site-packages/airflow/example_dags/example_sensors.py
[2024-09-27T15:48:19.589+0000] {logging_mixin.py:190} INFO - [2024-09-27T15:48:19.589+0000] {dag.py:3239} INFO - Sync 1 DAGs
[2024-09-27T15:48:19.601+0000] {logging_mixin.py:190} INFO - [2024-09-27T15:48:19.601+0000] {dag.py:4180} INFO - Setting next_dagrun for example_sensors to None, run_after=None
[2024-09-27T15:48:19.625+0000] {processor.py:208} INFO - Processing /home/airflow/.local/lib/python3.12/site-packages/airflow/example_dags/example_sensors.py took 0.070 seconds
[2024-09-27T15:48:49.803+0000] {processor.py:186} INFO - Started process (PID=350) to work on /home/airflow/.local/lib/python3.12/site-packages/airflow/example_dags/example_sensors.py
[2024-09-27T15:48:49.804+0000] {processor.py:914} INFO - Processing file /home/airflow/.local/lib/python3.12/site-packages/airflow/example_dags/example_sensors.py for tasks to queue
[2024-09-27T15:48:49.806+0000] {logging_mixin.py:190} INFO - [2024-09-27T15:48:49.806+0000] {dagbag.py:588} INFO - Filling up the DagBag from /home/airflow/.local/lib/python3.12/site-packages/airflow/example_dags/example_sensors.py
[2024-09-27T15:48:49.817+0000] {processor.py:925} INFO - DAG(s) 'example_sensors' retrieved from /home/airflow/.local/lib/python3.12/site-packages/airflow/example_dags/example_sensors.py
[2024-09-27T15:48:49.839+0000] {logging_mixin.py:190} INFO - [2024-09-27T15:48:49.839+0000] {dag.py:3239} INFO - Sync 1 DAGs
[2024-09-27T15:48:49.847+0000] {logging_mixin.py:190} INFO - [2024-09-27T15:48:49.847+0000] {dag.py:4180} INFO - Setting next_dagrun for example_sensors to None, run_after=None
[2024-09-27T15:48:49.857+0000] {processor.py:208} INFO - Processing /home/airflow/.local/lib/python3.12/site-packages/airflow/example_dags/example_sensors.py took 0.058 seconds
[2024-09-27T15:49:20.368+0000] {processor.py:186} INFO - Started process (PID=413) to work on /home/airflow/.local/lib/python3.12/site-packages/airflow/example_dags/example_sensors.py
[2024-09-27T15:49:20.368+0000] {processor.py:914} INFO - Processing file /home/airflow/.local/lib/python3.12/site-packages/airflow/example_dags/example_sensors.py for tasks to queue
[2024-09-27T15:49:20.370+0000] {logging_mixin.py:190} INFO - [2024-09-27T15:49:20.370+0000] {dagbag.py:588} INFO - Filling up the DagBag from /home/airflow/.local/lib/python3.12/site-packages/airflow/example_dags/example_sensors.py
[2024-09-27T15:49:20.387+0000] {processor.py:925} INFO - DAG(s) 'example_sensors' retrieved from /home/airflow/.local/lib/python3.12/site-packages/airflow/example_dags/example_sensors.py
[2024-09-27T15:49:20.417+0000] {logging_mixin.py:190} INFO - [2024-09-27T15:49:20.416+0000] {dag.py:3239} INFO - Sync 1 DAGs
[2024-09-27T15:49:20.425+0000] {logging_mixin.py:190} INFO - [2024-09-27T15:49:20.425+0000] {dag.py:4180} INFO - Setting next_dagrun for example_sensors to None, run_after=None
[2024-09-27T15:49:20.445+0000] {processor.py:208} INFO - Processing /home/airflow/.local/lib/python3.12/site-packages/airflow/example_dags/example_sensors.py took 0.082 seconds
[2024-09-27T15:49:51.171+0000] {processor.py:186} INFO - Started process (PID=476) to work on /home/airflow/.local/lib/python3.12/site-packages/airflow/example_dags/example_sensors.py
[2024-09-27T15:49:51.172+0000] {processor.py:914} INFO - Processing file /home/airflow/.local/lib/python3.12/site-packages/airflow/example_dags/example_sensors.py for tasks to queue
[2024-09-27T15:49:51.175+0000] {logging_mixin.py:190} INFO - [2024-09-27T15:49:51.174+0000] {dagbag.py:588} INFO - Filling up the DagBag from /home/airflow/.local/lib/python3.12/site-packages/airflow/example_dags/example_sensors.py
[2024-09-27T15:49:51.196+0000] {processor.py:925} INFO - DAG(s) 'example_sensors' retrieved from /home/airflow/.local/lib/python3.12/site-packages/airflow/example_dags/example_sensors.py
[2024-09-27T15:49:51.227+0000] {logging_mixin.py:190} INFO - [2024-09-27T15:49:51.226+0000] {dag.py:3239} INFO - Sync 1 DAGs
[2024-09-27T15:49:51.236+0000] {logging_mixin.py:190} INFO - [2024-09-27T15:49:51.235+0000] {dag.py:4180} INFO - Setting next_dagrun for example_sensors to None, run_after=None
[2024-09-27T15:49:51.248+0000] {processor.py:208} INFO - Processing /home/airflow/.local/lib/python3.12/site-packages/airflow/example_dags/example_sensors.py took 0.083 seconds
