[2024-09-27T15:46:17.891+0000] {processor.py:186} INFO - Started process (PID=46) to work on /home/airflow/.local/lib/python3.12/site-packages/airflow/example_dags/example_time_delta_sensor_async.py
[2024-09-27T15:46:17.892+0000] {processor.py:914} INFO - Processing file /home/airflow/.local/lib/python3.12/site-packages/airflow/example_dags/example_time_delta_sensor_async.py for tasks to queue
[2024-09-27T15:46:17.894+0000] {logging_mixin.py:190} INFO - [2024-09-27T15:46:17.894+0000] {dagbag.py:588} INFO - Filling up the DagBag from /home/airflow/.local/lib/python3.12/site-packages/airflow/example_dags/example_time_delta_sensor_async.py
[2024-09-27T15:46:17.898+0000] {processor.py:925} INFO - DAG(s) 'example_time_delta_sensor_async' retrieved from /home/airflow/.local/lib/python3.12/site-packages/airflow/example_dags/example_time_delta_sensor_async.py
[2024-09-27T15:46:17.947+0000] {logging_mixin.py:190} INFO - [2024-09-27T15:46:17.947+0000] {override.py:1900} INFO - Created Permission View: can delete on DAG:example_time_delta_sensor_async
[2024-09-27T15:46:17.951+0000] {logging_mixin.py:190} INFO - [2024-09-27T15:46:17.951+0000] {override.py:1900} INFO - Created Permission View: can read on DAG:example_time_delta_sensor_async
[2024-09-27T15:46:17.954+0000] {logging_mixin.py:190} INFO - [2024-09-27T15:46:17.954+0000] {override.py:1900} INFO - Created Permission View: can edit on DAG:example_time_delta_sensor_async
[2024-09-27T15:46:17.956+0000] {logging_mixin.py:190} INFO - [2024-09-27T15:46:17.956+0000] {override.py:1900} INFO - Created Permission View: can create on DAG Run:example_time_delta_sensor_async
[2024-09-27T15:46:17.958+0000] {logging_mixin.py:190} INFO - [2024-09-27T15:46:17.958+0000] {override.py:1900} INFO - Created Permission View: can delete on DAG Run:example_time_delta_sensor_async
[2024-09-27T15:46:17.961+0000] {logging_mixin.py:190} INFO - [2024-09-27T15:46:17.961+0000] {override.py:1900} INFO - Created Permission View: menu access on DAG Run:example_time_delta_sensor_async
[2024-09-27T15:46:17.963+0000] {logging_mixin.py:190} INFO - [2024-09-27T15:46:17.963+0000] {override.py:1900} INFO - Created Permission View: can read on DAG Run:example_time_delta_sensor_async
[2024-09-27T15:46:17.963+0000] {logging_mixin.py:190} INFO - [2024-09-27T15:46:17.963+0000] {dag.py:3239} INFO - Sync 1 DAGs
[2024-09-27T15:46:17.969+0000] {logging_mixin.py:190} INFO - [2024-09-27T15:46:17.969+0000] {dag.py:3262} INFO - Creating ORM DAG for example_time_delta_sensor_async
[2024-09-27T15:46:17.969+0000] {logging_mixin.py:190} INFO - [2024-09-27T15:46:17.969+0000] {dag.py:4180} INFO - Setting next_dagrun for example_time_delta_sensor_async to None, run_after=None
[2024-09-27T15:46:17.976+0000] {processor.py:208} INFO - Processing /home/airflow/.local/lib/python3.12/site-packages/airflow/example_dags/example_time_delta_sensor_async.py took 0.088 seconds
[2024-09-27T15:46:47.993+0000] {processor.py:186} INFO - Started process (PID=108) to work on /home/airflow/.local/lib/python3.12/site-packages/airflow/example_dags/example_time_delta_sensor_async.py
[2024-09-27T15:46:47.994+0000] {processor.py:914} INFO - Processing file /home/airflow/.local/lib/python3.12/site-packages/airflow/example_dags/example_time_delta_sensor_async.py for tasks to queue
[2024-09-27T15:46:47.995+0000] {logging_mixin.py:190} INFO - [2024-09-27T15:46:47.995+0000] {dagbag.py:588} INFO - Filling up the DagBag from /home/airflow/.local/lib/python3.12/site-packages/airflow/example_dags/example_time_delta_sensor_async.py
[2024-09-27T15:46:47.999+0000] {processor.py:925} INFO - DAG(s) 'example_time_delta_sensor_async' retrieved from /home/airflow/.local/lib/python3.12/site-packages/airflow/example_dags/example_time_delta_sensor_async.py
[2024-09-27T15:46:48.008+0000] {logging_mixin.py:190} INFO - [2024-09-27T15:46:48.008+0000] {dag.py:3239} INFO - Sync 1 DAGs
[2024-09-27T15:46:48.014+0000] {logging_mixin.py:190} INFO - [2024-09-27T15:46:48.014+0000] {dag.py:4180} INFO - Setting next_dagrun for example_time_delta_sensor_async to None, run_after=None
[2024-09-27T15:46:48.022+0000] {processor.py:208} INFO - Processing /home/airflow/.local/lib/python3.12/site-packages/airflow/example_dags/example_time_delta_sensor_async.py took 0.032 seconds
[2024-09-27T15:47:18.866+0000] {processor.py:186} INFO - Started process (PID=171) to work on /home/airflow/.local/lib/python3.12/site-packages/airflow/example_dags/example_time_delta_sensor_async.py
[2024-09-27T15:47:18.866+0000] {processor.py:914} INFO - Processing file /home/airflow/.local/lib/python3.12/site-packages/airflow/example_dags/example_time_delta_sensor_async.py for tasks to queue
[2024-09-27T15:47:18.868+0000] {logging_mixin.py:190} INFO - [2024-09-27T15:47:18.868+0000] {dagbag.py:588} INFO - Filling up the DagBag from /home/airflow/.local/lib/python3.12/site-packages/airflow/example_dags/example_time_delta_sensor_async.py
[2024-09-27T15:47:18.872+0000] {processor.py:925} INFO - DAG(s) 'example_time_delta_sensor_async' retrieved from /home/airflow/.local/lib/python3.12/site-packages/airflow/example_dags/example_time_delta_sensor_async.py
[2024-09-27T15:47:18.881+0000] {logging_mixin.py:190} INFO - [2024-09-27T15:47:18.881+0000] {dag.py:3239} INFO - Sync 1 DAGs
[2024-09-27T15:47:18.888+0000] {logging_mixin.py:190} INFO - [2024-09-27T15:47:18.888+0000] {dag.py:4180} INFO - Setting next_dagrun for example_time_delta_sensor_async to None, run_after=None
[2024-09-27T15:47:18.896+0000] {processor.py:208} INFO - Processing /home/airflow/.local/lib/python3.12/site-packages/airflow/example_dags/example_time_delta_sensor_async.py took 0.034 seconds
[2024-09-27T15:47:49.824+0000] {processor.py:186} INFO - Started process (PID=234) to work on /home/airflow/.local/lib/python3.12/site-packages/airflow/example_dags/example_time_delta_sensor_async.py
[2024-09-27T15:47:49.829+0000] {processor.py:914} INFO - Processing file /home/airflow/.local/lib/python3.12/site-packages/airflow/example_dags/example_time_delta_sensor_async.py for tasks to queue
[2024-09-27T15:47:49.831+0000] {logging_mixin.py:190} INFO - [2024-09-27T15:47:49.831+0000] {dagbag.py:588} INFO - Filling up the DagBag from /home/airflow/.local/lib/python3.12/site-packages/airflow/example_dags/example_time_delta_sensor_async.py
[2024-09-27T15:47:49.837+0000] {processor.py:925} INFO - DAG(s) 'example_time_delta_sensor_async' retrieved from /home/airflow/.local/lib/python3.12/site-packages/airflow/example_dags/example_time_delta_sensor_async.py
[2024-09-27T15:47:49.858+0000] {logging_mixin.py:190} INFO - [2024-09-27T15:47:49.858+0000] {dag.py:3239} INFO - Sync 1 DAGs
[2024-09-27T15:47:49.869+0000] {logging_mixin.py:190} INFO - [2024-09-27T15:47:49.869+0000] {dag.py:4180} INFO - Setting next_dagrun for example_time_delta_sensor_async to None, run_after=None
[2024-09-27T15:47:49.879+0000] {processor.py:208} INFO - Processing /home/airflow/.local/lib/python3.12/site-packages/airflow/example_dags/example_time_delta_sensor_async.py took 0.060 seconds
[2024-09-27T15:48:19.989+0000] {processor.py:186} INFO - Started process (PID=297) to work on /home/airflow/.local/lib/python3.12/site-packages/airflow/example_dags/example_time_delta_sensor_async.py
[2024-09-27T15:48:19.991+0000] {processor.py:914} INFO - Processing file /home/airflow/.local/lib/python3.12/site-packages/airflow/example_dags/example_time_delta_sensor_async.py for tasks to queue
[2024-09-27T15:48:19.996+0000] {logging_mixin.py:190} INFO - [2024-09-27T15:48:19.996+0000] {dagbag.py:588} INFO - Filling up the DagBag from /home/airflow/.local/lib/python3.12/site-packages/airflow/example_dags/example_time_delta_sensor_async.py
[2024-09-27T15:48:20.004+0000] {processor.py:925} INFO - DAG(s) 'example_time_delta_sensor_async' retrieved from /home/airflow/.local/lib/python3.12/site-packages/airflow/example_dags/example_time_delta_sensor_async.py
[2024-09-27T15:48:20.041+0000] {logging_mixin.py:190} INFO - [2024-09-27T15:48:20.040+0000] {dag.py:3239} INFO - Sync 1 DAGs
[2024-09-27T15:48:20.055+0000] {logging_mixin.py:190} INFO - [2024-09-27T15:48:20.055+0000] {dag.py:4180} INFO - Setting next_dagrun for example_time_delta_sensor_async to None, run_after=None
[2024-09-27T15:48:20.066+0000] {processor.py:208} INFO - Processing /home/airflow/.local/lib/python3.12/site-packages/airflow/example_dags/example_time_delta_sensor_async.py took 0.093 seconds
[2024-09-27T15:48:50.121+0000] {processor.py:186} INFO - Started process (PID=360) to work on /home/airflow/.local/lib/python3.12/site-packages/airflow/example_dags/example_time_delta_sensor_async.py
[2024-09-27T15:48:50.122+0000] {processor.py:914} INFO - Processing file /home/airflow/.local/lib/python3.12/site-packages/airflow/example_dags/example_time_delta_sensor_async.py for tasks to queue
[2024-09-27T15:48:50.123+0000] {logging_mixin.py:190} INFO - [2024-09-27T15:48:50.123+0000] {dagbag.py:588} INFO - Filling up the DagBag from /home/airflow/.local/lib/python3.12/site-packages/airflow/example_dags/example_time_delta_sensor_async.py
[2024-09-27T15:48:50.126+0000] {processor.py:925} INFO - DAG(s) 'example_time_delta_sensor_async' retrieved from /home/airflow/.local/lib/python3.12/site-packages/airflow/example_dags/example_time_delta_sensor_async.py
[2024-09-27T15:48:50.136+0000] {logging_mixin.py:190} INFO - [2024-09-27T15:48:50.136+0000] {dag.py:3239} INFO - Sync 1 DAGs
[2024-09-27T15:48:50.143+0000] {logging_mixin.py:190} INFO - [2024-09-27T15:48:50.142+0000] {dag.py:4180} INFO - Setting next_dagrun for example_time_delta_sensor_async to None, run_after=None
[2024-09-27T15:48:50.151+0000] {processor.py:208} INFO - Processing /home/airflow/.local/lib/python3.12/site-packages/airflow/example_dags/example_time_delta_sensor_async.py took 0.035 seconds
[2024-09-27T15:49:20.871+0000] {processor.py:186} INFO - Started process (PID=423) to work on /home/airflow/.local/lib/python3.12/site-packages/airflow/example_dags/example_time_delta_sensor_async.py
[2024-09-27T15:49:20.872+0000] {processor.py:914} INFO - Processing file /home/airflow/.local/lib/python3.12/site-packages/airflow/example_dags/example_time_delta_sensor_async.py for tasks to queue
[2024-09-27T15:49:20.874+0000] {logging_mixin.py:190} INFO - [2024-09-27T15:49:20.873+0000] {dagbag.py:588} INFO - Filling up the DagBag from /home/airflow/.local/lib/python3.12/site-packages/airflow/example_dags/example_time_delta_sensor_async.py
[2024-09-27T15:49:20.878+0000] {processor.py:925} INFO - DAG(s) 'example_time_delta_sensor_async' retrieved from /home/airflow/.local/lib/python3.12/site-packages/airflow/example_dags/example_time_delta_sensor_async.py
[2024-09-27T15:49:20.888+0000] {logging_mixin.py:190} INFO - [2024-09-27T15:49:20.888+0000] {dag.py:3239} INFO - Sync 1 DAGs
[2024-09-27T15:49:20.896+0000] {logging_mixin.py:190} INFO - [2024-09-27T15:49:20.896+0000] {dag.py:4180} INFO - Setting next_dagrun for example_time_delta_sensor_async to None, run_after=None
[2024-09-27T15:49:20.905+0000] {processor.py:208} INFO - Processing /home/airflow/.local/lib/python3.12/site-packages/airflow/example_dags/example_time_delta_sensor_async.py took 0.038 seconds
[2024-09-27T15:49:51.589+0000] {processor.py:186} INFO - Started process (PID=486) to work on /home/airflow/.local/lib/python3.12/site-packages/airflow/example_dags/example_time_delta_sensor_async.py
[2024-09-27T15:49:51.592+0000] {processor.py:914} INFO - Processing file /home/airflow/.local/lib/python3.12/site-packages/airflow/example_dags/example_time_delta_sensor_async.py for tasks to queue
[2024-09-27T15:49:51.598+0000] {logging_mixin.py:190} INFO - [2024-09-27T15:49:51.597+0000] {dagbag.py:588} INFO - Filling up the DagBag from /home/airflow/.local/lib/python3.12/site-packages/airflow/example_dags/example_time_delta_sensor_async.py
[2024-09-27T15:49:51.602+0000] {processor.py:925} INFO - DAG(s) 'example_time_delta_sensor_async' retrieved from /home/airflow/.local/lib/python3.12/site-packages/airflow/example_dags/example_time_delta_sensor_async.py
[2024-09-27T15:49:51.616+0000] {logging_mixin.py:190} INFO - [2024-09-27T15:49:51.616+0000] {dag.py:3239} INFO - Sync 1 DAGs
[2024-09-27T15:49:51.625+0000] {logging_mixin.py:190} INFO - [2024-09-27T15:49:51.625+0000] {dag.py:4180} INFO - Setting next_dagrun for example_time_delta_sensor_async to None, run_after=None
[2024-09-27T15:49:51.637+0000] {processor.py:208} INFO - Processing /home/airflow/.local/lib/python3.12/site-packages/airflow/example_dags/example_time_delta_sensor_async.py took 0.052 seconds
