[2024-09-27T15:46:18.325+0000] {processor.py:186} INFO - Started process (PID=51) to work on /home/airflow/.local/lib/python3.12/site-packages/airflow/example_dags/example_short_circuit_decorator.py
[2024-09-27T15:46:18.325+0000] {processor.py:914} INFO - Processing file /home/airflow/.local/lib/python3.12/site-packages/airflow/example_dags/example_short_circuit_decorator.py for tasks to queue
[2024-09-27T15:46:18.327+0000] {logging_mixin.py:190} INFO - [2024-09-27T15:46:18.327+0000] {dagbag.py:588} INFO - Filling up the DagBag from /home/airflow/.local/lib/python3.12/site-packages/airflow/example_dags/example_short_circuit_decorator.py
[2024-09-27T15:46:18.333+0000] {processor.py:925} INFO - DAG(s) 'example_short_circuit_decorator' retrieved from /home/airflow/.local/lib/python3.12/site-packages/airflow/example_dags/example_short_circuit_decorator.py
[2024-09-27T15:46:18.385+0000] {logging_mixin.py:190} INFO - [2024-09-27T15:46:18.384+0000] {override.py:1900} INFO - Created Permission View: can delete on DAG:example_short_circuit_decorator
[2024-09-27T15:46:18.389+0000] {logging_mixin.py:190} INFO - [2024-09-27T15:46:18.389+0000] {override.py:1900} INFO - Created Permission View: can read on DAG:example_short_circuit_decorator
[2024-09-27T15:46:18.392+0000] {logging_mixin.py:190} INFO - [2024-09-27T15:46:18.392+0000] {override.py:1900} INFO - Created Permission View: can edit on DAG:example_short_circuit_decorator
[2024-09-27T15:46:18.394+0000] {logging_mixin.py:190} INFO - [2024-09-27T15:46:18.394+0000] {override.py:1900} INFO - Created Permission View: can create on DAG Run:example_short_circuit_decorator
[2024-09-27T15:46:18.396+0000] {logging_mixin.py:190} INFO - [2024-09-27T15:46:18.396+0000] {override.py:1900} INFO - Created Permission View: can delete on DAG Run:example_short_circuit_decorator
[2024-09-27T15:46:18.398+0000] {logging_mixin.py:190} INFO - [2024-09-27T15:46:18.398+0000] {override.py:1900} INFO - Created Permission View: menu access on DAG Run:example_short_circuit_decorator
[2024-09-27T15:46:18.401+0000] {logging_mixin.py:190} INFO - [2024-09-27T15:46:18.400+0000] {override.py:1900} INFO - Created Permission View: can read on DAG Run:example_short_circuit_decorator
[2024-09-27T15:46:18.401+0000] {logging_mixin.py:190} INFO - [2024-09-27T15:46:18.401+0000] {dag.py:3239} INFO - Sync 1 DAGs
[2024-09-27T15:46:18.406+0000] {logging_mixin.py:190} INFO - [2024-09-27T15:46:18.406+0000] {dag.py:3262} INFO - Creating ORM DAG for example_short_circuit_decorator
[2024-09-27T15:46:18.407+0000] {logging_mixin.py:190} INFO - [2024-09-27T15:46:18.407+0000] {dag.py:4180} INFO - Setting next_dagrun for example_short_circuit_decorator to None, run_after=None
[2024-09-27T15:46:18.414+0000] {processor.py:208} INFO - Processing /home/airflow/.local/lib/python3.12/site-packages/airflow/example_dags/example_short_circuit_decorator.py took 0.092 seconds
[2024-09-27T15:46:49.308+0000] {processor.py:186} INFO - Started process (PID=114) to work on /home/airflow/.local/lib/python3.12/site-packages/airflow/example_dags/example_short_circuit_decorator.py
[2024-09-27T15:46:49.309+0000] {processor.py:914} INFO - Processing file /home/airflow/.local/lib/python3.12/site-packages/airflow/example_dags/example_short_circuit_decorator.py for tasks to queue
[2024-09-27T15:46:49.310+0000] {logging_mixin.py:190} INFO - [2024-09-27T15:46:49.310+0000] {dagbag.py:588} INFO - Filling up the DagBag from /home/airflow/.local/lib/python3.12/site-packages/airflow/example_dags/example_short_circuit_decorator.py
[2024-09-27T15:46:49.316+0000] {processor.py:925} INFO - DAG(s) 'example_short_circuit_decorator' retrieved from /home/airflow/.local/lib/python3.12/site-packages/airflow/example_dags/example_short_circuit_decorator.py
[2024-09-27T15:46:49.328+0000] {logging_mixin.py:190} INFO - [2024-09-27T15:46:49.328+0000] {dag.py:3239} INFO - Sync 1 DAGs
[2024-09-27T15:46:49.336+0000] {logging_mixin.py:190} INFO - [2024-09-27T15:46:49.336+0000] {dag.py:4180} INFO - Setting next_dagrun for example_short_circuit_decorator to None, run_after=None
[2024-09-27T15:46:49.344+0000] {processor.py:208} INFO - Processing /home/airflow/.local/lib/python3.12/site-packages/airflow/example_dags/example_short_circuit_decorator.py took 0.039 seconds
[2024-09-27T15:47:20.203+0000] {processor.py:186} INFO - Started process (PID=177) to work on /home/airflow/.local/lib/python3.12/site-packages/airflow/example_dags/example_short_circuit_decorator.py
[2024-09-27T15:47:20.204+0000] {processor.py:914} INFO - Processing file /home/airflow/.local/lib/python3.12/site-packages/airflow/example_dags/example_short_circuit_decorator.py for tasks to queue
[2024-09-27T15:47:20.205+0000] {logging_mixin.py:190} INFO - [2024-09-27T15:47:20.205+0000] {dagbag.py:588} INFO - Filling up the DagBag from /home/airflow/.local/lib/python3.12/site-packages/airflow/example_dags/example_short_circuit_decorator.py
[2024-09-27T15:47:20.211+0000] {processor.py:925} INFO - DAG(s) 'example_short_circuit_decorator' retrieved from /home/airflow/.local/lib/python3.12/site-packages/airflow/example_dags/example_short_circuit_decorator.py
[2024-09-27T15:47:20.223+0000] {logging_mixin.py:190} INFO - [2024-09-27T15:47:20.222+0000] {dag.py:3239} INFO - Sync 1 DAGs
[2024-09-27T15:47:20.230+0000] {logging_mixin.py:190} INFO - [2024-09-27T15:47:20.230+0000] {dag.py:4180} INFO - Setting next_dagrun for example_short_circuit_decorator to None, run_after=None
[2024-09-27T15:47:20.238+0000] {processor.py:208} INFO - Processing /home/airflow/.local/lib/python3.12/site-packages/airflow/example_dags/example_short_circuit_decorator.py took 0.039 seconds
[2024-09-27T15:47:51.249+0000] {processor.py:186} INFO - Started process (PID=240) to work on /home/airflow/.local/lib/python3.12/site-packages/airflow/example_dags/example_short_circuit_decorator.py
[2024-09-27T15:47:51.249+0000] {processor.py:914} INFO - Processing file /home/airflow/.local/lib/python3.12/site-packages/airflow/example_dags/example_short_circuit_decorator.py for tasks to queue
[2024-09-27T15:47:51.251+0000] {logging_mixin.py:190} INFO - [2024-09-27T15:47:51.251+0000] {dagbag.py:588} INFO - Filling up the DagBag from /home/airflow/.local/lib/python3.12/site-packages/airflow/example_dags/example_short_circuit_decorator.py
[2024-09-27T15:47:51.258+0000] {processor.py:925} INFO - DAG(s) 'example_short_circuit_decorator' retrieved from /home/airflow/.local/lib/python3.12/site-packages/airflow/example_dags/example_short_circuit_decorator.py
[2024-09-27T15:47:51.279+0000] {logging_mixin.py:190} INFO - [2024-09-27T15:47:51.279+0000] {dag.py:3239} INFO - Sync 1 DAGs
[2024-09-27T15:47:51.295+0000] {logging_mixin.py:190} INFO - [2024-09-27T15:47:51.294+0000] {dag.py:4180} INFO - Setting next_dagrun for example_short_circuit_decorator to None, run_after=None
[2024-09-27T15:47:51.306+0000] {processor.py:208} INFO - Processing /home/airflow/.local/lib/python3.12/site-packages/airflow/example_dags/example_short_circuit_decorator.py took 0.062 seconds
[2024-09-27T15:48:21.806+0000] {processor.py:186} INFO - Started process (PID=303) to work on /home/airflow/.local/lib/python3.12/site-packages/airflow/example_dags/example_short_circuit_decorator.py
[2024-09-27T15:48:21.807+0000] {processor.py:914} INFO - Processing file /home/airflow/.local/lib/python3.12/site-packages/airflow/example_dags/example_short_circuit_decorator.py for tasks to queue
[2024-09-27T15:48:21.808+0000] {logging_mixin.py:190} INFO - [2024-09-27T15:48:21.808+0000] {dagbag.py:588} INFO - Filling up the DagBag from /home/airflow/.local/lib/python3.12/site-packages/airflow/example_dags/example_short_circuit_decorator.py
[2024-09-27T15:48:21.814+0000] {processor.py:925} INFO - DAG(s) 'example_short_circuit_decorator' retrieved from /home/airflow/.local/lib/python3.12/site-packages/airflow/example_dags/example_short_circuit_decorator.py
[2024-09-27T15:48:21.838+0000] {logging_mixin.py:190} INFO - [2024-09-27T15:48:21.838+0000] {dag.py:3239} INFO - Sync 1 DAGs
[2024-09-27T15:48:21.847+0000] {logging_mixin.py:190} INFO - [2024-09-27T15:48:21.846+0000] {dag.py:4180} INFO - Setting next_dagrun for example_short_circuit_decorator to None, run_after=None
[2024-09-27T15:48:21.857+0000] {processor.py:208} INFO - Processing /home/airflow/.local/lib/python3.12/site-packages/airflow/example_dags/example_short_circuit_decorator.py took 0.056 seconds
[2024-09-27T15:48:52.419+0000] {processor.py:186} INFO - Started process (PID=366) to work on /home/airflow/.local/lib/python3.12/site-packages/airflow/example_dags/example_short_circuit_decorator.py
[2024-09-27T15:48:52.420+0000] {processor.py:914} INFO - Processing file /home/airflow/.local/lib/python3.12/site-packages/airflow/example_dags/example_short_circuit_decorator.py for tasks to queue
[2024-09-27T15:48:52.422+0000] {logging_mixin.py:190} INFO - [2024-09-27T15:48:52.421+0000] {dagbag.py:588} INFO - Filling up the DagBag from /home/airflow/.local/lib/python3.12/site-packages/airflow/example_dags/example_short_circuit_decorator.py
[2024-09-27T15:48:52.427+0000] {processor.py:925} INFO - DAG(s) 'example_short_circuit_decorator' retrieved from /home/airflow/.local/lib/python3.12/site-packages/airflow/example_dags/example_short_circuit_decorator.py
[2024-09-27T15:48:52.439+0000] {logging_mixin.py:190} INFO - [2024-09-27T15:48:52.439+0000] {dag.py:3239} INFO - Sync 1 DAGs
[2024-09-27T15:48:52.449+0000] {logging_mixin.py:190} INFO - [2024-09-27T15:48:52.449+0000] {dag.py:4180} INFO - Setting next_dagrun for example_short_circuit_decorator to None, run_after=None
[2024-09-27T15:48:52.459+0000] {processor.py:208} INFO - Processing /home/airflow/.local/lib/python3.12/site-packages/airflow/example_dags/example_short_circuit_decorator.py took 0.044 seconds
[2024-09-27T15:49:23.230+0000] {processor.py:186} INFO - Started process (PID=429) to work on /home/airflow/.local/lib/python3.12/site-packages/airflow/example_dags/example_short_circuit_decorator.py
[2024-09-27T15:49:23.231+0000] {processor.py:914} INFO - Processing file /home/airflow/.local/lib/python3.12/site-packages/airflow/example_dags/example_short_circuit_decorator.py for tasks to queue
[2024-09-27T15:49:23.233+0000] {logging_mixin.py:190} INFO - [2024-09-27T15:49:23.233+0000] {dagbag.py:588} INFO - Filling up the DagBag from /home/airflow/.local/lib/python3.12/site-packages/airflow/example_dags/example_short_circuit_decorator.py
[2024-09-27T15:49:23.239+0000] {processor.py:925} INFO - DAG(s) 'example_short_circuit_decorator' retrieved from /home/airflow/.local/lib/python3.12/site-packages/airflow/example_dags/example_short_circuit_decorator.py
[2024-09-27T15:49:23.252+0000] {logging_mixin.py:190} INFO - [2024-09-27T15:49:23.252+0000] {dag.py:3239} INFO - Sync 1 DAGs
[2024-09-27T15:49:23.259+0000] {logging_mixin.py:190} INFO - [2024-09-27T15:49:23.259+0000] {dag.py:4180} INFO - Setting next_dagrun for example_short_circuit_decorator to None, run_after=None
[2024-09-27T15:49:23.268+0000] {processor.py:208} INFO - Processing /home/airflow/.local/lib/python3.12/site-packages/airflow/example_dags/example_short_circuit_decorator.py took 0.041 seconds
[2024-09-27T15:49:53.919+0000] {processor.py:186} INFO - Started process (PID=492) to work on /home/airflow/.local/lib/python3.12/site-packages/airflow/example_dags/example_short_circuit_decorator.py
[2024-09-27T15:49:53.920+0000] {processor.py:914} INFO - Processing file /home/airflow/.local/lib/python3.12/site-packages/airflow/example_dags/example_short_circuit_decorator.py for tasks to queue
[2024-09-27T15:49:53.925+0000] {logging_mixin.py:190} INFO - [2024-09-27T15:49:53.925+0000] {dagbag.py:588} INFO - Filling up the DagBag from /home/airflow/.local/lib/python3.12/site-packages/airflow/example_dags/example_short_circuit_decorator.py
[2024-09-27T15:49:53.930+0000] {processor.py:925} INFO - DAG(s) 'example_short_circuit_decorator' retrieved from /home/airflow/.local/lib/python3.12/site-packages/airflow/example_dags/example_short_circuit_decorator.py
[2024-09-27T15:49:53.944+0000] {logging_mixin.py:190} INFO - [2024-09-27T15:49:53.943+0000] {dag.py:3239} INFO - Sync 1 DAGs
[2024-09-27T15:49:53.951+0000] {logging_mixin.py:190} INFO - [2024-09-27T15:49:53.951+0000] {dag.py:4180} INFO - Setting next_dagrun for example_short_circuit_decorator to None, run_after=None
[2024-09-27T15:49:53.959+0000] {processor.py:208} INFO - Processing /home/airflow/.local/lib/python3.12/site-packages/airflow/example_dags/example_short_circuit_decorator.py took 0.045 seconds
