[2024-09-27T15:46:18.886+0000] {processor.py:186} INFO - Started process (PID=60) to work on /home/airflow/.local/lib/python3.12/site-packages/airflow/example_dags/example_inlet_event_extra.py
[2024-09-27T15:46:18.887+0000] {processor.py:914} INFO - Processing file /home/airflow/.local/lib/python3.12/site-packages/airflow/example_dags/example_inlet_event_extra.py for tasks to queue
[2024-09-27T15:46:18.888+0000] {logging_mixin.py:190} INFO - [2024-09-27T15:46:18.888+0000] {dagbag.py:588} INFO - Filling up the DagBag from /home/airflow/.local/lib/python3.12/site-packages/airflow/example_dags/example_inlet_event_extra.py
[2024-09-27T15:46:18.966+0000] {processor.py:925} INFO - DAG(s) 'read_dataset_event', 'read_dataset_event_from_classic' retrieved from /home/airflow/.local/lib/python3.12/site-packages/airflow/example_dags/example_inlet_event_extra.py
[2024-09-27T15:46:19.017+0000] {logging_mixin.py:190} INFO - [2024-09-27T15:46:19.016+0000] {override.py:1900} INFO - Created Permission View: can delete on DAG:read_dataset_event
[2024-09-27T15:46:19.024+0000] {logging_mixin.py:190} INFO - [2024-09-27T15:46:19.024+0000] {override.py:1900} INFO - Created Permission View: can read on DAG:read_dataset_event
[2024-09-27T15:46:19.030+0000] {logging_mixin.py:190} INFO - [2024-09-27T15:46:19.030+0000] {override.py:1900} INFO - Created Permission View: can edit on DAG:read_dataset_event
[2024-09-27T15:46:19.036+0000] {logging_mixin.py:190} INFO - [2024-09-27T15:46:19.035+0000] {override.py:1900} INFO - Created Permission View: can create on DAG Run:read_dataset_event
[2024-09-27T15:46:19.039+0000] {logging_mixin.py:190} INFO - [2024-09-27T15:46:19.039+0000] {override.py:1900} INFO - Created Permission View: can delete on DAG Run:read_dataset_event
[2024-09-27T15:46:19.042+0000] {logging_mixin.py:190} INFO - [2024-09-27T15:46:19.041+0000] {override.py:1900} INFO - Created Permission View: menu access on DAG Run:read_dataset_event
[2024-09-27T15:46:19.044+0000] {logging_mixin.py:190} INFO - [2024-09-27T15:46:19.044+0000] {override.py:1900} INFO - Created Permission View: can read on DAG Run:read_dataset_event
[2024-09-27T15:46:19.050+0000] {logging_mixin.py:190} INFO - [2024-09-27T15:46:19.049+0000] {override.py:1900} INFO - Created Permission View: can delete on DAG:read_dataset_event_from_classic
[2024-09-27T15:46:19.052+0000] {logging_mixin.py:190} INFO - [2024-09-27T15:46:19.052+0000] {override.py:1900} INFO - Created Permission View: can read on DAG:read_dataset_event_from_classic
[2024-09-27T15:46:19.055+0000] {logging_mixin.py:190} INFO - [2024-09-27T15:46:19.055+0000] {override.py:1900} INFO - Created Permission View: can edit on DAG:read_dataset_event_from_classic
[2024-09-27T15:46:19.058+0000] {logging_mixin.py:190} INFO - [2024-09-27T15:46:19.058+0000] {override.py:1900} INFO - Created Permission View: can create on DAG Run:read_dataset_event_from_classic
[2024-09-27T15:46:19.061+0000] {logging_mixin.py:190} INFO - [2024-09-27T15:46:19.060+0000] {override.py:1900} INFO - Created Permission View: can delete on DAG Run:read_dataset_event_from_classic
[2024-09-27T15:46:19.064+0000] {logging_mixin.py:190} INFO - [2024-09-27T15:46:19.063+0000] {override.py:1900} INFO - Created Permission View: menu access on DAG Run:read_dataset_event_from_classic
[2024-09-27T15:46:19.068+0000] {logging_mixin.py:190} INFO - [2024-09-27T15:46:19.068+0000] {override.py:1900} INFO - Created Permission View: can read on DAG Run:read_dataset_event_from_classic
[2024-09-27T15:46:19.069+0000] {logging_mixin.py:190} INFO - [2024-09-27T15:46:19.069+0000] {dag.py:3239} INFO - Sync 2 DAGs
[2024-09-27T15:46:19.078+0000] {logging_mixin.py:190} INFO - [2024-09-27T15:46:19.078+0000] {dag.py:3262} INFO - Creating ORM DAG for read_dataset_event
[2024-09-27T15:46:19.079+0000] {logging_mixin.py:190} INFO - [2024-09-27T15:46:19.079+0000] {dag.py:3262} INFO - Creating ORM DAG for read_dataset_event_from_classic
[2024-09-27T15:46:19.086+0000] {logging_mixin.py:190} INFO - [2024-09-27T15:46:19.086+0000] {dag.py:4180} INFO - Setting next_dagrun for read_dataset_event to 2024-09-26 00:00:00+00:00, run_after=2024-09-27 00:00:00+00:00
[2024-09-27T15:46:19.087+0000] {logging_mixin.py:190} INFO - [2024-09-27T15:46:19.087+0000] {dag.py:4180} INFO - Setting next_dagrun for read_dataset_event_from_classic to 2024-09-26 00:00:00+00:00, run_after=2024-09-27 00:00:00+00:00
[2024-09-27T15:46:19.096+0000] {processor.py:208} INFO - Processing /home/airflow/.local/lib/python3.12/site-packages/airflow/example_dags/example_inlet_event_extra.py took 0.212 seconds
[2024-09-27T15:46:49.601+0000] {processor.py:186} INFO - Started process (PID=123) to work on /home/airflow/.local/lib/python3.12/site-packages/airflow/example_dags/example_inlet_event_extra.py
[2024-09-27T15:46:49.602+0000] {processor.py:914} INFO - Processing file /home/airflow/.local/lib/python3.12/site-packages/airflow/example_dags/example_inlet_event_extra.py for tasks to queue
[2024-09-27T15:46:49.603+0000] {logging_mixin.py:190} INFO - [2024-09-27T15:46:49.603+0000] {dagbag.py:588} INFO - Filling up the DagBag from /home/airflow/.local/lib/python3.12/site-packages/airflow/example_dags/example_inlet_event_extra.py
[2024-09-27T15:46:49.695+0000] {processor.py:925} INFO - DAG(s) 'read_dataset_event_from_classic', 'read_dataset_event' retrieved from /home/airflow/.local/lib/python3.12/site-packages/airflow/example_dags/example_inlet_event_extra.py
[2024-09-27T15:46:49.706+0000] {logging_mixin.py:190} INFO - [2024-09-27T15:46:49.706+0000] {dag.py:3239} INFO - Sync 2 DAGs
[2024-09-27T15:46:49.718+0000] {logging_mixin.py:190} INFO - [2024-09-27T15:46:49.718+0000] {dag.py:4180} INFO - Setting next_dagrun for read_dataset_event to 2024-09-26 00:00:00+00:00, run_after=2024-09-27 00:00:00+00:00
[2024-09-27T15:46:49.722+0000] {logging_mixin.py:190} INFO - [2024-09-27T15:46:49.722+0000] {dag.py:4180} INFO - Setting next_dagrun for read_dataset_event_from_classic to 2024-09-26 00:00:00+00:00, run_after=2024-09-27 00:00:00+00:00
[2024-09-27T15:46:49.733+0000] {processor.py:208} INFO - Processing /home/airflow/.local/lib/python3.12/site-packages/airflow/example_dags/example_inlet_event_extra.py took 0.135 seconds
[2024-09-27T15:47:20.536+0000] {processor.py:186} INFO - Started process (PID=186) to work on /home/airflow/.local/lib/python3.12/site-packages/airflow/example_dags/example_inlet_event_extra.py
[2024-09-27T15:47:20.537+0000] {processor.py:914} INFO - Processing file /home/airflow/.local/lib/python3.12/site-packages/airflow/example_dags/example_inlet_event_extra.py for tasks to queue
[2024-09-27T15:47:20.538+0000] {logging_mixin.py:190} INFO - [2024-09-27T15:47:20.538+0000] {dagbag.py:588} INFO - Filling up the DagBag from /home/airflow/.local/lib/python3.12/site-packages/airflow/example_dags/example_inlet_event_extra.py
[2024-09-27T15:47:20.633+0000] {processor.py:925} INFO - DAG(s) 'read_dataset_event_from_classic', 'read_dataset_event' retrieved from /home/airflow/.local/lib/python3.12/site-packages/airflow/example_dags/example_inlet_event_extra.py
[2024-09-27T15:47:20.647+0000] {logging_mixin.py:190} INFO - [2024-09-27T15:47:20.647+0000] {dag.py:3239} INFO - Sync 2 DAGs
[2024-09-27T15:47:20.661+0000] {logging_mixin.py:190} INFO - [2024-09-27T15:47:20.661+0000] {dag.py:4180} INFO - Setting next_dagrun for read_dataset_event to 2024-09-26 00:00:00+00:00, run_after=2024-09-27 00:00:00+00:00
[2024-09-27T15:47:20.664+0000] {logging_mixin.py:190} INFO - [2024-09-27T15:47:20.664+0000] {dag.py:4180} INFO - Setting next_dagrun for read_dataset_event_from_classic to 2024-09-26 00:00:00+00:00, run_after=2024-09-27 00:00:00+00:00
[2024-09-27T15:47:20.671+0000] {processor.py:208} INFO - Processing /home/airflow/.local/lib/python3.12/site-packages/airflow/example_dags/example_inlet_event_extra.py took 0.138 seconds
[2024-09-27T15:47:51.533+0000] {processor.py:186} INFO - Started process (PID=249) to work on /home/airflow/.local/lib/python3.12/site-packages/airflow/example_dags/example_inlet_event_extra.py
[2024-09-27T15:47:51.534+0000] {processor.py:914} INFO - Processing file /home/airflow/.local/lib/python3.12/site-packages/airflow/example_dags/example_inlet_event_extra.py for tasks to queue
[2024-09-27T15:47:51.535+0000] {logging_mixin.py:190} INFO - [2024-09-27T15:47:51.535+0000] {dagbag.py:588} INFO - Filling up the DagBag from /home/airflow/.local/lib/python3.12/site-packages/airflow/example_dags/example_inlet_event_extra.py
[2024-09-27T15:47:51.617+0000] {processor.py:925} INFO - DAG(s) 'read_dataset_event', 'read_dataset_event_from_classic' retrieved from /home/airflow/.local/lib/python3.12/site-packages/airflow/example_dags/example_inlet_event_extra.py
[2024-09-27T15:47:51.628+0000] {logging_mixin.py:190} INFO - [2024-09-27T15:47:51.628+0000] {dag.py:3239} INFO - Sync 2 DAGs
[2024-09-27T15:47:51.646+0000] {logging_mixin.py:190} INFO - [2024-09-27T15:47:51.645+0000] {dag.py:4180} INFO - Setting next_dagrun for read_dataset_event to 2024-09-26 00:00:00+00:00, run_after=2024-09-27 00:00:00+00:00
[2024-09-27T15:47:51.651+0000] {logging_mixin.py:190} INFO - [2024-09-27T15:47:51.651+0000] {dag.py:4180} INFO - Setting next_dagrun for read_dataset_event_from_classic to 2024-09-26 00:00:00+00:00, run_after=2024-09-27 00:00:00+00:00
[2024-09-27T15:47:51.662+0000] {processor.py:208} INFO - Processing /home/airflow/.local/lib/python3.12/site-packages/airflow/example_dags/example_inlet_event_extra.py took 0.132 seconds
[2024-09-27T15:48:22.137+0000] {processor.py:186} INFO - Started process (PID=312) to work on /home/airflow/.local/lib/python3.12/site-packages/airflow/example_dags/example_inlet_event_extra.py
[2024-09-27T15:48:22.138+0000] {processor.py:914} INFO - Processing file /home/airflow/.local/lib/python3.12/site-packages/airflow/example_dags/example_inlet_event_extra.py for tasks to queue
[2024-09-27T15:48:22.139+0000] {logging_mixin.py:190} INFO - [2024-09-27T15:48:22.139+0000] {dagbag.py:588} INFO - Filling up the DagBag from /home/airflow/.local/lib/python3.12/site-packages/airflow/example_dags/example_inlet_event_extra.py
[2024-09-27T15:48:22.222+0000] {processor.py:925} INFO - DAG(s) 'read_dataset_event_from_classic', 'read_dataset_event' retrieved from /home/airflow/.local/lib/python3.12/site-packages/airflow/example_dags/example_inlet_event_extra.py
[2024-09-27T15:48:22.234+0000] {logging_mixin.py:190} INFO - [2024-09-27T15:48:22.234+0000] {dag.py:3239} INFO - Sync 2 DAGs
[2024-09-27T15:48:22.249+0000] {logging_mixin.py:190} INFO - [2024-09-27T15:48:22.249+0000] {dag.py:4180} INFO - Setting next_dagrun for read_dataset_event to 2024-09-26 00:00:00+00:00, run_after=2024-09-27 00:00:00+00:00
[2024-09-27T15:48:22.252+0000] {logging_mixin.py:190} INFO - [2024-09-27T15:48:22.252+0000] {dag.py:4180} INFO - Setting next_dagrun for read_dataset_event_from_classic to 2024-09-26 00:00:00+00:00, run_after=2024-09-27 00:00:00+00:00
[2024-09-27T15:48:22.264+0000] {processor.py:208} INFO - Processing /home/airflow/.local/lib/python3.12/site-packages/airflow/example_dags/example_inlet_event_extra.py took 0.131 seconds
[2024-09-27T15:48:52.689+0000] {processor.py:186} INFO - Started process (PID=375) to work on /home/airflow/.local/lib/python3.12/site-packages/airflow/example_dags/example_inlet_event_extra.py
[2024-09-27T15:48:52.690+0000] {processor.py:914} INFO - Processing file /home/airflow/.local/lib/python3.12/site-packages/airflow/example_dags/example_inlet_event_extra.py for tasks to queue
[2024-09-27T15:48:52.692+0000] {logging_mixin.py:190} INFO - [2024-09-27T15:48:52.691+0000] {dagbag.py:588} INFO - Filling up the DagBag from /home/airflow/.local/lib/python3.12/site-packages/airflow/example_dags/example_inlet_event_extra.py
[2024-09-27T15:48:52.771+0000] {processor.py:925} INFO - DAG(s) 'read_dataset_event', 'read_dataset_event_from_classic' retrieved from /home/airflow/.local/lib/python3.12/site-packages/airflow/example_dags/example_inlet_event_extra.py
[2024-09-27T15:48:52.783+0000] {logging_mixin.py:190} INFO - [2024-09-27T15:48:52.783+0000] {dag.py:3239} INFO - Sync 2 DAGs
[2024-09-27T15:48:52.795+0000] {logging_mixin.py:190} INFO - [2024-09-27T15:48:52.795+0000] {dag.py:4180} INFO - Setting next_dagrun for read_dataset_event to 2024-09-26 00:00:00+00:00, run_after=2024-09-27 00:00:00+00:00
[2024-09-27T15:48:52.797+0000] {logging_mixin.py:190} INFO - [2024-09-27T15:48:52.797+0000] {dag.py:4180} INFO - Setting next_dagrun for read_dataset_event_from_classic to 2024-09-26 00:00:00+00:00, run_after=2024-09-27 00:00:00+00:00
[2024-09-27T15:48:52.805+0000] {processor.py:208} INFO - Processing /home/airflow/.local/lib/python3.12/site-packages/airflow/example_dags/example_inlet_event_extra.py took 0.120 seconds
[2024-09-27T15:49:23.517+0000] {processor.py:186} INFO - Started process (PID=438) to work on /home/airflow/.local/lib/python3.12/site-packages/airflow/example_dags/example_inlet_event_extra.py
[2024-09-27T15:49:23.518+0000] {processor.py:914} INFO - Processing file /home/airflow/.local/lib/python3.12/site-packages/airflow/example_dags/example_inlet_event_extra.py for tasks to queue
[2024-09-27T15:49:23.519+0000] {logging_mixin.py:190} INFO - [2024-09-27T15:49:23.519+0000] {dagbag.py:588} INFO - Filling up the DagBag from /home/airflow/.local/lib/python3.12/site-packages/airflow/example_dags/example_inlet_event_extra.py
[2024-09-27T15:49:23.599+0000] {processor.py:925} INFO - DAG(s) 'read_dataset_event_from_classic', 'read_dataset_event' retrieved from /home/airflow/.local/lib/python3.12/site-packages/airflow/example_dags/example_inlet_event_extra.py
[2024-09-27T15:49:23.609+0000] {logging_mixin.py:190} INFO - [2024-09-27T15:49:23.609+0000] {dag.py:3239} INFO - Sync 2 DAGs
[2024-09-27T15:49:23.621+0000] {logging_mixin.py:190} INFO - [2024-09-27T15:49:23.621+0000] {dag.py:4180} INFO - Setting next_dagrun for read_dataset_event to 2024-09-26 00:00:00+00:00, run_after=2024-09-27 00:00:00+00:00
[2024-09-27T15:49:23.624+0000] {logging_mixin.py:190} INFO - [2024-09-27T15:49:23.624+0000] {dag.py:4180} INFO - Setting next_dagrun for read_dataset_event_from_classic to 2024-09-26 00:00:00+00:00, run_after=2024-09-27 00:00:00+00:00
[2024-09-27T15:49:23.631+0000] {processor.py:208} INFO - Processing /home/airflow/.local/lib/python3.12/site-packages/airflow/example_dags/example_inlet_event_extra.py took 0.118 seconds
[2024-09-27T15:49:54.236+0000] {processor.py:186} INFO - Started process (PID=501) to work on /home/airflow/.local/lib/python3.12/site-packages/airflow/example_dags/example_inlet_event_extra.py
[2024-09-27T15:49:54.237+0000] {processor.py:914} INFO - Processing file /home/airflow/.local/lib/python3.12/site-packages/airflow/example_dags/example_inlet_event_extra.py for tasks to queue
[2024-09-27T15:49:54.238+0000] {logging_mixin.py:190} INFO - [2024-09-27T15:49:54.238+0000] {dagbag.py:588} INFO - Filling up the DagBag from /home/airflow/.local/lib/python3.12/site-packages/airflow/example_dags/example_inlet_event_extra.py
[2024-09-27T15:49:54.315+0000] {processor.py:925} INFO - DAG(s) 'read_dataset_event_from_classic', 'read_dataset_event' retrieved from /home/airflow/.local/lib/python3.12/site-packages/airflow/example_dags/example_inlet_event_extra.py
[2024-09-27T15:49:54.326+0000] {logging_mixin.py:190} INFO - [2024-09-27T15:49:54.326+0000] {dag.py:3239} INFO - Sync 2 DAGs
[2024-09-27T15:49:54.338+0000] {logging_mixin.py:190} INFO - [2024-09-27T15:49:54.338+0000] {dag.py:4180} INFO - Setting next_dagrun for read_dataset_event to 2024-09-26 00:00:00+00:00, run_after=2024-09-27 00:00:00+00:00
[2024-09-27T15:49:54.341+0000] {logging_mixin.py:190} INFO - [2024-09-27T15:49:54.341+0000] {dag.py:4180} INFO - Setting next_dagrun for read_dataset_event_from_classic to 2024-09-26 00:00:00+00:00, run_after=2024-09-27 00:00:00+00:00
[2024-09-27T15:49:54.348+0000] {processor.py:208} INFO - Processing /home/airflow/.local/lib/python3.12/site-packages/airflow/example_dags/example_inlet_event_extra.py took 0.115 seconds
