[2024-09-27T15:46:18.774+0000] {processor.py:186} INFO - Started process (PID=58) to work on /home/airflow/.local/lib/python3.12/site-packages/airflow/example_dags/example_nested_branch_dag.py
[2024-09-27T15:46:18.775+0000] {processor.py:914} INFO - Processing file /home/airflow/.local/lib/python3.12/site-packages/airflow/example_dags/example_nested_branch_dag.py for tasks to queue
[2024-09-27T15:46:18.777+0000] {logging_mixin.py:190} INFO - [2024-09-27T15:46:18.776+0000] {dagbag.py:588} INFO - Filling up the DagBag from /home/airflow/.local/lib/python3.12/site-packages/airflow/example_dags/example_nested_branch_dag.py
[2024-09-27T15:46:18.784+0000] {processor.py:925} INFO - DAG(s) 'example_nested_branch_dag' retrieved from /home/airflow/.local/lib/python3.12/site-packages/airflow/example_dags/example_nested_branch_dag.py
[2024-09-27T15:46:18.838+0000] {logging_mixin.py:190} INFO - [2024-09-27T15:46:18.837+0000] {override.py:1900} INFO - Created Permission View: can delete on DAG:example_nested_branch_dag
[2024-09-27T15:46:18.842+0000] {logging_mixin.py:190} INFO - [2024-09-27T15:46:18.842+0000] {override.py:1900} INFO - Created Permission View: can read on DAG:example_nested_branch_dag
[2024-09-27T15:46:18.845+0000] {logging_mixin.py:190} INFO - [2024-09-27T15:46:18.845+0000] {override.py:1900} INFO - Created Permission View: can edit on DAG:example_nested_branch_dag
[2024-09-27T15:46:18.847+0000] {logging_mixin.py:190} INFO - [2024-09-27T15:46:18.847+0000] {override.py:1900} INFO - Created Permission View: can create on DAG Run:example_nested_branch_dag
[2024-09-27T15:46:18.849+0000] {logging_mixin.py:190} INFO - [2024-09-27T15:46:18.849+0000] {override.py:1900} INFO - Created Permission View: can delete on DAG Run:example_nested_branch_dag
[2024-09-27T15:46:18.851+0000] {logging_mixin.py:190} INFO - [2024-09-27T15:46:18.851+0000] {override.py:1900} INFO - Created Permission View: menu access on DAG Run:example_nested_branch_dag
[2024-09-27T15:46:18.853+0000] {logging_mixin.py:190} INFO - [2024-09-27T15:46:18.853+0000] {override.py:1900} INFO - Created Permission View: can read on DAG Run:example_nested_branch_dag
[2024-09-27T15:46:18.854+0000] {logging_mixin.py:190} INFO - [2024-09-27T15:46:18.853+0000] {dag.py:3239} INFO - Sync 1 DAGs
[2024-09-27T15:46:18.860+0000] {logging_mixin.py:190} INFO - [2024-09-27T15:46:18.860+0000] {dag.py:3262} INFO - Creating ORM DAG for example_nested_branch_dag
[2024-09-27T15:46:18.866+0000] {logging_mixin.py:190} INFO - [2024-09-27T15:46:18.865+0000] {dag.py:4180} INFO - Setting next_dagrun for example_nested_branch_dag to 2024-09-26 00:00:00+00:00, run_after=2024-09-27 00:00:00+00:00
[2024-09-27T15:46:18.872+0000] {processor.py:208} INFO - Processing /home/airflow/.local/lib/python3.12/site-packages/airflow/example_dags/example_nested_branch_dag.py took 0.101 seconds
[2024-09-27T15:46:49.538+0000] {processor.py:186} INFO - Started process (PID=121) to work on /home/airflow/.local/lib/python3.12/site-packages/airflow/example_dags/example_nested_branch_dag.py
[2024-09-27T15:46:49.539+0000] {processor.py:914} INFO - Processing file /home/airflow/.local/lib/python3.12/site-packages/airflow/example_dags/example_nested_branch_dag.py for tasks to queue
[2024-09-27T15:46:49.542+0000] {logging_mixin.py:190} INFO - [2024-09-27T15:46:49.541+0000] {dagbag.py:588} INFO - Filling up the DagBag from /home/airflow/.local/lib/python3.12/site-packages/airflow/example_dags/example_nested_branch_dag.py
[2024-09-27T15:46:49.548+0000] {processor.py:925} INFO - DAG(s) 'example_nested_branch_dag' retrieved from /home/airflow/.local/lib/python3.12/site-packages/airflow/example_dags/example_nested_branch_dag.py
[2024-09-27T15:46:49.563+0000] {logging_mixin.py:190} INFO - [2024-09-27T15:46:49.563+0000] {dag.py:3239} INFO - Sync 1 DAGs
[2024-09-27T15:46:49.576+0000] {logging_mixin.py:190} INFO - [2024-09-27T15:46:49.576+0000] {dag.py:4180} INFO - Setting next_dagrun for example_nested_branch_dag to 2024-09-26 00:00:00+00:00, run_after=2024-09-27 00:00:00+00:00
[2024-09-27T15:46:49.585+0000] {processor.py:208} INFO - Processing /home/airflow/.local/lib/python3.12/site-packages/airflow/example_dags/example_nested_branch_dag.py took 0.051 seconds
[2024-09-27T15:47:20.475+0000] {processor.py:186} INFO - Started process (PID=184) to work on /home/airflow/.local/lib/python3.12/site-packages/airflow/example_dags/example_nested_branch_dag.py
[2024-09-27T15:47:20.476+0000] {processor.py:914} INFO - Processing file /home/airflow/.local/lib/python3.12/site-packages/airflow/example_dags/example_nested_branch_dag.py for tasks to queue
[2024-09-27T15:47:20.478+0000] {logging_mixin.py:190} INFO - [2024-09-27T15:47:20.478+0000] {dagbag.py:588} INFO - Filling up the DagBag from /home/airflow/.local/lib/python3.12/site-packages/airflow/example_dags/example_nested_branch_dag.py
[2024-09-27T15:47:20.487+0000] {processor.py:925} INFO - DAG(s) 'example_nested_branch_dag' retrieved from /home/airflow/.local/lib/python3.12/site-packages/airflow/example_dags/example_nested_branch_dag.py
[2024-09-27T15:47:20.499+0000] {logging_mixin.py:190} INFO - [2024-09-27T15:47:20.499+0000] {dag.py:3239} INFO - Sync 1 DAGs
[2024-09-27T15:47:20.511+0000] {logging_mixin.py:190} INFO - [2024-09-27T15:47:20.511+0000] {dag.py:4180} INFO - Setting next_dagrun for example_nested_branch_dag to 2024-09-26 00:00:00+00:00, run_after=2024-09-27 00:00:00+00:00
[2024-09-27T15:47:20.521+0000] {processor.py:208} INFO - Processing /home/airflow/.local/lib/python3.12/site-packages/airflow/example_dags/example_nested_branch_dag.py took 0.051 seconds
[2024-09-27T15:47:51.481+0000] {processor.py:186} INFO - Started process (PID=247) to work on /home/airflow/.local/lib/python3.12/site-packages/airflow/example_dags/example_nested_branch_dag.py
[2024-09-27T15:47:51.481+0000] {processor.py:914} INFO - Processing file /home/airflow/.local/lib/python3.12/site-packages/airflow/example_dags/example_nested_branch_dag.py for tasks to queue
[2024-09-27T15:47:51.483+0000] {logging_mixin.py:190} INFO - [2024-09-27T15:47:51.482+0000] {dagbag.py:588} INFO - Filling up the DagBag from /home/airflow/.local/lib/python3.12/site-packages/airflow/example_dags/example_nested_branch_dag.py
[2024-09-27T15:47:51.489+0000] {processor.py:925} INFO - DAG(s) 'example_nested_branch_dag' retrieved from /home/airflow/.local/lib/python3.12/site-packages/airflow/example_dags/example_nested_branch_dag.py
[2024-09-27T15:47:51.500+0000] {logging_mixin.py:190} INFO - [2024-09-27T15:47:51.499+0000] {dag.py:3239} INFO - Sync 1 DAGs
[2024-09-27T15:47:51.510+0000] {logging_mixin.py:190} INFO - [2024-09-27T15:47:51.510+0000] {dag.py:4180} INFO - Setting next_dagrun for example_nested_branch_dag to 2024-09-26 00:00:00+00:00, run_after=2024-09-27 00:00:00+00:00
[2024-09-27T15:47:51.517+0000] {processor.py:208} INFO - Processing /home/airflow/.local/lib/python3.12/site-packages/airflow/example_dags/example_nested_branch_dag.py took 0.040 seconds
[2024-09-27T15:48:22.038+0000] {processor.py:186} INFO - Started process (PID=310) to work on /home/airflow/.local/lib/python3.12/site-packages/airflow/example_dags/example_nested_branch_dag.py
[2024-09-27T15:48:22.038+0000] {processor.py:914} INFO - Processing file /home/airflow/.local/lib/python3.12/site-packages/airflow/example_dags/example_nested_branch_dag.py for tasks to queue
[2024-09-27T15:48:22.040+0000] {logging_mixin.py:190} INFO - [2024-09-27T15:48:22.040+0000] {dagbag.py:588} INFO - Filling up the DagBag from /home/airflow/.local/lib/python3.12/site-packages/airflow/example_dags/example_nested_branch_dag.py
[2024-09-27T15:48:22.046+0000] {processor.py:925} INFO - DAG(s) 'example_nested_branch_dag' retrieved from /home/airflow/.local/lib/python3.12/site-packages/airflow/example_dags/example_nested_branch_dag.py
[2024-09-27T15:48:22.063+0000] {logging_mixin.py:190} INFO - [2024-09-27T15:48:22.062+0000] {dag.py:3239} INFO - Sync 1 DAGs
[2024-09-27T15:48:22.098+0000] {logging_mixin.py:190} INFO - [2024-09-27T15:48:22.097+0000] {dag.py:4180} INFO - Setting next_dagrun for example_nested_branch_dag to 2024-09-26 00:00:00+00:00, run_after=2024-09-27 00:00:00+00:00
[2024-09-27T15:48:22.111+0000] {processor.py:208} INFO - Processing /home/airflow/.local/lib/python3.12/site-packages/airflow/example_dags/example_nested_branch_dag.py took 0.078 seconds
[2024-09-27T15:48:52.623+0000] {processor.py:186} INFO - Started process (PID=373) to work on /home/airflow/.local/lib/python3.12/site-packages/airflow/example_dags/example_nested_branch_dag.py
[2024-09-27T15:48:52.624+0000] {processor.py:914} INFO - Processing file /home/airflow/.local/lib/python3.12/site-packages/airflow/example_dags/example_nested_branch_dag.py for tasks to queue
[2024-09-27T15:48:52.625+0000] {logging_mixin.py:190} INFO - [2024-09-27T15:48:52.625+0000] {dagbag.py:588} INFO - Filling up the DagBag from /home/airflow/.local/lib/python3.12/site-packages/airflow/example_dags/example_nested_branch_dag.py
[2024-09-27T15:48:52.632+0000] {processor.py:925} INFO - DAG(s) 'example_nested_branch_dag' retrieved from /home/airflow/.local/lib/python3.12/site-packages/airflow/example_dags/example_nested_branch_dag.py
[2024-09-27T15:48:52.643+0000] {logging_mixin.py:190} INFO - [2024-09-27T15:48:52.643+0000] {dag.py:3239} INFO - Sync 1 DAGs
[2024-09-27T15:48:52.656+0000] {logging_mixin.py:190} INFO - [2024-09-27T15:48:52.656+0000] {dag.py:4180} INFO - Setting next_dagrun for example_nested_branch_dag to 2024-09-26 00:00:00+00:00, run_after=2024-09-27 00:00:00+00:00
[2024-09-27T15:48:52.669+0000] {processor.py:208} INFO - Processing /home/airflow/.local/lib/python3.12/site-packages/airflow/example_dags/example_nested_branch_dag.py took 0.049 seconds
[2024-09-27T15:49:23.465+0000] {processor.py:186} INFO - Started process (PID=436) to work on /home/airflow/.local/lib/python3.12/site-packages/airflow/example_dags/example_nested_branch_dag.py
[2024-09-27T15:49:23.466+0000] {processor.py:914} INFO - Processing file /home/airflow/.local/lib/python3.12/site-packages/airflow/example_dags/example_nested_branch_dag.py for tasks to queue
[2024-09-27T15:49:23.467+0000] {logging_mixin.py:190} INFO - [2024-09-27T15:49:23.467+0000] {dagbag.py:588} INFO - Filling up the DagBag from /home/airflow/.local/lib/python3.12/site-packages/airflow/example_dags/example_nested_branch_dag.py
[2024-09-27T15:49:23.473+0000] {processor.py:925} INFO - DAG(s) 'example_nested_branch_dag' retrieved from /home/airflow/.local/lib/python3.12/site-packages/airflow/example_dags/example_nested_branch_dag.py
[2024-09-27T15:49:23.483+0000] {logging_mixin.py:190} INFO - [2024-09-27T15:49:23.483+0000] {dag.py:3239} INFO - Sync 1 DAGs
[2024-09-27T15:49:23.493+0000] {logging_mixin.py:190} INFO - [2024-09-27T15:49:23.493+0000] {dag.py:4180} INFO - Setting next_dagrun for example_nested_branch_dag to 2024-09-26 00:00:00+00:00, run_after=2024-09-27 00:00:00+00:00
[2024-09-27T15:49:23.501+0000] {processor.py:208} INFO - Processing /home/airflow/.local/lib/python3.12/site-packages/airflow/example_dags/example_nested_branch_dag.py took 0.039 seconds
[2024-09-27T15:49:54.184+0000] {processor.py:186} INFO - Started process (PID=499) to work on /home/airflow/.local/lib/python3.12/site-packages/airflow/example_dags/example_nested_branch_dag.py
[2024-09-27T15:49:54.184+0000] {processor.py:914} INFO - Processing file /home/airflow/.local/lib/python3.12/site-packages/airflow/example_dags/example_nested_branch_dag.py for tasks to queue
[2024-09-27T15:49:54.186+0000] {logging_mixin.py:190} INFO - [2024-09-27T15:49:54.185+0000] {dagbag.py:588} INFO - Filling up the DagBag from /home/airflow/.local/lib/python3.12/site-packages/airflow/example_dags/example_nested_branch_dag.py
[2024-09-27T15:49:54.191+0000] {processor.py:925} INFO - DAG(s) 'example_nested_branch_dag' retrieved from /home/airflow/.local/lib/python3.12/site-packages/airflow/example_dags/example_nested_branch_dag.py
[2024-09-27T15:49:54.202+0000] {logging_mixin.py:190} INFO - [2024-09-27T15:49:54.202+0000] {dag.py:3239} INFO - Sync 1 DAGs
[2024-09-27T15:49:54.212+0000] {logging_mixin.py:190} INFO - [2024-09-27T15:49:54.212+0000] {dag.py:4180} INFO - Setting next_dagrun for example_nested_branch_dag to 2024-09-26 00:00:00+00:00, run_after=2024-09-27 00:00:00+00:00
[2024-09-27T15:49:54.220+0000] {processor.py:208} INFO - Processing /home/airflow/.local/lib/python3.12/site-packages/airflow/example_dags/example_nested_branch_dag.py took 0.039 seconds
