[2024-09-27T15:46:18.827+0000] {processor.py:186} INFO - Started process (PID=59) to work on /home/airflow/.local/lib/python3.12/site-packages/airflow/example_dags/example_complex.py
[2024-09-27T15:46:18.829+0000] {processor.py:914} INFO - Processing file /home/airflow/.local/lib/python3.12/site-packages/airflow/example_dags/example_complex.py for tasks to queue
[2024-09-27T15:46:18.831+0000] {logging_mixin.py:190} INFO - [2024-09-27T15:46:18.831+0000] {dagbag.py:588} INFO - Filling up the DagBag from /home/airflow/.local/lib/python3.12/site-packages/airflow/example_dags/example_complex.py
[2024-09-27T15:46:18.839+0000] {processor.py:925} INFO - DAG(s) 'example_complex' retrieved from /home/airflow/.local/lib/python3.12/site-packages/airflow/example_dags/example_complex.py
[2024-09-27T15:46:18.896+0000] {logging_mixin.py:190} INFO - [2024-09-27T15:46:18.896+0000] {override.py:1900} INFO - Created Permission View: can delete on DAG:example_complex
[2024-09-27T15:46:18.900+0000] {logging_mixin.py:190} INFO - [2024-09-27T15:46:18.900+0000] {override.py:1900} INFO - Created Permission View: can read on DAG:example_complex
[2024-09-27T15:46:18.903+0000] {logging_mixin.py:190} INFO - [2024-09-27T15:46:18.903+0000] {override.py:1900} INFO - Created Permission View: can edit on DAG:example_complex
[2024-09-27T15:46:18.905+0000] {logging_mixin.py:190} INFO - [2024-09-27T15:46:18.905+0000] {override.py:1900} INFO - Created Permission View: can create on DAG Run:example_complex
[2024-09-27T15:46:18.908+0000] {logging_mixin.py:190} INFO - [2024-09-27T15:46:18.908+0000] {override.py:1900} INFO - Created Permission View: can delete on DAG Run:example_complex
[2024-09-27T15:46:18.910+0000] {logging_mixin.py:190} INFO - [2024-09-27T15:46:18.910+0000] {override.py:1900} INFO - Created Permission View: menu access on DAG Run:example_complex
[2024-09-27T15:46:18.912+0000] {logging_mixin.py:190} INFO - [2024-09-27T15:46:18.912+0000] {override.py:1900} INFO - Created Permission View: can read on DAG Run:example_complex
[2024-09-27T15:46:18.913+0000] {logging_mixin.py:190} INFO - [2024-09-27T15:46:18.913+0000] {dag.py:3239} INFO - Sync 1 DAGs
[2024-09-27T15:46:18.919+0000] {logging_mixin.py:190} INFO - [2024-09-27T15:46:18.919+0000] {dag.py:3262} INFO - Creating ORM DAG for example_complex
[2024-09-27T15:46:18.920+0000] {logging_mixin.py:190} INFO - [2024-09-27T15:46:18.919+0000] {dag.py:4180} INFO - Setting next_dagrun for example_complex to None, run_after=None
[2024-09-27T15:46:18.927+0000] {processor.py:208} INFO - Processing /home/airflow/.local/lib/python3.12/site-packages/airflow/example_dags/example_complex.py took 0.103 seconds
[2024-09-27T15:46:49.582+0000] {processor.py:186} INFO - Started process (PID=122) to work on /home/airflow/.local/lib/python3.12/site-packages/airflow/example_dags/example_complex.py
[2024-09-27T15:46:49.582+0000] {processor.py:914} INFO - Processing file /home/airflow/.local/lib/python3.12/site-packages/airflow/example_dags/example_complex.py for tasks to queue
[2024-09-27T15:46:49.585+0000] {logging_mixin.py:190} INFO - [2024-09-27T15:46:49.585+0000] {dagbag.py:588} INFO - Filling up the DagBag from /home/airflow/.local/lib/python3.12/site-packages/airflow/example_dags/example_complex.py
[2024-09-27T15:46:49.593+0000] {processor.py:925} INFO - DAG(s) 'example_complex' retrieved from /home/airflow/.local/lib/python3.12/site-packages/airflow/example_dags/example_complex.py
[2024-09-27T15:46:49.608+0000] {logging_mixin.py:190} INFO - [2024-09-27T15:46:49.608+0000] {dag.py:3239} INFO - Sync 1 DAGs
[2024-09-27T15:46:49.615+0000] {logging_mixin.py:190} INFO - [2024-09-27T15:46:49.615+0000] {dag.py:4180} INFO - Setting next_dagrun for example_complex to None, run_after=None
[2024-09-27T15:46:49.627+0000] {processor.py:208} INFO - Processing /home/airflow/.local/lib/python3.12/site-packages/airflow/example_dags/example_complex.py took 0.048 seconds
[2024-09-27T15:47:20.475+0000] {processor.py:186} INFO - Started process (PID=185) to work on /home/airflow/.local/lib/python3.12/site-packages/airflow/example_dags/example_complex.py
[2024-09-27T15:47:20.476+0000] {processor.py:914} INFO - Processing file /home/airflow/.local/lib/python3.12/site-packages/airflow/example_dags/example_complex.py for tasks to queue
[2024-09-27T15:47:20.478+0000] {logging_mixin.py:190} INFO - [2024-09-27T15:47:20.478+0000] {dagbag.py:588} INFO - Filling up the DagBag from /home/airflow/.local/lib/python3.12/site-packages/airflow/example_dags/example_complex.py
[2024-09-27T15:47:20.487+0000] {processor.py:925} INFO - DAG(s) 'example_complex' retrieved from /home/airflow/.local/lib/python3.12/site-packages/airflow/example_dags/example_complex.py
[2024-09-27T15:47:20.503+0000] {logging_mixin.py:190} INFO - [2024-09-27T15:47:20.503+0000] {dag.py:3239} INFO - Sync 1 DAGs
[2024-09-27T15:47:20.511+0000] {logging_mixin.py:190} INFO - [2024-09-27T15:47:20.511+0000] {dag.py:4180} INFO - Setting next_dagrun for example_complex to None, run_after=None
[2024-09-27T15:47:20.521+0000] {processor.py:208} INFO - Processing /home/airflow/.local/lib/python3.12/site-packages/airflow/example_dags/example_complex.py took 0.050 seconds
[2024-09-27T15:47:51.531+0000] {processor.py:186} INFO - Started process (PID=248) to work on /home/airflow/.local/lib/python3.12/site-packages/airflow/example_dags/example_complex.py
[2024-09-27T15:47:51.531+0000] {processor.py:914} INFO - Processing file /home/airflow/.local/lib/python3.12/site-packages/airflow/example_dags/example_complex.py for tasks to queue
[2024-09-27T15:47:51.533+0000] {logging_mixin.py:190} INFO - [2024-09-27T15:47:51.533+0000] {dagbag.py:588} INFO - Filling up the DagBag from /home/airflow/.local/lib/python3.12/site-packages/airflow/example_dags/example_complex.py
[2024-09-27T15:47:51.540+0000] {processor.py:925} INFO - DAG(s) 'example_complex' retrieved from /home/airflow/.local/lib/python3.12/site-packages/airflow/example_dags/example_complex.py
[2024-09-27T15:47:51.556+0000] {logging_mixin.py:190} INFO - [2024-09-27T15:47:51.556+0000] {dag.py:3239} INFO - Sync 1 DAGs
[2024-09-27T15:47:51.563+0000] {logging_mixin.py:190} INFO - [2024-09-27T15:47:51.563+0000] {dag.py:4180} INFO - Setting next_dagrun for example_complex to None, run_after=None
[2024-09-27T15:47:51.572+0000] {processor.py:208} INFO - Processing /home/airflow/.local/lib/python3.12/site-packages/airflow/example_dags/example_complex.py took 0.045 seconds
[2024-09-27T15:48:22.112+0000] {processor.py:186} INFO - Started process (PID=311) to work on /home/airflow/.local/lib/python3.12/site-packages/airflow/example_dags/example_complex.py
[2024-09-27T15:48:22.113+0000] {processor.py:914} INFO - Processing file /home/airflow/.local/lib/python3.12/site-packages/airflow/example_dags/example_complex.py for tasks to queue
[2024-09-27T15:48:22.114+0000] {logging_mixin.py:190} INFO - [2024-09-27T15:48:22.114+0000] {dagbag.py:588} INFO - Filling up the DagBag from /home/airflow/.local/lib/python3.12/site-packages/airflow/example_dags/example_complex.py
[2024-09-27T15:48:22.124+0000] {processor.py:925} INFO - DAG(s) 'example_complex' retrieved from /home/airflow/.local/lib/python3.12/site-packages/airflow/example_dags/example_complex.py
[2024-09-27T15:48:22.149+0000] {logging_mixin.py:190} INFO - [2024-09-27T15:48:22.148+0000] {dag.py:3239} INFO - Sync 1 DAGs
[2024-09-27T15:48:22.158+0000] {logging_mixin.py:190} INFO - [2024-09-27T15:48:22.158+0000] {dag.py:4180} INFO - Setting next_dagrun for example_complex to None, run_after=None
[2024-09-27T15:48:22.167+0000] {processor.py:208} INFO - Processing /home/airflow/.local/lib/python3.12/site-packages/airflow/example_dags/example_complex.py took 0.059 seconds
[2024-09-27T15:48:52.655+0000] {processor.py:186} INFO - Started process (PID=374) to work on /home/airflow/.local/lib/python3.12/site-packages/airflow/example_dags/example_complex.py
[2024-09-27T15:48:52.656+0000] {processor.py:914} INFO - Processing file /home/airflow/.local/lib/python3.12/site-packages/airflow/example_dags/example_complex.py for tasks to queue
[2024-09-27T15:48:52.658+0000] {logging_mixin.py:190} INFO - [2024-09-27T15:48:52.657+0000] {dagbag.py:588} INFO - Filling up the DagBag from /home/airflow/.local/lib/python3.12/site-packages/airflow/example_dags/example_complex.py
[2024-09-27T15:48:52.668+0000] {processor.py:925} INFO - DAG(s) 'example_complex' retrieved from /home/airflow/.local/lib/python3.12/site-packages/airflow/example_dags/example_complex.py
[2024-09-27T15:48:52.692+0000] {logging_mixin.py:190} INFO - [2024-09-27T15:48:52.692+0000] {dag.py:3239} INFO - Sync 1 DAGs
[2024-09-27T15:48:52.702+0000] {logging_mixin.py:190} INFO - [2024-09-27T15:48:52.702+0000] {dag.py:4180} INFO - Setting next_dagrun for example_complex to None, run_after=None
[2024-09-27T15:48:52.711+0000] {processor.py:208} INFO - Processing /home/airflow/.local/lib/python3.12/site-packages/airflow/example_dags/example_complex.py took 0.058 seconds
[2024-09-27T15:49:23.515+0000] {processor.py:186} INFO - Started process (PID=437) to work on /home/airflow/.local/lib/python3.12/site-packages/airflow/example_dags/example_complex.py
[2024-09-27T15:49:23.515+0000] {processor.py:914} INFO - Processing file /home/airflow/.local/lib/python3.12/site-packages/airflow/example_dags/example_complex.py for tasks to queue
[2024-09-27T15:49:23.517+0000] {logging_mixin.py:190} INFO - [2024-09-27T15:49:23.517+0000] {dagbag.py:588} INFO - Filling up the DagBag from /home/airflow/.local/lib/python3.12/site-packages/airflow/example_dags/example_complex.py
[2024-09-27T15:49:23.525+0000] {processor.py:925} INFO - DAG(s) 'example_complex' retrieved from /home/airflow/.local/lib/python3.12/site-packages/airflow/example_dags/example_complex.py
[2024-09-27T15:49:23.540+0000] {logging_mixin.py:190} INFO - [2024-09-27T15:49:23.540+0000] {dag.py:3239} INFO - Sync 1 DAGs
[2024-09-27T15:49:23.547+0000] {logging_mixin.py:190} INFO - [2024-09-27T15:49:23.547+0000] {dag.py:4180} INFO - Setting next_dagrun for example_complex to None, run_after=None
[2024-09-27T15:49:23.557+0000] {processor.py:208} INFO - Processing /home/airflow/.local/lib/python3.12/site-packages/airflow/example_dags/example_complex.py took 0.045 seconds
[2024-09-27T15:49:54.234+0000] {processor.py:186} INFO - Started process (PID=500) to work on /home/airflow/.local/lib/python3.12/site-packages/airflow/example_dags/example_complex.py
[2024-09-27T15:49:54.234+0000] {processor.py:914} INFO - Processing file /home/airflow/.local/lib/python3.12/site-packages/airflow/example_dags/example_complex.py for tasks to queue
[2024-09-27T15:49:54.236+0000] {logging_mixin.py:190} INFO - [2024-09-27T15:49:54.236+0000] {dagbag.py:588} INFO - Filling up the DagBag from /home/airflow/.local/lib/python3.12/site-packages/airflow/example_dags/example_complex.py
[2024-09-27T15:49:54.242+0000] {processor.py:925} INFO - DAG(s) 'example_complex' retrieved from /home/airflow/.local/lib/python3.12/site-packages/airflow/example_dags/example_complex.py
[2024-09-27T15:49:54.257+0000] {logging_mixin.py:190} INFO - [2024-09-27T15:49:54.257+0000] {dag.py:3239} INFO - Sync 1 DAGs
[2024-09-27T15:49:54.264+0000] {logging_mixin.py:190} INFO - [2024-09-27T15:49:54.264+0000] {dag.py:4180} INFO - Setting next_dagrun for example_complex to None, run_after=None
[2024-09-27T15:49:54.273+0000] {processor.py:208} INFO - Processing /home/airflow/.local/lib/python3.12/site-packages/airflow/example_dags/example_complex.py took 0.043 seconds
