[2024-09-27T15:46:19.688+0000] {processor.py:186} INFO - Started process (PID=71) to work on /home/airflow/.local/lib/python3.12/site-packages/airflow/example_dags/example_dataset_alias_with_no_taskflow.py
[2024-09-27T15:46:19.688+0000] {processor.py:914} INFO - Processing file /home/airflow/.local/lib/python3.12/site-packages/airflow/example_dags/example_dataset_alias_with_no_taskflow.py for tasks to queue
[2024-09-27T15:46:19.690+0000] {logging_mixin.py:190} INFO - [2024-09-27T15:46:19.690+0000] {dagbag.py:588} INFO - Filling up the DagBag from /home/airflow/.local/lib/python3.12/site-packages/airflow/example_dags/example_dataset_alias_with_no_taskflow.py
[2024-09-27T15:46:19.798+0000] {processor.py:925} INFO - DAG(s) 'dataset_s3_bucket_producer_with_no_taskflow', 'dataset_alias_example_alias_consumer_with_no_taskflow', 'dataset_s3_bucket_consumer_with_no_taskflow', 'dataset_alias_example_alias_producer_with_no_taskflow' retrieved from /home/airflow/.local/lib/python3.12/site-packages/airflow/example_dags/example_dataset_alias_with_no_taskflow.py
[2024-09-27T15:46:19.838+0000] {logging_mixin.py:190} INFO - [2024-09-27T15:46:19.838+0000] {override.py:1900} INFO - Created Permission View: can delete on DAG:dataset_s3_bucket_producer_with_no_taskflow
[2024-09-27T15:46:19.842+0000] {logging_mixin.py:190} INFO - [2024-09-27T15:46:19.842+0000] {override.py:1900} INFO - Created Permission View: can read on DAG:dataset_s3_bucket_producer_with_no_taskflow
[2024-09-27T15:46:19.844+0000] {logging_mixin.py:190} INFO - [2024-09-27T15:46:19.844+0000] {override.py:1900} INFO - Created Permission View: can edit on DAG:dataset_s3_bucket_producer_with_no_taskflow
[2024-09-27T15:46:19.847+0000] {logging_mixin.py:190} INFO - [2024-09-27T15:46:19.847+0000] {override.py:1900} INFO - Created Permission View: can create on DAG Run:dataset_s3_bucket_producer_with_no_taskflow
[2024-09-27T15:46:19.849+0000] {logging_mixin.py:190} INFO - [2024-09-27T15:46:19.849+0000] {override.py:1900} INFO - Created Permission View: can delete on DAG Run:dataset_s3_bucket_producer_with_no_taskflow
[2024-09-27T15:46:19.852+0000] {logging_mixin.py:190} INFO - [2024-09-27T15:46:19.852+0000] {override.py:1900} INFO - Created Permission View: menu access on DAG Run:dataset_s3_bucket_producer_with_no_taskflow
[2024-09-27T15:46:19.855+0000] {logging_mixin.py:190} INFO - [2024-09-27T15:46:19.855+0000] {override.py:1900} INFO - Created Permission View: can read on DAG Run:dataset_s3_bucket_producer_with_no_taskflow
[2024-09-27T15:46:19.859+0000] {logging_mixin.py:190} INFO - [2024-09-27T15:46:19.859+0000] {override.py:1900} INFO - Created Permission View: can delete on DAG:dataset_alias_example_alias_consumer_with_no_taskflow
[2024-09-27T15:46:19.861+0000] {logging_mixin.py:190} INFO - [2024-09-27T15:46:19.861+0000] {override.py:1900} INFO - Created Permission View: can read on DAG:dataset_alias_example_alias_consumer_with_no_taskflow
[2024-09-27T15:46:19.863+0000] {logging_mixin.py:190} INFO - [2024-09-27T15:46:19.863+0000] {override.py:1900} INFO - Created Permission View: can edit on DAG:dataset_alias_example_alias_consumer_with_no_taskflow
[2024-09-27T15:46:19.865+0000] {logging_mixin.py:190} INFO - [2024-09-27T15:46:19.865+0000] {override.py:1900} INFO - Created Permission View: can create on DAG Run:dataset_alias_example_alias_consumer_with_no_taskflow
[2024-09-27T15:46:19.867+0000] {logging_mixin.py:190} INFO - [2024-09-27T15:46:19.867+0000] {override.py:1900} INFO - Created Permission View: can delete on DAG Run:dataset_alias_example_alias_consumer_with_no_taskflow
[2024-09-27T15:46:19.870+0000] {logging_mixin.py:190} INFO - [2024-09-27T15:46:19.870+0000] {override.py:1900} INFO - Created Permission View: menu access on DAG Run:dataset_alias_example_alias_consumer_with_no_taskflow
[2024-09-27T15:46:19.872+0000] {logging_mixin.py:190} INFO - [2024-09-27T15:46:19.872+0000] {override.py:1900} INFO - Created Permission View: can read on DAG Run:dataset_alias_example_alias_consumer_with_no_taskflow
[2024-09-27T15:46:19.877+0000] {logging_mixin.py:190} INFO - [2024-09-27T15:46:19.876+0000] {override.py:1900} INFO - Created Permission View: can delete on DAG:dataset_s3_bucket_consumer_with_no_taskflow
[2024-09-27T15:46:19.879+0000] {logging_mixin.py:190} INFO - [2024-09-27T15:46:19.879+0000] {override.py:1900} INFO - Created Permission View: can read on DAG:dataset_s3_bucket_consumer_with_no_taskflow
[2024-09-27T15:46:19.885+0000] {logging_mixin.py:190} INFO - [2024-09-27T15:46:19.884+0000] {override.py:1900} INFO - Created Permission View: can edit on DAG:dataset_s3_bucket_consumer_with_no_taskflow
[2024-09-27T15:46:19.887+0000] {logging_mixin.py:190} INFO - [2024-09-27T15:46:19.887+0000] {override.py:1900} INFO - Created Permission View: can create on DAG Run:dataset_s3_bucket_consumer_with_no_taskflow
[2024-09-27T15:46:19.890+0000] {logging_mixin.py:190} INFO - [2024-09-27T15:46:19.890+0000] {override.py:1900} INFO - Created Permission View: can delete on DAG Run:dataset_s3_bucket_consumer_with_no_taskflow
[2024-09-27T15:46:19.892+0000] {logging_mixin.py:190} INFO - [2024-09-27T15:46:19.892+0000] {override.py:1900} INFO - Created Permission View: menu access on DAG Run:dataset_s3_bucket_consumer_with_no_taskflow
[2024-09-27T15:46:19.895+0000] {logging_mixin.py:190} INFO - [2024-09-27T15:46:19.894+0000] {override.py:1900} INFO - Created Permission View: can read on DAG Run:dataset_s3_bucket_consumer_with_no_taskflow
[2024-09-27T15:46:19.900+0000] {logging_mixin.py:190} INFO - [2024-09-27T15:46:19.900+0000] {override.py:1900} INFO - Created Permission View: can delete on DAG:dataset_alias_example_alias_producer_with_no_taskflow
[2024-09-27T15:46:19.902+0000] {logging_mixin.py:190} INFO - [2024-09-27T15:46:19.902+0000] {override.py:1900} INFO - Created Permission View: can read on DAG:dataset_alias_example_alias_producer_with_no_taskflow
[2024-09-27T15:46:19.904+0000] {logging_mixin.py:190} INFO - [2024-09-27T15:46:19.904+0000] {override.py:1900} INFO - Created Permission View: can edit on DAG:dataset_alias_example_alias_producer_with_no_taskflow
[2024-09-27T15:46:19.907+0000] {logging_mixin.py:190} INFO - [2024-09-27T15:46:19.906+0000] {override.py:1900} INFO - Created Permission View: can create on DAG Run:dataset_alias_example_alias_producer_with_no_taskflow
[2024-09-27T15:46:19.909+0000] {logging_mixin.py:190} INFO - [2024-09-27T15:46:19.909+0000] {override.py:1900} INFO - Created Permission View: can delete on DAG Run:dataset_alias_example_alias_producer_with_no_taskflow
[2024-09-27T15:46:19.911+0000] {logging_mixin.py:190} INFO - [2024-09-27T15:46:19.911+0000] {override.py:1900} INFO - Created Permission View: menu access on DAG Run:dataset_alias_example_alias_producer_with_no_taskflow
[2024-09-27T15:46:19.913+0000] {logging_mixin.py:190} INFO - [2024-09-27T15:46:19.912+0000] {override.py:1900} INFO - Created Permission View: can read on DAG Run:dataset_alias_example_alias_producer_with_no_taskflow
[2024-09-27T15:46:19.913+0000] {logging_mixin.py:190} INFO - [2024-09-27T15:46:19.913+0000] {dag.py:3239} INFO - Sync 4 DAGs
[2024-09-27T15:46:19.921+0000] {logging_mixin.py:190} INFO - [2024-09-27T15:46:19.920+0000] {dag.py:3262} INFO - Creating ORM DAG for dataset_alias_example_alias_producer_with_no_taskflow
[2024-09-27T15:46:19.921+0000] {logging_mixin.py:190} INFO - [2024-09-27T15:46:19.921+0000] {dag.py:3262} INFO - Creating ORM DAG for dataset_alias_example_alias_consumer_with_no_taskflow
[2024-09-27T15:46:19.922+0000] {logging_mixin.py:190} INFO - [2024-09-27T15:46:19.921+0000] {dag.py:3262} INFO - Creating ORM DAG for dataset_s3_bucket_consumer_with_no_taskflow
[2024-09-27T15:46:19.922+0000] {logging_mixin.py:190} INFO - [2024-09-27T15:46:19.922+0000] {dag.py:3262} INFO - Creating ORM DAG for dataset_s3_bucket_producer_with_no_taskflow
[2024-09-27T15:46:19.927+0000] {logging_mixin.py:190} INFO - [2024-09-27T15:46:19.927+0000] {dag.py:4180} INFO - Setting next_dagrun for dataset_alias_example_alias_consumer_with_no_taskflow to None, run_after=None
[2024-09-27T15:46:19.928+0000] {logging_mixin.py:190} INFO - [2024-09-27T15:46:19.928+0000] {dag.py:4180} INFO - Setting next_dagrun for dataset_alias_example_alias_producer_with_no_taskflow to None, run_after=None
[2024-09-27T15:46:19.929+0000] {logging_mixin.py:190} INFO - [2024-09-27T15:46:19.928+0000] {dag.py:4180} INFO - Setting next_dagrun for dataset_s3_bucket_consumer_with_no_taskflow to None, run_after=None
[2024-09-27T15:46:19.929+0000] {logging_mixin.py:190} INFO - [2024-09-27T15:46:19.929+0000] {dag.py:4180} INFO - Setting next_dagrun for dataset_s3_bucket_producer_with_no_taskflow to None, run_after=None
[2024-09-27T15:46:19.945+0000] {processor.py:208} INFO - Processing /home/airflow/.local/lib/python3.12/site-packages/airflow/example_dags/example_dataset_alias_with_no_taskflow.py took 0.260 seconds
[2024-09-27T15:46:50.146+0000] {processor.py:186} INFO - Started process (PID=135) to work on /home/airflow/.local/lib/python3.12/site-packages/airflow/example_dags/example_dataset_alias_with_no_taskflow.py
[2024-09-27T15:46:50.146+0000] {processor.py:914} INFO - Processing file /home/airflow/.local/lib/python3.12/site-packages/airflow/example_dags/example_dataset_alias_with_no_taskflow.py for tasks to queue
[2024-09-27T15:46:50.148+0000] {logging_mixin.py:190} INFO - [2024-09-27T15:46:50.148+0000] {dagbag.py:588} INFO - Filling up the DagBag from /home/airflow/.local/lib/python3.12/site-packages/airflow/example_dags/example_dataset_alias_with_no_taskflow.py
[2024-09-27T15:46:50.236+0000] {processor.py:925} INFO - DAG(s) 'dataset_s3_bucket_producer_with_no_taskflow', 'dataset_s3_bucket_consumer_with_no_taskflow', 'dataset_alias_example_alias_consumer_with_no_taskflow', 'dataset_alias_example_alias_producer_with_no_taskflow' retrieved from /home/airflow/.local/lib/python3.12/site-packages/airflow/example_dags/example_dataset_alias_with_no_taskflow.py
[2024-09-27T15:46:50.246+0000] {logging_mixin.py:190} INFO - [2024-09-27T15:46:50.245+0000] {dag.py:3239} INFO - Sync 4 DAGs
[2024-09-27T15:46:50.257+0000] {logging_mixin.py:190} INFO - [2024-09-27T15:46:50.256+0000] {dag.py:4180} INFO - Setting next_dagrun for dataset_alias_example_alias_consumer_with_no_taskflow to None, run_after=None
[2024-09-27T15:46:50.258+0000] {logging_mixin.py:190} INFO - [2024-09-27T15:46:50.258+0000] {dag.py:4180} INFO - Setting next_dagrun for dataset_alias_example_alias_producer_with_no_taskflow to None, run_after=None
[2024-09-27T15:46:50.259+0000] {logging_mixin.py:190} INFO - [2024-09-27T15:46:50.259+0000] {dag.py:4180} INFO - Setting next_dagrun for dataset_s3_bucket_consumer_with_no_taskflow to None, run_after=None
[2024-09-27T15:46:50.259+0000] {logging_mixin.py:190} INFO - [2024-09-27T15:46:50.259+0000] {dag.py:4180} INFO - Setting next_dagrun for dataset_s3_bucket_producer_with_no_taskflow to None, run_after=None
[2024-09-27T15:46:50.270+0000] {processor.py:208} INFO - Processing /home/airflow/.local/lib/python3.12/site-packages/airflow/example_dags/example_dataset_alias_with_no_taskflow.py took 0.128 seconds
[2024-09-27T15:47:20.958+0000] {processor.py:186} INFO - Started process (PID=197) to work on /home/airflow/.local/lib/python3.12/site-packages/airflow/example_dags/example_dataset_alias_with_no_taskflow.py
[2024-09-27T15:47:20.959+0000] {processor.py:914} INFO - Processing file /home/airflow/.local/lib/python3.12/site-packages/airflow/example_dags/example_dataset_alias_with_no_taskflow.py for tasks to queue
[2024-09-27T15:47:20.960+0000] {logging_mixin.py:190} INFO - [2024-09-27T15:47:20.960+0000] {dagbag.py:588} INFO - Filling up the DagBag from /home/airflow/.local/lib/python3.12/site-packages/airflow/example_dags/example_dataset_alias_with_no_taskflow.py
[2024-09-27T15:47:21.040+0000] {processor.py:925} INFO - DAG(s) 'dataset_alias_example_alias_producer_with_no_taskflow', 'dataset_s3_bucket_consumer_with_no_taskflow', 'dataset_s3_bucket_producer_with_no_taskflow', 'dataset_alias_example_alias_consumer_with_no_taskflow' retrieved from /home/airflow/.local/lib/python3.12/site-packages/airflow/example_dags/example_dataset_alias_with_no_taskflow.py
[2024-09-27T15:47:21.051+0000] {logging_mixin.py:190} INFO - [2024-09-27T15:47:21.050+0000] {dag.py:3239} INFO - Sync 4 DAGs
[2024-09-27T15:47:21.062+0000] {logging_mixin.py:190} INFO - [2024-09-27T15:47:21.062+0000] {dag.py:4180} INFO - Setting next_dagrun for dataset_alias_example_alias_consumer_with_no_taskflow to None, run_after=None
[2024-09-27T15:47:21.064+0000] {logging_mixin.py:190} INFO - [2024-09-27T15:47:21.064+0000] {dag.py:4180} INFO - Setting next_dagrun for dataset_alias_example_alias_producer_with_no_taskflow to None, run_after=None
[2024-09-27T15:47:21.065+0000] {logging_mixin.py:190} INFO - [2024-09-27T15:47:21.065+0000] {dag.py:4180} INFO - Setting next_dagrun for dataset_s3_bucket_consumer_with_no_taskflow to None, run_after=None
[2024-09-27T15:47:21.065+0000] {logging_mixin.py:190} INFO - [2024-09-27T15:47:21.065+0000] {dag.py:4180} INFO - Setting next_dagrun for dataset_s3_bucket_producer_with_no_taskflow to None, run_after=None
[2024-09-27T15:47:21.074+0000] {processor.py:208} INFO - Processing /home/airflow/.local/lib/python3.12/site-packages/airflow/example_dags/example_dataset_alias_with_no_taskflow.py took 0.120 seconds
[2024-09-27T15:47:52.014+0000] {processor.py:186} INFO - Started process (PID=260) to work on /home/airflow/.local/lib/python3.12/site-packages/airflow/example_dags/example_dataset_alias_with_no_taskflow.py
[2024-09-27T15:47:52.015+0000] {processor.py:914} INFO - Processing file /home/airflow/.local/lib/python3.12/site-packages/airflow/example_dags/example_dataset_alias_with_no_taskflow.py for tasks to queue
[2024-09-27T15:47:52.016+0000] {logging_mixin.py:190} INFO - [2024-09-27T15:47:52.016+0000] {dagbag.py:588} INFO - Filling up the DagBag from /home/airflow/.local/lib/python3.12/site-packages/airflow/example_dags/example_dataset_alias_with_no_taskflow.py
[2024-09-27T15:47:52.103+0000] {processor.py:925} INFO - DAG(s) 'dataset_s3_bucket_consumer_with_no_taskflow', 'dataset_alias_example_alias_consumer_with_no_taskflow', 'dataset_s3_bucket_producer_with_no_taskflow', 'dataset_alias_example_alias_producer_with_no_taskflow' retrieved from /home/airflow/.local/lib/python3.12/site-packages/airflow/example_dags/example_dataset_alias_with_no_taskflow.py
[2024-09-27T15:47:52.116+0000] {logging_mixin.py:190} INFO - [2024-09-27T15:47:52.116+0000] {dag.py:3239} INFO - Sync 4 DAGs
[2024-09-27T15:47:52.128+0000] {logging_mixin.py:190} INFO - [2024-09-27T15:47:52.128+0000] {dag.py:4180} INFO - Setting next_dagrun for dataset_alias_example_alias_consumer_with_no_taskflow to None, run_after=None
[2024-09-27T15:47:52.130+0000] {logging_mixin.py:190} INFO - [2024-09-27T15:47:52.130+0000] {dag.py:4180} INFO - Setting next_dagrun for dataset_alias_example_alias_producer_with_no_taskflow to None, run_after=None
[2024-09-27T15:47:52.131+0000] {logging_mixin.py:190} INFO - [2024-09-27T15:47:52.131+0000] {dag.py:4180} INFO - Setting next_dagrun for dataset_s3_bucket_consumer_with_no_taskflow to None, run_after=None
[2024-09-27T15:47:52.131+0000] {logging_mixin.py:190} INFO - [2024-09-27T15:47:52.131+0000] {dag.py:4180} INFO - Setting next_dagrun for dataset_s3_bucket_producer_with_no_taskflow to None, run_after=None
[2024-09-27T15:47:52.142+0000] {processor.py:208} INFO - Processing /home/airflow/.local/lib/python3.12/site-packages/airflow/example_dags/example_dataset_alias_with_no_taskflow.py took 0.131 seconds
[2024-09-27T15:48:22.638+0000] {processor.py:186} INFO - Started process (PID=323) to work on /home/airflow/.local/lib/python3.12/site-packages/airflow/example_dags/example_dataset_alias_with_no_taskflow.py
[2024-09-27T15:48:22.639+0000] {processor.py:914} INFO - Processing file /home/airflow/.local/lib/python3.12/site-packages/airflow/example_dags/example_dataset_alias_with_no_taskflow.py for tasks to queue
[2024-09-27T15:48:22.640+0000] {logging_mixin.py:190} INFO - [2024-09-27T15:48:22.640+0000] {dagbag.py:588} INFO - Filling up the DagBag from /home/airflow/.local/lib/python3.12/site-packages/airflow/example_dags/example_dataset_alias_with_no_taskflow.py
[2024-09-27T15:48:22.733+0000] {processor.py:925} INFO - DAG(s) 'dataset_alias_example_alias_consumer_with_no_taskflow', 'dataset_s3_bucket_producer_with_no_taskflow', 'dataset_s3_bucket_consumer_with_no_taskflow', 'dataset_alias_example_alias_producer_with_no_taskflow' retrieved from /home/airflow/.local/lib/python3.12/site-packages/airflow/example_dags/example_dataset_alias_with_no_taskflow.py
[2024-09-27T15:48:22.742+0000] {logging_mixin.py:190} INFO - [2024-09-27T15:48:22.742+0000] {dag.py:3239} INFO - Sync 4 DAGs
[2024-09-27T15:48:22.755+0000] {logging_mixin.py:190} INFO - [2024-09-27T15:48:22.755+0000] {dag.py:4180} INFO - Setting next_dagrun for dataset_alias_example_alias_consumer_with_no_taskflow to None, run_after=None
[2024-09-27T15:48:22.756+0000] {logging_mixin.py:190} INFO - [2024-09-27T15:48:22.756+0000] {dag.py:4180} INFO - Setting next_dagrun for dataset_alias_example_alias_producer_with_no_taskflow to None, run_after=None
[2024-09-27T15:48:22.757+0000] {logging_mixin.py:190} INFO - [2024-09-27T15:48:22.757+0000] {dag.py:4180} INFO - Setting next_dagrun for dataset_s3_bucket_consumer_with_no_taskflow to None, run_after=None
[2024-09-27T15:48:22.757+0000] {logging_mixin.py:190} INFO - [2024-09-27T15:48:22.757+0000] {dag.py:4180} INFO - Setting next_dagrun for dataset_s3_bucket_producer_with_no_taskflow to None, run_after=None
[2024-09-27T15:48:22.767+0000] {processor.py:208} INFO - Processing /home/airflow/.local/lib/python3.12/site-packages/airflow/example_dags/example_dataset_alias_with_no_taskflow.py took 0.132 seconds
[2024-09-27T15:48:53.090+0000] {processor.py:186} INFO - Started process (PID=386) to work on /home/airflow/.local/lib/python3.12/site-packages/airflow/example_dags/example_dataset_alias_with_no_taskflow.py
[2024-09-27T15:48:53.091+0000] {processor.py:914} INFO - Processing file /home/airflow/.local/lib/python3.12/site-packages/airflow/example_dags/example_dataset_alias_with_no_taskflow.py for tasks to queue
[2024-09-27T15:48:53.093+0000] {logging_mixin.py:190} INFO - [2024-09-27T15:48:53.093+0000] {dagbag.py:588} INFO - Filling up the DagBag from /home/airflow/.local/lib/python3.12/site-packages/airflow/example_dags/example_dataset_alias_with_no_taskflow.py
[2024-09-27T15:48:53.179+0000] {processor.py:925} INFO - DAG(s) 'dataset_s3_bucket_producer_with_no_taskflow', 'dataset_s3_bucket_consumer_with_no_taskflow', 'dataset_alias_example_alias_consumer_with_no_taskflow', 'dataset_alias_example_alias_producer_with_no_taskflow' retrieved from /home/airflow/.local/lib/python3.12/site-packages/airflow/example_dags/example_dataset_alias_with_no_taskflow.py
[2024-09-27T15:48:53.192+0000] {logging_mixin.py:190} INFO - [2024-09-27T15:48:53.192+0000] {dag.py:3239} INFO - Sync 4 DAGs
[2024-09-27T15:48:53.204+0000] {logging_mixin.py:190} INFO - [2024-09-27T15:48:53.204+0000] {dag.py:4180} INFO - Setting next_dagrun for dataset_alias_example_alias_consumer_with_no_taskflow to None, run_after=None
[2024-09-27T15:48:53.205+0000] {logging_mixin.py:190} INFO - [2024-09-27T15:48:53.205+0000] {dag.py:4180} INFO - Setting next_dagrun for dataset_alias_example_alias_producer_with_no_taskflow to None, run_after=None
[2024-09-27T15:48:53.206+0000] {logging_mixin.py:190} INFO - [2024-09-27T15:48:53.206+0000] {dag.py:4180} INFO - Setting next_dagrun for dataset_s3_bucket_consumer_with_no_taskflow to None, run_after=None
[2024-09-27T15:48:53.206+0000] {logging_mixin.py:190} INFO - [2024-09-27T15:48:53.206+0000] {dag.py:4180} INFO - Setting next_dagrun for dataset_s3_bucket_producer_with_no_taskflow to None, run_after=None
[2024-09-27T15:48:53.216+0000] {processor.py:208} INFO - Processing /home/airflow/.local/lib/python3.12/site-packages/airflow/example_dags/example_dataset_alias_with_no_taskflow.py took 0.128 seconds
[2024-09-27T15:49:23.947+0000] {processor.py:186} INFO - Started process (PID=449) to work on /home/airflow/.local/lib/python3.12/site-packages/airflow/example_dags/example_dataset_alias_with_no_taskflow.py
[2024-09-27T15:49:23.947+0000] {processor.py:914} INFO - Processing file /home/airflow/.local/lib/python3.12/site-packages/airflow/example_dags/example_dataset_alias_with_no_taskflow.py for tasks to queue
[2024-09-27T15:49:23.949+0000] {logging_mixin.py:190} INFO - [2024-09-27T15:49:23.948+0000] {dagbag.py:588} INFO - Filling up the DagBag from /home/airflow/.local/lib/python3.12/site-packages/airflow/example_dags/example_dataset_alias_with_no_taskflow.py
[2024-09-27T15:49:24.040+0000] {processor.py:925} INFO - DAG(s) 'dataset_alias_example_alias_consumer_with_no_taskflow', 'dataset_alias_example_alias_producer_with_no_taskflow', 'dataset_s3_bucket_producer_with_no_taskflow', 'dataset_s3_bucket_consumer_with_no_taskflow' retrieved from /home/airflow/.local/lib/python3.12/site-packages/airflow/example_dags/example_dataset_alias_with_no_taskflow.py
[2024-09-27T15:49:24.050+0000] {logging_mixin.py:190} INFO - [2024-09-27T15:49:24.050+0000] {dag.py:3239} INFO - Sync 4 DAGs
[2024-09-27T15:49:24.061+0000] {logging_mixin.py:190} INFO - [2024-09-27T15:49:24.061+0000] {dag.py:4180} INFO - Setting next_dagrun for dataset_alias_example_alias_consumer_with_no_taskflow to None, run_after=None
[2024-09-27T15:49:24.063+0000] {logging_mixin.py:190} INFO - [2024-09-27T15:49:24.063+0000] {dag.py:4180} INFO - Setting next_dagrun for dataset_alias_example_alias_producer_with_no_taskflow to None, run_after=None
[2024-09-27T15:49:24.064+0000] {logging_mixin.py:190} INFO - [2024-09-27T15:49:24.063+0000] {dag.py:4180} INFO - Setting next_dagrun for dataset_s3_bucket_consumer_with_no_taskflow to None, run_after=None
[2024-09-27T15:49:24.064+0000] {logging_mixin.py:190} INFO - [2024-09-27T15:49:24.064+0000] {dag.py:4180} INFO - Setting next_dagrun for dataset_s3_bucket_producer_with_no_taskflow to None, run_after=None
[2024-09-27T15:49:24.075+0000] {processor.py:208} INFO - Processing /home/airflow/.local/lib/python3.12/site-packages/airflow/example_dags/example_dataset_alias_with_no_taskflow.py took 0.132 seconds
[2024-09-27T15:49:54.671+0000] {processor.py:186} INFO - Started process (PID=512) to work on /home/airflow/.local/lib/python3.12/site-packages/airflow/example_dags/example_dataset_alias_with_no_taskflow.py
[2024-09-27T15:49:54.672+0000] {processor.py:914} INFO - Processing file /home/airflow/.local/lib/python3.12/site-packages/airflow/example_dags/example_dataset_alias_with_no_taskflow.py for tasks to queue
[2024-09-27T15:49:54.673+0000] {logging_mixin.py:190} INFO - [2024-09-27T15:49:54.673+0000] {dagbag.py:588} INFO - Filling up the DagBag from /home/airflow/.local/lib/python3.12/site-packages/airflow/example_dags/example_dataset_alias_with_no_taskflow.py
[2024-09-27T15:49:54.748+0000] {processor.py:925} INFO - DAG(s) 'dataset_alias_example_alias_producer_with_no_taskflow', 'dataset_alias_example_alias_consumer_with_no_taskflow', 'dataset_s3_bucket_consumer_with_no_taskflow', 'dataset_s3_bucket_producer_with_no_taskflow' retrieved from /home/airflow/.local/lib/python3.12/site-packages/airflow/example_dags/example_dataset_alias_with_no_taskflow.py
[2024-09-27T15:49:54.757+0000] {logging_mixin.py:190} INFO - [2024-09-27T15:49:54.756+0000] {dag.py:3239} INFO - Sync 4 DAGs
[2024-09-27T15:49:54.768+0000] {logging_mixin.py:190} INFO - [2024-09-27T15:49:54.768+0000] {dag.py:4180} INFO - Setting next_dagrun for dataset_alias_example_alias_consumer_with_no_taskflow to None, run_after=None
[2024-09-27T15:49:54.769+0000] {logging_mixin.py:190} INFO - [2024-09-27T15:49:54.769+0000] {dag.py:4180} INFO - Setting next_dagrun for dataset_alias_example_alias_producer_with_no_taskflow to None, run_after=None
[2024-09-27T15:49:54.770+0000] {logging_mixin.py:190} INFO - [2024-09-27T15:49:54.770+0000] {dag.py:4180} INFO - Setting next_dagrun for dataset_s3_bucket_consumer_with_no_taskflow to None, run_after=None
[2024-09-27T15:49:54.770+0000] {logging_mixin.py:190} INFO - [2024-09-27T15:49:54.770+0000] {dag.py:4180} INFO - Setting next_dagrun for dataset_s3_bucket_producer_with_no_taskflow to None, run_after=None
[2024-09-27T15:49:54.780+0000] {processor.py:208} INFO - Processing /home/airflow/.local/lib/python3.12/site-packages/airflow/example_dags/example_dataset_alias_with_no_taskflow.py took 0.111 seconds
