[2024-09-27T15:46:20.710+0000] {processor.py:186} INFO - Started process (PID=84) to work on /home/airflow/.local/lib/python3.12/site-packages/airflow/example_dags/example_kubernetes_executor.py
[2024-09-27T15:46:20.710+0000] {processor.py:914} INFO - Processing file /home/airflow/.local/lib/python3.12/site-packages/airflow/example_dags/example_kubernetes_executor.py for tasks to queue
[2024-09-27T15:46:20.712+0000] {logging_mixin.py:190} INFO - [2024-09-27T15:46:20.711+0000] {dagbag.py:588} INFO - Filling up the DagBag from /home/airflow/.local/lib/python3.12/site-packages/airflow/example_dags/example_kubernetes_executor.py
[2024-09-27T15:46:20.722+0000] {processor.py:925} INFO - DAG(s) 'example_kubernetes_executor' retrieved from /home/airflow/.local/lib/python3.12/site-packages/airflow/example_dags/example_kubernetes_executor.py
[2024-09-27T15:46:20.797+0000] {logging_mixin.py:190} INFO - [2024-09-27T15:46:20.796+0000] {override.py:1900} INFO - Created Permission View: can delete on DAG:example_kubernetes_executor
[2024-09-27T15:46:20.806+0000] {logging_mixin.py:190} INFO - [2024-09-27T15:46:20.805+0000] {override.py:1900} INFO - Created Permission View: can read on DAG:example_kubernetes_executor
[2024-09-27T15:46:20.809+0000] {logging_mixin.py:190} INFO - [2024-09-27T15:46:20.809+0000] {override.py:1900} INFO - Created Permission View: can edit on DAG:example_kubernetes_executor
[2024-09-27T15:46:20.816+0000] {logging_mixin.py:190} INFO - [2024-09-27T15:46:20.815+0000] {override.py:1900} INFO - Created Permission View: can create on DAG Run:example_kubernetes_executor
[2024-09-27T15:46:20.824+0000] {logging_mixin.py:190} INFO - [2024-09-27T15:46:20.823+0000] {override.py:1900} INFO - Created Permission View: can delete on DAG Run:example_kubernetes_executor
[2024-09-27T15:46:20.833+0000] {logging_mixin.py:190} INFO - [2024-09-27T15:46:20.833+0000] {override.py:1900} INFO - Created Permission View: menu access on DAG Run:example_kubernetes_executor
[2024-09-27T15:46:20.841+0000] {logging_mixin.py:190} INFO - [2024-09-27T15:46:20.840+0000] {override.py:1900} INFO - Created Permission View: can read on DAG Run:example_kubernetes_executor
[2024-09-27T15:46:20.841+0000] {logging_mixin.py:190} INFO - [2024-09-27T15:46:20.841+0000] {dag.py:3239} INFO - Sync 1 DAGs
[2024-09-27T15:46:20.859+0000] {logging_mixin.py:190} INFO - [2024-09-27T15:46:20.859+0000] {dag.py:3262} INFO - Creating ORM DAG for example_kubernetes_executor
[2024-09-27T15:46:20.862+0000] {logging_mixin.py:190} INFO - [2024-09-27T15:46:20.861+0000] {dag.py:4180} INFO - Setting next_dagrun for example_kubernetes_executor to None, run_after=None
[2024-09-27T15:46:20.883+0000] {processor.py:208} INFO - Processing /home/airflow/.local/lib/python3.12/site-packages/airflow/example_dags/example_kubernetes_executor.py took 0.177 seconds
[2024-09-27T15:46:51.834+0000] {processor.py:186} INFO - Started process (PID=147) to work on /home/airflow/.local/lib/python3.12/site-packages/airflow/example_dags/example_kubernetes_executor.py
[2024-09-27T15:46:51.836+0000] {processor.py:914} INFO - Processing file /home/airflow/.local/lib/python3.12/site-packages/airflow/example_dags/example_kubernetes_executor.py for tasks to queue
[2024-09-27T15:46:51.838+0000] {logging_mixin.py:190} INFO - [2024-09-27T15:46:51.838+0000] {dagbag.py:588} INFO - Filling up the DagBag from /home/airflow/.local/lib/python3.12/site-packages/airflow/example_dags/example_kubernetes_executor.py
[2024-09-27T15:46:51.848+0000] {processor.py:925} INFO - DAG(s) 'example_kubernetes_executor' retrieved from /home/airflow/.local/lib/python3.12/site-packages/airflow/example_dags/example_kubernetes_executor.py
[2024-09-27T15:46:51.872+0000] {logging_mixin.py:190} INFO - [2024-09-27T15:46:51.872+0000] {dag.py:3239} INFO - Sync 1 DAGs
[2024-09-27T15:46:51.880+0000] {logging_mixin.py:190} INFO - [2024-09-27T15:46:51.880+0000] {dag.py:4180} INFO - Setting next_dagrun for example_kubernetes_executor to None, run_after=None
[2024-09-27T15:46:51.891+0000] {processor.py:208} INFO - Processing /home/airflow/.local/lib/python3.12/site-packages/airflow/example_dags/example_kubernetes_executor.py took 0.061 seconds
[2024-09-27T15:47:22.663+0000] {processor.py:186} INFO - Started process (PID=210) to work on /home/airflow/.local/lib/python3.12/site-packages/airflow/example_dags/example_kubernetes_executor.py
[2024-09-27T15:47:22.664+0000] {processor.py:914} INFO - Processing file /home/airflow/.local/lib/python3.12/site-packages/airflow/example_dags/example_kubernetes_executor.py for tasks to queue
[2024-09-27T15:47:22.669+0000] {logging_mixin.py:190} INFO - [2024-09-27T15:47:22.668+0000] {dagbag.py:588} INFO - Filling up the DagBag from /home/airflow/.local/lib/python3.12/site-packages/airflow/example_dags/example_kubernetes_executor.py
[2024-09-27T15:47:22.682+0000] {processor.py:925} INFO - DAG(s) 'example_kubernetes_executor' retrieved from /home/airflow/.local/lib/python3.12/site-packages/airflow/example_dags/example_kubernetes_executor.py
[2024-09-27T15:47:22.707+0000] {logging_mixin.py:190} INFO - [2024-09-27T15:47:22.707+0000] {dag.py:3239} INFO - Sync 1 DAGs
[2024-09-27T15:47:22.717+0000] {logging_mixin.py:190} INFO - [2024-09-27T15:47:22.716+0000] {dag.py:4180} INFO - Setting next_dagrun for example_kubernetes_executor to None, run_after=None
[2024-09-27T15:47:22.729+0000] {processor.py:208} INFO - Processing /home/airflow/.local/lib/python3.12/site-packages/airflow/example_dags/example_kubernetes_executor.py took 0.071 seconds
[2024-09-27T15:47:53.702+0000] {processor.py:186} INFO - Started process (PID=273) to work on /home/airflow/.local/lib/python3.12/site-packages/airflow/example_dags/example_kubernetes_executor.py
[2024-09-27T15:47:53.705+0000] {processor.py:914} INFO - Processing file /home/airflow/.local/lib/python3.12/site-packages/airflow/example_dags/example_kubernetes_executor.py for tasks to queue
[2024-09-27T15:47:53.706+0000] {logging_mixin.py:190} INFO - [2024-09-27T15:47:53.706+0000] {dagbag.py:588} INFO - Filling up the DagBag from /home/airflow/.local/lib/python3.12/site-packages/airflow/example_dags/example_kubernetes_executor.py
[2024-09-27T15:47:53.722+0000] {processor.py:925} INFO - DAG(s) 'example_kubernetes_executor' retrieved from /home/airflow/.local/lib/python3.12/site-packages/airflow/example_dags/example_kubernetes_executor.py
[2024-09-27T15:47:53.745+0000] {logging_mixin.py:190} INFO - [2024-09-27T15:47:53.744+0000] {dag.py:3239} INFO - Sync 1 DAGs
[2024-09-27T15:47:53.755+0000] {logging_mixin.py:190} INFO - [2024-09-27T15:47:53.755+0000] {dag.py:4180} INFO - Setting next_dagrun for example_kubernetes_executor to None, run_after=None
[2024-09-27T15:47:53.768+0000] {processor.py:208} INFO - Processing /home/airflow/.local/lib/python3.12/site-packages/airflow/example_dags/example_kubernetes_executor.py took 0.070 seconds
[2024-09-27T15:48:24.270+0000] {processor.py:186} INFO - Started process (PID=336) to work on /home/airflow/.local/lib/python3.12/site-packages/airflow/example_dags/example_kubernetes_executor.py
[2024-09-27T15:48:24.270+0000] {processor.py:914} INFO - Processing file /home/airflow/.local/lib/python3.12/site-packages/airflow/example_dags/example_kubernetes_executor.py for tasks to queue
[2024-09-27T15:48:24.272+0000] {logging_mixin.py:190} INFO - [2024-09-27T15:48:24.272+0000] {dagbag.py:588} INFO - Filling up the DagBag from /home/airflow/.local/lib/python3.12/site-packages/airflow/example_dags/example_kubernetes_executor.py
[2024-09-27T15:48:24.280+0000] {processor.py:925} INFO - DAG(s) 'example_kubernetes_executor' retrieved from /home/airflow/.local/lib/python3.12/site-packages/airflow/example_dags/example_kubernetes_executor.py
[2024-09-27T15:48:24.313+0000] {logging_mixin.py:190} INFO - [2024-09-27T15:48:24.312+0000] {dag.py:3239} INFO - Sync 1 DAGs
[2024-09-27T15:48:24.324+0000] {logging_mixin.py:190} INFO - [2024-09-27T15:48:24.323+0000] {dag.py:4180} INFO - Setting next_dagrun for example_kubernetes_executor to None, run_after=None
[2024-09-27T15:48:24.336+0000] {processor.py:208} INFO - Processing /home/airflow/.local/lib/python3.12/site-packages/airflow/example_dags/example_kubernetes_executor.py took 0.070 seconds
[2024-09-27T15:48:54.689+0000] {processor.py:186} INFO - Started process (PID=399) to work on /home/airflow/.local/lib/python3.12/site-packages/airflow/example_dags/example_kubernetes_executor.py
[2024-09-27T15:48:54.693+0000] {processor.py:914} INFO - Processing file /home/airflow/.local/lib/python3.12/site-packages/airflow/example_dags/example_kubernetes_executor.py for tasks to queue
[2024-09-27T15:48:54.694+0000] {logging_mixin.py:190} INFO - [2024-09-27T15:48:54.694+0000] {dagbag.py:588} INFO - Filling up the DagBag from /home/airflow/.local/lib/python3.12/site-packages/airflow/example_dags/example_kubernetes_executor.py
[2024-09-27T15:48:54.707+0000] {processor.py:925} INFO - DAG(s) 'example_kubernetes_executor' retrieved from /home/airflow/.local/lib/python3.12/site-packages/airflow/example_dags/example_kubernetes_executor.py
[2024-09-27T15:48:54.736+0000] {logging_mixin.py:190} INFO - [2024-09-27T15:48:54.736+0000] {dag.py:3239} INFO - Sync 1 DAGs
[2024-09-27T15:48:54.744+0000] {logging_mixin.py:190} INFO - [2024-09-27T15:48:54.744+0000] {dag.py:4180} INFO - Setting next_dagrun for example_kubernetes_executor to None, run_after=None
[2024-09-27T15:48:54.754+0000] {processor.py:208} INFO - Processing /home/airflow/.local/lib/python3.12/site-packages/airflow/example_dags/example_kubernetes_executor.py took 0.068 seconds
[2024-09-27T15:49:25.583+0000] {processor.py:186} INFO - Started process (PID=462) to work on /home/airflow/.local/lib/python3.12/site-packages/airflow/example_dags/example_kubernetes_executor.py
[2024-09-27T15:49:25.584+0000] {processor.py:914} INFO - Processing file /home/airflow/.local/lib/python3.12/site-packages/airflow/example_dags/example_kubernetes_executor.py for tasks to queue
[2024-09-27T15:49:25.586+0000] {logging_mixin.py:190} INFO - [2024-09-27T15:49:25.586+0000] {dagbag.py:588} INFO - Filling up the DagBag from /home/airflow/.local/lib/python3.12/site-packages/airflow/example_dags/example_kubernetes_executor.py
[2024-09-27T15:49:25.596+0000] {processor.py:925} INFO - DAG(s) 'example_kubernetes_executor' retrieved from /home/airflow/.local/lib/python3.12/site-packages/airflow/example_dags/example_kubernetes_executor.py
[2024-09-27T15:49:25.621+0000] {logging_mixin.py:190} INFO - [2024-09-27T15:49:25.621+0000] {dag.py:3239} INFO - Sync 1 DAGs
[2024-09-27T15:49:25.631+0000] {logging_mixin.py:190} INFO - [2024-09-27T15:49:25.631+0000] {dag.py:4180} INFO - Setting next_dagrun for example_kubernetes_executor to None, run_after=None
[2024-09-27T15:49:25.646+0000] {processor.py:208} INFO - Processing /home/airflow/.local/lib/python3.12/site-packages/airflow/example_dags/example_kubernetes_executor.py took 0.067 seconds
[2024-09-27T15:49:56.320+0000] {processor.py:186} INFO - Started process (PID=525) to work on /home/airflow/.local/lib/python3.12/site-packages/airflow/example_dags/example_kubernetes_executor.py
[2024-09-27T15:49:56.321+0000] {processor.py:914} INFO - Processing file /home/airflow/.local/lib/python3.12/site-packages/airflow/example_dags/example_kubernetes_executor.py for tasks to queue
[2024-09-27T15:49:56.323+0000] {logging_mixin.py:190} INFO - [2024-09-27T15:49:56.323+0000] {dagbag.py:588} INFO - Filling up the DagBag from /home/airflow/.local/lib/python3.12/site-packages/airflow/example_dags/example_kubernetes_executor.py
[2024-09-27T15:49:56.332+0000] {processor.py:925} INFO - DAG(s) 'example_kubernetes_executor' retrieved from /home/airflow/.local/lib/python3.12/site-packages/airflow/example_dags/example_kubernetes_executor.py
[2024-09-27T15:49:56.362+0000] {logging_mixin.py:190} INFO - [2024-09-27T15:49:56.362+0000] {dag.py:3239} INFO - Sync 1 DAGs
[2024-09-27T15:49:56.370+0000] {logging_mixin.py:190} INFO - [2024-09-27T15:49:56.370+0000] {dag.py:4180} INFO - Setting next_dagrun for example_kubernetes_executor to None, run_after=None
[2024-09-27T15:49:56.383+0000] {processor.py:208} INFO - Processing /home/airflow/.local/lib/python3.12/site-packages/airflow/example_dags/example_kubernetes_executor.py took 0.067 seconds
