[2024-09-27T15:46:18.428+0000] {processor.py:186} INFO - Started process (PID=53) to work on /home/airflow/.local/lib/python3.12/site-packages/airflow/example_dags/example_branch_operator.py
[2024-09-27T15:46:18.428+0000] {processor.py:914} INFO - Processing file /home/airflow/.local/lib/python3.12/site-packages/airflow/example_dags/example_branch_operator.py for tasks to queue
[2024-09-27T15:46:18.430+0000] {logging_mixin.py:190} INFO - [2024-09-27T15:46:18.430+0000] {dagbag.py:588} INFO - Filling up the DagBag from /home/airflow/.local/lib/python3.12/site-packages/airflow/example_dags/example_branch_operator.py
[2024-09-27T15:46:18.441+0000] {processor.py:925} INFO - DAG(s) 'example_branch_operator' retrieved from /home/airflow/.local/lib/python3.12/site-packages/airflow/example_dags/example_branch_operator.py
[2024-09-27T15:46:18.498+0000] {logging_mixin.py:190} INFO - [2024-09-27T15:46:18.498+0000] {override.py:1900} INFO - Created Permission View: can delete on DAG:example_branch_operator
[2024-09-27T15:46:18.502+0000] {logging_mixin.py:190} INFO - [2024-09-27T15:46:18.502+0000] {override.py:1900} INFO - Created Permission View: can read on DAG:example_branch_operator
[2024-09-27T15:46:18.504+0000] {logging_mixin.py:190} INFO - [2024-09-27T15:46:18.504+0000] {override.py:1900} INFO - Created Permission View: can edit on DAG:example_branch_operator
[2024-09-27T15:46:18.507+0000] {logging_mixin.py:190} INFO - [2024-09-27T15:46:18.506+0000] {override.py:1900} INFO - Created Permission View: can create on DAG Run:example_branch_operator
[2024-09-27T15:46:18.509+0000] {logging_mixin.py:190} INFO - [2024-09-27T15:46:18.508+0000] {override.py:1900} INFO - Created Permission View: can delete on DAG Run:example_branch_operator
[2024-09-27T15:46:18.511+0000] {logging_mixin.py:190} INFO - [2024-09-27T15:46:18.511+0000] {override.py:1900} INFO - Created Permission View: menu access on DAG Run:example_branch_operator
[2024-09-27T15:46:18.513+0000] {logging_mixin.py:190} INFO - [2024-09-27T15:46:18.512+0000] {override.py:1900} INFO - Created Permission View: can read on DAG Run:example_branch_operator
[2024-09-27T15:46:18.513+0000] {logging_mixin.py:190} INFO - [2024-09-27T15:46:18.513+0000] {dag.py:3239} INFO - Sync 1 DAGs
[2024-09-27T15:46:18.519+0000] {logging_mixin.py:190} INFO - [2024-09-27T15:46:18.519+0000] {dag.py:3262} INFO - Creating ORM DAG for example_branch_operator
[2024-09-27T15:46:18.523+0000] {logging_mixin.py:190} INFO - [2024-09-27T15:46:18.523+0000] {dag.py:4180} INFO - Setting next_dagrun for example_branch_operator to 2024-09-26 00:00:00+00:00, run_after=2024-09-27 00:00:00+00:00
[2024-09-27T15:46:18.534+0000] {processor.py:208} INFO - Processing /home/airflow/.local/lib/python3.12/site-packages/airflow/example_dags/example_branch_operator.py took 0.109 seconds
[2024-09-27T15:46:49.390+0000] {processor.py:186} INFO - Started process (PID=116) to work on /home/airflow/.local/lib/python3.12/site-packages/airflow/example_dags/example_branch_operator.py
[2024-09-27T15:46:49.391+0000] {processor.py:914} INFO - Processing file /home/airflow/.local/lib/python3.12/site-packages/airflow/example_dags/example_branch_operator.py for tasks to queue
[2024-09-27T15:46:49.398+0000] {logging_mixin.py:190} INFO - [2024-09-27T15:46:49.398+0000] {dagbag.py:588} INFO - Filling up the DagBag from /home/airflow/.local/lib/python3.12/site-packages/airflow/example_dags/example_branch_operator.py
[2024-09-27T15:46:49.416+0000] {processor.py:925} INFO - DAG(s) 'example_branch_operator' retrieved from /home/airflow/.local/lib/python3.12/site-packages/airflow/example_dags/example_branch_operator.py
[2024-09-27T15:46:49.437+0000] {logging_mixin.py:190} INFO - [2024-09-27T15:46:49.436+0000] {dag.py:3239} INFO - Sync 1 DAGs
[2024-09-27T15:46:49.451+0000] {logging_mixin.py:190} INFO - [2024-09-27T15:46:49.451+0000] {dag.py:4180} INFO - Setting next_dagrun for example_branch_operator to 2024-09-26 00:00:00+00:00, run_after=2024-09-27 00:00:00+00:00
[2024-09-27T15:46:49.462+0000] {processor.py:208} INFO - Processing /home/airflow/.local/lib/python3.12/site-packages/airflow/example_dags/example_branch_operator.py took 0.076 seconds
[2024-09-27T15:47:20.253+0000] {processor.py:186} INFO - Started process (PID=179) to work on /home/airflow/.local/lib/python3.12/site-packages/airflow/example_dags/example_branch_operator.py
[2024-09-27T15:47:20.254+0000] {processor.py:914} INFO - Processing file /home/airflow/.local/lib/python3.12/site-packages/airflow/example_dags/example_branch_operator.py for tasks to queue
[2024-09-27T15:47:20.256+0000] {logging_mixin.py:190} INFO - [2024-09-27T15:47:20.255+0000] {dagbag.py:588} INFO - Filling up the DagBag from /home/airflow/.local/lib/python3.12/site-packages/airflow/example_dags/example_branch_operator.py
[2024-09-27T15:47:20.269+0000] {processor.py:925} INFO - DAG(s) 'example_branch_operator' retrieved from /home/airflow/.local/lib/python3.12/site-packages/airflow/example_dags/example_branch_operator.py
[2024-09-27T15:47:20.302+0000] {logging_mixin.py:190} INFO - [2024-09-27T15:47:20.302+0000] {dag.py:3239} INFO - Sync 1 DAGs
[2024-09-27T15:47:20.326+0000] {logging_mixin.py:190} INFO - [2024-09-27T15:47:20.326+0000] {dag.py:4180} INFO - Setting next_dagrun for example_branch_operator to 2024-09-26 00:00:00+00:00, run_after=2024-09-27 00:00:00+00:00
[2024-09-27T15:47:20.339+0000] {processor.py:208} INFO - Processing /home/airflow/.local/lib/python3.12/site-packages/airflow/example_dags/example_branch_operator.py took 0.090 seconds
[2024-09-27T15:47:51.325+0000] {processor.py:186} INFO - Started process (PID=242) to work on /home/airflow/.local/lib/python3.12/site-packages/airflow/example_dags/example_branch_operator.py
[2024-09-27T15:47:51.326+0000] {processor.py:914} INFO - Processing file /home/airflow/.local/lib/python3.12/site-packages/airflow/example_dags/example_branch_operator.py for tasks to queue
[2024-09-27T15:47:51.327+0000] {logging_mixin.py:190} INFO - [2024-09-27T15:47:51.327+0000] {dagbag.py:588} INFO - Filling up the DagBag from /home/airflow/.local/lib/python3.12/site-packages/airflow/example_dags/example_branch_operator.py
[2024-09-27T15:47:51.338+0000] {processor.py:925} INFO - DAG(s) 'example_branch_operator' retrieved from /home/airflow/.local/lib/python3.12/site-packages/airflow/example_dags/example_branch_operator.py
[2024-09-27T15:47:51.353+0000] {logging_mixin.py:190} INFO - [2024-09-27T15:47:51.353+0000] {dag.py:3239} INFO - Sync 1 DAGs
[2024-09-27T15:47:51.366+0000] {logging_mixin.py:190} INFO - [2024-09-27T15:47:51.365+0000] {dag.py:4180} INFO - Setting next_dagrun for example_branch_operator to 2024-09-26 00:00:00+00:00, run_after=2024-09-27 00:00:00+00:00
[2024-09-27T15:47:51.374+0000] {processor.py:208} INFO - Processing /home/airflow/.local/lib/python3.12/site-packages/airflow/example_dags/example_branch_operator.py took 0.053 seconds
[2024-09-27T15:48:21.900+0000] {processor.py:186} INFO - Started process (PID=305) to work on /home/airflow/.local/lib/python3.12/site-packages/airflow/example_dags/example_branch_operator.py
[2024-09-27T15:48:21.901+0000] {processor.py:914} INFO - Processing file /home/airflow/.local/lib/python3.12/site-packages/airflow/example_dags/example_branch_operator.py for tasks to queue
[2024-09-27T15:48:21.903+0000] {logging_mixin.py:190} INFO - [2024-09-27T15:48:21.902+0000] {dagbag.py:588} INFO - Filling up the DagBag from /home/airflow/.local/lib/python3.12/site-packages/airflow/example_dags/example_branch_operator.py
[2024-09-27T15:48:21.914+0000] {processor.py:925} INFO - DAG(s) 'example_branch_operator' retrieved from /home/airflow/.local/lib/python3.12/site-packages/airflow/example_dags/example_branch_operator.py
[2024-09-27T15:48:21.932+0000] {logging_mixin.py:190} INFO - [2024-09-27T15:48:21.931+0000] {dag.py:3239} INFO - Sync 1 DAGs
[2024-09-27T15:48:21.945+0000] {logging_mixin.py:190} INFO - [2024-09-27T15:48:21.945+0000] {dag.py:4180} INFO - Setting next_dagrun for example_branch_operator to 2024-09-26 00:00:00+00:00, run_after=2024-09-27 00:00:00+00:00
[2024-09-27T15:48:21.955+0000] {processor.py:208} INFO - Processing /home/airflow/.local/lib/python3.12/site-packages/airflow/example_dags/example_branch_operator.py took 0.058 seconds
[2024-09-27T15:48:52.490+0000] {processor.py:186} INFO - Started process (PID=368) to work on /home/airflow/.local/lib/python3.12/site-packages/airflow/example_dags/example_branch_operator.py
[2024-09-27T15:48:52.491+0000] {processor.py:914} INFO - Processing file /home/airflow/.local/lib/python3.12/site-packages/airflow/example_dags/example_branch_operator.py for tasks to queue
[2024-09-27T15:48:52.492+0000] {logging_mixin.py:190} INFO - [2024-09-27T15:48:52.492+0000] {dagbag.py:588} INFO - Filling up the DagBag from /home/airflow/.local/lib/python3.12/site-packages/airflow/example_dags/example_branch_operator.py
[2024-09-27T15:48:52.501+0000] {processor.py:925} INFO - DAG(s) 'example_branch_operator' retrieved from /home/airflow/.local/lib/python3.12/site-packages/airflow/example_dags/example_branch_operator.py
[2024-09-27T15:48:52.516+0000] {logging_mixin.py:190} INFO - [2024-09-27T15:48:52.516+0000] {dag.py:3239} INFO - Sync 1 DAGs
[2024-09-27T15:48:52.528+0000] {logging_mixin.py:190} INFO - [2024-09-27T15:48:52.528+0000] {dag.py:4180} INFO - Setting next_dagrun for example_branch_operator to 2024-09-26 00:00:00+00:00, run_after=2024-09-27 00:00:00+00:00
[2024-09-27T15:48:52.537+0000] {processor.py:208} INFO - Processing /home/airflow/.local/lib/python3.12/site-packages/airflow/example_dags/example_branch_operator.py took 0.050 seconds
[2024-09-27T15:49:23.281+0000] {processor.py:186} INFO - Started process (PID=431) to work on /home/airflow/.local/lib/python3.12/site-packages/airflow/example_dags/example_branch_operator.py
[2024-09-27T15:49:23.282+0000] {processor.py:914} INFO - Processing file /home/airflow/.local/lib/python3.12/site-packages/airflow/example_dags/example_branch_operator.py for tasks to queue
[2024-09-27T15:49:23.283+0000] {logging_mixin.py:190} INFO - [2024-09-27T15:49:23.283+0000] {dagbag.py:588} INFO - Filling up the DagBag from /home/airflow/.local/lib/python3.12/site-packages/airflow/example_dags/example_branch_operator.py
[2024-09-27T15:49:23.292+0000] {processor.py:925} INFO - DAG(s) 'example_branch_operator' retrieved from /home/airflow/.local/lib/python3.12/site-packages/airflow/example_dags/example_branch_operator.py
[2024-09-27T15:49:23.306+0000] {logging_mixin.py:190} INFO - [2024-09-27T15:49:23.305+0000] {dag.py:3239} INFO - Sync 1 DAGs
[2024-09-27T15:49:23.317+0000] {logging_mixin.py:190} INFO - [2024-09-27T15:49:23.317+0000] {dag.py:4180} INFO - Setting next_dagrun for example_branch_operator to 2024-09-26 00:00:00+00:00, run_after=2024-09-27 00:00:00+00:00
[2024-09-27T15:49:23.326+0000] {processor.py:208} INFO - Processing /home/airflow/.local/lib/python3.12/site-packages/airflow/example_dags/example_branch_operator.py took 0.047 seconds
[2024-09-27T15:49:54.019+0000] {processor.py:186} INFO - Started process (PID=494) to work on /home/airflow/.local/lib/python3.12/site-packages/airflow/example_dags/example_branch_operator.py
[2024-09-27T15:49:54.020+0000] {processor.py:914} INFO - Processing file /home/airflow/.local/lib/python3.12/site-packages/airflow/example_dags/example_branch_operator.py for tasks to queue
[2024-09-27T15:49:54.021+0000] {logging_mixin.py:190} INFO - [2024-09-27T15:49:54.021+0000] {dagbag.py:588} INFO - Filling up the DagBag from /home/airflow/.local/lib/python3.12/site-packages/airflow/example_dags/example_branch_operator.py
[2024-09-27T15:49:54.034+0000] {processor.py:925} INFO - DAG(s) 'example_branch_operator' retrieved from /home/airflow/.local/lib/python3.12/site-packages/airflow/example_dags/example_branch_operator.py
[2024-09-27T15:49:54.051+0000] {logging_mixin.py:190} INFO - [2024-09-27T15:49:54.050+0000] {dag.py:3239} INFO - Sync 1 DAGs
[2024-09-27T15:49:54.064+0000] {logging_mixin.py:190} INFO - [2024-09-27T15:49:54.064+0000] {dag.py:4180} INFO - Setting next_dagrun for example_branch_operator to 2024-09-26 00:00:00+00:00, run_after=2024-09-27 00:00:00+00:00
[2024-09-27T15:49:54.074+0000] {processor.py:208} INFO - Processing /home/airflow/.local/lib/python3.12/site-packages/airflow/example_dags/example_branch_operator.py took 0.058 seconds
