[2024-09-27T15:46:20.417+0000] {processor.py:186} INFO - Started process (PID=81) to work on /home/airflow/.local/lib/python3.12/site-packages/airflow/example_dags/example_datasets.py
[2024-09-27T15:46:20.418+0000] {processor.py:914} INFO - Processing file /home/airflow/.local/lib/python3.12/site-packages/airflow/example_dags/example_datasets.py for tasks to queue
[2024-09-27T15:46:20.419+0000] {logging_mixin.py:190} INFO - [2024-09-27T15:46:20.419+0000] {dagbag.py:588} INFO - Filling up the DagBag from /home/airflow/.local/lib/python3.12/site-packages/airflow/example_dags/example_datasets.py
[2024-09-27T15:46:20.513+0000] {processor.py:925} INFO - DAG(s) 'dataset_consumes_1_and_2', 'consume_1_and_2_with_dataset_expressions', 'dataset_consumes_1', 'dataset_produces_1', 'consume_1_or_2_with_dataset_expressions', 'dataset_consumes_unknown_never_scheduled', 'dataset_produces_2', 'dataset_consumes_1_never_scheduled', 'conditional_dataset_and_time_based_timetable', 'consume_1_or_both_2_and_3_with_dataset_expressions' retrieved from /home/airflow/.local/lib/python3.12/site-packages/airflow/example_dags/example_datasets.py
[2024-09-27T15:46:20.560+0000] {logging_mixin.py:190} INFO - [2024-09-27T15:46:20.559+0000] {override.py:1900} INFO - Created Permission View: can delete on DAG:dataset_consumes_1_and_2
[2024-09-27T15:46:20.565+0000] {logging_mixin.py:190} INFO - [2024-09-27T15:46:20.565+0000] {override.py:1900} INFO - Created Permission View: can read on DAG:dataset_consumes_1_and_2
[2024-09-27T15:46:20.570+0000] {logging_mixin.py:190} INFO - [2024-09-27T15:46:20.569+0000] {override.py:1900} INFO - Created Permission View: can edit on DAG:dataset_consumes_1_and_2
[2024-09-27T15:46:20.574+0000] {logging_mixin.py:190} INFO - [2024-09-27T15:46:20.574+0000] {override.py:1900} INFO - Created Permission View: can create on DAG Run:dataset_consumes_1_and_2
[2024-09-27T15:46:20.577+0000] {logging_mixin.py:190} INFO - [2024-09-27T15:46:20.577+0000] {override.py:1900} INFO - Created Permission View: can delete on DAG Run:dataset_consumes_1_and_2
[2024-09-27T15:46:20.581+0000] {logging_mixin.py:190} INFO - [2024-09-27T15:46:20.581+0000] {override.py:1900} INFO - Created Permission View: menu access on DAG Run:dataset_consumes_1_and_2
[2024-09-27T15:46:20.584+0000] {logging_mixin.py:190} INFO - [2024-09-27T15:46:20.584+0000] {override.py:1900} INFO - Created Permission View: can read on DAG Run:dataset_consumes_1_and_2
[2024-09-27T15:46:20.591+0000] {logging_mixin.py:190} INFO - [2024-09-27T15:46:20.591+0000] {override.py:1900} INFO - Created Permission View: can delete on DAG:consume_1_and_2_with_dataset_expressions
[2024-09-27T15:46:20.595+0000] {logging_mixin.py:190} INFO - [2024-09-27T15:46:20.594+0000] {override.py:1900} INFO - Created Permission View: can read on DAG:consume_1_and_2_with_dataset_expressions
[2024-09-27T15:46:20.598+0000] {logging_mixin.py:190} INFO - [2024-09-27T15:46:20.598+0000] {override.py:1900} INFO - Created Permission View: can edit on DAG:consume_1_and_2_with_dataset_expressions
[2024-09-27T15:46:20.601+0000] {logging_mixin.py:190} INFO - [2024-09-27T15:46:20.601+0000] {override.py:1900} INFO - Created Permission View: can create on DAG Run:consume_1_and_2_with_dataset_expressions
[2024-09-27T15:46:20.605+0000] {logging_mixin.py:190} INFO - [2024-09-27T15:46:20.605+0000] {override.py:1900} INFO - Created Permission View: can delete on DAG Run:consume_1_and_2_with_dataset_expressions
[2024-09-27T15:46:20.608+0000] {logging_mixin.py:190} INFO - [2024-09-27T15:46:20.608+0000] {override.py:1900} INFO - Created Permission View: menu access on DAG Run:consume_1_and_2_with_dataset_expressions
[2024-09-27T15:46:20.611+0000] {logging_mixin.py:190} INFO - [2024-09-27T15:46:20.610+0000] {override.py:1900} INFO - Created Permission View: can read on DAG Run:consume_1_and_2_with_dataset_expressions
[2024-09-27T15:46:20.615+0000] {logging_mixin.py:190} INFO - [2024-09-27T15:46:20.615+0000] {override.py:1900} INFO - Created Permission View: can delete on DAG:dataset_consumes_1
[2024-09-27T15:46:20.619+0000] {logging_mixin.py:190} INFO - [2024-09-27T15:46:20.619+0000] {override.py:1900} INFO - Created Permission View: can read on DAG:dataset_consumes_1
[2024-09-27T15:46:20.622+0000] {logging_mixin.py:190} INFO - [2024-09-27T15:46:20.622+0000] {override.py:1900} INFO - Created Permission View: can edit on DAG:dataset_consumes_1
[2024-09-27T15:46:20.624+0000] {logging_mixin.py:190} INFO - [2024-09-27T15:46:20.624+0000] {override.py:1900} INFO - Created Permission View: can create on DAG Run:dataset_consumes_1
[2024-09-27T15:46:20.626+0000] {logging_mixin.py:190} INFO - [2024-09-27T15:46:20.626+0000] {override.py:1900} INFO - Created Permission View: can delete on DAG Run:dataset_consumes_1
[2024-09-27T15:46:20.628+0000] {logging_mixin.py:190} INFO - [2024-09-27T15:46:20.628+0000] {override.py:1900} INFO - Created Permission View: menu access on DAG Run:dataset_consumes_1
[2024-09-27T15:46:20.631+0000] {logging_mixin.py:190} INFO - [2024-09-27T15:46:20.630+0000] {override.py:1900} INFO - Created Permission View: can read on DAG Run:dataset_consumes_1
[2024-09-27T15:46:20.635+0000] {logging_mixin.py:190} INFO - [2024-09-27T15:46:20.635+0000] {override.py:1900} INFO - Created Permission View: can delete on DAG:dataset_produces_1
[2024-09-27T15:46:20.638+0000] {logging_mixin.py:190} INFO - [2024-09-27T15:46:20.638+0000] {override.py:1900} INFO - Created Permission View: can read on DAG:dataset_produces_1
[2024-09-27T15:46:20.640+0000] {logging_mixin.py:190} INFO - [2024-09-27T15:46:20.640+0000] {override.py:1900} INFO - Created Permission View: can edit on DAG:dataset_produces_1
[2024-09-27T15:46:20.643+0000] {logging_mixin.py:190} INFO - [2024-09-27T15:46:20.643+0000] {override.py:1900} INFO - Created Permission View: can create on DAG Run:dataset_produces_1
[2024-09-27T15:46:20.645+0000] {logging_mixin.py:190} INFO - [2024-09-27T15:46:20.645+0000] {override.py:1900} INFO - Created Permission View: can delete on DAG Run:dataset_produces_1
[2024-09-27T15:46:20.648+0000] {logging_mixin.py:190} INFO - [2024-09-27T15:46:20.648+0000] {override.py:1900} INFO - Created Permission View: menu access on DAG Run:dataset_produces_1
[2024-09-27T15:46:20.650+0000] {logging_mixin.py:190} INFO - [2024-09-27T15:46:20.650+0000] {override.py:1900} INFO - Created Permission View: can read on DAG Run:dataset_produces_1
[2024-09-27T15:46:20.655+0000] {logging_mixin.py:190} INFO - [2024-09-27T15:46:20.655+0000] {override.py:1900} INFO - Created Permission View: can delete on DAG:consume_1_or_2_with_dataset_expressions
[2024-09-27T15:46:20.658+0000] {logging_mixin.py:190} INFO - [2024-09-27T15:46:20.658+0000] {override.py:1900} INFO - Created Permission View: can read on DAG:consume_1_or_2_with_dataset_expressions
[2024-09-27T15:46:20.660+0000] {logging_mixin.py:190} INFO - [2024-09-27T15:46:20.660+0000] {override.py:1900} INFO - Created Permission View: can edit on DAG:consume_1_or_2_with_dataset_expressions
[2024-09-27T15:46:20.663+0000] {logging_mixin.py:190} INFO - [2024-09-27T15:46:20.663+0000] {override.py:1900} INFO - Created Permission View: can create on DAG Run:consume_1_or_2_with_dataset_expressions
[2024-09-27T15:46:20.666+0000] {logging_mixin.py:190} INFO - [2024-09-27T15:46:20.666+0000] {override.py:1900} INFO - Created Permission View: can delete on DAG Run:consume_1_or_2_with_dataset_expressions
[2024-09-27T15:46:20.670+0000] {logging_mixin.py:190} INFO - [2024-09-27T15:46:20.669+0000] {override.py:1900} INFO - Created Permission View: menu access on DAG Run:consume_1_or_2_with_dataset_expressions
[2024-09-27T15:46:20.672+0000] {logging_mixin.py:190} INFO - [2024-09-27T15:46:20.672+0000] {override.py:1900} INFO - Created Permission View: can read on DAG Run:consume_1_or_2_with_dataset_expressions
[2024-09-27T15:46:20.684+0000] {logging_mixin.py:190} INFO - [2024-09-27T15:46:20.683+0000] {override.py:1900} INFO - Created Permission View: can delete on DAG:dataset_consumes_unknown_never_scheduled
[2024-09-27T15:46:20.690+0000] {logging_mixin.py:190} INFO - [2024-09-27T15:46:20.690+0000] {override.py:1900} INFO - Created Permission View: can read on DAG:dataset_consumes_unknown_never_scheduled
[2024-09-27T15:46:20.695+0000] {logging_mixin.py:190} INFO - [2024-09-27T15:46:20.695+0000] {override.py:1900} INFO - Created Permission View: can edit on DAG:dataset_consumes_unknown_never_scheduled
[2024-09-27T15:46:20.699+0000] {logging_mixin.py:190} INFO - [2024-09-27T15:46:20.698+0000] {override.py:1900} INFO - Created Permission View: can create on DAG Run:dataset_consumes_unknown_never_scheduled
[2024-09-27T15:46:20.702+0000] {logging_mixin.py:190} INFO - [2024-09-27T15:46:20.701+0000] {override.py:1900} INFO - Created Permission View: can delete on DAG Run:dataset_consumes_unknown_never_scheduled
[2024-09-27T15:46:20.705+0000] {logging_mixin.py:190} INFO - [2024-09-27T15:46:20.705+0000] {override.py:1900} INFO - Created Permission View: menu access on DAG Run:dataset_consumes_unknown_never_scheduled
[2024-09-27T15:46:20.708+0000] {logging_mixin.py:190} INFO - [2024-09-27T15:46:20.708+0000] {override.py:1900} INFO - Created Permission View: can read on DAG Run:dataset_consumes_unknown_never_scheduled
[2024-09-27T15:46:20.713+0000] {logging_mixin.py:190} INFO - [2024-09-27T15:46:20.713+0000] {override.py:1900} INFO - Created Permission View: can delete on DAG:dataset_produces_2
[2024-09-27T15:46:20.716+0000] {logging_mixin.py:190} INFO - [2024-09-27T15:46:20.716+0000] {override.py:1900} INFO - Created Permission View: can read on DAG:dataset_produces_2
[2024-09-27T15:46:20.719+0000] {logging_mixin.py:190} INFO - [2024-09-27T15:46:20.719+0000] {override.py:1900} INFO - Created Permission View: can edit on DAG:dataset_produces_2
[2024-09-27T15:46:20.722+0000] {logging_mixin.py:190} INFO - [2024-09-27T15:46:20.722+0000] {override.py:1900} INFO - Created Permission View: can create on DAG Run:dataset_produces_2
[2024-09-27T15:46:20.725+0000] {logging_mixin.py:190} INFO - [2024-09-27T15:46:20.724+0000] {override.py:1900} INFO - Created Permission View: can delete on DAG Run:dataset_produces_2
[2024-09-27T15:46:20.727+0000] {logging_mixin.py:190} INFO - [2024-09-27T15:46:20.727+0000] {override.py:1900} INFO - Created Permission View: menu access on DAG Run:dataset_produces_2
[2024-09-27T15:46:20.730+0000] {logging_mixin.py:190} INFO - [2024-09-27T15:46:20.730+0000] {override.py:1900} INFO - Created Permission View: can read on DAG Run:dataset_produces_2
[2024-09-27T15:46:20.735+0000] {logging_mixin.py:190} INFO - [2024-09-27T15:46:20.734+0000] {override.py:1900} INFO - Created Permission View: can delete on DAG:dataset_consumes_1_never_scheduled
[2024-09-27T15:46:20.737+0000] {logging_mixin.py:190} INFO - [2024-09-27T15:46:20.737+0000] {override.py:1900} INFO - Created Permission View: can read on DAG:dataset_consumes_1_never_scheduled
[2024-09-27T15:46:20.739+0000] {logging_mixin.py:190} INFO - [2024-09-27T15:46:20.739+0000] {override.py:1900} INFO - Created Permission View: can edit on DAG:dataset_consumes_1_never_scheduled
[2024-09-27T15:46:20.741+0000] {logging_mixin.py:190} INFO - [2024-09-27T15:46:20.741+0000] {override.py:1900} INFO - Created Permission View: can create on DAG Run:dataset_consumes_1_never_scheduled
[2024-09-27T15:46:20.743+0000] {logging_mixin.py:190} INFO - [2024-09-27T15:46:20.743+0000] {override.py:1900} INFO - Created Permission View: can delete on DAG Run:dataset_consumes_1_never_scheduled
[2024-09-27T15:46:20.745+0000] {logging_mixin.py:190} INFO - [2024-09-27T15:46:20.745+0000] {override.py:1900} INFO - Created Permission View: menu access on DAG Run:dataset_consumes_1_never_scheduled
[2024-09-27T15:46:20.747+0000] {logging_mixin.py:190} INFO - [2024-09-27T15:46:20.747+0000] {override.py:1900} INFO - Created Permission View: can read on DAG Run:dataset_consumes_1_never_scheduled
[2024-09-27T15:46:20.752+0000] {logging_mixin.py:190} INFO - [2024-09-27T15:46:20.752+0000] {override.py:1900} INFO - Created Permission View: can delete on DAG:conditional_dataset_and_time_based_timetable
[2024-09-27T15:46:20.754+0000] {logging_mixin.py:190} INFO - [2024-09-27T15:46:20.754+0000] {override.py:1900} INFO - Created Permission View: can read on DAG:conditional_dataset_and_time_based_timetable
[2024-09-27T15:46:20.757+0000] {logging_mixin.py:190} INFO - [2024-09-27T15:46:20.757+0000] {override.py:1900} INFO - Created Permission View: can edit on DAG:conditional_dataset_and_time_based_timetable
[2024-09-27T15:46:20.760+0000] {logging_mixin.py:190} INFO - [2024-09-27T15:46:20.760+0000] {override.py:1900} INFO - Created Permission View: can create on DAG Run:conditional_dataset_and_time_based_timetable
[2024-09-27T15:46:20.763+0000] {logging_mixin.py:190} INFO - [2024-09-27T15:46:20.763+0000] {override.py:1900} INFO - Created Permission View: can delete on DAG Run:conditional_dataset_and_time_based_timetable
[2024-09-27T15:46:20.766+0000] {logging_mixin.py:190} INFO - [2024-09-27T15:46:20.766+0000] {override.py:1900} INFO - Created Permission View: menu access on DAG Run:conditional_dataset_and_time_based_timetable
[2024-09-27T15:46:20.770+0000] {logging_mixin.py:190} INFO - [2024-09-27T15:46:20.769+0000] {override.py:1900} INFO - Created Permission View: can read on DAG Run:conditional_dataset_and_time_based_timetable
[2024-09-27T15:46:20.782+0000] {logging_mixin.py:190} INFO - [2024-09-27T15:46:20.782+0000] {override.py:1900} INFO - Created Permission View: can delete on DAG:consume_1_or_both_2_and_3_with_dataset_expressions
[2024-09-27T15:46:20.789+0000] {logging_mixin.py:190} INFO - [2024-09-27T15:46:20.789+0000] {override.py:1900} INFO - Created Permission View: can read on DAG:consume_1_or_both_2_and_3_with_dataset_expressions
[2024-09-27T15:46:20.794+0000] {logging_mixin.py:190} INFO - [2024-09-27T15:46:20.794+0000] {override.py:1900} INFO - Created Permission View: can edit on DAG:consume_1_or_both_2_and_3_with_dataset_expressions
[2024-09-27T15:46:20.800+0000] {logging_mixin.py:190} INFO - [2024-09-27T15:46:20.800+0000] {override.py:1900} INFO - Created Permission View: can create on DAG Run:consume_1_or_both_2_and_3_with_dataset_expressions
[2024-09-27T15:46:20.806+0000] {logging_mixin.py:190} INFO - [2024-09-27T15:46:20.806+0000] {override.py:1900} INFO - Created Permission View: can delete on DAG Run:consume_1_or_both_2_and_3_with_dataset_expressions
[2024-09-27T15:46:20.810+0000] {logging_mixin.py:190} INFO - [2024-09-27T15:46:20.810+0000] {override.py:1900} INFO - Created Permission View: menu access on DAG Run:consume_1_or_both_2_and_3_with_dataset_expressions
[2024-09-27T15:46:20.818+0000] {logging_mixin.py:190} INFO - [2024-09-27T15:46:20.817+0000] {override.py:1900} INFO - Created Permission View: can read on DAG Run:consume_1_or_both_2_and_3_with_dataset_expressions
[2024-09-27T15:46:20.819+0000] {logging_mixin.py:190} INFO - [2024-09-27T15:46:20.818+0000] {dag.py:3239} INFO - Sync 10 DAGs
[2024-09-27T15:46:20.844+0000] {logging_mixin.py:190} INFO - [2024-09-27T15:46:20.844+0000] {dag.py:3262} INFO - Creating ORM DAG for dataset_consumes_1
[2024-09-27T15:46:20.845+0000] {logging_mixin.py:190} INFO - [2024-09-27T15:46:20.845+0000] {dag.py:3262} INFO - Creating ORM DAG for consume_1_and_2_with_dataset_expressions
[2024-09-27T15:46:20.850+0000] {logging_mixin.py:190} INFO - [2024-09-27T15:46:20.850+0000] {dag.py:3262} INFO - Creating ORM DAG for dataset_produces_1
[2024-09-27T15:46:20.852+0000] {logging_mixin.py:190} INFO - [2024-09-27T15:46:20.852+0000] {dag.py:3262} INFO - Creating ORM DAG for consume_1_or_2_with_dataset_expressions
[2024-09-27T15:46:20.854+0000] {logging_mixin.py:190} INFO - [2024-09-27T15:46:20.853+0000] {dag.py:3262} INFO - Creating ORM DAG for dataset_consumes_unknown_never_scheduled
[2024-09-27T15:46:20.854+0000] {logging_mixin.py:190} INFO - [2024-09-27T15:46:20.854+0000] {dag.py:3262} INFO - Creating ORM DAG for conditional_dataset_and_time_based_timetable
[2024-09-27T15:46:20.856+0000] {logging_mixin.py:190} INFO - [2024-09-27T15:46:20.855+0000] {dag.py:3262} INFO - Creating ORM DAG for dataset_consumes_1_never_scheduled
[2024-09-27T15:46:20.856+0000] {logging_mixin.py:190} INFO - [2024-09-27T15:46:20.856+0000] {dag.py:3262} INFO - Creating ORM DAG for consume_1_or_both_2_and_3_with_dataset_expressions
[2024-09-27T15:46:20.857+0000] {logging_mixin.py:190} INFO - [2024-09-27T15:46:20.857+0000] {dag.py:3262} INFO - Creating ORM DAG for dataset_consumes_1_and_2
[2024-09-27T15:46:20.857+0000] {logging_mixin.py:190} INFO - [2024-09-27T15:46:20.857+0000] {dag.py:3262} INFO - Creating ORM DAG for dataset_produces_2
[2024-09-27T15:46:20.877+0000] {logging_mixin.py:190} INFO - [2024-09-27T15:46:20.877+0000] {dag.py:4180} INFO - Setting next_dagrun for conditional_dataset_and_time_based_timetable to 2024-09-25 01:00:00+00:00, run_after=2024-09-25 01:00:00+00:00
[2024-09-27T15:46:20.878+0000] {logging_mixin.py:190} INFO - [2024-09-27T15:46:20.878+0000] {dag.py:4180} INFO - Setting next_dagrun for consume_1_and_2_with_dataset_expressions to None, run_after=None
[2024-09-27T15:46:20.879+0000] {logging_mixin.py:190} INFO - [2024-09-27T15:46:20.878+0000] {dag.py:4180} INFO - Setting next_dagrun for consume_1_or_2_with_dataset_expressions to None, run_after=None
[2024-09-27T15:46:20.879+0000] {logging_mixin.py:190} INFO - [2024-09-27T15:46:20.879+0000] {dag.py:4180} INFO - Setting next_dagrun for consume_1_or_both_2_and_3_with_dataset_expressions to None, run_after=None
[2024-09-27T15:46:20.879+0000] {logging_mixin.py:190} INFO - [2024-09-27T15:46:20.879+0000] {dag.py:4180} INFO - Setting next_dagrun for dataset_consumes_1 to None, run_after=None
[2024-09-27T15:46:20.880+0000] {logging_mixin.py:190} INFO - [2024-09-27T15:46:20.880+0000] {dag.py:4180} INFO - Setting next_dagrun for dataset_consumes_1_and_2 to None, run_after=None
[2024-09-27T15:46:20.881+0000] {logging_mixin.py:190} INFO - [2024-09-27T15:46:20.880+0000] {dag.py:4180} INFO - Setting next_dagrun for dataset_consumes_1_never_scheduled to None, run_after=None
[2024-09-27T15:46:20.881+0000] {logging_mixin.py:190} INFO - [2024-09-27T15:46:20.881+0000] {dag.py:4180} INFO - Setting next_dagrun for dataset_consumes_unknown_never_scheduled to None, run_after=None
[2024-09-27T15:46:20.883+0000] {logging_mixin.py:190} INFO - [2024-09-27T15:46:20.883+0000] {dag.py:4180} INFO - Setting next_dagrun for dataset_produces_1 to 2024-09-26 00:00:00+00:00, run_after=2024-09-27 00:00:00+00:00
[2024-09-27T15:46:20.884+0000] {logging_mixin.py:190} INFO - [2024-09-27T15:46:20.884+0000] {dag.py:4180} INFO - Setting next_dagrun for dataset_produces_2 to None, run_after=None
[2024-09-27T15:46:20.925+0000] {processor.py:208} INFO - Processing /home/airflow/.local/lib/python3.12/site-packages/airflow/example_dags/example_datasets.py took 0.511 seconds
[2024-09-27T15:46:51.491+0000] {processor.py:186} INFO - Started process (PID=144) to work on /home/airflow/.local/lib/python3.12/site-packages/airflow/example_dags/example_datasets.py
[2024-09-27T15:46:51.492+0000] {processor.py:914} INFO - Processing file /home/airflow/.local/lib/python3.12/site-packages/airflow/example_dags/example_datasets.py for tasks to queue
[2024-09-27T15:46:51.493+0000] {logging_mixin.py:190} INFO - [2024-09-27T15:46:51.493+0000] {dagbag.py:588} INFO - Filling up the DagBag from /home/airflow/.local/lib/python3.12/site-packages/airflow/example_dags/example_datasets.py
[2024-09-27T15:46:51.656+0000] {processor.py:925} INFO - DAG(s) 'conditional_dataset_and_time_based_timetable', 'consume_1_or_2_with_dataset_expressions', 'consume_1_and_2_with_dataset_expressions', 'dataset_produces_1', 'dataset_consumes_1', 'dataset_consumes_1_never_scheduled', 'dataset_consumes_unknown_never_scheduled', 'consume_1_or_both_2_and_3_with_dataset_expressions', 'dataset_produces_2', 'dataset_consumes_1_and_2' retrieved from /home/airflow/.local/lib/python3.12/site-packages/airflow/example_dags/example_datasets.py
[2024-09-27T15:46:51.695+0000] {logging_mixin.py:190} INFO - [2024-09-27T15:46:51.695+0000] {dag.py:3239} INFO - Sync 10 DAGs
[2024-09-27T15:46:51.716+0000] {logging_mixin.py:190} INFO - [2024-09-27T15:46:51.716+0000] {dag.py:4180} INFO - Setting next_dagrun for conditional_dataset_and_time_based_timetable to 2024-09-25 01:00:00+00:00, run_after=2024-09-25 01:00:00+00:00
[2024-09-27T15:46:51.718+0000] {logging_mixin.py:190} INFO - [2024-09-27T15:46:51.718+0000] {dag.py:4180} INFO - Setting next_dagrun for consume_1_and_2_with_dataset_expressions to None, run_after=None
[2024-09-27T15:46:51.719+0000] {logging_mixin.py:190} INFO - [2024-09-27T15:46:51.719+0000] {dag.py:4180} INFO - Setting next_dagrun for consume_1_or_2_with_dataset_expressions to None, run_after=None
[2024-09-27T15:46:51.719+0000] {logging_mixin.py:190} INFO - [2024-09-27T15:46:51.719+0000] {dag.py:4180} INFO - Setting next_dagrun for consume_1_or_both_2_and_3_with_dataset_expressions to None, run_after=None
[2024-09-27T15:46:51.720+0000] {logging_mixin.py:190} INFO - [2024-09-27T15:46:51.720+0000] {dag.py:4180} INFO - Setting next_dagrun for dataset_consumes_1 to None, run_after=None
[2024-09-27T15:46:51.721+0000] {logging_mixin.py:190} INFO - [2024-09-27T15:46:51.721+0000] {dag.py:4180} INFO - Setting next_dagrun for dataset_consumes_1_and_2 to None, run_after=None
[2024-09-27T15:46:51.721+0000] {logging_mixin.py:190} INFO - [2024-09-27T15:46:51.721+0000] {dag.py:4180} INFO - Setting next_dagrun for dataset_consumes_1_never_scheduled to None, run_after=None
[2024-09-27T15:46:51.722+0000] {logging_mixin.py:190} INFO - [2024-09-27T15:46:51.722+0000] {dag.py:4180} INFO - Setting next_dagrun for dataset_consumes_unknown_never_scheduled to None, run_after=None
[2024-09-27T15:46:51.723+0000] {logging_mixin.py:190} INFO - [2024-09-27T15:46:51.723+0000] {dag.py:4180} INFO - Setting next_dagrun for dataset_produces_1 to 2024-09-26 00:00:00+00:00, run_after=2024-09-27 00:00:00+00:00
[2024-09-27T15:46:51.724+0000] {logging_mixin.py:190} INFO - [2024-09-27T15:46:51.724+0000] {dag.py:4180} INFO - Setting next_dagrun for dataset_produces_2 to None, run_after=None
[2024-09-27T15:46:51.742+0000] {processor.py:208} INFO - Processing /home/airflow/.local/lib/python3.12/site-packages/airflow/example_dags/example_datasets.py took 0.254 seconds
[2024-09-27T15:47:22.335+0000] {processor.py:186} INFO - Started process (PID=207) to work on /home/airflow/.local/lib/python3.12/site-packages/airflow/example_dags/example_datasets.py
[2024-09-27T15:47:22.337+0000] {processor.py:914} INFO - Processing file /home/airflow/.local/lib/python3.12/site-packages/airflow/example_dags/example_datasets.py for tasks to queue
[2024-09-27T15:47:22.340+0000] {logging_mixin.py:190} INFO - [2024-09-27T15:47:22.339+0000] {dagbag.py:588} INFO - Filling up the DagBag from /home/airflow/.local/lib/python3.12/site-packages/airflow/example_dags/example_datasets.py
[2024-09-27T15:47:22.448+0000] {processor.py:925} INFO - DAG(s) 'dataset_consumes_1', 'consume_1_or_2_with_dataset_expressions', 'consume_1_or_both_2_and_3_with_dataset_expressions', 'dataset_produces_2', 'dataset_consumes_1_and_2', 'consume_1_and_2_with_dataset_expressions', 'dataset_consumes_unknown_never_scheduled', 'dataset_produces_1', 'conditional_dataset_and_time_based_timetable', 'dataset_consumes_1_never_scheduled' retrieved from /home/airflow/.local/lib/python3.12/site-packages/airflow/example_dags/example_datasets.py
[2024-09-27T15:47:22.472+0000] {logging_mixin.py:190} INFO - [2024-09-27T15:47:22.472+0000] {dag.py:3239} INFO - Sync 10 DAGs
[2024-09-27T15:47:22.485+0000] {logging_mixin.py:190} INFO - [2024-09-27T15:47:22.485+0000] {dag.py:4180} INFO - Setting next_dagrun for conditional_dataset_and_time_based_timetable to 2024-09-25 01:00:00+00:00, run_after=2024-09-25 01:00:00+00:00
[2024-09-27T15:47:22.487+0000] {logging_mixin.py:190} INFO - [2024-09-27T15:47:22.487+0000] {dag.py:4180} INFO - Setting next_dagrun for consume_1_and_2_with_dataset_expressions to None, run_after=None
[2024-09-27T15:47:22.488+0000] {logging_mixin.py:190} INFO - [2024-09-27T15:47:22.488+0000] {dag.py:4180} INFO - Setting next_dagrun for consume_1_or_2_with_dataset_expressions to None, run_after=None
[2024-09-27T15:47:22.488+0000] {logging_mixin.py:190} INFO - [2024-09-27T15:47:22.488+0000] {dag.py:4180} INFO - Setting next_dagrun for consume_1_or_both_2_and_3_with_dataset_expressions to None, run_after=None
[2024-09-27T15:47:22.489+0000] {logging_mixin.py:190} INFO - [2024-09-27T15:47:22.489+0000] {dag.py:4180} INFO - Setting next_dagrun for dataset_consumes_1 to None, run_after=None
[2024-09-27T15:47:22.490+0000] {logging_mixin.py:190} INFO - [2024-09-27T15:47:22.490+0000] {dag.py:4180} INFO - Setting next_dagrun for dataset_consumes_1_and_2 to None, run_after=None
[2024-09-27T15:47:22.490+0000] {logging_mixin.py:190} INFO - [2024-09-27T15:47:22.490+0000] {dag.py:4180} INFO - Setting next_dagrun for dataset_consumes_1_never_scheduled to None, run_after=None
[2024-09-27T15:47:22.491+0000] {logging_mixin.py:190} INFO - [2024-09-27T15:47:22.491+0000] {dag.py:4180} INFO - Setting next_dagrun for dataset_consumes_unknown_never_scheduled to None, run_after=None
[2024-09-27T15:47:22.492+0000] {logging_mixin.py:190} INFO - [2024-09-27T15:47:22.492+0000] {dag.py:4180} INFO - Setting next_dagrun for dataset_produces_1 to 2024-09-26 00:00:00+00:00, run_after=2024-09-27 00:00:00+00:00
[2024-09-27T15:47:22.492+0000] {logging_mixin.py:190} INFO - [2024-09-27T15:47:22.492+0000] {dag.py:4180} INFO - Setting next_dagrun for dataset_produces_2 to None, run_after=None
[2024-09-27T15:47:22.515+0000] {processor.py:208} INFO - Processing /home/airflow/.local/lib/python3.12/site-packages/airflow/example_dags/example_datasets.py took 0.187 seconds
[2024-09-27T15:47:53.506+0000] {processor.py:186} INFO - Started process (PID=270) to work on /home/airflow/.local/lib/python3.12/site-packages/airflow/example_dags/example_datasets.py
[2024-09-27T15:47:53.509+0000] {processor.py:914} INFO - Processing file /home/airflow/.local/lib/python3.12/site-packages/airflow/example_dags/example_datasets.py for tasks to queue
[2024-09-27T15:47:53.516+0000] {logging_mixin.py:190} INFO - [2024-09-27T15:47:53.516+0000] {dagbag.py:588} INFO - Filling up the DagBag from /home/airflow/.local/lib/python3.12/site-packages/airflow/example_dags/example_datasets.py
[2024-09-27T15:47:53.668+0000] {processor.py:925} INFO - DAG(s) 'consume_1_or_both_2_and_3_with_dataset_expressions', 'conditional_dataset_and_time_based_timetable', 'dataset_produces_1', 'dataset_consumes_1_never_scheduled', 'consume_1_and_2_with_dataset_expressions', 'dataset_consumes_unknown_never_scheduled', 'dataset_consumes_1', 'consume_1_or_2_with_dataset_expressions', 'dataset_produces_2', 'dataset_consumes_1_and_2' retrieved from /home/airflow/.local/lib/python3.12/site-packages/airflow/example_dags/example_datasets.py
[2024-09-27T15:47:53.705+0000] {logging_mixin.py:190} INFO - [2024-09-27T15:47:53.705+0000] {dag.py:3239} INFO - Sync 10 DAGs
[2024-09-27T15:47:53.727+0000] {logging_mixin.py:190} INFO - [2024-09-27T15:47:53.727+0000] {dag.py:4180} INFO - Setting next_dagrun for conditional_dataset_and_time_based_timetable to 2024-09-25 01:00:00+00:00, run_after=2024-09-25 01:00:00+00:00
[2024-09-27T15:47:53.730+0000] {logging_mixin.py:190} INFO - [2024-09-27T15:47:53.729+0000] {dag.py:4180} INFO - Setting next_dagrun for consume_1_and_2_with_dataset_expressions to None, run_after=None
[2024-09-27T15:47:53.730+0000] {logging_mixin.py:190} INFO - [2024-09-27T15:47:53.730+0000] {dag.py:4180} INFO - Setting next_dagrun for consume_1_or_2_with_dataset_expressions to None, run_after=None
[2024-09-27T15:47:53.731+0000] {logging_mixin.py:190} INFO - [2024-09-27T15:47:53.731+0000] {dag.py:4180} INFO - Setting next_dagrun for consume_1_or_both_2_and_3_with_dataset_expressions to None, run_after=None
[2024-09-27T15:47:53.732+0000] {logging_mixin.py:190} INFO - [2024-09-27T15:47:53.732+0000] {dag.py:4180} INFO - Setting next_dagrun for dataset_consumes_1 to None, run_after=None
[2024-09-27T15:47:53.733+0000] {logging_mixin.py:190} INFO - [2024-09-27T15:47:53.733+0000] {dag.py:4180} INFO - Setting next_dagrun for dataset_consumes_1_and_2 to None, run_after=None
[2024-09-27T15:47:53.733+0000] {logging_mixin.py:190} INFO - [2024-09-27T15:47:53.733+0000] {dag.py:4180} INFO - Setting next_dagrun for dataset_consumes_1_never_scheduled to None, run_after=None
[2024-09-27T15:47:53.734+0000] {logging_mixin.py:190} INFO - [2024-09-27T15:47:53.734+0000] {dag.py:4180} INFO - Setting next_dagrun for dataset_consumes_unknown_never_scheduled to None, run_after=None
[2024-09-27T15:47:53.736+0000] {logging_mixin.py:190} INFO - [2024-09-27T15:47:53.735+0000] {dag.py:4180} INFO - Setting next_dagrun for dataset_produces_1 to 2024-09-26 00:00:00+00:00, run_after=2024-09-27 00:00:00+00:00
[2024-09-27T15:47:53.736+0000] {logging_mixin.py:190} INFO - [2024-09-27T15:47:53.736+0000] {dag.py:4180} INFO - Setting next_dagrun for dataset_produces_2 to None, run_after=None
[2024-09-27T15:47:53.756+0000] {processor.py:208} INFO - Processing /home/airflow/.local/lib/python3.12/site-packages/airflow/example_dags/example_datasets.py took 0.259 seconds
[2024-09-27T15:48:24.017+0000] {processor.py:186} INFO - Started process (PID=333) to work on /home/airflow/.local/lib/python3.12/site-packages/airflow/example_dags/example_datasets.py
[2024-09-27T15:48:24.017+0000] {processor.py:914} INFO - Processing file /home/airflow/.local/lib/python3.12/site-packages/airflow/example_dags/example_datasets.py for tasks to queue
[2024-09-27T15:48:24.019+0000] {logging_mixin.py:190} INFO - [2024-09-27T15:48:24.018+0000] {dagbag.py:588} INFO - Filling up the DagBag from /home/airflow/.local/lib/python3.12/site-packages/airflow/example_dags/example_datasets.py
[2024-09-27T15:48:24.102+0000] {processor.py:925} INFO - DAG(s) 'dataset_consumes_1_never_scheduled', 'consume_1_and_2_with_dataset_expressions', 'consume_1_or_2_with_dataset_expressions', 'conditional_dataset_and_time_based_timetable', 'dataset_consumes_unknown_never_scheduled', 'dataset_consumes_1', 'dataset_consumes_1_and_2', 'dataset_produces_1', 'consume_1_or_both_2_and_3_with_dataset_expressions', 'dataset_produces_2' retrieved from /home/airflow/.local/lib/python3.12/site-packages/airflow/example_dags/example_datasets.py
[2024-09-27T15:48:24.122+0000] {logging_mixin.py:190} INFO - [2024-09-27T15:48:24.121+0000] {dag.py:3239} INFO - Sync 10 DAGs
[2024-09-27T15:48:24.140+0000] {logging_mixin.py:190} INFO - [2024-09-27T15:48:24.140+0000] {dag.py:4180} INFO - Setting next_dagrun for conditional_dataset_and_time_based_timetable to 2024-09-25 01:00:00+00:00, run_after=2024-09-25 01:00:00+00:00
[2024-09-27T15:48:24.143+0000] {logging_mixin.py:190} INFO - [2024-09-27T15:48:24.143+0000] {dag.py:4180} INFO - Setting next_dagrun for consume_1_and_2_with_dataset_expressions to None, run_after=None
[2024-09-27T15:48:24.145+0000] {logging_mixin.py:190} INFO - [2024-09-27T15:48:24.145+0000] {dag.py:4180} INFO - Setting next_dagrun for consume_1_or_2_with_dataset_expressions to None, run_after=None
[2024-09-27T15:48:24.149+0000] {logging_mixin.py:190} INFO - [2024-09-27T15:48:24.149+0000] {dag.py:4180} INFO - Setting next_dagrun for consume_1_or_both_2_and_3_with_dataset_expressions to None, run_after=None
[2024-09-27T15:48:24.150+0000] {logging_mixin.py:190} INFO - [2024-09-27T15:48:24.150+0000] {dag.py:4180} INFO - Setting next_dagrun for dataset_consumes_1 to None, run_after=None
[2024-09-27T15:48:24.152+0000] {logging_mixin.py:190} INFO - [2024-09-27T15:48:24.152+0000] {dag.py:4180} INFO - Setting next_dagrun for dataset_consumes_1_and_2 to None, run_after=None
[2024-09-27T15:48:24.153+0000] {logging_mixin.py:190} INFO - [2024-09-27T15:48:24.153+0000] {dag.py:4180} INFO - Setting next_dagrun for dataset_consumes_1_never_scheduled to None, run_after=None
[2024-09-27T15:48:24.157+0000] {logging_mixin.py:190} INFO - [2024-09-27T15:48:24.157+0000] {dag.py:4180} INFO - Setting next_dagrun for dataset_consumes_unknown_never_scheduled to None, run_after=None
[2024-09-27T15:48:24.159+0000] {logging_mixin.py:190} INFO - [2024-09-27T15:48:24.159+0000] {dag.py:4180} INFO - Setting next_dagrun for dataset_produces_1 to 2024-09-26 00:00:00+00:00, run_after=2024-09-27 00:00:00+00:00
[2024-09-27T15:48:24.160+0000] {logging_mixin.py:190} INFO - [2024-09-27T15:48:24.160+0000] {dag.py:4180} INFO - Setting next_dagrun for dataset_produces_2 to None, run_after=None
[2024-09-27T15:48:24.181+0000] {processor.py:208} INFO - Processing /home/airflow/.local/lib/python3.12/site-packages/airflow/example_dags/example_datasets.py took 0.167 seconds
[2024-09-27T15:48:54.429+0000] {processor.py:186} INFO - Started process (PID=396) to work on /home/airflow/.local/lib/python3.12/site-packages/airflow/example_dags/example_datasets.py
[2024-09-27T15:48:54.430+0000] {processor.py:914} INFO - Processing file /home/airflow/.local/lib/python3.12/site-packages/airflow/example_dags/example_datasets.py for tasks to queue
[2024-09-27T15:48:54.431+0000] {logging_mixin.py:190} INFO - [2024-09-27T15:48:54.431+0000] {dagbag.py:588} INFO - Filling up the DagBag from /home/airflow/.local/lib/python3.12/site-packages/airflow/example_dags/example_datasets.py
[2024-09-27T15:48:54.529+0000] {processor.py:925} INFO - DAG(s) 'consume_1_or_2_with_dataset_expressions', 'conditional_dataset_and_time_based_timetable', 'consume_1_and_2_with_dataset_expressions', 'dataset_consumes_unknown_never_scheduled', 'dataset_consumes_1_and_2', 'dataset_produces_2', 'consume_1_or_both_2_and_3_with_dataset_expressions', 'dataset_consumes_1_never_scheduled', 'dataset_produces_1', 'dataset_consumes_1' retrieved from /home/airflow/.local/lib/python3.12/site-packages/airflow/example_dags/example_datasets.py
[2024-09-27T15:48:54.558+0000] {logging_mixin.py:190} INFO - [2024-09-27T15:48:54.558+0000] {dag.py:3239} INFO - Sync 10 DAGs
[2024-09-27T15:48:54.578+0000] {logging_mixin.py:190} INFO - [2024-09-27T15:48:54.578+0000] {dag.py:4180} INFO - Setting next_dagrun for conditional_dataset_and_time_based_timetable to 2024-09-25 01:00:00+00:00, run_after=2024-09-25 01:00:00+00:00
[2024-09-27T15:48:54.580+0000] {logging_mixin.py:190} INFO - [2024-09-27T15:48:54.580+0000] {dag.py:4180} INFO - Setting next_dagrun for consume_1_and_2_with_dataset_expressions to None, run_after=None
[2024-09-27T15:48:54.581+0000] {logging_mixin.py:190} INFO - [2024-09-27T15:48:54.581+0000] {dag.py:4180} INFO - Setting next_dagrun for consume_1_or_2_with_dataset_expressions to None, run_after=None
[2024-09-27T15:48:54.582+0000] {logging_mixin.py:190} INFO - [2024-09-27T15:48:54.582+0000] {dag.py:4180} INFO - Setting next_dagrun for consume_1_or_both_2_and_3_with_dataset_expressions to None, run_after=None
[2024-09-27T15:48:54.583+0000] {logging_mixin.py:190} INFO - [2024-09-27T15:48:54.583+0000] {dag.py:4180} INFO - Setting next_dagrun for dataset_consumes_1 to None, run_after=None
[2024-09-27T15:48:54.583+0000] {logging_mixin.py:190} INFO - [2024-09-27T15:48:54.583+0000] {dag.py:4180} INFO - Setting next_dagrun for dataset_consumes_1_and_2 to None, run_after=None
[2024-09-27T15:48:54.584+0000] {logging_mixin.py:190} INFO - [2024-09-27T15:48:54.584+0000] {dag.py:4180} INFO - Setting next_dagrun for dataset_consumes_1_never_scheduled to None, run_after=None
[2024-09-27T15:48:54.585+0000] {logging_mixin.py:190} INFO - [2024-09-27T15:48:54.585+0000] {dag.py:4180} INFO - Setting next_dagrun for dataset_consumes_unknown_never_scheduled to None, run_after=None
[2024-09-27T15:48:54.588+0000] {logging_mixin.py:190} INFO - [2024-09-27T15:48:54.587+0000] {dag.py:4180} INFO - Setting next_dagrun for dataset_produces_1 to 2024-09-26 00:00:00+00:00, run_after=2024-09-27 00:00:00+00:00
[2024-09-27T15:48:54.589+0000] {logging_mixin.py:190} INFO - [2024-09-27T15:48:54.589+0000] {dag.py:4180} INFO - Setting next_dagrun for dataset_produces_2 to None, run_after=None
[2024-09-27T15:48:54.611+0000] {processor.py:208} INFO - Processing /home/airflow/.local/lib/python3.12/site-packages/airflow/example_dags/example_datasets.py took 0.185 seconds
[2024-09-27T15:49:25.323+0000] {processor.py:186} INFO - Started process (PID=459) to work on /home/airflow/.local/lib/python3.12/site-packages/airflow/example_dags/example_datasets.py
[2024-09-27T15:49:25.324+0000] {processor.py:914} INFO - Processing file /home/airflow/.local/lib/python3.12/site-packages/airflow/example_dags/example_datasets.py for tasks to queue
[2024-09-27T15:49:25.326+0000] {logging_mixin.py:190} INFO - [2024-09-27T15:49:25.326+0000] {dagbag.py:588} INFO - Filling up the DagBag from /home/airflow/.local/lib/python3.12/site-packages/airflow/example_dags/example_datasets.py
[2024-09-27T15:49:25.431+0000] {processor.py:925} INFO - DAG(s) 'dataset_produces_1', 'dataset_consumes_1_never_scheduled', 'dataset_consumes_1', 'dataset_consumes_unknown_never_scheduled', 'dataset_produces_2', 'consume_1_or_both_2_and_3_with_dataset_expressions', 'conditional_dataset_and_time_based_timetable', 'consume_1_and_2_with_dataset_expressions', 'consume_1_or_2_with_dataset_expressions', 'dataset_consumes_1_and_2' retrieved from /home/airflow/.local/lib/python3.12/site-packages/airflow/example_dags/example_datasets.py
[2024-09-27T15:49:25.454+0000] {logging_mixin.py:190} INFO - [2024-09-27T15:49:25.454+0000] {dag.py:3239} INFO - Sync 10 DAGs
[2024-09-27T15:49:25.471+0000] {logging_mixin.py:190} INFO - [2024-09-27T15:49:25.471+0000] {dag.py:4180} INFO - Setting next_dagrun for conditional_dataset_and_time_based_timetable to 2024-09-25 01:00:00+00:00, run_after=2024-09-25 01:00:00+00:00
[2024-09-27T15:49:25.473+0000] {logging_mixin.py:190} INFO - [2024-09-27T15:49:25.473+0000] {dag.py:4180} INFO - Setting next_dagrun for consume_1_and_2_with_dataset_expressions to None, run_after=None
[2024-09-27T15:49:25.474+0000] {logging_mixin.py:190} INFO - [2024-09-27T15:49:25.474+0000] {dag.py:4180} INFO - Setting next_dagrun for consume_1_or_2_with_dataset_expressions to None, run_after=None
[2024-09-27T15:49:25.475+0000] {logging_mixin.py:190} INFO - [2024-09-27T15:49:25.475+0000] {dag.py:4180} INFO - Setting next_dagrun for consume_1_or_both_2_and_3_with_dataset_expressions to None, run_after=None
[2024-09-27T15:49:25.476+0000] {logging_mixin.py:190} INFO - [2024-09-27T15:49:25.476+0000] {dag.py:4180} INFO - Setting next_dagrun for dataset_consumes_1 to None, run_after=None
[2024-09-27T15:49:25.477+0000] {logging_mixin.py:190} INFO - [2024-09-27T15:49:25.477+0000] {dag.py:4180} INFO - Setting next_dagrun for dataset_consumes_1_and_2 to None, run_after=None
[2024-09-27T15:49:25.478+0000] {logging_mixin.py:190} INFO - [2024-09-27T15:49:25.478+0000] {dag.py:4180} INFO - Setting next_dagrun for dataset_consumes_1_never_scheduled to None, run_after=None
[2024-09-27T15:49:25.479+0000] {logging_mixin.py:190} INFO - [2024-09-27T15:49:25.478+0000] {dag.py:4180} INFO - Setting next_dagrun for dataset_consumes_unknown_never_scheduled to None, run_after=None
[2024-09-27T15:49:25.480+0000] {logging_mixin.py:190} INFO - [2024-09-27T15:49:25.480+0000] {dag.py:4180} INFO - Setting next_dagrun for dataset_produces_1 to 2024-09-26 00:00:00+00:00, run_after=2024-09-27 00:00:00+00:00
[2024-09-27T15:49:25.481+0000] {logging_mixin.py:190} INFO - [2024-09-27T15:49:25.481+0000] {dag.py:4180} INFO - Setting next_dagrun for dataset_produces_2 to None, run_after=None
[2024-09-27T15:49:25.498+0000] {processor.py:208} INFO - Processing /home/airflow/.local/lib/python3.12/site-packages/airflow/example_dags/example_datasets.py took 0.178 seconds
[2024-09-27T15:49:56.057+0000] {processor.py:186} INFO - Started process (PID=522) to work on /home/airflow/.local/lib/python3.12/site-packages/airflow/example_dags/example_datasets.py
[2024-09-27T15:49:56.058+0000] {processor.py:914} INFO - Processing file /home/airflow/.local/lib/python3.12/site-packages/airflow/example_dags/example_datasets.py for tasks to queue
[2024-09-27T15:49:56.060+0000] {logging_mixin.py:190} INFO - [2024-09-27T15:49:56.060+0000] {dagbag.py:588} INFO - Filling up the DagBag from /home/airflow/.local/lib/python3.12/site-packages/airflow/example_dags/example_datasets.py
[2024-09-27T15:49:56.166+0000] {processor.py:925} INFO - DAG(s) 'consume_1_and_2_with_dataset_expressions', 'dataset_consumes_1_never_scheduled', 'dataset_produces_1', 'conditional_dataset_and_time_based_timetable', 'dataset_consumes_unknown_never_scheduled', 'dataset_consumes_1_and_2', 'consume_1_or_2_with_dataset_expressions', 'consume_1_or_both_2_and_3_with_dataset_expressions', 'dataset_produces_2', 'dataset_consumes_1' retrieved from /home/airflow/.local/lib/python3.12/site-packages/airflow/example_dags/example_datasets.py
[2024-09-27T15:49:56.194+0000] {logging_mixin.py:190} INFO - [2024-09-27T15:49:56.194+0000] {dag.py:3239} INFO - Sync 10 DAGs
[2024-09-27T15:49:56.209+0000] {logging_mixin.py:190} INFO - [2024-09-27T15:49:56.208+0000] {dag.py:4180} INFO - Setting next_dagrun for conditional_dataset_and_time_based_timetable to 2024-09-25 01:00:00+00:00, run_after=2024-09-25 01:00:00+00:00
[2024-09-27T15:49:56.211+0000] {logging_mixin.py:190} INFO - [2024-09-27T15:49:56.211+0000] {dag.py:4180} INFO - Setting next_dagrun for consume_1_and_2_with_dataset_expressions to None, run_after=None
[2024-09-27T15:49:56.212+0000] {logging_mixin.py:190} INFO - [2024-09-27T15:49:56.212+0000] {dag.py:4180} INFO - Setting next_dagrun for consume_1_or_2_with_dataset_expressions to None, run_after=None
[2024-09-27T15:49:56.213+0000] {logging_mixin.py:190} INFO - [2024-09-27T15:49:56.212+0000] {dag.py:4180} INFO - Setting next_dagrun for consume_1_or_both_2_and_3_with_dataset_expressions to None, run_after=None
[2024-09-27T15:49:56.213+0000] {logging_mixin.py:190} INFO - [2024-09-27T15:49:56.213+0000] {dag.py:4180} INFO - Setting next_dagrun for dataset_consumes_1 to None, run_after=None
[2024-09-27T15:49:56.215+0000] {logging_mixin.py:190} INFO - [2024-09-27T15:49:56.215+0000] {dag.py:4180} INFO - Setting next_dagrun for dataset_consumes_1_and_2 to None, run_after=None
[2024-09-27T15:49:56.216+0000] {logging_mixin.py:190} INFO - [2024-09-27T15:49:56.216+0000] {dag.py:4180} INFO - Setting next_dagrun for dataset_consumes_1_never_scheduled to None, run_after=None
[2024-09-27T15:49:56.217+0000] {logging_mixin.py:190} INFO - [2024-09-27T15:49:56.217+0000] {dag.py:4180} INFO - Setting next_dagrun for dataset_consumes_unknown_never_scheduled to None, run_after=None
[2024-09-27T15:49:56.218+0000] {logging_mixin.py:190} INFO - [2024-09-27T15:49:56.218+0000] {dag.py:4180} INFO - Setting next_dagrun for dataset_produces_1 to 2024-09-26 00:00:00+00:00, run_after=2024-09-27 00:00:00+00:00
[2024-09-27T15:49:56.219+0000] {logging_mixin.py:190} INFO - [2024-09-27T15:49:56.219+0000] {dag.py:4180} INFO - Setting next_dagrun for dataset_produces_2 to None, run_after=None
[2024-09-27T15:49:56.235+0000] {processor.py:208} INFO - Processing /home/airflow/.local/lib/python3.12/site-packages/airflow/example_dags/example_datasets.py took 0.182 seconds
