[2024-09-27T15:46:19.972+0000] {processor.py:186} INFO - Started process (PID=74) to work on /home/airflow/.local/lib/python3.12/site-packages/airflow/example_dags/example_branch_python_dop_operator_3.py
[2024-09-27T15:46:19.973+0000] {processor.py:914} INFO - Processing file /home/airflow/.local/lib/python3.12/site-packages/airflow/example_dags/example_branch_python_dop_operator_3.py for tasks to queue
[2024-09-27T15:46:19.975+0000] {logging_mixin.py:190} INFO - [2024-09-27T15:46:19.975+0000] {dagbag.py:588} INFO - Filling up the DagBag from /home/airflow/.local/lib/python3.12/site-packages/airflow/example_dags/example_branch_python_dop_operator_3.py
[2024-09-27T15:46:19.983+0000] {processor.py:925} INFO - DAG(s) 'example_branch_dop_operator_v3' retrieved from /home/airflow/.local/lib/python3.12/site-packages/airflow/example_dags/example_branch_python_dop_operator_3.py
[2024-09-27T15:46:20.039+0000] {logging_mixin.py:190} INFO - [2024-09-27T15:46:20.039+0000] {override.py:1900} INFO - Created Permission View: can delete on DAG:example_branch_dop_operator_v3
[2024-09-27T15:46:20.047+0000] {logging_mixin.py:190} INFO - [2024-09-27T15:46:20.047+0000] {override.py:1900} INFO - Created Permission View: can read on DAG:example_branch_dop_operator_v3
[2024-09-27T15:46:20.050+0000] {logging_mixin.py:190} INFO - [2024-09-27T15:46:20.050+0000] {override.py:1900} INFO - Created Permission View: can edit on DAG:example_branch_dop_operator_v3
[2024-09-27T15:46:20.052+0000] {logging_mixin.py:190} INFO - [2024-09-27T15:46:20.052+0000] {override.py:1900} INFO - Created Permission View: can create on DAG Run:example_branch_dop_operator_v3
[2024-09-27T15:46:20.055+0000] {logging_mixin.py:190} INFO - [2024-09-27T15:46:20.055+0000] {override.py:1900} INFO - Created Permission View: can delete on DAG Run:example_branch_dop_operator_v3
[2024-09-27T15:46:20.058+0000] {logging_mixin.py:190} INFO - [2024-09-27T15:46:20.057+0000] {override.py:1900} INFO - Created Permission View: menu access on DAG Run:example_branch_dop_operator_v3
[2024-09-27T15:46:20.060+0000] {logging_mixin.py:190} INFO - [2024-09-27T15:46:20.059+0000] {override.py:1900} INFO - Created Permission View: can read on DAG Run:example_branch_dop_operator_v3
[2024-09-27T15:46:20.060+0000] {logging_mixin.py:190} INFO - [2024-09-27T15:46:20.060+0000] {dag.py:3239} INFO - Sync 1 DAGs
[2024-09-27T15:46:20.066+0000] {logging_mixin.py:190} INFO - [2024-09-27T15:46:20.066+0000] {dag.py:3262} INFO - Creating ORM DAG for example_branch_dop_operator_v3
[2024-09-27T15:46:20.072+0000] {logging_mixin.py:190} INFO - [2024-09-27T15:46:20.072+0000] {dag.py:4180} INFO - Setting next_dagrun for example_branch_dop_operator_v3 to 2024-09-27 15:45:00+00:00, run_after=2024-09-27 15:46:00+00:00
[2024-09-27T15:46:20.079+0000] {processor.py:208} INFO - Processing /home/airflow/.local/lib/python3.12/site-packages/airflow/example_dags/example_branch_python_dop_operator_3.py took 0.111 seconds
[2024-09-27T15:46:50.199+0000] {processor.py:186} INFO - Started process (PID=137) to work on /home/airflow/.local/lib/python3.12/site-packages/airflow/example_dags/example_branch_python_dop_operator_3.py
[2024-09-27T15:46:50.200+0000] {processor.py:914} INFO - Processing file /home/airflow/.local/lib/python3.12/site-packages/airflow/example_dags/example_branch_python_dop_operator_3.py for tasks to queue
[2024-09-27T15:46:50.201+0000] {logging_mixin.py:190} INFO - [2024-09-27T15:46:50.201+0000] {dagbag.py:588} INFO - Filling up the DagBag from /home/airflow/.local/lib/python3.12/site-packages/airflow/example_dags/example_branch_python_dop_operator_3.py
[2024-09-27T15:46:50.206+0000] {processor.py:925} INFO - DAG(s) 'example_branch_dop_operator_v3' retrieved from /home/airflow/.local/lib/python3.12/site-packages/airflow/example_dags/example_branch_python_dop_operator_3.py
[2024-09-27T15:46:50.216+0000] {logging_mixin.py:190} INFO - [2024-09-27T15:46:50.216+0000] {dag.py:3239} INFO - Sync 1 DAGs
[2024-09-27T15:46:50.228+0000] {logging_mixin.py:190} INFO - [2024-09-27T15:46:50.228+0000] {dag.py:4180} INFO - Setting next_dagrun for example_branch_dop_operator_v3 to 2024-09-27 15:45:00+00:00, run_after=2024-09-27 15:46:00+00:00
[2024-09-27T15:46:50.237+0000] {processor.py:208} INFO - Processing /home/airflow/.local/lib/python3.12/site-packages/airflow/example_dags/example_branch_python_dop_operator_3.py took 0.042 seconds
[2024-09-27T15:47:21.088+0000] {processor.py:186} INFO - Started process (PID=200) to work on /home/airflow/.local/lib/python3.12/site-packages/airflow/example_dags/example_branch_python_dop_operator_3.py
[2024-09-27T15:47:21.089+0000] {processor.py:914} INFO - Processing file /home/airflow/.local/lib/python3.12/site-packages/airflow/example_dags/example_branch_python_dop_operator_3.py for tasks to queue
[2024-09-27T15:47:21.090+0000] {logging_mixin.py:190} INFO - [2024-09-27T15:47:21.090+0000] {dagbag.py:588} INFO - Filling up the DagBag from /home/airflow/.local/lib/python3.12/site-packages/airflow/example_dags/example_branch_python_dop_operator_3.py
[2024-09-27T15:47:21.096+0000] {processor.py:925} INFO - DAG(s) 'example_branch_dop_operator_v3' retrieved from /home/airflow/.local/lib/python3.12/site-packages/airflow/example_dags/example_branch_python_dop_operator_3.py
[2024-09-27T15:47:21.106+0000] {logging_mixin.py:190} INFO - [2024-09-27T15:47:21.106+0000] {dag.py:3239} INFO - Sync 1 DAGs
[2024-09-27T15:47:21.119+0000] {logging_mixin.py:190} INFO - [2024-09-27T15:47:21.119+0000] {dag.py:4180} INFO - Setting next_dagrun for example_branch_dop_operator_v3 to 2024-09-27 15:46:00+00:00, run_after=2024-09-27 15:47:00+00:00
[2024-09-27T15:47:21.128+0000] {processor.py:208} INFO - Processing /home/airflow/.local/lib/python3.12/site-packages/airflow/example_dags/example_branch_python_dop_operator_3.py took 0.042 seconds
[2024-09-27T15:47:52.156+0000] {processor.py:186} INFO - Started process (PID=263) to work on /home/airflow/.local/lib/python3.12/site-packages/airflow/example_dags/example_branch_python_dop_operator_3.py
[2024-09-27T15:47:52.157+0000] {processor.py:914} INFO - Processing file /home/airflow/.local/lib/python3.12/site-packages/airflow/example_dags/example_branch_python_dop_operator_3.py for tasks to queue
[2024-09-27T15:47:52.158+0000] {logging_mixin.py:190} INFO - [2024-09-27T15:47:52.158+0000] {dagbag.py:588} INFO - Filling up the DagBag from /home/airflow/.local/lib/python3.12/site-packages/airflow/example_dags/example_branch_python_dop_operator_3.py
[2024-09-27T15:47:52.164+0000] {processor.py:925} INFO - DAG(s) 'example_branch_dop_operator_v3' retrieved from /home/airflow/.local/lib/python3.12/site-packages/airflow/example_dags/example_branch_python_dop_operator_3.py
[2024-09-27T15:47:52.175+0000] {logging_mixin.py:190} INFO - [2024-09-27T15:47:52.175+0000] {dag.py:3239} INFO - Sync 1 DAGs
[2024-09-27T15:47:52.188+0000] {logging_mixin.py:190} INFO - [2024-09-27T15:47:52.188+0000] {dag.py:4180} INFO - Setting next_dagrun for example_branch_dop_operator_v3 to 2024-09-27 15:46:00+00:00, run_after=2024-09-27 15:47:00+00:00
[2024-09-27T15:47:52.198+0000] {processor.py:208} INFO - Processing /home/airflow/.local/lib/python3.12/site-packages/airflow/example_dags/example_branch_python_dop_operator_3.py took 0.045 seconds
[2024-09-27T15:48:22.782+0000] {processor.py:186} INFO - Started process (PID=326) to work on /home/airflow/.local/lib/python3.12/site-packages/airflow/example_dags/example_branch_python_dop_operator_3.py
[2024-09-27T15:48:22.783+0000] {processor.py:914} INFO - Processing file /home/airflow/.local/lib/python3.12/site-packages/airflow/example_dags/example_branch_python_dop_operator_3.py for tasks to queue
[2024-09-27T15:48:22.784+0000] {logging_mixin.py:190} INFO - [2024-09-27T15:48:22.784+0000] {dagbag.py:588} INFO - Filling up the DagBag from /home/airflow/.local/lib/python3.12/site-packages/airflow/example_dags/example_branch_python_dop_operator_3.py
[2024-09-27T15:48:22.790+0000] {processor.py:925} INFO - DAG(s) 'example_branch_dop_operator_v3' retrieved from /home/airflow/.local/lib/python3.12/site-packages/airflow/example_dags/example_branch_python_dop_operator_3.py
[2024-09-27T15:48:22.803+0000] {logging_mixin.py:190} INFO - [2024-09-27T15:48:22.803+0000] {dag.py:3239} INFO - Sync 1 DAGs
[2024-09-27T15:48:22.816+0000] {logging_mixin.py:190} INFO - [2024-09-27T15:48:22.816+0000] {dag.py:4180} INFO - Setting next_dagrun for example_branch_dop_operator_v3 to 2024-09-27 15:47:00+00:00, run_after=2024-09-27 15:48:00+00:00
[2024-09-27T15:48:22.825+0000] {processor.py:208} INFO - Processing /home/airflow/.local/lib/python3.12/site-packages/airflow/example_dags/example_branch_python_dop_operator_3.py took 0.047 seconds
[2024-09-27T15:48:53.222+0000] {processor.py:186} INFO - Started process (PID=389) to work on /home/airflow/.local/lib/python3.12/site-packages/airflow/example_dags/example_branch_python_dop_operator_3.py
[2024-09-27T15:48:53.223+0000] {processor.py:914} INFO - Processing file /home/airflow/.local/lib/python3.12/site-packages/airflow/example_dags/example_branch_python_dop_operator_3.py for tasks to queue
[2024-09-27T15:48:53.224+0000] {logging_mixin.py:190} INFO - [2024-09-27T15:48:53.224+0000] {dagbag.py:588} INFO - Filling up the DagBag from /home/airflow/.local/lib/python3.12/site-packages/airflow/example_dags/example_branch_python_dop_operator_3.py
[2024-09-27T15:48:53.230+0000] {processor.py:925} INFO - DAG(s) 'example_branch_dop_operator_v3' retrieved from /home/airflow/.local/lib/python3.12/site-packages/airflow/example_dags/example_branch_python_dop_operator_3.py
[2024-09-27T15:48:53.240+0000] {logging_mixin.py:190} INFO - [2024-09-27T15:48:53.240+0000] {dag.py:3239} INFO - Sync 1 DAGs
[2024-09-27T15:48:53.253+0000] {logging_mixin.py:190} INFO - [2024-09-27T15:48:53.253+0000] {dag.py:4180} INFO - Setting next_dagrun for example_branch_dop_operator_v3 to 2024-09-27 15:47:00+00:00, run_after=2024-09-27 15:48:00+00:00
[2024-09-27T15:48:53.261+0000] {processor.py:208} INFO - Processing /home/airflow/.local/lib/python3.12/site-packages/airflow/example_dags/example_branch_python_dop_operator_3.py took 0.043 seconds
[2024-09-27T15:49:24.089+0000] {processor.py:186} INFO - Started process (PID=452) to work on /home/airflow/.local/lib/python3.12/site-packages/airflow/example_dags/example_branch_python_dop_operator_3.py
[2024-09-27T15:49:24.089+0000] {processor.py:914} INFO - Processing file /home/airflow/.local/lib/python3.12/site-packages/airflow/example_dags/example_branch_python_dop_operator_3.py for tasks to queue
[2024-09-27T15:49:24.091+0000] {logging_mixin.py:190} INFO - [2024-09-27T15:49:24.090+0000] {dagbag.py:588} INFO - Filling up the DagBag from /home/airflow/.local/lib/python3.12/site-packages/airflow/example_dags/example_branch_python_dop_operator_3.py
[2024-09-27T15:49:24.096+0000] {processor.py:925} INFO - DAG(s) 'example_branch_dop_operator_v3' retrieved from /home/airflow/.local/lib/python3.12/site-packages/airflow/example_dags/example_branch_python_dop_operator_3.py
[2024-09-27T15:49:24.106+0000] {logging_mixin.py:190} INFO - [2024-09-27T15:49:24.106+0000] {dag.py:3239} INFO - Sync 1 DAGs
[2024-09-27T15:49:24.119+0000] {logging_mixin.py:190} INFO - [2024-09-27T15:49:24.119+0000] {dag.py:4180} INFO - Setting next_dagrun for example_branch_dop_operator_v3 to 2024-09-27 15:48:00+00:00, run_after=2024-09-27 15:49:00+00:00
[2024-09-27T15:49:24.128+0000] {processor.py:208} INFO - Processing /home/airflow/.local/lib/python3.12/site-packages/airflow/example_dags/example_branch_python_dop_operator_3.py took 0.042 seconds
[2024-09-27T15:49:54.843+0000] {processor.py:186} INFO - Started process (PID=515) to work on /home/airflow/.local/lib/python3.12/site-packages/airflow/example_dags/example_branch_python_dop_operator_3.py
[2024-09-27T15:49:54.844+0000] {processor.py:914} INFO - Processing file /home/airflow/.local/lib/python3.12/site-packages/airflow/example_dags/example_branch_python_dop_operator_3.py for tasks to queue
[2024-09-27T15:49:54.846+0000] {logging_mixin.py:190} INFO - [2024-09-27T15:49:54.846+0000] {dagbag.py:588} INFO - Filling up the DagBag from /home/airflow/.local/lib/python3.12/site-packages/airflow/example_dags/example_branch_python_dop_operator_3.py
[2024-09-27T15:49:54.852+0000] {processor.py:925} INFO - DAG(s) 'example_branch_dop_operator_v3' retrieved from /home/airflow/.local/lib/python3.12/site-packages/airflow/example_dags/example_branch_python_dop_operator_3.py
[2024-09-27T15:49:54.862+0000] {logging_mixin.py:190} INFO - [2024-09-27T15:49:54.861+0000] {dag.py:3239} INFO - Sync 1 DAGs
[2024-09-27T15:49:54.874+0000] {logging_mixin.py:190} INFO - [2024-09-27T15:49:54.873+0000] {dag.py:4180} INFO - Setting next_dagrun for example_branch_dop_operator_v3 to 2024-09-27 15:48:00+00:00, run_after=2024-09-27 15:49:00+00:00
[2024-09-27T15:49:54.884+0000] {processor.py:208} INFO - Processing /home/airflow/.local/lib/python3.12/site-packages/airflow/example_dags/example_branch_python_dop_operator_3.py took 0.044 seconds
