[2024-09-27T15:46:20.210+0000] {processor.py:186} INFO - Started process (PID=78) to work on /home/airflow/.local/lib/python3.12/site-packages/airflow/example_dags/tutorial_taskflow_api_virtualenv.py
[2024-09-27T15:46:20.211+0000] {processor.py:914} INFO - Processing file /home/airflow/.local/lib/python3.12/site-packages/airflow/example_dags/tutorial_taskflow_api_virtualenv.py for tasks to queue
[2024-09-27T15:46:20.212+0000] {logging_mixin.py:190} INFO - [2024-09-27T15:46:20.212+0000] {dagbag.py:588} INFO - Filling up the DagBag from /home/airflow/.local/lib/python3.12/site-packages/airflow/example_dags/tutorial_taskflow_api_virtualenv.py
[2024-09-27T15:46:20.219+0000] {processor.py:925} INFO - DAG(s) 'tutorial_taskflow_api_virtualenv' retrieved from /home/airflow/.local/lib/python3.12/site-packages/airflow/example_dags/tutorial_taskflow_api_virtualenv.py
[2024-09-27T15:46:20.265+0000] {logging_mixin.py:190} INFO - [2024-09-27T15:46:20.265+0000] {override.py:1900} INFO - Created Permission View: can delete on DAG:tutorial_taskflow_api_virtualenv
[2024-09-27T15:46:20.270+0000] {logging_mixin.py:190} INFO - [2024-09-27T15:46:20.270+0000] {override.py:1900} INFO - Created Permission View: can read on DAG:tutorial_taskflow_api_virtualenv
[2024-09-27T15:46:20.273+0000] {logging_mixin.py:190} INFO - [2024-09-27T15:46:20.273+0000] {override.py:1900} INFO - Created Permission View: can edit on DAG:tutorial_taskflow_api_virtualenv
[2024-09-27T15:46:20.276+0000] {logging_mixin.py:190} INFO - [2024-09-27T15:46:20.276+0000] {override.py:1900} INFO - Created Permission View: can create on DAG Run:tutorial_taskflow_api_virtualenv
[2024-09-27T15:46:20.279+0000] {logging_mixin.py:190} INFO - [2024-09-27T15:46:20.278+0000] {override.py:1900} INFO - Created Permission View: can delete on DAG Run:tutorial_taskflow_api_virtualenv
[2024-09-27T15:46:20.281+0000] {logging_mixin.py:190} INFO - [2024-09-27T15:46:20.281+0000] {override.py:1900} INFO - Created Permission View: menu access on DAG Run:tutorial_taskflow_api_virtualenv
[2024-09-27T15:46:20.284+0000] {logging_mixin.py:190} INFO - [2024-09-27T15:46:20.284+0000] {override.py:1900} INFO - Created Permission View: can read on DAG Run:tutorial_taskflow_api_virtualenv
[2024-09-27T15:46:20.285+0000] {logging_mixin.py:190} INFO - [2024-09-27T15:46:20.285+0000] {dag.py:3239} INFO - Sync 1 DAGs
[2024-09-27T15:46:20.291+0000] {logging_mixin.py:190} INFO - [2024-09-27T15:46:20.291+0000] {dag.py:3262} INFO - Creating ORM DAG for tutorial_taskflow_api_virtualenv
[2024-09-27T15:46:20.291+0000] {logging_mixin.py:190} INFO - [2024-09-27T15:46:20.291+0000] {dag.py:4180} INFO - Setting next_dagrun for tutorial_taskflow_api_virtualenv to None, run_after=None
[2024-09-27T15:46:20.302+0000] {processor.py:208} INFO - Processing /home/airflow/.local/lib/python3.12/site-packages/airflow/example_dags/tutorial_taskflow_api_virtualenv.py took 0.095 seconds
[2024-09-27T15:46:50.336+0000] {processor.py:186} INFO - Started process (PID=141) to work on /home/airflow/.local/lib/python3.12/site-packages/airflow/example_dags/tutorial_taskflow_api_virtualenv.py
[2024-09-27T15:46:50.337+0000] {processor.py:914} INFO - Processing file /home/airflow/.local/lib/python3.12/site-packages/airflow/example_dags/tutorial_taskflow_api_virtualenv.py for tasks to queue
[2024-09-27T15:46:50.338+0000] {logging_mixin.py:190} INFO - [2024-09-27T15:46:50.338+0000] {dagbag.py:588} INFO - Filling up the DagBag from /home/airflow/.local/lib/python3.12/site-packages/airflow/example_dags/tutorial_taskflow_api_virtualenv.py
[2024-09-27T15:46:50.344+0000] {processor.py:925} INFO - DAG(s) 'tutorial_taskflow_api_virtualenv' retrieved from /home/airflow/.local/lib/python3.12/site-packages/airflow/example_dags/tutorial_taskflow_api_virtualenv.py
[2024-09-27T15:46:50.354+0000] {logging_mixin.py:190} INFO - [2024-09-27T15:46:50.354+0000] {dag.py:3239} INFO - Sync 1 DAGs
[2024-09-27T15:46:50.361+0000] {logging_mixin.py:190} INFO - [2024-09-27T15:46:50.360+0000] {dag.py:4180} INFO - Setting next_dagrun for tutorial_taskflow_api_virtualenv to None, run_after=None
[2024-09-27T15:46:50.369+0000] {processor.py:208} INFO - Processing /home/airflow/.local/lib/python3.12/site-packages/airflow/example_dags/tutorial_taskflow_api_virtualenv.py took 0.036 seconds
[2024-09-27T15:47:21.204+0000] {processor.py:186} INFO - Started process (PID=204) to work on /home/airflow/.local/lib/python3.12/site-packages/airflow/example_dags/tutorial_taskflow_api_virtualenv.py
[2024-09-27T15:47:21.204+0000] {processor.py:914} INFO - Processing file /home/airflow/.local/lib/python3.12/site-packages/airflow/example_dags/tutorial_taskflow_api_virtualenv.py for tasks to queue
[2024-09-27T15:47:21.206+0000] {logging_mixin.py:190} INFO - [2024-09-27T15:47:21.205+0000] {dagbag.py:588} INFO - Filling up the DagBag from /home/airflow/.local/lib/python3.12/site-packages/airflow/example_dags/tutorial_taskflow_api_virtualenv.py
[2024-09-27T15:47:21.212+0000] {processor.py:925} INFO - DAG(s) 'tutorial_taskflow_api_virtualenv' retrieved from /home/airflow/.local/lib/python3.12/site-packages/airflow/example_dags/tutorial_taskflow_api_virtualenv.py
[2024-09-27T15:47:21.222+0000] {logging_mixin.py:190} INFO - [2024-09-27T15:47:21.222+0000] {dag.py:3239} INFO - Sync 1 DAGs
[2024-09-27T15:47:21.228+0000] {logging_mixin.py:190} INFO - [2024-09-27T15:47:21.228+0000] {dag.py:4180} INFO - Setting next_dagrun for tutorial_taskflow_api_virtualenv to None, run_after=None
[2024-09-27T15:47:21.236+0000] {processor.py:208} INFO - Processing /home/airflow/.local/lib/python3.12/site-packages/airflow/example_dags/tutorial_taskflow_api_virtualenv.py took 0.035 seconds
[2024-09-27T15:47:52.266+0000] {processor.py:186} INFO - Started process (PID=267) to work on /home/airflow/.local/lib/python3.12/site-packages/airflow/example_dags/tutorial_taskflow_api_virtualenv.py
[2024-09-27T15:47:52.267+0000] {processor.py:914} INFO - Processing file /home/airflow/.local/lib/python3.12/site-packages/airflow/example_dags/tutorial_taskflow_api_virtualenv.py for tasks to queue
[2024-09-27T15:47:52.268+0000] {logging_mixin.py:190} INFO - [2024-09-27T15:47:52.268+0000] {dagbag.py:588} INFO - Filling up the DagBag from /home/airflow/.local/lib/python3.12/site-packages/airflow/example_dags/tutorial_taskflow_api_virtualenv.py
[2024-09-27T15:47:52.275+0000] {processor.py:925} INFO - DAG(s) 'tutorial_taskflow_api_virtualenv' retrieved from /home/airflow/.local/lib/python3.12/site-packages/airflow/example_dags/tutorial_taskflow_api_virtualenv.py
[2024-09-27T15:47:52.285+0000] {logging_mixin.py:190} INFO - [2024-09-27T15:47:52.285+0000] {dag.py:3239} INFO - Sync 1 DAGs
[2024-09-27T15:47:52.292+0000] {logging_mixin.py:190} INFO - [2024-09-27T15:47:52.292+0000] {dag.py:4180} INFO - Setting next_dagrun for tutorial_taskflow_api_virtualenv to None, run_after=None
[2024-09-27T15:47:52.300+0000] {processor.py:208} INFO - Processing /home/airflow/.local/lib/python3.12/site-packages/airflow/example_dags/tutorial_taskflow_api_virtualenv.py took 0.037 seconds
[2024-09-27T15:48:22.894+0000] {processor.py:186} INFO - Started process (PID=330) to work on /home/airflow/.local/lib/python3.12/site-packages/airflow/example_dags/tutorial_taskflow_api_virtualenv.py
[2024-09-27T15:48:22.895+0000] {processor.py:914} INFO - Processing file /home/airflow/.local/lib/python3.12/site-packages/airflow/example_dags/tutorial_taskflow_api_virtualenv.py for tasks to queue
[2024-09-27T15:48:22.896+0000] {logging_mixin.py:190} INFO - [2024-09-27T15:48:22.896+0000] {dagbag.py:588} INFO - Filling up the DagBag from /home/airflow/.local/lib/python3.12/site-packages/airflow/example_dags/tutorial_taskflow_api_virtualenv.py
[2024-09-27T15:48:22.903+0000] {processor.py:925} INFO - DAG(s) 'tutorial_taskflow_api_virtualenv' retrieved from /home/airflow/.local/lib/python3.12/site-packages/airflow/example_dags/tutorial_taskflow_api_virtualenv.py
[2024-09-27T15:48:22.913+0000] {logging_mixin.py:190} INFO - [2024-09-27T15:48:22.913+0000] {dag.py:3239} INFO - Sync 1 DAGs
[2024-09-27T15:48:22.919+0000] {logging_mixin.py:190} INFO - [2024-09-27T15:48:22.919+0000] {dag.py:4180} INFO - Setting next_dagrun for tutorial_taskflow_api_virtualenv to None, run_after=None
[2024-09-27T15:48:22.927+0000] {processor.py:208} INFO - Processing /home/airflow/.local/lib/python3.12/site-packages/airflow/example_dags/tutorial_taskflow_api_virtualenv.py took 0.036 seconds
[2024-09-27T15:48:53.325+0000] {processor.py:186} INFO - Started process (PID=393) to work on /home/airflow/.local/lib/python3.12/site-packages/airflow/example_dags/tutorial_taskflow_api_virtualenv.py
[2024-09-27T15:48:53.326+0000] {processor.py:914} INFO - Processing file /home/airflow/.local/lib/python3.12/site-packages/airflow/example_dags/tutorial_taskflow_api_virtualenv.py for tasks to queue
[2024-09-27T15:48:53.327+0000] {logging_mixin.py:190} INFO - [2024-09-27T15:48:53.327+0000] {dagbag.py:588} INFO - Filling up the DagBag from /home/airflow/.local/lib/python3.12/site-packages/airflow/example_dags/tutorial_taskflow_api_virtualenv.py
[2024-09-27T15:48:53.334+0000] {processor.py:925} INFO - DAG(s) 'tutorial_taskflow_api_virtualenv' retrieved from /home/airflow/.local/lib/python3.12/site-packages/airflow/example_dags/tutorial_taskflow_api_virtualenv.py
[2024-09-27T15:48:53.343+0000] {logging_mixin.py:190} INFO - [2024-09-27T15:48:53.343+0000] {dag.py:3239} INFO - Sync 1 DAGs
[2024-09-27T15:48:53.350+0000] {logging_mixin.py:190} INFO - [2024-09-27T15:48:53.350+0000] {dag.py:4180} INFO - Setting next_dagrun for tutorial_taskflow_api_virtualenv to None, run_after=None
[2024-09-27T15:48:53.357+0000] {processor.py:208} INFO - Processing /home/airflow/.local/lib/python3.12/site-packages/airflow/example_dags/tutorial_taskflow_api_virtualenv.py took 0.035 seconds
[2024-09-27T15:49:24.200+0000] {processor.py:186} INFO - Started process (PID=456) to work on /home/airflow/.local/lib/python3.12/site-packages/airflow/example_dags/tutorial_taskflow_api_virtualenv.py
[2024-09-27T15:49:24.201+0000] {processor.py:914} INFO - Processing file /home/airflow/.local/lib/python3.12/site-packages/airflow/example_dags/tutorial_taskflow_api_virtualenv.py for tasks to queue
[2024-09-27T15:49:24.203+0000] {logging_mixin.py:190} INFO - [2024-09-27T15:49:24.203+0000] {dagbag.py:588} INFO - Filling up the DagBag from /home/airflow/.local/lib/python3.12/site-packages/airflow/example_dags/tutorial_taskflow_api_virtualenv.py
[2024-09-27T15:49:24.210+0000] {processor.py:925} INFO - DAG(s) 'tutorial_taskflow_api_virtualenv' retrieved from /home/airflow/.local/lib/python3.12/site-packages/airflow/example_dags/tutorial_taskflow_api_virtualenv.py
[2024-09-27T15:49:24.222+0000] {logging_mixin.py:190} INFO - [2024-09-27T15:49:24.222+0000] {dag.py:3239} INFO - Sync 1 DAGs
[2024-09-27T15:49:24.230+0000] {logging_mixin.py:190} INFO - [2024-09-27T15:49:24.230+0000] {dag.py:4180} INFO - Setting next_dagrun for tutorial_taskflow_api_virtualenv to None, run_after=None
[2024-09-27T15:49:24.237+0000] {processor.py:208} INFO - Processing /home/airflow/.local/lib/python3.12/site-packages/airflow/example_dags/tutorial_taskflow_api_virtualenv.py took 0.042 seconds
[2024-09-27T15:49:54.958+0000] {processor.py:186} INFO - Started process (PID=519) to work on /home/airflow/.local/lib/python3.12/site-packages/airflow/example_dags/tutorial_taskflow_api_virtualenv.py
[2024-09-27T15:49:54.958+0000] {processor.py:914} INFO - Processing file /home/airflow/.local/lib/python3.12/site-packages/airflow/example_dags/tutorial_taskflow_api_virtualenv.py for tasks to queue
[2024-09-27T15:49:54.960+0000] {logging_mixin.py:190} INFO - [2024-09-27T15:49:54.960+0000] {dagbag.py:588} INFO - Filling up the DagBag from /home/airflow/.local/lib/python3.12/site-packages/airflow/example_dags/tutorial_taskflow_api_virtualenv.py
[2024-09-27T15:49:54.966+0000] {processor.py:925} INFO - DAG(s) 'tutorial_taskflow_api_virtualenv' retrieved from /home/airflow/.local/lib/python3.12/site-packages/airflow/example_dags/tutorial_taskflow_api_virtualenv.py
[2024-09-27T15:49:54.976+0000] {logging_mixin.py:190} INFO - [2024-09-27T15:49:54.976+0000] {dag.py:3239} INFO - Sync 1 DAGs
[2024-09-27T15:49:54.982+0000] {logging_mixin.py:190} INFO - [2024-09-27T15:49:54.982+0000] {dag.py:4180} INFO - Setting next_dagrun for tutorial_taskflow_api_virtualenv to None, run_after=None
[2024-09-27T15:49:54.990+0000] {processor.py:208} INFO - Processing /home/airflow/.local/lib/python3.12/site-packages/airflow/example_dags/tutorial_taskflow_api_virtualenv.py took 0.036 seconds
