[2024-09-27T15:46:17.313+0000] {processor.py:186} INFO - Started process (PID=39) to work on /home/airflow/.local/lib/python3.12/site-packages/airflow/example_dags/tutorial.py
[2024-09-27T15:46:17.318+0000] {processor.py:914} INFO - Processing file /home/airflow/.local/lib/python3.12/site-packages/airflow/example_dags/tutorial.py for tasks to queue
[2024-09-27T15:46:17.321+0000] {logging_mixin.py:190} INFO - [2024-09-27T15:46:17.321+0000] {dagbag.py:588} INFO - Filling up the DagBag from /home/airflow/.local/lib/python3.12/site-packages/airflow/example_dags/tutorial.py
[2024-09-27T15:46:17.337+0000] {processor.py:925} INFO - DAG(s) 'tutorial' retrieved from /home/airflow/.local/lib/python3.12/site-packages/airflow/example_dags/tutorial.py
[2024-09-27T15:46:17.443+0000] {logging_mixin.py:190} INFO - [2024-09-27T15:46:17.442+0000] {override.py:1900} INFO - Created Permission View: can delete on DAG:tutorial
[2024-09-27T15:46:17.450+0000] {logging_mixin.py:190} INFO - [2024-09-27T15:46:17.450+0000] {override.py:1900} INFO - Created Permission View: can read on DAG:tutorial
[2024-09-27T15:46:17.452+0000] {logging_mixin.py:190} INFO - [2024-09-27T15:46:17.452+0000] {override.py:1900} INFO - Created Permission View: can edit on DAG:tutorial
[2024-09-27T15:46:17.455+0000] {logging_mixin.py:190} INFO - [2024-09-27T15:46:17.454+0000] {override.py:1900} INFO - Created Permission View: can create on DAG Run:tutorial
[2024-09-27T15:46:17.457+0000] {logging_mixin.py:190} INFO - [2024-09-27T15:46:17.457+0000] {override.py:1900} INFO - Created Permission View: can delete on DAG Run:tutorial
[2024-09-27T15:46:17.459+0000] {logging_mixin.py:190} INFO - [2024-09-27T15:46:17.459+0000] {override.py:1900} INFO - Created Permission View: menu access on DAG Run:tutorial
[2024-09-27T15:46:17.461+0000] {logging_mixin.py:190} INFO - [2024-09-27T15:46:17.461+0000] {override.py:1900} INFO - Created Permission View: can read on DAG Run:tutorial
[2024-09-27T15:46:17.461+0000] {logging_mixin.py:190} INFO - [2024-09-27T15:46:17.461+0000] {dag.py:3239} INFO - Sync 1 DAGs
[2024-09-27T15:46:17.469+0000] {logging_mixin.py:190} INFO - [2024-09-27T15:46:17.469+0000] {dag.py:3262} INFO - Creating ORM DAG for tutorial
[2024-09-27T15:46:17.481+0000] {logging_mixin.py:190} INFO - [2024-09-27T15:46:17.481+0000] {dag.py:4180} INFO - Setting next_dagrun for tutorial to 2024-09-26 00:00:00+00:00, run_after=2024-09-27 00:00:00+00:00
[2024-09-27T15:46:17.494+0000] {processor.py:208} INFO - Processing /home/airflow/.local/lib/python3.12/site-packages/airflow/example_dags/tutorial.py took 0.195 seconds
[2024-09-27T15:46:47.802+0000] {processor.py:186} INFO - Started process (PID=102) to work on /home/airflow/.local/lib/python3.12/site-packages/airflow/example_dags/tutorial.py
[2024-09-27T15:46:47.803+0000] {processor.py:914} INFO - Processing file /home/airflow/.local/lib/python3.12/site-packages/airflow/example_dags/tutorial.py for tasks to queue
[2024-09-27T15:46:47.805+0000] {logging_mixin.py:190} INFO - [2024-09-27T15:46:47.804+0000] {dagbag.py:588} INFO - Filling up the DagBag from /home/airflow/.local/lib/python3.12/site-packages/airflow/example_dags/tutorial.py
[2024-09-27T15:46:47.809+0000] {processor.py:925} INFO - DAG(s) 'tutorial' retrieved from /home/airflow/.local/lib/python3.12/site-packages/airflow/example_dags/tutorial.py
[2024-09-27T15:46:47.822+0000] {logging_mixin.py:190} INFO - [2024-09-27T15:46:47.822+0000] {dag.py:3239} INFO - Sync 1 DAGs
[2024-09-27T15:46:47.836+0000] {logging_mixin.py:190} INFO - [2024-09-27T15:46:47.836+0000] {dag.py:4180} INFO - Setting next_dagrun for tutorial to 2024-09-26 00:00:00+00:00, run_after=2024-09-27 00:00:00+00:00
[2024-09-27T15:46:47.846+0000] {processor.py:208} INFO - Processing /home/airflow/.local/lib/python3.12/site-packages/airflow/example_dags/tutorial.py took 0.047 seconds
[2024-09-27T15:47:18.683+0000] {processor.py:186} INFO - Started process (PID=165) to work on /home/airflow/.local/lib/python3.12/site-packages/airflow/example_dags/tutorial.py
[2024-09-27T15:47:18.684+0000] {processor.py:914} INFO - Processing file /home/airflow/.local/lib/python3.12/site-packages/airflow/example_dags/tutorial.py for tasks to queue
[2024-09-27T15:47:18.685+0000] {logging_mixin.py:190} INFO - [2024-09-27T15:47:18.685+0000] {dagbag.py:588} INFO - Filling up the DagBag from /home/airflow/.local/lib/python3.12/site-packages/airflow/example_dags/tutorial.py
[2024-09-27T15:47:18.690+0000] {processor.py:925} INFO - DAG(s) 'tutorial' retrieved from /home/airflow/.local/lib/python3.12/site-packages/airflow/example_dags/tutorial.py
[2024-09-27T15:47:18.700+0000] {logging_mixin.py:190} INFO - [2024-09-27T15:47:18.700+0000] {dag.py:3239} INFO - Sync 1 DAGs
[2024-09-27T15:47:18.712+0000] {logging_mixin.py:190} INFO - [2024-09-27T15:47:18.712+0000] {dag.py:4180} INFO - Setting next_dagrun for tutorial to 2024-09-26 00:00:00+00:00, run_after=2024-09-27 00:00:00+00:00
[2024-09-27T15:47:18.721+0000] {processor.py:208} INFO - Processing /home/airflow/.local/lib/python3.12/site-packages/airflow/example_dags/tutorial.py took 0.041 seconds
[2024-09-27T15:47:49.590+0000] {processor.py:186} INFO - Started process (PID=228) to work on /home/airflow/.local/lib/python3.12/site-packages/airflow/example_dags/tutorial.py
[2024-09-27T15:47:49.591+0000] {processor.py:914} INFO - Processing file /home/airflow/.local/lib/python3.12/site-packages/airflow/example_dags/tutorial.py for tasks to queue
[2024-09-27T15:47:49.592+0000] {logging_mixin.py:190} INFO - [2024-09-27T15:47:49.592+0000] {dagbag.py:588} INFO - Filling up the DagBag from /home/airflow/.local/lib/python3.12/site-packages/airflow/example_dags/tutorial.py
[2024-09-27T15:47:49.597+0000] {processor.py:925} INFO - DAG(s) 'tutorial' retrieved from /home/airflow/.local/lib/python3.12/site-packages/airflow/example_dags/tutorial.py
[2024-09-27T15:47:49.613+0000] {logging_mixin.py:190} INFO - [2024-09-27T15:47:49.613+0000] {dag.py:3239} INFO - Sync 1 DAGs
[2024-09-27T15:47:49.629+0000] {logging_mixin.py:190} INFO - [2024-09-27T15:47:49.628+0000] {dag.py:4180} INFO - Setting next_dagrun for tutorial to 2024-09-26 00:00:00+00:00, run_after=2024-09-27 00:00:00+00:00
[2024-09-27T15:47:49.640+0000] {processor.py:208} INFO - Processing /home/airflow/.local/lib/python3.12/site-packages/airflow/example_dags/tutorial.py took 0.054 seconds
[2024-09-27T15:48:19.704+0000] {processor.py:186} INFO - Started process (PID=291) to work on /home/airflow/.local/lib/python3.12/site-packages/airflow/example_dags/tutorial.py
[2024-09-27T15:48:19.705+0000] {processor.py:914} INFO - Processing file /home/airflow/.local/lib/python3.12/site-packages/airflow/example_dags/tutorial.py for tasks to queue
[2024-09-27T15:48:19.708+0000] {logging_mixin.py:190} INFO - [2024-09-27T15:48:19.708+0000] {dagbag.py:588} INFO - Filling up the DagBag from /home/airflow/.local/lib/python3.12/site-packages/airflow/example_dags/tutorial.py
[2024-09-27T15:48:19.717+0000] {processor.py:925} INFO - DAG(s) 'tutorial' retrieved from /home/airflow/.local/lib/python3.12/site-packages/airflow/example_dags/tutorial.py
[2024-09-27T15:48:19.733+0000] {logging_mixin.py:190} INFO - [2024-09-27T15:48:19.732+0000] {dag.py:3239} INFO - Sync 1 DAGs
[2024-09-27T15:48:19.747+0000] {logging_mixin.py:190} INFO - [2024-09-27T15:48:19.747+0000] {dag.py:4180} INFO - Setting next_dagrun for tutorial to 2024-09-26 00:00:00+00:00, run_after=2024-09-27 00:00:00+00:00
[2024-09-27T15:48:19.756+0000] {processor.py:208} INFO - Processing /home/airflow/.local/lib/python3.12/site-packages/airflow/example_dags/tutorial.py took 0.055 seconds
[2024-09-27T15:48:49.927+0000] {processor.py:186} INFO - Started process (PID=354) to work on /home/airflow/.local/lib/python3.12/site-packages/airflow/example_dags/tutorial.py
[2024-09-27T15:48:49.927+0000] {processor.py:914} INFO - Processing file /home/airflow/.local/lib/python3.12/site-packages/airflow/example_dags/tutorial.py for tasks to queue
[2024-09-27T15:48:49.929+0000] {logging_mixin.py:190} INFO - [2024-09-27T15:48:49.929+0000] {dagbag.py:588} INFO - Filling up the DagBag from /home/airflow/.local/lib/python3.12/site-packages/airflow/example_dags/tutorial.py
[2024-09-27T15:48:49.933+0000] {processor.py:925} INFO - DAG(s) 'tutorial' retrieved from /home/airflow/.local/lib/python3.12/site-packages/airflow/example_dags/tutorial.py
[2024-09-27T15:48:49.944+0000] {logging_mixin.py:190} INFO - [2024-09-27T15:48:49.944+0000] {dag.py:3239} INFO - Sync 1 DAGs
[2024-09-27T15:48:49.957+0000] {logging_mixin.py:190} INFO - [2024-09-27T15:48:49.957+0000] {dag.py:4180} INFO - Setting next_dagrun for tutorial to 2024-09-26 00:00:00+00:00, run_after=2024-09-27 00:00:00+00:00
[2024-09-27T15:48:49.966+0000] {processor.py:208} INFO - Processing /home/airflow/.local/lib/python3.12/site-packages/airflow/example_dags/tutorial.py took 0.043 seconds
[2024-09-27T15:49:20.623+0000] {processor.py:186} INFO - Started process (PID=417) to work on /home/airflow/.local/lib/python3.12/site-packages/airflow/example_dags/tutorial.py
[2024-09-27T15:49:20.625+0000] {processor.py:914} INFO - Processing file /home/airflow/.local/lib/python3.12/site-packages/airflow/example_dags/tutorial.py for tasks to queue
[2024-09-27T15:49:20.628+0000] {logging_mixin.py:190} INFO - [2024-09-27T15:49:20.628+0000] {dagbag.py:588} INFO - Filling up the DagBag from /home/airflow/.local/lib/python3.12/site-packages/airflow/example_dags/tutorial.py
[2024-09-27T15:49:20.635+0000] {processor.py:925} INFO - DAG(s) 'tutorial' retrieved from /home/airflow/.local/lib/python3.12/site-packages/airflow/example_dags/tutorial.py
[2024-09-27T15:49:20.655+0000] {logging_mixin.py:190} INFO - [2024-09-27T15:49:20.655+0000] {dag.py:3239} INFO - Sync 1 DAGs
[2024-09-27T15:49:20.674+0000] {logging_mixin.py:190} INFO - [2024-09-27T15:49:20.674+0000] {dag.py:4180} INFO - Setting next_dagrun for tutorial to 2024-09-26 00:00:00+00:00, run_after=2024-09-27 00:00:00+00:00
[2024-09-27T15:49:20.686+0000] {processor.py:208} INFO - Processing /home/airflow/.local/lib/python3.12/site-packages/airflow/example_dags/tutorial.py took 0.072 seconds
[2024-09-27T15:49:51.343+0000] {processor.py:186} INFO - Started process (PID=480) to work on /home/airflow/.local/lib/python3.12/site-packages/airflow/example_dags/tutorial.py
[2024-09-27T15:49:51.344+0000] {processor.py:914} INFO - Processing file /home/airflow/.local/lib/python3.12/site-packages/airflow/example_dags/tutorial.py for tasks to queue
[2024-09-27T15:49:51.345+0000] {logging_mixin.py:190} INFO - [2024-09-27T15:49:51.345+0000] {dagbag.py:588} INFO - Filling up the DagBag from /home/airflow/.local/lib/python3.12/site-packages/airflow/example_dags/tutorial.py
[2024-09-27T15:49:51.350+0000] {processor.py:925} INFO - DAG(s) 'tutorial' retrieved from /home/airflow/.local/lib/python3.12/site-packages/airflow/example_dags/tutorial.py
[2024-09-27T15:49:51.367+0000] {logging_mixin.py:190} INFO - [2024-09-27T15:49:51.367+0000] {dag.py:3239} INFO - Sync 1 DAGs
[2024-09-27T15:49:51.384+0000] {logging_mixin.py:190} INFO - [2024-09-27T15:49:51.384+0000] {dag.py:4180} INFO - Setting next_dagrun for tutorial to 2024-09-26 00:00:00+00:00, run_after=2024-09-27 00:00:00+00:00
[2024-09-27T15:49:51.401+0000] {processor.py:208} INFO - Processing /home/airflow/.local/lib/python3.12/site-packages/airflow/example_dags/tutorial.py took 0.063 seconds
