[2024-09-27T15:46:17.517+0000] {processor.py:186} INFO - Started process (PID=41) to work on /home/airflow/.local/lib/python3.12/site-packages/airflow/example_dags/tutorial_dag.py
[2024-09-27T15:46:17.518+0000] {processor.py:914} INFO - Processing file /home/airflow/.local/lib/python3.12/site-packages/airflow/example_dags/tutorial_dag.py for tasks to queue
[2024-09-27T15:46:17.519+0000] {logging_mixin.py:190} INFO - [2024-09-27T15:46:17.519+0000] {dagbag.py:588} INFO - Filling up the DagBag from /home/airflow/.local/lib/python3.12/site-packages/airflow/example_dags/tutorial_dag.py
[2024-09-27T15:46:17.525+0000] {processor.py:925} INFO - DAG(s) 'tutorial_dag' retrieved from /home/airflow/.local/lib/python3.12/site-packages/airflow/example_dags/tutorial_dag.py
[2024-09-27T15:46:17.580+0000] {logging_mixin.py:190} INFO - [2024-09-27T15:46:17.580+0000] {override.py:1900} INFO - Created Permission View: can delete on DAG:tutorial_dag
[2024-09-27T15:46:17.584+0000] {logging_mixin.py:190} INFO - [2024-09-27T15:46:17.584+0000] {override.py:1900} INFO - Created Permission View: can read on DAG:tutorial_dag
[2024-09-27T15:46:17.586+0000] {logging_mixin.py:190} INFO - [2024-09-27T15:46:17.586+0000] {override.py:1900} INFO - Created Permission View: can edit on DAG:tutorial_dag
[2024-09-27T15:46:17.589+0000] {logging_mixin.py:190} INFO - [2024-09-27T15:46:17.589+0000] {override.py:1900} INFO - Created Permission View: can create on DAG Run:tutorial_dag
[2024-09-27T15:46:17.591+0000] {logging_mixin.py:190} INFO - [2024-09-27T15:46:17.591+0000] {override.py:1900} INFO - Created Permission View: can delete on DAG Run:tutorial_dag
[2024-09-27T15:46:17.593+0000] {logging_mixin.py:190} INFO - [2024-09-27T15:46:17.593+0000] {override.py:1900} INFO - Created Permission View: menu access on DAG Run:tutorial_dag
[2024-09-27T15:46:17.595+0000] {logging_mixin.py:190} INFO - [2024-09-27T15:46:17.595+0000] {override.py:1900} INFO - Created Permission View: can read on DAG Run:tutorial_dag
[2024-09-27T15:46:17.596+0000] {logging_mixin.py:190} INFO - [2024-09-27T15:46:17.596+0000] {dag.py:3239} INFO - Sync 1 DAGs
[2024-09-27T15:46:17.601+0000] {logging_mixin.py:190} INFO - [2024-09-27T15:46:17.601+0000] {dag.py:3262} INFO - Creating ORM DAG for tutorial_dag
[2024-09-27T15:46:17.601+0000] {logging_mixin.py:190} INFO - [2024-09-27T15:46:17.601+0000] {dag.py:4180} INFO - Setting next_dagrun for tutorial_dag to None, run_after=None
[2024-09-27T15:46:17.608+0000] {processor.py:208} INFO - Processing /home/airflow/.local/lib/python3.12/site-packages/airflow/example_dags/tutorial_dag.py took 0.095 seconds
[2024-09-27T15:46:47.862+0000] {processor.py:186} INFO - Started process (PID=104) to work on /home/airflow/.local/lib/python3.12/site-packages/airflow/example_dags/tutorial_dag.py
[2024-09-27T15:46:47.862+0000] {processor.py:914} INFO - Processing file /home/airflow/.local/lib/python3.12/site-packages/airflow/example_dags/tutorial_dag.py for tasks to queue
[2024-09-27T15:46:47.864+0000] {logging_mixin.py:190} INFO - [2024-09-27T15:46:47.864+0000] {dagbag.py:588} INFO - Filling up the DagBag from /home/airflow/.local/lib/python3.12/site-packages/airflow/example_dags/tutorial_dag.py
[2024-09-27T15:46:47.869+0000] {processor.py:925} INFO - DAG(s) 'tutorial_dag' retrieved from /home/airflow/.local/lib/python3.12/site-packages/airflow/example_dags/tutorial_dag.py
[2024-09-27T15:46:47.881+0000] {logging_mixin.py:190} INFO - [2024-09-27T15:46:47.881+0000] {dag.py:3239} INFO - Sync 1 DAGs
[2024-09-27T15:46:47.890+0000] {logging_mixin.py:190} INFO - [2024-09-27T15:46:47.889+0000] {dag.py:4180} INFO - Setting next_dagrun for tutorial_dag to None, run_after=None
[2024-09-27T15:46:47.899+0000] {processor.py:208} INFO - Processing /home/airflow/.local/lib/python3.12/site-packages/airflow/example_dags/tutorial_dag.py took 0.041 seconds
[2024-09-27T15:47:18.740+0000] {processor.py:186} INFO - Started process (PID=167) to work on /home/airflow/.local/lib/python3.12/site-packages/airflow/example_dags/tutorial_dag.py
[2024-09-27T15:47:18.741+0000] {processor.py:914} INFO - Processing file /home/airflow/.local/lib/python3.12/site-packages/airflow/example_dags/tutorial_dag.py for tasks to queue
[2024-09-27T15:47:18.742+0000] {logging_mixin.py:190} INFO - [2024-09-27T15:47:18.742+0000] {dagbag.py:588} INFO - Filling up the DagBag from /home/airflow/.local/lib/python3.12/site-packages/airflow/example_dags/tutorial_dag.py
[2024-09-27T15:47:18.748+0000] {processor.py:925} INFO - DAG(s) 'tutorial_dag' retrieved from /home/airflow/.local/lib/python3.12/site-packages/airflow/example_dags/tutorial_dag.py
[2024-09-27T15:47:18.761+0000] {logging_mixin.py:190} INFO - [2024-09-27T15:47:18.761+0000] {dag.py:3239} INFO - Sync 1 DAGs
[2024-09-27T15:47:18.769+0000] {logging_mixin.py:190} INFO - [2024-09-27T15:47:18.769+0000] {dag.py:4180} INFO - Setting next_dagrun for tutorial_dag to None, run_after=None
[2024-09-27T15:47:18.779+0000] {processor.py:208} INFO - Processing /home/airflow/.local/lib/python3.12/site-packages/airflow/example_dags/tutorial_dag.py took 0.045 seconds
[2024-09-27T15:47:49.658+0000] {processor.py:186} INFO - Started process (PID=230) to work on /home/airflow/.local/lib/python3.12/site-packages/airflow/example_dags/tutorial_dag.py
[2024-09-27T15:47:49.659+0000] {processor.py:914} INFO - Processing file /home/airflow/.local/lib/python3.12/site-packages/airflow/example_dags/tutorial_dag.py for tasks to queue
[2024-09-27T15:47:49.660+0000] {logging_mixin.py:190} INFO - [2024-09-27T15:47:49.660+0000] {dagbag.py:588} INFO - Filling up the DagBag from /home/airflow/.local/lib/python3.12/site-packages/airflow/example_dags/tutorial_dag.py
[2024-09-27T15:47:49.665+0000] {processor.py:925} INFO - DAG(s) 'tutorial_dag' retrieved from /home/airflow/.local/lib/python3.12/site-packages/airflow/example_dags/tutorial_dag.py
[2024-09-27T15:47:49.677+0000] {logging_mixin.py:190} INFO - [2024-09-27T15:47:49.677+0000] {dag.py:3239} INFO - Sync 1 DAGs
[2024-09-27T15:47:49.685+0000] {logging_mixin.py:190} INFO - [2024-09-27T15:47:49.685+0000] {dag.py:4180} INFO - Setting next_dagrun for tutorial_dag to None, run_after=None
[2024-09-27T15:47:49.703+0000] {processor.py:208} INFO - Processing /home/airflow/.local/lib/python3.12/site-packages/airflow/example_dags/tutorial_dag.py took 0.049 seconds
[2024-09-27T15:48:19.772+0000] {processor.py:186} INFO - Started process (PID=293) to work on /home/airflow/.local/lib/python3.12/site-packages/airflow/example_dags/tutorial_dag.py
[2024-09-27T15:48:19.772+0000] {processor.py:914} INFO - Processing file /home/airflow/.local/lib/python3.12/site-packages/airflow/example_dags/tutorial_dag.py for tasks to queue
[2024-09-27T15:48:19.774+0000] {logging_mixin.py:190} INFO - [2024-09-27T15:48:19.774+0000] {dagbag.py:588} INFO - Filling up the DagBag from /home/airflow/.local/lib/python3.12/site-packages/airflow/example_dags/tutorial_dag.py
[2024-09-27T15:48:19.778+0000] {processor.py:925} INFO - DAG(s) 'tutorial_dag' retrieved from /home/airflow/.local/lib/python3.12/site-packages/airflow/example_dags/tutorial_dag.py
[2024-09-27T15:48:19.789+0000] {logging_mixin.py:190} INFO - [2024-09-27T15:48:19.789+0000] {dag.py:3239} INFO - Sync 1 DAGs
[2024-09-27T15:48:19.796+0000] {logging_mixin.py:190} INFO - [2024-09-27T15:48:19.795+0000] {dag.py:4180} INFO - Setting next_dagrun for tutorial_dag to None, run_after=None
[2024-09-27T15:48:19.807+0000] {processor.py:208} INFO - Processing /home/airflow/.local/lib/python3.12/site-packages/airflow/example_dags/tutorial_dag.py took 0.039 seconds
[2024-09-27T15:48:49.980+0000] {processor.py:186} INFO - Started process (PID=356) to work on /home/airflow/.local/lib/python3.12/site-packages/airflow/example_dags/tutorial_dag.py
[2024-09-27T15:48:49.981+0000] {processor.py:914} INFO - Processing file /home/airflow/.local/lib/python3.12/site-packages/airflow/example_dags/tutorial_dag.py for tasks to queue
[2024-09-27T15:48:49.982+0000] {logging_mixin.py:190} INFO - [2024-09-27T15:48:49.982+0000] {dagbag.py:588} INFO - Filling up the DagBag from /home/airflow/.local/lib/python3.12/site-packages/airflow/example_dags/tutorial_dag.py
[2024-09-27T15:48:49.986+0000] {processor.py:925} INFO - DAG(s) 'tutorial_dag' retrieved from /home/airflow/.local/lib/python3.12/site-packages/airflow/example_dags/tutorial_dag.py
[2024-09-27T15:48:49.996+0000] {logging_mixin.py:190} INFO - [2024-09-27T15:48:49.996+0000] {dag.py:3239} INFO - Sync 1 DAGs
[2024-09-27T15:48:50.003+0000] {logging_mixin.py:190} INFO - [2024-09-27T15:48:50.003+0000] {dag.py:4180} INFO - Setting next_dagrun for tutorial_dag to None, run_after=None
[2024-09-27T15:48:50.011+0000] {processor.py:208} INFO - Processing /home/airflow/.local/lib/python3.12/site-packages/airflow/example_dags/tutorial_dag.py took 0.035 seconds
[2024-09-27T15:49:20.708+0000] {processor.py:186} INFO - Started process (PID=419) to work on /home/airflow/.local/lib/python3.12/site-packages/airflow/example_dags/tutorial_dag.py
[2024-09-27T15:49:20.709+0000] {processor.py:914} INFO - Processing file /home/airflow/.local/lib/python3.12/site-packages/airflow/example_dags/tutorial_dag.py for tasks to queue
[2024-09-27T15:49:20.712+0000] {logging_mixin.py:190} INFO - [2024-09-27T15:49:20.712+0000] {dagbag.py:588} INFO - Filling up the DagBag from /home/airflow/.local/lib/python3.12/site-packages/airflow/example_dags/tutorial_dag.py
[2024-09-27T15:49:20.719+0000] {processor.py:925} INFO - DAG(s) 'tutorial_dag' retrieved from /home/airflow/.local/lib/python3.12/site-packages/airflow/example_dags/tutorial_dag.py
[2024-09-27T15:49:20.733+0000] {logging_mixin.py:190} INFO - [2024-09-27T15:49:20.733+0000] {dag.py:3239} INFO - Sync 1 DAGs
[2024-09-27T15:49:20.742+0000] {logging_mixin.py:190} INFO - [2024-09-27T15:49:20.742+0000] {dag.py:4180} INFO - Setting next_dagrun for tutorial_dag to None, run_after=None
[2024-09-27T15:49:20.754+0000] {processor.py:208} INFO - Processing /home/airflow/.local/lib/python3.12/site-packages/airflow/example_dags/tutorial_dag.py took 0.052 seconds
[2024-09-27T15:49:51.421+0000] {processor.py:186} INFO - Started process (PID=482) to work on /home/airflow/.local/lib/python3.12/site-packages/airflow/example_dags/tutorial_dag.py
[2024-09-27T15:49:51.424+0000] {processor.py:914} INFO - Processing file /home/airflow/.local/lib/python3.12/site-packages/airflow/example_dags/tutorial_dag.py for tasks to queue
[2024-09-27T15:49:51.426+0000] {logging_mixin.py:190} INFO - [2024-09-27T15:49:51.426+0000] {dagbag.py:588} INFO - Filling up the DagBag from /home/airflow/.local/lib/python3.12/site-packages/airflow/example_dags/tutorial_dag.py
[2024-09-27T15:49:51.430+0000] {processor.py:925} INFO - DAG(s) 'tutorial_dag' retrieved from /home/airflow/.local/lib/python3.12/site-packages/airflow/example_dags/tutorial_dag.py
[2024-09-27T15:49:51.444+0000] {logging_mixin.py:190} INFO - [2024-09-27T15:49:51.443+0000] {dag.py:3239} INFO - Sync 1 DAGs
[2024-09-27T15:49:51.454+0000] {logging_mixin.py:190} INFO - [2024-09-27T15:49:51.454+0000] {dag.py:4180} INFO - Setting next_dagrun for tutorial_dag to None, run_after=None
[2024-09-27T15:49:51.487+0000] {processor.py:208} INFO - Processing /home/airflow/.local/lib/python3.12/site-packages/airflow/example_dags/tutorial_dag.py took 0.070 seconds
