[2024-09-27T15:46:20.332+0000] {processor.py:186} INFO - Started process (PID=80) to work on /home/airflow/.local/lib/python3.12/site-packages/airflow/example_dags/tutorial_objectstorage.py
[2024-09-27T15:46:20.332+0000] {processor.py:914} INFO - Processing file /home/airflow/.local/lib/python3.12/site-packages/airflow/example_dags/tutorial_objectstorage.py for tasks to queue
[2024-09-27T15:46:20.334+0000] {logging_mixin.py:190} INFO - [2024-09-27T15:46:20.334+0000] {dagbag.py:588} INFO - Filling up the DagBag from /home/airflow/.local/lib/python3.12/site-packages/airflow/example_dags/tutorial_objectstorage.py
[2024-09-27T15:46:20.343+0000] {processor.py:925} INFO - DAG(s) 'tutorial_objectstorage' retrieved from /home/airflow/.local/lib/python3.12/site-packages/airflow/example_dags/tutorial_objectstorage.py
[2024-09-27T15:46:20.401+0000] {logging_mixin.py:190} INFO - [2024-09-27T15:46:20.401+0000] {override.py:1900} INFO - Created Permission View: can delete on DAG:tutorial_objectstorage
[2024-09-27T15:46:20.406+0000] {logging_mixin.py:190} INFO - [2024-09-27T15:46:20.406+0000] {override.py:1900} INFO - Created Permission View: can read on DAG:tutorial_objectstorage
[2024-09-27T15:46:20.409+0000] {logging_mixin.py:190} INFO - [2024-09-27T15:46:20.409+0000] {override.py:1900} INFO - Created Permission View: can edit on DAG:tutorial_objectstorage
[2024-09-27T15:46:20.412+0000] {logging_mixin.py:190} INFO - [2024-09-27T15:46:20.412+0000] {override.py:1900} INFO - Created Permission View: can create on DAG Run:tutorial_objectstorage
[2024-09-27T15:46:20.415+0000] {logging_mixin.py:190} INFO - [2024-09-27T15:46:20.415+0000] {override.py:1900} INFO - Created Permission View: can delete on DAG Run:tutorial_objectstorage
[2024-09-27T15:46:20.418+0000] {logging_mixin.py:190} INFO - [2024-09-27T15:46:20.418+0000] {override.py:1900} INFO - Created Permission View: menu access on DAG Run:tutorial_objectstorage
[2024-09-27T15:46:20.420+0000] {logging_mixin.py:190} INFO - [2024-09-27T15:46:20.420+0000] {override.py:1900} INFO - Created Permission View: can read on DAG Run:tutorial_objectstorage
[2024-09-27T15:46:20.421+0000] {logging_mixin.py:190} INFO - [2024-09-27T15:46:20.420+0000] {dag.py:3239} INFO - Sync 1 DAGs
[2024-09-27T15:46:20.429+0000] {logging_mixin.py:190} INFO - [2024-09-27T15:46:20.429+0000] {dag.py:3262} INFO - Creating ORM DAG for tutorial_objectstorage
[2024-09-27T15:46:20.430+0000] {logging_mixin.py:190} INFO - [2024-09-27T15:46:20.430+0000] {dag.py:4180} INFO - Setting next_dagrun for tutorial_objectstorage to None, run_after=None
[2024-09-27T15:46:20.444+0000] {processor.py:208} INFO - Processing /home/airflow/.local/lib/python3.12/site-packages/airflow/example_dags/tutorial_objectstorage.py took 0.116 seconds
[2024-09-27T15:46:51.426+0000] {processor.py:186} INFO - Started process (PID=143) to work on /home/airflow/.local/lib/python3.12/site-packages/airflow/example_dags/tutorial_objectstorage.py
[2024-09-27T15:46:51.428+0000] {processor.py:914} INFO - Processing file /home/airflow/.local/lib/python3.12/site-packages/airflow/example_dags/tutorial_objectstorage.py for tasks to queue
[2024-09-27T15:46:51.432+0000] {logging_mixin.py:190} INFO - [2024-09-27T15:46:51.431+0000] {dagbag.py:588} INFO - Filling up the DagBag from /home/airflow/.local/lib/python3.12/site-packages/airflow/example_dags/tutorial_objectstorage.py
[2024-09-27T15:46:51.445+0000] {processor.py:925} INFO - DAG(s) 'tutorial_objectstorage' retrieved from /home/airflow/.local/lib/python3.12/site-packages/airflow/example_dags/tutorial_objectstorage.py
[2024-09-27T15:46:51.459+0000] {logging_mixin.py:190} INFO - [2024-09-27T15:46:51.459+0000] {dag.py:3239} INFO - Sync 1 DAGs
[2024-09-27T15:46:51.468+0000] {logging_mixin.py:190} INFO - [2024-09-27T15:46:51.467+0000] {dag.py:4180} INFO - Setting next_dagrun for tutorial_objectstorage to None, run_after=None
[2024-09-27T15:46:51.478+0000] {processor.py:208} INFO - Processing /home/airflow/.local/lib/python3.12/site-packages/airflow/example_dags/tutorial_objectstorage.py took 0.063 seconds
[2024-09-27T15:47:22.262+0000] {processor.py:186} INFO - Started process (PID=206) to work on /home/airflow/.local/lib/python3.12/site-packages/airflow/example_dags/tutorial_objectstorage.py
[2024-09-27T15:47:22.262+0000] {processor.py:914} INFO - Processing file /home/airflow/.local/lib/python3.12/site-packages/airflow/example_dags/tutorial_objectstorage.py for tasks to queue
[2024-09-27T15:47:22.264+0000] {logging_mixin.py:190} INFO - [2024-09-27T15:47:22.264+0000] {dagbag.py:588} INFO - Filling up the DagBag from /home/airflow/.local/lib/python3.12/site-packages/airflow/example_dags/tutorial_objectstorage.py
[2024-09-27T15:47:22.273+0000] {processor.py:925} INFO - DAG(s) 'tutorial_objectstorage' retrieved from /home/airflow/.local/lib/python3.12/site-packages/airflow/example_dags/tutorial_objectstorage.py
[2024-09-27T15:47:22.289+0000] {logging_mixin.py:190} INFO - [2024-09-27T15:47:22.289+0000] {dag.py:3239} INFO - Sync 1 DAGs
[2024-09-27T15:47:22.299+0000] {logging_mixin.py:190} INFO - [2024-09-27T15:47:22.299+0000] {dag.py:4180} INFO - Setting next_dagrun for tutorial_objectstorage to None, run_after=None
[2024-09-27T15:47:22.311+0000] {processor.py:208} INFO - Processing /home/airflow/.local/lib/python3.12/site-packages/airflow/example_dags/tutorial_objectstorage.py took 0.055 seconds
[2024-09-27T15:47:53.391+0000] {processor.py:186} INFO - Started process (PID=269) to work on /home/airflow/.local/lib/python3.12/site-packages/airflow/example_dags/tutorial_objectstorage.py
[2024-09-27T15:47:53.393+0000] {processor.py:914} INFO - Processing file /home/airflow/.local/lib/python3.12/site-packages/airflow/example_dags/tutorial_objectstorage.py for tasks to queue
[2024-09-27T15:47:53.397+0000] {logging_mixin.py:190} INFO - [2024-09-27T15:47:53.397+0000] {dagbag.py:588} INFO - Filling up the DagBag from /home/airflow/.local/lib/python3.12/site-packages/airflow/example_dags/tutorial_objectstorage.py
[2024-09-27T15:47:53.412+0000] {processor.py:925} INFO - DAG(s) 'tutorial_objectstorage' retrieved from /home/airflow/.local/lib/python3.12/site-packages/airflow/example_dags/tutorial_objectstorage.py
[2024-09-27T15:47:53.446+0000] {logging_mixin.py:190} INFO - [2024-09-27T15:47:53.446+0000] {dag.py:3239} INFO - Sync 1 DAGs
[2024-09-27T15:47:53.464+0000] {logging_mixin.py:190} INFO - [2024-09-27T15:47:53.464+0000] {dag.py:4180} INFO - Setting next_dagrun for tutorial_objectstorage to None, run_after=None
[2024-09-27T15:47:53.480+0000] {processor.py:208} INFO - Processing /home/airflow/.local/lib/python3.12/site-packages/airflow/example_dags/tutorial_objectstorage.py took 0.109 seconds
[2024-09-27T15:48:23.964+0000] {processor.py:186} INFO - Started process (PID=332) to work on /home/airflow/.local/lib/python3.12/site-packages/airflow/example_dags/tutorial_objectstorage.py
[2024-09-27T15:48:23.965+0000] {processor.py:914} INFO - Processing file /home/airflow/.local/lib/python3.12/site-packages/airflow/example_dags/tutorial_objectstorage.py for tasks to queue
[2024-09-27T15:48:23.967+0000] {logging_mixin.py:190} INFO - [2024-09-27T15:48:23.967+0000] {dagbag.py:588} INFO - Filling up the DagBag from /home/airflow/.local/lib/python3.12/site-packages/airflow/example_dags/tutorial_objectstorage.py
[2024-09-27T15:48:23.975+0000] {processor.py:925} INFO - DAG(s) 'tutorial_objectstorage' retrieved from /home/airflow/.local/lib/python3.12/site-packages/airflow/example_dags/tutorial_objectstorage.py
[2024-09-27T15:48:23.987+0000] {logging_mixin.py:190} INFO - [2024-09-27T15:48:23.986+0000] {dag.py:3239} INFO - Sync 1 DAGs
[2024-09-27T15:48:23.995+0000] {logging_mixin.py:190} INFO - [2024-09-27T15:48:23.995+0000] {dag.py:4180} INFO - Setting next_dagrun for tutorial_objectstorage to None, run_after=None
[2024-09-27T15:48:24.004+0000] {processor.py:208} INFO - Processing /home/airflow/.local/lib/python3.12/site-packages/airflow/example_dags/tutorial_objectstorage.py took 0.046 seconds
[2024-09-27T15:48:54.373+0000] {processor.py:186} INFO - Started process (PID=395) to work on /home/airflow/.local/lib/python3.12/site-packages/airflow/example_dags/tutorial_objectstorage.py
[2024-09-27T15:48:54.374+0000] {processor.py:914} INFO - Processing file /home/airflow/.local/lib/python3.12/site-packages/airflow/example_dags/tutorial_objectstorage.py for tasks to queue
[2024-09-27T15:48:54.376+0000] {logging_mixin.py:190} INFO - [2024-09-27T15:48:54.376+0000] {dagbag.py:588} INFO - Filling up the DagBag from /home/airflow/.local/lib/python3.12/site-packages/airflow/example_dags/tutorial_objectstorage.py
[2024-09-27T15:48:54.386+0000] {processor.py:925} INFO - DAG(s) 'tutorial_objectstorage' retrieved from /home/airflow/.local/lib/python3.12/site-packages/airflow/example_dags/tutorial_objectstorage.py
[2024-09-27T15:48:54.398+0000] {logging_mixin.py:190} INFO - [2024-09-27T15:48:54.398+0000] {dag.py:3239} INFO - Sync 1 DAGs
[2024-09-27T15:48:54.406+0000] {logging_mixin.py:190} INFO - [2024-09-27T15:48:54.406+0000] {dag.py:4180} INFO - Setting next_dagrun for tutorial_objectstorage to None, run_after=None
[2024-09-27T15:48:54.416+0000] {processor.py:208} INFO - Processing /home/airflow/.local/lib/python3.12/site-packages/airflow/example_dags/tutorial_objectstorage.py took 0.050 seconds
[2024-09-27T15:49:25.246+0000] {processor.py:186} INFO - Started process (PID=458) to work on /home/airflow/.local/lib/python3.12/site-packages/airflow/example_dags/tutorial_objectstorage.py
[2024-09-27T15:49:25.247+0000] {processor.py:914} INFO - Processing file /home/airflow/.local/lib/python3.12/site-packages/airflow/example_dags/tutorial_objectstorage.py for tasks to queue
[2024-09-27T15:49:25.249+0000] {logging_mixin.py:190} INFO - [2024-09-27T15:49:25.248+0000] {dagbag.py:588} INFO - Filling up the DagBag from /home/airflow/.local/lib/python3.12/site-packages/airflow/example_dags/tutorial_objectstorage.py
[2024-09-27T15:49:25.255+0000] {processor.py:925} INFO - DAG(s) 'tutorial_objectstorage' retrieved from /home/airflow/.local/lib/python3.12/site-packages/airflow/example_dags/tutorial_objectstorage.py
[2024-09-27T15:49:25.270+0000] {logging_mixin.py:190} INFO - [2024-09-27T15:49:25.269+0000] {dag.py:3239} INFO - Sync 1 DAGs
[2024-09-27T15:49:25.290+0000] {logging_mixin.py:190} INFO - [2024-09-27T15:49:25.290+0000] {dag.py:4180} INFO - Setting next_dagrun for tutorial_objectstorage to None, run_after=None
[2024-09-27T15:49:25.305+0000] {processor.py:208} INFO - Processing /home/airflow/.local/lib/python3.12/site-packages/airflow/example_dags/tutorial_objectstorage.py took 0.062 seconds
[2024-09-27T15:49:55.985+0000] {processor.py:186} INFO - Started process (PID=521) to work on /home/airflow/.local/lib/python3.12/site-packages/airflow/example_dags/tutorial_objectstorage.py
[2024-09-27T15:49:55.986+0000] {processor.py:914} INFO - Processing file /home/airflow/.local/lib/python3.12/site-packages/airflow/example_dags/tutorial_objectstorage.py for tasks to queue
[2024-09-27T15:49:55.988+0000] {logging_mixin.py:190} INFO - [2024-09-27T15:49:55.988+0000] {dagbag.py:588} INFO - Filling up the DagBag from /home/airflow/.local/lib/python3.12/site-packages/airflow/example_dags/tutorial_objectstorage.py
[2024-09-27T15:49:55.996+0000] {processor.py:925} INFO - DAG(s) 'tutorial_objectstorage' retrieved from /home/airflow/.local/lib/python3.12/site-packages/airflow/example_dags/tutorial_objectstorage.py
[2024-09-27T15:49:56.015+0000] {logging_mixin.py:190} INFO - [2024-09-27T15:49:56.015+0000] {dag.py:3239} INFO - Sync 1 DAGs
[2024-09-27T15:49:56.030+0000] {logging_mixin.py:190} INFO - [2024-09-27T15:49:56.030+0000] {dag.py:4180} INFO - Setting next_dagrun for tutorial_objectstorage to None, run_after=None
[2024-09-27T15:49:56.047+0000] {processor.py:208} INFO - Processing /home/airflow/.local/lib/python3.12/site-packages/airflow/example_dags/tutorial_objectstorage.py took 0.066 seconds
