[2024-09-27T15:46:18.721+0000] {processor.py:186} INFO - Started process (PID=57) to work on /home/airflow/.local/lib/python3.12/site-packages/airflow/example_dags/tutorial_taskflow_api.py
[2024-09-27T15:46:18.722+0000] {processor.py:914} INFO - Processing file /home/airflow/.local/lib/python3.12/site-packages/airflow/example_dags/tutorial_taskflow_api.py for tasks to queue
[2024-09-27T15:46:18.723+0000] {logging_mixin.py:190} INFO - [2024-09-27T15:46:18.723+0000] {dagbag.py:588} INFO - Filling up the DagBag from /home/airflow/.local/lib/python3.12/site-packages/airflow/example_dags/tutorial_taskflow_api.py
[2024-09-27T15:46:18.728+0000] {processor.py:925} INFO - DAG(s) 'tutorial_taskflow_api' retrieved from /home/airflow/.local/lib/python3.12/site-packages/airflow/example_dags/tutorial_taskflow_api.py
[2024-09-27T15:46:18.780+0000] {logging_mixin.py:190} INFO - [2024-09-27T15:46:18.779+0000] {override.py:1900} INFO - Created Permission View: can delete on DAG:tutorial_taskflow_api
[2024-09-27T15:46:18.785+0000] {logging_mixin.py:190} INFO - [2024-09-27T15:46:18.785+0000] {override.py:1900} INFO - Created Permission View: can read on DAG:tutorial_taskflow_api
[2024-09-27T15:46:18.788+0000] {logging_mixin.py:190} INFO - [2024-09-27T15:46:18.788+0000] {override.py:1900} INFO - Created Permission View: can edit on DAG:tutorial_taskflow_api
[2024-09-27T15:46:18.790+0000] {logging_mixin.py:190} INFO - [2024-09-27T15:46:18.790+0000] {override.py:1900} INFO - Created Permission View: can create on DAG Run:tutorial_taskflow_api
[2024-09-27T15:46:18.792+0000] {logging_mixin.py:190} INFO - [2024-09-27T15:46:18.792+0000] {override.py:1900} INFO - Created Permission View: can delete on DAG Run:tutorial_taskflow_api
[2024-09-27T15:46:18.795+0000] {logging_mixin.py:190} INFO - [2024-09-27T15:46:18.795+0000] {override.py:1900} INFO - Created Permission View: menu access on DAG Run:tutorial_taskflow_api
[2024-09-27T15:46:18.797+0000] {logging_mixin.py:190} INFO - [2024-09-27T15:46:18.797+0000] {override.py:1900} INFO - Created Permission View: can read on DAG Run:tutorial_taskflow_api
[2024-09-27T15:46:18.797+0000] {logging_mixin.py:190} INFO - [2024-09-27T15:46:18.797+0000] {dag.py:3239} INFO - Sync 1 DAGs
[2024-09-27T15:46:18.803+0000] {logging_mixin.py:190} INFO - [2024-09-27T15:46:18.803+0000] {dag.py:3262} INFO - Creating ORM DAG for tutorial_taskflow_api
[2024-09-27T15:46:18.804+0000] {logging_mixin.py:190} INFO - [2024-09-27T15:46:18.804+0000] {dag.py:4180} INFO - Setting next_dagrun for tutorial_taskflow_api to None, run_after=None
[2024-09-27T15:46:18.811+0000] {processor.py:208} INFO - Processing /home/airflow/.local/lib/python3.12/site-packages/airflow/example_dags/tutorial_taskflow_api.py took 0.093 seconds
[2024-09-27T15:46:49.529+0000] {processor.py:186} INFO - Started process (PID=120) to work on /home/airflow/.local/lib/python3.12/site-packages/airflow/example_dags/tutorial_taskflow_api.py
[2024-09-27T15:46:49.529+0000] {processor.py:914} INFO - Processing file /home/airflow/.local/lib/python3.12/site-packages/airflow/example_dags/tutorial_taskflow_api.py for tasks to queue
[2024-09-27T15:46:49.531+0000] {logging_mixin.py:190} INFO - [2024-09-27T15:46:49.531+0000] {dagbag.py:588} INFO - Filling up the DagBag from /home/airflow/.local/lib/python3.12/site-packages/airflow/example_dags/tutorial_taskflow_api.py
[2024-09-27T15:46:49.535+0000] {processor.py:925} INFO - DAG(s) 'tutorial_taskflow_api' retrieved from /home/airflow/.local/lib/python3.12/site-packages/airflow/example_dags/tutorial_taskflow_api.py
[2024-09-27T15:46:49.548+0000] {logging_mixin.py:190} INFO - [2024-09-27T15:46:49.548+0000] {dag.py:3239} INFO - Sync 1 DAGs
[2024-09-27T15:46:49.555+0000] {logging_mixin.py:190} INFO - [2024-09-27T15:46:49.555+0000] {dag.py:4180} INFO - Setting next_dagrun for tutorial_taskflow_api to None, run_after=None
[2024-09-27T15:46:49.568+0000] {processor.py:208} INFO - Processing /home/airflow/.local/lib/python3.12/site-packages/airflow/example_dags/tutorial_taskflow_api.py took 0.042 seconds
[2024-09-27T15:47:20.420+0000] {processor.py:186} INFO - Started process (PID=183) to work on /home/airflow/.local/lib/python3.12/site-packages/airflow/example_dags/tutorial_taskflow_api.py
[2024-09-27T15:47:20.421+0000] {processor.py:914} INFO - Processing file /home/airflow/.local/lib/python3.12/site-packages/airflow/example_dags/tutorial_taskflow_api.py for tasks to queue
[2024-09-27T15:47:20.423+0000] {logging_mixin.py:190} INFO - [2024-09-27T15:47:20.422+0000] {dagbag.py:588} INFO - Filling up the DagBag from /home/airflow/.local/lib/python3.12/site-packages/airflow/example_dags/tutorial_taskflow_api.py
[2024-09-27T15:47:20.427+0000] {processor.py:925} INFO - DAG(s) 'tutorial_taskflow_api' retrieved from /home/airflow/.local/lib/python3.12/site-packages/airflow/example_dags/tutorial_taskflow_api.py
[2024-09-27T15:47:20.438+0000] {logging_mixin.py:190} INFO - [2024-09-27T15:47:20.437+0000] {dag.py:3239} INFO - Sync 1 DAGs
[2024-09-27T15:47:20.445+0000] {logging_mixin.py:190} INFO - [2024-09-27T15:47:20.445+0000] {dag.py:4180} INFO - Setting next_dagrun for tutorial_taskflow_api to None, run_after=None
[2024-09-27T15:47:20.456+0000] {processor.py:208} INFO - Processing /home/airflow/.local/lib/python3.12/site-packages/airflow/example_dags/tutorial_taskflow_api.py took 0.038 seconds
[2024-09-27T15:47:51.436+0000] {processor.py:186} INFO - Started process (PID=246) to work on /home/airflow/.local/lib/python3.12/site-packages/airflow/example_dags/tutorial_taskflow_api.py
[2024-09-27T15:47:51.436+0000] {processor.py:914} INFO - Processing file /home/airflow/.local/lib/python3.12/site-packages/airflow/example_dags/tutorial_taskflow_api.py for tasks to queue
[2024-09-27T15:47:51.438+0000] {logging_mixin.py:190} INFO - [2024-09-27T15:47:51.438+0000] {dagbag.py:588} INFO - Filling up the DagBag from /home/airflow/.local/lib/python3.12/site-packages/airflow/example_dags/tutorial_taskflow_api.py
[2024-09-27T15:47:51.442+0000] {processor.py:925} INFO - DAG(s) 'tutorial_taskflow_api' retrieved from /home/airflow/.local/lib/python3.12/site-packages/airflow/example_dags/tutorial_taskflow_api.py
[2024-09-27T15:47:51.452+0000] {logging_mixin.py:190} INFO - [2024-09-27T15:47:51.452+0000] {dag.py:3239} INFO - Sync 1 DAGs
[2024-09-27T15:47:51.459+0000] {logging_mixin.py:190} INFO - [2024-09-27T15:47:51.459+0000] {dag.py:4180} INFO - Setting next_dagrun for tutorial_taskflow_api to None, run_after=None
[2024-09-27T15:47:51.468+0000] {processor.py:208} INFO - Processing /home/airflow/.local/lib/python3.12/site-packages/airflow/example_dags/tutorial_taskflow_api.py took 0.035 seconds
[2024-09-27T15:48:22.027+0000] {processor.py:186} INFO - Started process (PID=309) to work on /home/airflow/.local/lib/python3.12/site-packages/airflow/example_dags/tutorial_taskflow_api.py
[2024-09-27T15:48:22.028+0000] {processor.py:914} INFO - Processing file /home/airflow/.local/lib/python3.12/site-packages/airflow/example_dags/tutorial_taskflow_api.py for tasks to queue
[2024-09-27T15:48:22.030+0000] {logging_mixin.py:190} INFO - [2024-09-27T15:48:22.030+0000] {dagbag.py:588} INFO - Filling up the DagBag from /home/airflow/.local/lib/python3.12/site-packages/airflow/example_dags/tutorial_taskflow_api.py
[2024-09-27T15:48:22.035+0000] {processor.py:925} INFO - DAG(s) 'tutorial_taskflow_api' retrieved from /home/airflow/.local/lib/python3.12/site-packages/airflow/example_dags/tutorial_taskflow_api.py
[2024-09-27T15:48:22.046+0000] {logging_mixin.py:190} INFO - [2024-09-27T15:48:22.046+0000] {dag.py:3239} INFO - Sync 1 DAGs
[2024-09-27T15:48:22.055+0000] {logging_mixin.py:190} INFO - [2024-09-27T15:48:22.055+0000] {dag.py:4180} INFO - Setting next_dagrun for tutorial_taskflow_api to None, run_after=None
[2024-09-27T15:48:22.076+0000] {processor.py:208} INFO - Processing /home/airflow/.local/lib/python3.12/site-packages/airflow/example_dags/tutorial_taskflow_api.py took 0.053 seconds
[2024-09-27T15:48:52.603+0000] {processor.py:186} INFO - Started process (PID=372) to work on /home/airflow/.local/lib/python3.12/site-packages/airflow/example_dags/tutorial_taskflow_api.py
[2024-09-27T15:48:52.604+0000] {processor.py:914} INFO - Processing file /home/airflow/.local/lib/python3.12/site-packages/airflow/example_dags/tutorial_taskflow_api.py for tasks to queue
[2024-09-27T15:48:52.606+0000] {logging_mixin.py:190} INFO - [2024-09-27T15:48:52.606+0000] {dagbag.py:588} INFO - Filling up the DagBag from /home/airflow/.local/lib/python3.12/site-packages/airflow/example_dags/tutorial_taskflow_api.py
[2024-09-27T15:48:52.614+0000] {processor.py:925} INFO - DAG(s) 'tutorial_taskflow_api' retrieved from /home/airflow/.local/lib/python3.12/site-packages/airflow/example_dags/tutorial_taskflow_api.py
[2024-09-27T15:48:52.624+0000] {logging_mixin.py:190} INFO - [2024-09-27T15:48:52.624+0000] {dag.py:3239} INFO - Sync 1 DAGs
[2024-09-27T15:48:52.632+0000] {logging_mixin.py:190} INFO - [2024-09-27T15:48:52.631+0000] {dag.py:4180} INFO - Setting next_dagrun for tutorial_taskflow_api to None, run_after=None
[2024-09-27T15:48:52.641+0000] {processor.py:208} INFO - Processing /home/airflow/.local/lib/python3.12/site-packages/airflow/example_dags/tutorial_taskflow_api.py took 0.041 seconds
[2024-09-27T15:49:23.419+0000] {processor.py:186} INFO - Started process (PID=435) to work on /home/airflow/.local/lib/python3.12/site-packages/airflow/example_dags/tutorial_taskflow_api.py
[2024-09-27T15:49:23.420+0000] {processor.py:914} INFO - Processing file /home/airflow/.local/lib/python3.12/site-packages/airflow/example_dags/tutorial_taskflow_api.py for tasks to queue
[2024-09-27T15:49:23.421+0000] {logging_mixin.py:190} INFO - [2024-09-27T15:49:23.421+0000] {dagbag.py:588} INFO - Filling up the DagBag from /home/airflow/.local/lib/python3.12/site-packages/airflow/example_dags/tutorial_taskflow_api.py
[2024-09-27T15:49:23.426+0000] {processor.py:925} INFO - DAG(s) 'tutorial_taskflow_api' retrieved from /home/airflow/.local/lib/python3.12/site-packages/airflow/example_dags/tutorial_taskflow_api.py
[2024-09-27T15:49:23.437+0000] {logging_mixin.py:190} INFO - [2024-09-27T15:49:23.437+0000] {dag.py:3239} INFO - Sync 1 DAGs
[2024-09-27T15:49:23.445+0000] {logging_mixin.py:190} INFO - [2024-09-27T15:49:23.445+0000] {dag.py:4180} INFO - Setting next_dagrun for tutorial_taskflow_api to None, run_after=None
[2024-09-27T15:49:23.454+0000] {processor.py:208} INFO - Processing /home/airflow/.local/lib/python3.12/site-packages/airflow/example_dags/tutorial_taskflow_api.py took 0.039 seconds
[2024-09-27T15:49:54.137+0000] {processor.py:186} INFO - Started process (PID=498) to work on /home/airflow/.local/lib/python3.12/site-packages/airflow/example_dags/tutorial_taskflow_api.py
[2024-09-27T15:49:54.138+0000] {processor.py:914} INFO - Processing file /home/airflow/.local/lib/python3.12/site-packages/airflow/example_dags/tutorial_taskflow_api.py for tasks to queue
[2024-09-27T15:49:54.139+0000] {logging_mixin.py:190} INFO - [2024-09-27T15:49:54.139+0000] {dagbag.py:588} INFO - Filling up the DagBag from /home/airflow/.local/lib/python3.12/site-packages/airflow/example_dags/tutorial_taskflow_api.py
[2024-09-27T15:49:54.144+0000] {processor.py:925} INFO - DAG(s) 'tutorial_taskflow_api' retrieved from /home/airflow/.local/lib/python3.12/site-packages/airflow/example_dags/tutorial_taskflow_api.py
[2024-09-27T15:49:54.155+0000] {logging_mixin.py:190} INFO - [2024-09-27T15:49:54.155+0000] {dag.py:3239} INFO - Sync 1 DAGs
[2024-09-27T15:49:54.163+0000] {logging_mixin.py:190} INFO - [2024-09-27T15:49:54.163+0000] {dag.py:4180} INFO - Setting next_dagrun for tutorial_taskflow_api to None, run_after=None
[2024-09-27T15:49:54.171+0000] {processor.py:208} INFO - Processing /home/airflow/.local/lib/python3.12/site-packages/airflow/example_dags/tutorial_taskflow_api.py took 0.037 seconds
