[2024-10-21T00:41:13.580+0000] {processor.py:186} INFO - Started process (PID=35) to work on /opt/airflow/dags/dag_extract.py
[2024-10-21T00:41:13.586+0000] {processor.py:914} INFO - Processing file /opt/airflow/dags/dag_extract.py for tasks to queue
[2024-10-21T00:41:13.592+0000] {logging_mixin.py:190} INFO - [2024-10-21T00:41:13.591+0000] {dagbag.py:588} INFO - Filling up the DagBag from /opt/airflow/dags/dag_extract.py
[2024-10-21T00:41:14.518+0000] {processor.py:925} INFO - DAG(s) 'extract_crypto_data' retrieved from /opt/airflow/dags/dag_extract.py
[2024-10-21T00:41:14.547+0000] {logging_mixin.py:190} INFO - [2024-10-21T00:41:14.546+0000] {dag.py:3239} INFO - Sync 1 DAGs
[2024-10-21T00:41:14.592+0000] {logging_mixin.py:190} INFO - [2024-10-21T00:41:14.592+0000] {dag.py:4180} INFO - Setting next_dagrun for extract_crypto_data to 2024-10-20 00:00:00+00:00, run_after=2024-10-21 00:00:00+00:00
[2024-10-21T00:41:14.632+0000] {processor.py:208} INFO - Processing /opt/airflow/dags/dag_extract.py took 1.064 seconds
[2024-10-21T00:41:45.155+0000] {processor.py:186} INFO - Started process (PID=46) to work on /opt/airflow/dags/dag_extract.py
[2024-10-21T00:41:45.157+0000] {processor.py:914} INFO - Processing file /opt/airflow/dags/dag_extract.py for tasks to queue
[2024-10-21T00:41:45.165+0000] {logging_mixin.py:190} INFO - [2024-10-21T00:41:45.165+0000] {dagbag.py:588} INFO - Filling up the DagBag from /opt/airflow/dags/dag_extract.py
[2024-10-21T00:41:45.466+0000] {processor.py:925} INFO - DAG(s) 'extract_crypto_data' retrieved from /opt/airflow/dags/dag_extract.py
[2024-10-21T00:41:45.479+0000] {logging_mixin.py:190} INFO - [2024-10-21T00:41:45.478+0000] {dag.py:3239} INFO - Sync 1 DAGs
[2024-10-21T00:41:45.490+0000] {logging_mixin.py:190} INFO - [2024-10-21T00:41:45.490+0000] {dag.py:4180} INFO - Setting next_dagrun for extract_crypto_data to 2024-10-20 00:00:00+00:00, run_after=2024-10-21 00:00:00+00:00
[2024-10-21T00:41:45.498+0000] {processor.py:208} INFO - Processing /opt/airflow/dags/dag_extract.py took 0.353 seconds
[2024-10-21T00:42:15.836+0000] {processor.py:186} INFO - Started process (PID=58) to work on /opt/airflow/dags/dag_extract.py
[2024-10-21T00:42:15.837+0000] {processor.py:914} INFO - Processing file /opt/airflow/dags/dag_extract.py for tasks to queue
[2024-10-21T00:42:15.840+0000] {logging_mixin.py:190} INFO - [2024-10-21T00:42:15.839+0000] {dagbag.py:588} INFO - Filling up the DagBag from /opt/airflow/dags/dag_extract.py
[2024-10-21T00:42:16.095+0000] {processor.py:925} INFO - DAG(s) 'extract_crypto_data' retrieved from /opt/airflow/dags/dag_extract.py
[2024-10-21T00:42:16.106+0000] {logging_mixin.py:190} INFO - [2024-10-21T00:42:16.106+0000] {dag.py:3239} INFO - Sync 1 DAGs
[2024-10-21T00:42:16.115+0000] {logging_mixin.py:190} INFO - [2024-10-21T00:42:16.115+0000] {dag.py:4180} INFO - Setting next_dagrun for extract_crypto_data to 2024-10-20 00:00:00+00:00, run_after=2024-10-21 00:00:00+00:00
[2024-10-21T00:42:16.122+0000] {processor.py:208} INFO - Processing /opt/airflow/dags/dag_extract.py took 0.289 seconds
[2024-10-21T00:42:46.605+0000] {processor.py:186} INFO - Started process (PID=70) to work on /opt/airflow/dags/dag_extract.py
[2024-10-21T00:42:46.606+0000] {processor.py:914} INFO - Processing file /opt/airflow/dags/dag_extract.py for tasks to queue
[2024-10-21T00:42:46.607+0000] {logging_mixin.py:190} INFO - [2024-10-21T00:42:46.607+0000] {dagbag.py:588} INFO - Filling up the DagBag from /opt/airflow/dags/dag_extract.py
[2024-10-21T00:42:46.835+0000] {processor.py:925} INFO - DAG(s) 'extract_crypto_data' retrieved from /opt/airflow/dags/dag_extract.py
[2024-10-21T00:42:46.849+0000] {logging_mixin.py:190} INFO - [2024-10-21T00:42:46.848+0000] {dag.py:3239} INFO - Sync 1 DAGs
[2024-10-21T00:42:46.862+0000] {logging_mixin.py:190} INFO - [2024-10-21T00:42:46.861+0000] {dag.py:4180} INFO - Setting next_dagrun for extract_crypto_data to 2024-10-20 00:00:00+00:00, run_after=2024-10-21 00:00:00+00:00
[2024-10-21T00:42:46.870+0000] {processor.py:208} INFO - Processing /opt/airflow/dags/dag_extract.py took 0.270 seconds
[2024-10-21T00:43:17.758+0000] {processor.py:186} INFO - Started process (PID=82) to work on /opt/airflow/dags/dag_extract.py
[2024-10-21T00:43:17.759+0000] {processor.py:914} INFO - Processing file /opt/airflow/dags/dag_extract.py for tasks to queue
[2024-10-21T00:43:17.760+0000] {logging_mixin.py:190} INFO - [2024-10-21T00:43:17.760+0000] {dagbag.py:588} INFO - Filling up the DagBag from /opt/airflow/dags/dag_extract.py
[2024-10-21T00:43:18.084+0000] {processor.py:925} INFO - DAG(s) 'extract_crypto_data' retrieved from /opt/airflow/dags/dag_extract.py
[2024-10-21T00:43:18.097+0000] {logging_mixin.py:190} INFO - [2024-10-21T00:43:18.097+0000] {dag.py:3239} INFO - Sync 1 DAGs
[2024-10-21T00:43:18.108+0000] {logging_mixin.py:190} INFO - [2024-10-21T00:43:18.108+0000] {dag.py:4180} INFO - Setting next_dagrun for extract_crypto_data to 2024-10-20 00:00:00+00:00, run_after=2024-10-21 00:00:00+00:00
[2024-10-21T00:43:18.117+0000] {processor.py:208} INFO - Processing /opt/airflow/dags/dag_extract.py took 0.361 seconds
[2024-10-21T00:43:48.573+0000] {processor.py:186} INFO - Started process (PID=93) to work on /opt/airflow/dags/dag_extract.py
[2024-10-21T00:43:48.574+0000] {processor.py:914} INFO - Processing file /opt/airflow/dags/dag_extract.py for tasks to queue
[2024-10-21T00:43:48.575+0000] {logging_mixin.py:190} INFO - [2024-10-21T00:43:48.574+0000] {dagbag.py:588} INFO - Filling up the DagBag from /opt/airflow/dags/dag_extract.py
[2024-10-21T00:43:48.801+0000] {processor.py:925} INFO - DAG(s) 'extract_crypto_data' retrieved from /opt/airflow/dags/dag_extract.py
[2024-10-21T00:43:48.811+0000] {logging_mixin.py:190} INFO - [2024-10-21T00:43:48.811+0000] {dag.py:3239} INFO - Sync 1 DAGs
[2024-10-21T00:43:48.820+0000] {logging_mixin.py:190} INFO - [2024-10-21T00:43:48.820+0000] {dag.py:4180} INFO - Setting next_dagrun for extract_crypto_data to 2024-10-20 00:00:00+00:00, run_after=2024-10-21 00:00:00+00:00
[2024-10-21T00:43:48.827+0000] {processor.py:208} INFO - Processing /opt/airflow/dags/dag_extract.py took 0.257 seconds
[2024-10-21T00:44:19.462+0000] {processor.py:186} INFO - Started process (PID=105) to work on /opt/airflow/dags/dag_extract.py
[2024-10-21T00:44:19.463+0000] {processor.py:914} INFO - Processing file /opt/airflow/dags/dag_extract.py for tasks to queue
[2024-10-21T00:44:19.464+0000] {logging_mixin.py:190} INFO - [2024-10-21T00:44:19.464+0000] {dagbag.py:588} INFO - Filling up the DagBag from /opt/airflow/dags/dag_extract.py
[2024-10-21T00:44:19.755+0000] {processor.py:925} INFO - DAG(s) 'extract_crypto_data' retrieved from /opt/airflow/dags/dag_extract.py
[2024-10-21T00:44:19.768+0000] {logging_mixin.py:190} INFO - [2024-10-21T00:44:19.768+0000] {dag.py:3239} INFO - Sync 1 DAGs
[2024-10-21T00:44:19.779+0000] {logging_mixin.py:190} INFO - [2024-10-21T00:44:19.779+0000] {dag.py:4180} INFO - Setting next_dagrun for extract_crypto_data to 2024-10-20 00:00:00+00:00, run_after=2024-10-21 00:00:00+00:00
[2024-10-21T00:44:19.787+0000] {processor.py:208} INFO - Processing /opt/airflow/dags/dag_extract.py took 0.329 seconds
[2024-10-21T00:44:50.355+0000] {processor.py:186} INFO - Started process (PID=117) to work on /opt/airflow/dags/dag_extract.py
[2024-10-21T00:44:50.356+0000] {processor.py:914} INFO - Processing file /opt/airflow/dags/dag_extract.py for tasks to queue
[2024-10-21T00:44:50.357+0000] {logging_mixin.py:190} INFO - [2024-10-21T00:44:50.357+0000] {dagbag.py:588} INFO - Filling up the DagBag from /opt/airflow/dags/dag_extract.py
[2024-10-21T00:44:50.596+0000] {processor.py:925} INFO - DAG(s) 'extract_crypto_data' retrieved from /opt/airflow/dags/dag_extract.py
[2024-10-21T00:44:50.611+0000] {logging_mixin.py:190} INFO - [2024-10-21T00:44:50.611+0000] {dag.py:3239} INFO - Sync 1 DAGs
[2024-10-21T00:44:50.621+0000] {logging_mixin.py:190} INFO - [2024-10-21T00:44:50.621+0000] {dag.py:4180} INFO - Setting next_dagrun for extract_crypto_data to 2024-10-20 00:00:00+00:00, run_after=2024-10-21 00:00:00+00:00
[2024-10-21T00:44:50.628+0000] {processor.py:208} INFO - Processing /opt/airflow/dags/dag_extract.py took 0.276 seconds
[2024-10-21T00:45:21.482+0000] {processor.py:186} INFO - Started process (PID=129) to work on /opt/airflow/dags/dag_extract.py
[2024-10-21T00:45:21.482+0000] {processor.py:914} INFO - Processing file /opt/airflow/dags/dag_extract.py for tasks to queue
[2024-10-21T00:45:21.484+0000] {logging_mixin.py:190} INFO - [2024-10-21T00:45:21.484+0000] {dagbag.py:588} INFO - Filling up the DagBag from /opt/airflow/dags/dag_extract.py
[2024-10-21T00:45:21.745+0000] {processor.py:925} INFO - DAG(s) 'extract_crypto_data' retrieved from /opt/airflow/dags/dag_extract.py
[2024-10-21T00:45:21.756+0000] {logging_mixin.py:190} INFO - [2024-10-21T00:45:21.756+0000] {dag.py:3239} INFO - Sync 1 DAGs
[2024-10-21T00:45:21.765+0000] {logging_mixin.py:190} INFO - [2024-10-21T00:45:21.765+0000] {dag.py:4180} INFO - Setting next_dagrun for extract_crypto_data to 2024-10-20 00:00:00+00:00, run_after=2024-10-21 00:00:00+00:00
[2024-10-21T00:45:21.775+0000] {processor.py:208} INFO - Processing /opt/airflow/dags/dag_extract.py took 0.296 seconds
[2024-10-21T00:45:52.520+0000] {processor.py:186} INFO - Started process (PID=141) to work on /opt/airflow/dags/dag_extract.py
[2024-10-21T00:45:52.523+0000] {processor.py:914} INFO - Processing file /opt/airflow/dags/dag_extract.py for tasks to queue
[2024-10-21T00:45:52.527+0000] {logging_mixin.py:190} INFO - [2024-10-21T00:45:52.526+0000] {dagbag.py:588} INFO - Filling up the DagBag from /opt/airflow/dags/dag_extract.py
[2024-10-21T00:45:52.862+0000] {processor.py:925} INFO - DAG(s) 'extract_crypto_data' retrieved from /opt/airflow/dags/dag_extract.py
[2024-10-21T00:45:52.878+0000] {logging_mixin.py:190} INFO - [2024-10-21T00:45:52.878+0000] {dag.py:3239} INFO - Sync 1 DAGs
[2024-10-21T00:45:52.890+0000] {logging_mixin.py:190} INFO - [2024-10-21T00:45:52.890+0000] {dag.py:4180} INFO - Setting next_dagrun for extract_crypto_data to 2024-10-20 00:00:00+00:00, run_after=2024-10-21 00:00:00+00:00
[2024-10-21T00:45:52.901+0000] {processor.py:208} INFO - Processing /opt/airflow/dags/dag_extract.py took 0.384 seconds
[2024-10-21T00:46:23.637+0000] {processor.py:186} INFO - Started process (PID=152) to work on /opt/airflow/dags/dag_extract.py
[2024-10-21T00:46:23.638+0000] {processor.py:914} INFO - Processing file /opt/airflow/dags/dag_extract.py for tasks to queue
[2024-10-21T00:46:23.643+0000] {logging_mixin.py:190} INFO - [2024-10-21T00:46:23.643+0000] {dagbag.py:588} INFO - Filling up the DagBag from /opt/airflow/dags/dag_extract.py
[2024-10-21T00:46:24.118+0000] {processor.py:925} INFO - DAG(s) 'extract_crypto_data' retrieved from /opt/airflow/dags/dag_extract.py
[2024-10-21T00:46:24.143+0000] {logging_mixin.py:190} INFO - [2024-10-21T00:46:24.143+0000] {dag.py:3239} INFO - Sync 1 DAGs
[2024-10-21T00:46:24.155+0000] {logging_mixin.py:190} INFO - [2024-10-21T00:46:24.155+0000] {dag.py:4180} INFO - Setting next_dagrun for extract_crypto_data to 2024-10-20 00:00:00+00:00, run_after=2024-10-21 00:00:00+00:00
[2024-10-21T00:46:24.163+0000] {processor.py:208} INFO - Processing /opt/airflow/dags/dag_extract.py took 0.530 seconds
[2024-10-21T00:46:55.482+0000] {processor.py:186} INFO - Started process (PID=164) to work on /opt/airflow/dags/dag_extract.py
[2024-10-21T00:46:55.484+0000] {processor.py:914} INFO - Processing file /opt/airflow/dags/dag_extract.py for tasks to queue
[2024-10-21T00:46:55.487+0000] {logging_mixin.py:190} INFO - [2024-10-21T00:46:55.486+0000] {dagbag.py:588} INFO - Filling up the DagBag from /opt/airflow/dags/dag_extract.py
[2024-10-21T00:46:55.925+0000] {processor.py:925} INFO - DAG(s) 'extract_crypto_data' retrieved from /opt/airflow/dags/dag_extract.py
[2024-10-21T00:46:55.939+0000] {logging_mixin.py:190} INFO - [2024-10-21T00:46:55.939+0000] {dag.py:3239} INFO - Sync 1 DAGs
[2024-10-21T00:46:55.952+0000] {logging_mixin.py:190} INFO - [2024-10-21T00:46:55.952+0000] {dag.py:4180} INFO - Setting next_dagrun for extract_crypto_data to 2024-10-20 00:00:00+00:00, run_after=2024-10-21 00:00:00+00:00
[2024-10-21T00:46:55.960+0000] {processor.py:208} INFO - Processing /opt/airflow/dags/dag_extract.py took 0.495 seconds
[2024-10-21T00:47:26.734+0000] {processor.py:186} INFO - Started process (PID=175) to work on /opt/airflow/dags/dag_extract.py
[2024-10-21T00:47:26.737+0000] {processor.py:914} INFO - Processing file /opt/airflow/dags/dag_extract.py for tasks to queue
[2024-10-21T00:47:26.739+0000] {logging_mixin.py:190} INFO - [2024-10-21T00:47:26.739+0000] {dagbag.py:588} INFO - Filling up the DagBag from /opt/airflow/dags/dag_extract.py
[2024-10-21T00:47:27.142+0000] {processor.py:925} INFO - DAG(s) 'extract_crypto_data' retrieved from /opt/airflow/dags/dag_extract.py
[2024-10-21T00:47:27.168+0000] {logging_mixin.py:190} INFO - [2024-10-21T00:47:27.167+0000] {dag.py:3239} INFO - Sync 1 DAGs
[2024-10-21T00:47:27.184+0000] {logging_mixin.py:190} INFO - [2024-10-21T00:47:27.183+0000] {dag.py:4180} INFO - Setting next_dagrun for extract_crypto_data to 2024-10-20 00:00:00+00:00, run_after=2024-10-21 00:00:00+00:00
[2024-10-21T00:47:27.194+0000] {processor.py:208} INFO - Processing /opt/airflow/dags/dag_extract.py took 0.475 seconds
