[2024-10-20T22:05:19.062+0000] {local_task_job_runner.py:123} INFO - ::group::Pre task execution logs
[2024-10-20T22:05:19.250+0000] {taskinstance.py:2612} INFO - Dependencies all met for dep_context=non-requeueable deps ti=<TaskInstance: transform_load_crypto_data.wait_for_extract manual__2024-10-20T00:00:00+00:00 [queued]>
[2024-10-20T22:05:19.254+0000] {taskinstance.py:2612} INFO - Dependencies all met for dep_context=requeueable deps ti=<TaskInstance: transform_load_crypto_data.wait_for_extract manual__2024-10-20T00:00:00+00:00 [queued]>
[2024-10-20T22:05:19.254+0000] {taskinstance.py:2865} INFO - Starting attempt 1 of 2
[2024-10-20T22:05:19.260+0000] {taskinstance.py:2888} INFO - Executing <Task(ExternalTaskSensor): wait_for_extract> on 2024-10-20 00:00:00+00:00
[2024-10-20T22:05:19.266+0000] {warnings.py:112} WARNING - /home/***/.local/lib/python3.12/site-packages/***/task/task_runner/standard_task_runner.py:70: DeprecationWarning: This process (pid=140) is multi-threaded, use of fork() may lead to deadlocks in the child.
  pid = os.fork()

[2024-10-20T22:05:19.267+0000] {standard_task_runner.py:72} INFO - Started process 149 to run task
[2024-10-20T22:05:19.268+0000] {standard_task_runner.py:104} INFO - Running: ['***', 'tasks', 'run', 'transform_load_crypto_data', 'wait_for_extract', 'manual__2024-10-20T00:00:00+00:00', '--job-id', '156', '--raw', '--subdir', 'DAGS_FOLDER/dag_transform_load.py', '--cfg-path', '/tmp/tmpfivw9v46']
[2024-10-20T22:05:19.269+0000] {standard_task_runner.py:105} INFO - Job 156: Subtask wait_for_extract
[2024-10-20T22:05:19.303+0000] {task_command.py:467} INFO - Running <TaskInstance: transform_load_crypto_data.wait_for_extract manual__2024-10-20T00:00:00+00:00 [running]> on host f2f24d1d546c
[2024-10-20T22:05:19.367+0000] {taskinstance.py:3131} INFO - Exporting env vars: AIRFLOW_CTX_DAG_OWNER='***' AIRFLOW_CTX_DAG_ID='transform_load_crypto_data' AIRFLOW_CTX_TASK_ID='wait_for_extract' AIRFLOW_CTX_EXECUTION_DATE='2024-10-20T00:00:00+00:00' AIRFLOW_CTX_TRY_NUMBER='1' AIRFLOW_CTX_DAG_RUN_ID='manual__2024-10-20T00:00:00+00:00'
[2024-10-20T22:05:19.370+0000] {taskinstance.py:731} INFO - ::endgroup::
[2024-10-20T22:05:19.383+0000] {baseoperator.py:405} WARNING - ExternalTaskSensor.execute cannot be called outside TaskInstance!
[2024-10-20T22:05:19.383+0000] {external_task.py:258} INFO - Poking for tasks ['extract_crypto_data'] in dag extract_crypto_data on 2024-10-20T00:00:00+00:00 ... 
[2024-10-20T22:05:19.384+0000] {warnings.py:112} WARNING - /home/***/.local/lib/python3.12/site-packages/***/utils/session.py:97: DeprecationWarning: This method is deprecated and will be removed in future.
  return func(*args, session=session, **kwargs)

[2024-10-20T22:05:19.390+0000] {base.py:336} INFO - Success criteria met. Exiting.
[2024-10-20T22:05:19.394+0000] {taskinstance.py:340} INFO - ::group::Post task execution logs
[2024-10-20T22:05:19.395+0000] {taskinstance.py:352} INFO - Marking task as SUCCESS. dag_id=transform_load_crypto_data, task_id=wait_for_extract, run_id=manual__2024-10-20T00:00:00+00:00, execution_date=20241020T000000, start_date=20241020T220519, end_date=20241020T220519
[2024-10-20T22:05:19.412+0000] {local_task_job_runner.py:266} INFO - Task exited with return code 0
[2024-10-20T22:05:19.435+0000] {taskinstance.py:3900} INFO - 1 downstream tasks scheduled from follow-on schedule check
[2024-10-20T22:05:19.436+0000] {local_task_job_runner.py:245} INFO - ::endgroup::
