[2024-10-20T22:16:50.309+0000] {local_task_job_runner.py:123} INFO - ::group::Pre task execution logs
[2024-10-20T22:16:50.440+0000] {taskinstance.py:2612} INFO - Dependencies all met for dep_context=non-requeueable deps ti=<TaskInstance: transform_load_crypto_data.wait_for_extract manual__2024-10-20T00:00:10+00:00 [queued]>
[2024-10-20T22:16:50.443+0000] {taskinstance.py:2612} INFO - Dependencies all met for dep_context=requeueable deps ti=<TaskInstance: transform_load_crypto_data.wait_for_extract manual__2024-10-20T00:00:10+00:00 [queued]>
[2024-10-20T22:16:50.444+0000] {taskinstance.py:2865} INFO - Starting attempt 1 of 2
[2024-10-20T22:16:50.450+0000] {taskinstance.py:2888} INFO - Executing <Task(ExternalTaskSensor): wait_for_extract> on 2024-10-20 00:00:10+00:00
[2024-10-20T22:16:50.455+0000] {warnings.py:112} WARNING - /home/***/.local/lib/python3.12/site-packages/***/task/task_runner/standard_task_runner.py:70: DeprecationWarning: This process (pid=94) is multi-threaded, use of fork() may lead to deadlocks in the child.
  pid = os.fork()

[2024-10-20T22:16:50.456+0000] {standard_task_runner.py:104} INFO - Running: ['***', 'tasks', 'run', 'transform_load_crypto_data', 'wait_for_extract', 'manual__2024-10-20T00:00:10+00:00', '--job-id', '162', '--raw', '--subdir', 'DAGS_FOLDER/dag_transform_load.py', '--cfg-path', '/tmp/tmp_ndgf1x2']
[2024-10-20T22:16:50.457+0000] {standard_task_runner.py:72} INFO - Started process 96 to run task
[2024-10-20T22:16:50.457+0000] {standard_task_runner.py:105} INFO - Job 162: Subtask wait_for_extract
[2024-10-20T22:16:50.479+0000] {task_command.py:467} INFO - Running <TaskInstance: transform_load_crypto_data.wait_for_extract manual__2024-10-20T00:00:10+00:00 [running]> on host 2eb6586dfd5f
[2024-10-20T22:16:50.512+0000] {taskinstance.py:3131} INFO - Exporting env vars: AIRFLOW_CTX_DAG_OWNER='***' AIRFLOW_CTX_DAG_ID='transform_load_crypto_data' AIRFLOW_CTX_TASK_ID='wait_for_extract' AIRFLOW_CTX_EXECUTION_DATE='2024-10-20T00:00:10+00:00' AIRFLOW_CTX_TRY_NUMBER='1' AIRFLOW_CTX_DAG_RUN_ID='manual__2024-10-20T00:00:10+00:00'
[2024-10-20T22:16:50.512+0000] {taskinstance.py:731} INFO - ::endgroup::
[2024-10-20T22:16:50.523+0000] {baseoperator.py:405} WARNING - ExternalTaskSensor.execute cannot be called outside TaskInstance!
[2024-10-20T22:16:50.523+0000] {external_task.py:258} INFO - Poking for tasks ['extract_crypto_data'] in dag extract_crypto_data on 2024-10-20T00:00:10+00:00 ... 
[2024-10-20T22:16:50.524+0000] {warnings.py:112} WARNING - /home/***/.local/lib/python3.12/site-packages/***/utils/session.py:97: DeprecationWarning: This method is deprecated and will be removed in future.
  return func(*args, session=session, **kwargs)

[2024-10-20T22:16:50.529+0000] {base.py:336} INFO - Success criteria met. Exiting.
[2024-10-20T22:16:50.533+0000] {taskinstance.py:340} INFO - ::group::Post task execution logs
[2024-10-20T22:16:50.534+0000] {taskinstance.py:352} INFO - Marking task as SUCCESS. dag_id=transform_load_crypto_data, task_id=wait_for_extract, run_id=manual__2024-10-20T00:00:10+00:00, execution_date=20241020T000010, start_date=20241020T221650, end_date=20241020T221650
[2024-10-20T22:16:50.559+0000] {local_task_job_runner.py:266} INFO - Task exited with return code 0
[2024-10-20T22:16:50.577+0000] {taskinstance.py:3900} INFO - 1 downstream tasks scheduled from follow-on schedule check
[2024-10-20T22:16:50.578+0000] {local_task_job_runner.py:245} INFO - ::endgroup::
