[2024-10-23T01:10:24.058+0000] {local_task_job_runner.py:123} INFO - ::group::Pre task execution logs
[2024-10-23T01:10:24.080+0000] {taskinstance.py:2612} INFO - Dependencies all met for dep_context=non-requeueable deps ti=<TaskInstance: etl_crypto_pipeline.extract_crypto_data scheduled__2024-10-22T00:00:00+00:00 [queued]>
[2024-10-23T01:10:24.090+0000] {taskinstance.py:2612} INFO - Dependencies all met for dep_context=requeueable deps ti=<TaskInstance: etl_crypto_pipeline.extract_crypto_data scheduled__2024-10-22T00:00:00+00:00 [queued]>
[2024-10-23T01:10:24.091+0000] {taskinstance.py:2865} INFO - Starting attempt 2 of 2
[2024-10-23T01:10:24.115+0000] {taskinstance.py:2888} INFO - Executing <Task(PythonOperator): extract_crypto_data> on 2024-10-22 00:00:00+00:00
[2024-10-23T01:10:24.204+0000] {warnings.py:112} WARNING - /home/***/.local/lib/python3.12/site-packages/***/task/task_runner/standard_task_runner.py:70: DeprecationWarning: This process (pid=2502) is multi-threaded, use of fork() may lead to deadlocks in the child.
  pid = os.fork()

[2024-10-23T01:10:24.238+0000] {standard_task_runner.py:72} INFO - Started process 2504 to run task
[2024-10-23T01:10:24.249+0000] {standard_task_runner.py:104} INFO - Running: ['***', 'tasks', 'run', 'etl_crypto_pipeline', 'extract_crypto_data', 'scheduled__2024-10-22T00:00:00+00:00', '--job-id', '187', '--raw', '--subdir', 'DAGS_FOLDER/dag_etl.py', '--cfg-path', '/tmp/tmpdpv9qd4e']
[2024-10-23T01:10:24.279+0000] {standard_task_runner.py:105} INFO - Job 187: Subtask extract_crypto_data
[2024-10-23T01:10:24.626+0000] {task_command.py:467} INFO - Running <TaskInstance: etl_crypto_pipeline.extract_crypto_data scheduled__2024-10-22T00:00:00+00:00 [running]> on host df68927c17b4
[2024-10-23T01:10:24.900+0000] {taskinstance.py:3131} INFO - Exporting env vars: AIRFLOW_CTX_DAG_OWNER='***' AIRFLOW_CTX_DAG_ID='etl_crypto_pipeline' AIRFLOW_CTX_TASK_ID='extract_crypto_data' AIRFLOW_CTX_EXECUTION_DATE='2024-10-22T00:00:00+00:00' AIRFLOW_CTX_TRY_NUMBER='2' AIRFLOW_CTX_DAG_RUN_ID='scheduled__2024-10-22T00:00:00+00:00'
[2024-10-23T01:10:24.909+0000] {taskinstance.py:731} INFO - ::endgroup::
[2024-10-23T01:10:25.717+0000] {logging_mixin.py:190} INFO - Dolar prices saved to parquet
[2024-10-23T01:10:27.796+0000] {logging_mixin.py:190} INFO - Crypto prices saved to parquet
[2024-10-23T01:10:28.997+0000] {logging_mixin.py:190} INFO - Crypto data saved to parquet
[2024-10-23T01:10:29.003+0000] {python.py:240} INFO - Done. Returned value was: None
[2024-10-23T01:10:29.038+0000] {taskinstance.py:340} INFO - ::group::Post task execution logs
[2024-10-23T01:10:29.039+0000] {taskinstance.py:352} INFO - Marking task as SUCCESS. dag_id=etl_crypto_pipeline, task_id=extract_crypto_data, run_id=scheduled__2024-10-22T00:00:00+00:00, execution_date=20241022T000000, start_date=20241023T011024, end_date=20241023T011029
[2024-10-23T01:10:29.140+0000] {local_task_job_runner.py:266} INFO - Task exited with return code 0
[2024-10-23T01:10:29.257+0000] {taskinstance.py:3900} INFO - 1 downstream tasks scheduled from follow-on schedule check
[2024-10-23T01:10:29.260+0000] {local_task_job_runner.py:245} INFO - ::endgroup::
[2024-10-23T01:10:29.275+0000] {standard_task_runner.py:217} INFO - Process not found (most likely exited), stop collecting metrics
