[2024-10-20T22:02:24.751+0000] {local_task_job_runner.py:123} INFO - ::group::Pre task execution logs
[2024-10-20T22:02:24.964+0000] {taskinstance.py:2612} INFO - Dependencies all met for dep_context=non-requeueable deps ti=<TaskInstance: extract_crypto_data.extract_crypto_data manual__2024-10-20T22:02:22.947859+00:00 [queued]>
[2024-10-20T22:02:24.970+0000] {taskinstance.py:2612} INFO - Dependencies all met for dep_context=requeueable deps ti=<TaskInstance: extract_crypto_data.extract_crypto_data manual__2024-10-20T22:02:22.947859+00:00 [queued]>
[2024-10-20T22:02:24.970+0000] {taskinstance.py:2865} INFO - Starting attempt 1 of 2
[2024-10-20T22:02:24.979+0000] {taskinstance.py:2888} INFO - Executing <Task(PythonOperator): extract_crypto_data> on 2024-10-20 22:02:22.947859+00:00
[2024-10-20T22:02:24.990+0000] {warnings.py:112} WARNING - /home/***/.local/lib/python3.12/site-packages/***/task/task_runner/standard_task_runner.py:70: DeprecationWarning: This process (pid=97) is multi-threaded, use of fork() may lead to deadlocks in the child.
  pid = os.fork()

[2024-10-20T22:02:24.993+0000] {standard_task_runner.py:72} INFO - Started process 99 to run task
[2024-10-20T22:02:24.993+0000] {standard_task_runner.py:104} INFO - Running: ['***', 'tasks', 'run', 'extract_crypto_data', 'extract_crypto_data', 'manual__2024-10-20T22:02:22.947859+00:00', '--job-id', '154', '--raw', '--subdir', 'DAGS_FOLDER/dag_extract.py', '--cfg-path', '/tmp/tmp6wb6r3u7']
[2024-10-20T22:02:24.997+0000] {standard_task_runner.py:105} INFO - Job 154: Subtask extract_crypto_data
[2024-10-20T22:02:25.029+0000] {task_command.py:467} INFO - Running <TaskInstance: extract_crypto_data.extract_crypto_data manual__2024-10-20T22:02:22.947859+00:00 [running]> on host f2f24d1d546c
[2024-10-20T22:02:25.071+0000] {taskinstance.py:3131} INFO - Exporting env vars: AIRFLOW_CTX_DAG_OWNER='***' AIRFLOW_CTX_DAG_ID='extract_crypto_data' AIRFLOW_CTX_TASK_ID='extract_crypto_data' AIRFLOW_CTX_EXECUTION_DATE='2024-10-20T22:02:22.947859+00:00' AIRFLOW_CTX_TRY_NUMBER='1' AIRFLOW_CTX_DAG_RUN_ID='manual__2024-10-20T22:02:22.947859+00:00'
[2024-10-20T22:02:25.072+0000] {taskinstance.py:731} INFO - ::endgroup::
[2024-10-20T22:02:25.855+0000] {logging_mixin.py:190} INFO - Dolar prices saved to parquet
[2024-10-20T22:02:29.189+0000] {logging_mixin.py:190} INFO - Crypto prices saved to parquet
[2024-10-20T22:02:30.924+0000] {logging_mixin.py:190} INFO - Crypto data saved to parquet
[2024-10-20T22:02:30.926+0000] {python.py:240} INFO - Done. Returned value was: None
[2024-10-20T22:02:30.947+0000] {taskinstance.py:340} INFO - ::group::Post task execution logs
[2024-10-20T22:02:30.948+0000] {taskinstance.py:352} INFO - Marking task as SUCCESS. dag_id=extract_crypto_data, task_id=extract_crypto_data, run_id=manual__2024-10-20T22:02:22.947859+00:00, execution_date=20241020T220222, start_date=20241020T220224, end_date=20241020T220230
[2024-10-20T22:02:31.018+0000] {local_task_job_runner.py:266} INFO - Task exited with return code 0
[2024-10-20T22:02:31.034+0000] {taskinstance.py:3900} INFO - 0 downstream tasks scheduled from follow-on schedule check
[2024-10-20T22:02:31.038+0000] {local_task_job_runner.py:245} INFO - ::endgroup::
