[2024-10-22T00:02:39.426+0000] {processor.py:186} INFO - Started process (PID=780) to work on /opt/airflow/dags/dag_etl.py
[2024-10-22T00:02:39.428+0000] {processor.py:914} INFO - Processing file /opt/airflow/dags/dag_etl.py for tasks to queue
[2024-10-22T00:02:39.430+0000] {logging_mixin.py:190} INFO - [2024-10-22T00:02:39.429+0000] {dagbag.py:588} INFO - Filling up the DagBag from /opt/airflow/dags/dag_etl.py
[2024-10-22T00:02:39.780+0000] {processor.py:925} INFO - DAG(s) 'etl_crypto_pipeline' retrieved from /opt/airflow/dags/dag_etl.py
[2024-10-22T00:02:39.824+0000] {logging_mixin.py:190} INFO - [2024-10-22T00:02:39.823+0000] {dag.py:3239} INFO - Sync 1 DAGs
[2024-10-22T00:02:39.845+0000] {logging_mixin.py:190} INFO - [2024-10-22T00:02:39.845+0000] {dag.py:4180} INFO - Setting next_dagrun for etl_crypto_pipeline to 2024-10-22 00:00:00+00:00, run_after=2024-10-23 00:00:00+00:00
[2024-10-22T00:02:39.858+0000] {processor.py:208} INFO - Processing /opt/airflow/dags/dag_etl.py took 0.438 seconds
[2024-10-22T00:08:18.323+0000] {processor.py:186} INFO - Started process (PID=788) to work on /opt/airflow/dags/dag_etl.py
[2024-10-22T00:08:18.324+0000] {processor.py:914} INFO - Processing file /opt/airflow/dags/dag_etl.py for tasks to queue
[2024-10-22T00:08:18.325+0000] {logging_mixin.py:190} INFO - [2024-10-22T00:08:18.325+0000] {dagbag.py:588} INFO - Filling up the DagBag from /opt/airflow/dags/dag_etl.py
[2024-10-22T00:08:18.637+0000] {processor.py:925} INFO - DAG(s) 'etl_crypto_pipeline' retrieved from /opt/airflow/dags/dag_etl.py
[2024-10-22T00:08:18.659+0000] {logging_mixin.py:190} INFO - [2024-10-22T00:08:18.658+0000] {dag.py:3239} INFO - Sync 1 DAGs
[2024-10-22T00:08:18.674+0000] {logging_mixin.py:190} INFO - [2024-10-22T00:08:18.674+0000] {dag.py:4180} INFO - Setting next_dagrun for etl_crypto_pipeline to 2024-10-22 00:00:00+00:00, run_after=2024-10-23 00:00:00+00:00
[2024-10-22T00:08:18.682+0000] {processor.py:208} INFO - Processing /opt/airflow/dags/dag_etl.py took 0.366 seconds
[2024-10-22T00:17:58.250+0000] {processor.py:186} INFO - Started process (PID=796) to work on /opt/airflow/dags/dag_etl.py
[2024-10-22T00:17:58.255+0000] {processor.py:914} INFO - Processing file /opt/airflow/dags/dag_etl.py for tasks to queue
[2024-10-22T00:17:58.263+0000] {logging_mixin.py:190} INFO - [2024-10-22T00:17:58.260+0000] {dagbag.py:588} INFO - Filling up the DagBag from /opt/airflow/dags/dag_etl.py
[2024-10-22T00:17:58.873+0000] {processor.py:925} INFO - DAG(s) 'etl_crypto_pipeline' retrieved from /opt/airflow/dags/dag_etl.py
[2024-10-22T00:17:58.950+0000] {logging_mixin.py:190} INFO - [2024-10-22T00:17:58.949+0000] {dag.py:3239} INFO - Sync 1 DAGs
[2024-10-22T00:17:59.028+0000] {logging_mixin.py:190} INFO - [2024-10-22T00:17:59.027+0000] {dag.py:4180} INFO - Setting next_dagrun for etl_crypto_pipeline to 2024-10-22 00:00:00+00:00, run_after=2024-10-23 00:00:00+00:00
[2024-10-22T00:17:59.083+0000] {processor.py:208} INFO - Processing /opt/airflow/dags/dag_etl.py took 0.863 seconds
[2024-10-22T00:25:22.632+0000] {processor.py:186} INFO - Started process (PID=804) to work on /opt/airflow/dags/dag_etl.py
[2024-10-22T00:25:22.633+0000] {processor.py:914} INFO - Processing file /opt/airflow/dags/dag_etl.py for tasks to queue
[2024-10-22T00:25:22.634+0000] {logging_mixin.py:190} INFO - [2024-10-22T00:25:22.634+0000] {dagbag.py:588} INFO - Filling up the DagBag from /opt/airflow/dags/dag_etl.py
[2024-10-22T00:25:23.112+0000] {processor.py:925} INFO - DAG(s) 'etl_crypto_pipeline' retrieved from /opt/airflow/dags/dag_etl.py
[2024-10-22T00:25:23.142+0000] {logging_mixin.py:190} INFO - [2024-10-22T00:25:23.142+0000] {dag.py:3239} INFO - Sync 1 DAGs
[2024-10-22T00:25:23.170+0000] {logging_mixin.py:190} INFO - [2024-10-22T00:25:23.169+0000] {dag.py:4180} INFO - Setting next_dagrun for etl_crypto_pipeline to 2024-10-22 00:00:00+00:00, run_after=2024-10-23 00:00:00+00:00
[2024-10-22T00:25:23.183+0000] {processor.py:208} INFO - Processing /opt/airflow/dags/dag_etl.py took 0.575 seconds
[2024-10-22T00:30:03.296+0000] {processor.py:186} INFO - Started process (PID=812) to work on /opt/airflow/dags/dag_etl.py
[2024-10-22T00:30:03.297+0000] {processor.py:914} INFO - Processing file /opt/airflow/dags/dag_etl.py for tasks to queue
[2024-10-22T00:30:03.299+0000] {logging_mixin.py:190} INFO - [2024-10-22T00:30:03.298+0000] {dagbag.py:588} INFO - Filling up the DagBag from /opt/airflow/dags/dag_etl.py
[2024-10-22T00:30:03.575+0000] {processor.py:925} INFO - DAG(s) 'etl_crypto_pipeline' retrieved from /opt/airflow/dags/dag_etl.py
[2024-10-22T00:30:03.599+0000] {logging_mixin.py:190} INFO - [2024-10-22T00:30:03.599+0000] {dag.py:3239} INFO - Sync 1 DAGs
[2024-10-22T00:30:03.615+0000] {logging_mixin.py:190} INFO - [2024-10-22T00:30:03.615+0000] {dag.py:4180} INFO - Setting next_dagrun for etl_crypto_pipeline to 2024-10-22 00:00:00+00:00, run_after=2024-10-23 00:00:00+00:00
[2024-10-22T00:30:03.624+0000] {processor.py:208} INFO - Processing /opt/airflow/dags/dag_etl.py took 0.344 seconds
[2024-10-22T00:40:15.692+0000] {processor.py:186} INFO - Started process (PID=820) to work on /opt/airflow/dags/dag_etl.py
[2024-10-22T00:40:15.694+0000] {processor.py:914} INFO - Processing file /opt/airflow/dags/dag_etl.py for tasks to queue
[2024-10-22T00:40:15.697+0000] {logging_mixin.py:190} INFO - [2024-10-22T00:40:15.696+0000] {dagbag.py:588} INFO - Filling up the DagBag from /opt/airflow/dags/dag_etl.py
[2024-10-22T00:40:16.568+0000] {processor.py:925} INFO - DAG(s) 'etl_crypto_pipeline' retrieved from /opt/airflow/dags/dag_etl.py
[2024-10-22T00:40:16.616+0000] {logging_mixin.py:190} INFO - [2024-10-22T00:40:16.616+0000] {dag.py:3239} INFO - Sync 1 DAGs
[2024-10-22T00:40:16.691+0000] {logging_mixin.py:190} INFO - [2024-10-22T00:40:16.691+0000] {dag.py:4180} INFO - Setting next_dagrun for etl_crypto_pipeline to 2024-10-22 00:00:00+00:00, run_after=2024-10-23 00:00:00+00:00
[2024-10-22T00:40:16.714+0000] {processor.py:208} INFO - Processing /opt/airflow/dags/dag_etl.py took 1.047 seconds
[2024-10-22T00:52:58.744+0000] {processor.py:186} INFO - Started process (PID=828) to work on /opt/airflow/dags/dag_etl.py
[2024-10-22T00:52:58.746+0000] {processor.py:914} INFO - Processing file /opt/airflow/dags/dag_etl.py for tasks to queue
[2024-10-22T00:52:58.748+0000] {logging_mixin.py:190} INFO - [2024-10-22T00:52:58.747+0000] {dagbag.py:588} INFO - Filling up the DagBag from /opt/airflow/dags/dag_etl.py
[2024-10-22T00:52:59.075+0000] {processor.py:925} INFO - DAG(s) 'etl_crypto_pipeline' retrieved from /opt/airflow/dags/dag_etl.py
[2024-10-22T00:52:59.097+0000] {logging_mixin.py:190} INFO - [2024-10-22T00:52:59.097+0000] {dag.py:3239} INFO - Sync 1 DAGs
[2024-10-22T00:52:59.113+0000] {logging_mixin.py:190} INFO - [2024-10-22T00:52:59.113+0000] {dag.py:4180} INFO - Setting next_dagrun for etl_crypto_pipeline to 2024-10-22 00:00:00+00:00, run_after=2024-10-23 00:00:00+00:00
[2024-10-22T00:52:59.125+0000] {processor.py:208} INFO - Processing /opt/airflow/dags/dag_etl.py took 0.396 seconds
[2024-10-22T00:59:03.240+0000] {processor.py:186} INFO - Started process (PID=836) to work on /opt/airflow/dags/dag_etl.py
[2024-10-22T00:59:03.241+0000] {processor.py:914} INFO - Processing file /opt/airflow/dags/dag_etl.py for tasks to queue
[2024-10-22T00:59:03.243+0000] {logging_mixin.py:190} INFO - [2024-10-22T00:59:03.242+0000] {dagbag.py:588} INFO - Filling up the DagBag from /opt/airflow/dags/dag_etl.py
[2024-10-22T00:59:03.526+0000] {processor.py:925} INFO - DAG(s) 'etl_crypto_pipeline' retrieved from /opt/airflow/dags/dag_etl.py
[2024-10-22T00:59:03.558+0000] {logging_mixin.py:190} INFO - [2024-10-22T00:59:03.558+0000] {dag.py:3239} INFO - Sync 1 DAGs
[2024-10-22T00:59:03.578+0000] {logging_mixin.py:190} INFO - [2024-10-22T00:59:03.577+0000] {dag.py:4180} INFO - Setting next_dagrun for etl_crypto_pipeline to 2024-10-22 00:00:00+00:00, run_after=2024-10-23 00:00:00+00:00
[2024-10-22T00:59:03.587+0000] {processor.py:208} INFO - Processing /opt/airflow/dags/dag_etl.py took 0.357 seconds
[2024-10-22T01:05:08.669+0000] {processor.py:186} INFO - Started process (PID=844) to work on /opt/airflow/dags/dag_etl.py
[2024-10-22T01:05:08.672+0000] {processor.py:914} INFO - Processing file /opt/airflow/dags/dag_etl.py for tasks to queue
[2024-10-22T01:05:08.673+0000] {logging_mixin.py:190} INFO - [2024-10-22T01:05:08.673+0000] {dagbag.py:588} INFO - Filling up the DagBag from /opt/airflow/dags/dag_etl.py
[2024-10-22T01:05:09.011+0000] {processor.py:925} INFO - DAG(s) 'etl_crypto_pipeline' retrieved from /opt/airflow/dags/dag_etl.py
[2024-10-22T01:05:09.031+0000] {logging_mixin.py:190} INFO - [2024-10-22T01:05:09.030+0000] {dag.py:3239} INFO - Sync 1 DAGs
[2024-10-22T01:05:09.048+0000] {logging_mixin.py:190} INFO - [2024-10-22T01:05:09.048+0000] {dag.py:4180} INFO - Setting next_dagrun for etl_crypto_pipeline to 2024-10-22 00:00:00+00:00, run_after=2024-10-23 00:00:00+00:00
[2024-10-22T01:05:09.066+0000] {processor.py:208} INFO - Processing /opt/airflow/dags/dag_etl.py took 0.408 seconds
[2024-10-22T01:13:08.103+0000] {processor.py:186} INFO - Started process (PID=851) to work on /opt/airflow/dags/dag_etl.py
[2024-10-22T01:13:08.105+0000] {processor.py:914} INFO - Processing file /opt/airflow/dags/dag_etl.py for tasks to queue
[2024-10-22T01:13:08.109+0000] {logging_mixin.py:190} INFO - [2024-10-22T01:13:08.108+0000] {dagbag.py:588} INFO - Filling up the DagBag from /opt/airflow/dags/dag_etl.py
[2024-10-22T01:13:08.388+0000] {processor.py:925} INFO - DAG(s) 'etl_crypto_pipeline' retrieved from /opt/airflow/dags/dag_etl.py
[2024-10-22T01:13:08.427+0000] {logging_mixin.py:190} INFO - [2024-10-22T01:13:08.427+0000] {dag.py:3239} INFO - Sync 1 DAGs
[2024-10-22T01:13:08.460+0000] {logging_mixin.py:190} INFO - [2024-10-22T01:13:08.459+0000] {dag.py:4180} INFO - Setting next_dagrun for etl_crypto_pipeline to 2024-10-22 00:00:00+00:00, run_after=2024-10-23 00:00:00+00:00
[2024-10-22T01:13:08.478+0000] {processor.py:208} INFO - Processing /opt/airflow/dags/dag_etl.py took 0.385 seconds
[2024-10-22T01:18:30.069+0000] {processor.py:186} INFO - Started process (PID=859) to work on /opt/airflow/dags/dag_etl.py
[2024-10-22T01:18:30.071+0000] {processor.py:914} INFO - Processing file /opt/airflow/dags/dag_etl.py for tasks to queue
[2024-10-22T01:18:30.073+0000] {logging_mixin.py:190} INFO - [2024-10-22T01:18:30.073+0000] {dagbag.py:588} INFO - Filling up the DagBag from /opt/airflow/dags/dag_etl.py
[2024-10-22T01:18:30.495+0000] {processor.py:925} INFO - DAG(s) 'etl_crypto_pipeline' retrieved from /opt/airflow/dags/dag_etl.py
[2024-10-22T01:18:30.533+0000] {logging_mixin.py:190} INFO - [2024-10-22T01:18:30.533+0000] {dag.py:3239} INFO - Sync 1 DAGs
[2024-10-22T01:18:30.551+0000] {logging_mixin.py:190} INFO - [2024-10-22T01:18:30.551+0000] {dag.py:4180} INFO - Setting next_dagrun for etl_crypto_pipeline to 2024-10-22 00:00:00+00:00, run_after=2024-10-23 00:00:00+00:00
[2024-10-22T01:18:30.565+0000] {processor.py:208} INFO - Processing /opt/airflow/dags/dag_etl.py took 0.513 seconds
[2024-10-22T01:25:40.073+0000] {processor.py:186} INFO - Started process (PID=867) to work on /opt/airflow/dags/dag_etl.py
[2024-10-22T01:25:40.076+0000] {processor.py:914} INFO - Processing file /opt/airflow/dags/dag_etl.py for tasks to queue
[2024-10-22T01:25:40.077+0000] {logging_mixin.py:190} INFO - [2024-10-22T01:25:40.077+0000] {dagbag.py:588} INFO - Filling up the DagBag from /opt/airflow/dags/dag_etl.py
[2024-10-22T01:25:40.809+0000] {processor.py:925} INFO - DAG(s) 'etl_crypto_pipeline' retrieved from /opt/airflow/dags/dag_etl.py
[2024-10-22T01:25:40.858+0000] {logging_mixin.py:190} INFO - [2024-10-22T01:25:40.857+0000] {dag.py:3239} INFO - Sync 1 DAGs
[2024-10-22T01:25:40.889+0000] {logging_mixin.py:190} INFO - [2024-10-22T01:25:40.888+0000] {dag.py:4180} INFO - Setting next_dagrun for etl_crypto_pipeline to 2024-10-22 00:00:00+00:00, run_after=2024-10-23 00:00:00+00:00
[2024-10-22T01:25:40.930+0000] {processor.py:208} INFO - Processing /opt/airflow/dags/dag_etl.py took 0.863 seconds
[2024-10-22T01:43:05.341+0000] {processor.py:186} INFO - Started process (PID=875) to work on /opt/airflow/dags/dag_etl.py
[2024-10-22T01:43:05.344+0000] {processor.py:914} INFO - Processing file /opt/airflow/dags/dag_etl.py for tasks to queue
[2024-10-22T01:43:05.347+0000] {logging_mixin.py:190} INFO - [2024-10-22T01:43:05.346+0000] {dagbag.py:588} INFO - Filling up the DagBag from /opt/airflow/dags/dag_etl.py
[2024-10-22T01:43:05.973+0000] {processor.py:925} INFO - DAG(s) 'etl_crypto_pipeline' retrieved from /opt/airflow/dags/dag_etl.py
[2024-10-22T01:43:06.021+0000] {logging_mixin.py:190} INFO - [2024-10-22T01:43:06.020+0000] {dag.py:3239} INFO - Sync 1 DAGs
[2024-10-22T01:43:06.043+0000] {logging_mixin.py:190} INFO - [2024-10-22T01:43:06.042+0000] {dag.py:4180} INFO - Setting next_dagrun for etl_crypto_pipeline to 2024-10-22 00:00:00+00:00, run_after=2024-10-23 00:00:00+00:00
[2024-10-22T01:43:06.063+0000] {processor.py:208} INFO - Processing /opt/airflow/dags/dag_etl.py took 0.733 seconds
[2024-10-22T01:43:36.793+0000] {processor.py:186} INFO - Started process (PID=883) to work on /opt/airflow/dags/dag_etl.py
[2024-10-22T01:43:36.794+0000] {processor.py:914} INFO - Processing file /opt/airflow/dags/dag_etl.py for tasks to queue
[2024-10-22T01:43:36.796+0000] {logging_mixin.py:190} INFO - [2024-10-22T01:43:36.795+0000] {dagbag.py:588} INFO - Filling up the DagBag from /opt/airflow/dags/dag_etl.py
[2024-10-22T01:43:37.206+0000] {processor.py:925} INFO - DAG(s) 'etl_crypto_pipeline' retrieved from /opt/airflow/dags/dag_etl.py
[2024-10-22T01:43:37.252+0000] {logging_mixin.py:190} INFO - [2024-10-22T01:43:37.251+0000] {dag.py:3239} INFO - Sync 1 DAGs
[2024-10-22T01:43:37.299+0000] {logging_mixin.py:190} INFO - [2024-10-22T01:43:37.299+0000] {dag.py:4180} INFO - Setting next_dagrun for etl_crypto_pipeline to 2024-10-22 00:00:00+00:00, run_after=2024-10-23 00:00:00+00:00
[2024-10-22T01:43:37.312+0000] {processor.py:208} INFO - Processing /opt/airflow/dags/dag_etl.py took 0.526 seconds
[2024-10-22T01:44:08.014+0000] {processor.py:186} INFO - Started process (PID=891) to work on /opt/airflow/dags/dag_etl.py
[2024-10-22T01:44:08.016+0000] {processor.py:914} INFO - Processing file /opt/airflow/dags/dag_etl.py for tasks to queue
[2024-10-22T01:44:08.018+0000] {logging_mixin.py:190} INFO - [2024-10-22T01:44:08.017+0000] {dagbag.py:588} INFO - Filling up the DagBag from /opt/airflow/dags/dag_etl.py
[2024-10-22T01:44:08.295+0000] {processor.py:925} INFO - DAG(s) 'etl_crypto_pipeline' retrieved from /opt/airflow/dags/dag_etl.py
[2024-10-22T01:44:08.318+0000] {logging_mixin.py:190} INFO - [2024-10-22T01:44:08.318+0000] {dag.py:3239} INFO - Sync 1 DAGs
[2024-10-22T01:44:08.335+0000] {logging_mixin.py:190} INFO - [2024-10-22T01:44:08.335+0000] {dag.py:4180} INFO - Setting next_dagrun for etl_crypto_pipeline to 2024-10-22 00:00:00+00:00, run_after=2024-10-23 00:00:00+00:00
[2024-10-22T01:44:08.344+0000] {processor.py:208} INFO - Processing /opt/airflow/dags/dag_etl.py took 0.341 seconds
[2024-10-22T01:44:38.649+0000] {processor.py:186} INFO - Started process (PID=899) to work on /opt/airflow/dags/dag_etl.py
[2024-10-22T01:44:38.651+0000] {processor.py:914} INFO - Processing file /opt/airflow/dags/dag_etl.py for tasks to queue
[2024-10-22T01:44:38.653+0000] {logging_mixin.py:190} INFO - [2024-10-22T01:44:38.652+0000] {dagbag.py:588} INFO - Filling up the DagBag from /opt/airflow/dags/dag_etl.py
[2024-10-22T01:44:38.931+0000] {processor.py:925} INFO - DAG(s) 'etl_crypto_pipeline' retrieved from /opt/airflow/dags/dag_etl.py
[2024-10-22T01:44:38.951+0000] {logging_mixin.py:190} INFO - [2024-10-22T01:44:38.951+0000] {dag.py:3239} INFO - Sync 1 DAGs
[2024-10-22T01:44:38.993+0000] {logging_mixin.py:190} INFO - [2024-10-22T01:44:38.993+0000] {dag.py:4180} INFO - Setting next_dagrun for etl_crypto_pipeline to 2024-10-22 00:00:00+00:00, run_after=2024-10-23 00:00:00+00:00
[2024-10-22T01:44:39.006+0000] {processor.py:208} INFO - Processing /opt/airflow/dags/dag_etl.py took 0.366 seconds
[2024-10-22T01:45:09.342+0000] {processor.py:186} INFO - Started process (PID=907) to work on /opt/airflow/dags/dag_etl.py
[2024-10-22T01:45:09.344+0000] {processor.py:914} INFO - Processing file /opt/airflow/dags/dag_etl.py for tasks to queue
[2024-10-22T01:45:09.346+0000] {logging_mixin.py:190} INFO - [2024-10-22T01:45:09.344+0000] {dagbag.py:588} INFO - Filling up the DagBag from /opt/airflow/dags/dag_etl.py
[2024-10-22T01:45:09.655+0000] {processor.py:925} INFO - DAG(s) 'etl_crypto_pipeline' retrieved from /opt/airflow/dags/dag_etl.py
[2024-10-22T01:45:09.717+0000] {logging_mixin.py:190} INFO - [2024-10-22T01:45:09.716+0000] {dag.py:3239} INFO - Sync 1 DAGs
[2024-10-22T01:45:09.745+0000] {logging_mixin.py:190} INFO - [2024-10-22T01:45:09.745+0000] {dag.py:4180} INFO - Setting next_dagrun for etl_crypto_pipeline to 2024-10-22 00:00:00+00:00, run_after=2024-10-23 00:00:00+00:00
[2024-10-22T01:45:09.762+0000] {processor.py:208} INFO - Processing /opt/airflow/dags/dag_etl.py took 0.427 seconds
[2024-10-22T01:45:40.200+0000] {processor.py:186} INFO - Started process (PID=915) to work on /opt/airflow/dags/dag_etl.py
[2024-10-22T01:45:40.203+0000] {processor.py:914} INFO - Processing file /opt/airflow/dags/dag_etl.py for tasks to queue
[2024-10-22T01:45:40.207+0000] {logging_mixin.py:190} INFO - [2024-10-22T01:45:40.206+0000] {dagbag.py:588} INFO - Filling up the DagBag from /opt/airflow/dags/dag_etl.py
[2024-10-22T01:45:40.544+0000] {processor.py:925} INFO - DAG(s) 'etl_crypto_pipeline' retrieved from /opt/airflow/dags/dag_etl.py
[2024-10-22T01:45:40.567+0000] {logging_mixin.py:190} INFO - [2024-10-22T01:45:40.567+0000] {dag.py:3239} INFO - Sync 1 DAGs
[2024-10-22T01:45:40.603+0000] {logging_mixin.py:190} INFO - [2024-10-22T01:45:40.603+0000] {dag.py:4180} INFO - Setting next_dagrun for etl_crypto_pipeline to 2024-10-22 00:00:00+00:00, run_after=2024-10-23 00:00:00+00:00
[2024-10-22T01:45:40.616+0000] {processor.py:208} INFO - Processing /opt/airflow/dags/dag_etl.py took 0.428 seconds
[2024-10-22T01:46:10.951+0000] {processor.py:186} INFO - Started process (PID=923) to work on /opt/airflow/dags/dag_etl.py
[2024-10-22T01:46:10.953+0000] {processor.py:914} INFO - Processing file /opt/airflow/dags/dag_etl.py for tasks to queue
[2024-10-22T01:46:10.954+0000] {logging_mixin.py:190} INFO - [2024-10-22T01:46:10.954+0000] {dagbag.py:588} INFO - Filling up the DagBag from /opt/airflow/dags/dag_etl.py
[2024-10-22T01:46:11.289+0000] {processor.py:925} INFO - DAG(s) 'etl_crypto_pipeline' retrieved from /opt/airflow/dags/dag_etl.py
[2024-10-22T01:46:11.338+0000] {logging_mixin.py:190} INFO - [2024-10-22T01:46:11.337+0000] {dag.py:3239} INFO - Sync 1 DAGs
[2024-10-22T01:46:11.358+0000] {logging_mixin.py:190} INFO - [2024-10-22T01:46:11.358+0000] {dag.py:4180} INFO - Setting next_dagrun for etl_crypto_pipeline to 2024-10-22 00:00:00+00:00, run_after=2024-10-23 00:00:00+00:00
[2024-10-22T01:46:11.370+0000] {processor.py:208} INFO - Processing /opt/airflow/dags/dag_etl.py took 0.428 seconds
[2024-10-22T01:46:41.772+0000] {processor.py:186} INFO - Started process (PID=930) to work on /opt/airflow/dags/dag_etl.py
[2024-10-22T01:46:41.773+0000] {processor.py:914} INFO - Processing file /opt/airflow/dags/dag_etl.py for tasks to queue
[2024-10-22T01:46:41.775+0000] {logging_mixin.py:190} INFO - [2024-10-22T01:46:41.774+0000] {dagbag.py:588} INFO - Filling up the DagBag from /opt/airflow/dags/dag_etl.py
[2024-10-22T01:46:42.082+0000] {processor.py:925} INFO - DAG(s) 'etl_crypto_pipeline' retrieved from /opt/airflow/dags/dag_etl.py
[2024-10-22T01:46:42.107+0000] {logging_mixin.py:190} INFO - [2024-10-22T01:46:42.106+0000] {dag.py:3239} INFO - Sync 1 DAGs
[2024-10-22T01:46:42.122+0000] {logging_mixin.py:190} INFO - [2024-10-22T01:46:42.121+0000] {dag.py:4180} INFO - Setting next_dagrun for etl_crypto_pipeline to 2024-10-22 00:00:00+00:00, run_after=2024-10-23 00:00:00+00:00
[2024-10-22T01:46:42.130+0000] {processor.py:208} INFO - Processing /opt/airflow/dags/dag_etl.py took 0.367 seconds
[2024-10-22T01:47:12.543+0000] {processor.py:186} INFO - Started process (PID=938) to work on /opt/airflow/dags/dag_etl.py
[2024-10-22T01:47:12.546+0000] {processor.py:914} INFO - Processing file /opt/airflow/dags/dag_etl.py for tasks to queue
[2024-10-22T01:47:12.547+0000] {logging_mixin.py:190} INFO - [2024-10-22T01:47:12.547+0000] {dagbag.py:588} INFO - Filling up the DagBag from /opt/airflow/dags/dag_etl.py
[2024-10-22T01:47:12.878+0000] {processor.py:925} INFO - DAG(s) 'etl_crypto_pipeline' retrieved from /opt/airflow/dags/dag_etl.py
[2024-10-22T01:47:12.904+0000] {logging_mixin.py:190} INFO - [2024-10-22T01:47:12.904+0000] {dag.py:3239} INFO - Sync 1 DAGs
[2024-10-22T01:47:12.946+0000] {logging_mixin.py:190} INFO - [2024-10-22T01:47:12.946+0000] {dag.py:4180} INFO - Setting next_dagrun for etl_crypto_pipeline to 2024-10-22 00:00:00+00:00, run_after=2024-10-23 00:00:00+00:00
[2024-10-22T01:47:12.961+0000] {processor.py:208} INFO - Processing /opt/airflow/dags/dag_etl.py took 0.432 seconds
[2024-10-22T01:47:43.011+0000] {processor.py:186} INFO - Started process (PID=946) to work on /opt/airflow/dags/dag_etl.py
[2024-10-22T01:47:43.012+0000] {processor.py:914} INFO - Processing file /opt/airflow/dags/dag_etl.py for tasks to queue
[2024-10-22T01:47:43.014+0000] {logging_mixin.py:190} INFO - [2024-10-22T01:47:43.013+0000] {dagbag.py:588} INFO - Filling up the DagBag from /opt/airflow/dags/dag_etl.py
[2024-10-22T01:47:43.507+0000] {processor.py:925} INFO - DAG(s) 'etl_crypto_pipeline' retrieved from /opt/airflow/dags/dag_etl.py
[2024-10-22T01:47:43.561+0000] {logging_mixin.py:190} INFO - [2024-10-22T01:47:43.559+0000] {dag.py:3239} INFO - Sync 1 DAGs
[2024-10-22T01:47:43.597+0000] {logging_mixin.py:190} INFO - [2024-10-22T01:47:43.597+0000] {dag.py:4180} INFO - Setting next_dagrun for etl_crypto_pipeline to 2024-10-22 00:00:00+00:00, run_after=2024-10-23 00:00:00+00:00
[2024-10-22T01:47:43.613+0000] {processor.py:208} INFO - Processing /opt/airflow/dags/dag_etl.py took 0.609 seconds
[2024-10-22T01:48:14.005+0000] {processor.py:186} INFO - Started process (PID=954) to work on /opt/airflow/dags/dag_etl.py
[2024-10-22T01:48:14.008+0000] {processor.py:914} INFO - Processing file /opt/airflow/dags/dag_etl.py for tasks to queue
[2024-10-22T01:48:14.013+0000] {logging_mixin.py:190} INFO - [2024-10-22T01:48:14.012+0000] {dagbag.py:588} INFO - Filling up the DagBag from /opt/airflow/dags/dag_etl.py
[2024-10-22T01:48:14.340+0000] {processor.py:925} INFO - DAG(s) 'etl_crypto_pipeline' retrieved from /opt/airflow/dags/dag_etl.py
[2024-10-22T01:48:14.386+0000] {logging_mixin.py:190} INFO - [2024-10-22T01:48:14.385+0000] {dag.py:3239} INFO - Sync 1 DAGs
[2024-10-22T01:48:14.415+0000] {logging_mixin.py:190} INFO - [2024-10-22T01:48:14.414+0000] {dag.py:4180} INFO - Setting next_dagrun for etl_crypto_pipeline to 2024-10-22 00:00:00+00:00, run_after=2024-10-23 00:00:00+00:00
[2024-10-22T01:48:14.428+0000] {processor.py:208} INFO - Processing /opt/airflow/dags/dag_etl.py took 0.437 seconds
[2024-10-22T01:48:44.584+0000] {processor.py:186} INFO - Started process (PID=962) to work on /opt/airflow/dags/dag_etl.py
[2024-10-22T01:48:44.586+0000] {processor.py:914} INFO - Processing file /opt/airflow/dags/dag_etl.py for tasks to queue
[2024-10-22T01:48:44.587+0000] {logging_mixin.py:190} INFO - [2024-10-22T01:48:44.587+0000] {dagbag.py:588} INFO - Filling up the DagBag from /opt/airflow/dags/dag_etl.py
[2024-10-22T01:48:44.886+0000] {processor.py:925} INFO - DAG(s) 'etl_crypto_pipeline' retrieved from /opt/airflow/dags/dag_etl.py
[2024-10-22T01:48:44.919+0000] {logging_mixin.py:190} INFO - [2024-10-22T01:48:44.918+0000] {dag.py:3239} INFO - Sync 1 DAGs
[2024-10-22T01:48:44.939+0000] {logging_mixin.py:190} INFO - [2024-10-22T01:48:44.939+0000] {dag.py:4180} INFO - Setting next_dagrun for etl_crypto_pipeline to 2024-10-22 00:00:00+00:00, run_after=2024-10-23 00:00:00+00:00
[2024-10-22T01:48:44.949+0000] {processor.py:208} INFO - Processing /opt/airflow/dags/dag_etl.py took 0.375 seconds
[2024-10-22T01:49:15.361+0000] {processor.py:186} INFO - Started process (PID=970) to work on /opt/airflow/dags/dag_etl.py
[2024-10-22T01:49:15.364+0000] {processor.py:914} INFO - Processing file /opt/airflow/dags/dag_etl.py for tasks to queue
[2024-10-22T01:49:15.367+0000] {logging_mixin.py:190} INFO - [2024-10-22T01:49:15.366+0000] {dagbag.py:588} INFO - Filling up the DagBag from /opt/airflow/dags/dag_etl.py
[2024-10-22T01:49:15.770+0000] {processor.py:925} INFO - DAG(s) 'etl_crypto_pipeline' retrieved from /opt/airflow/dags/dag_etl.py
[2024-10-22T01:49:15.813+0000] {logging_mixin.py:190} INFO - [2024-10-22T01:49:15.812+0000] {dag.py:3239} INFO - Sync 1 DAGs
[2024-10-22T01:49:15.839+0000] {logging_mixin.py:190} INFO - [2024-10-22T01:49:15.839+0000] {dag.py:4180} INFO - Setting next_dagrun for etl_crypto_pipeline to 2024-10-22 00:00:00+00:00, run_after=2024-10-23 00:00:00+00:00
[2024-10-22T01:49:15.850+0000] {processor.py:208} INFO - Processing /opt/airflow/dags/dag_etl.py took 0.501 seconds
[2024-10-22T01:49:46.241+0000] {processor.py:186} INFO - Started process (PID=978) to work on /opt/airflow/dags/dag_etl.py
[2024-10-22T01:49:46.243+0000] {processor.py:914} INFO - Processing file /opt/airflow/dags/dag_etl.py for tasks to queue
[2024-10-22T01:49:46.245+0000] {logging_mixin.py:190} INFO - [2024-10-22T01:49:46.245+0000] {dagbag.py:588} INFO - Filling up the DagBag from /opt/airflow/dags/dag_etl.py
[2024-10-22T01:49:46.630+0000] {processor.py:925} INFO - DAG(s) 'etl_crypto_pipeline' retrieved from /opt/airflow/dags/dag_etl.py
[2024-10-22T01:49:46.656+0000] {logging_mixin.py:190} INFO - [2024-10-22T01:49:46.656+0000] {dag.py:3239} INFO - Sync 1 DAGs
[2024-10-22T01:49:46.675+0000] {logging_mixin.py:190} INFO - [2024-10-22T01:49:46.675+0000] {dag.py:4180} INFO - Setting next_dagrun for etl_crypto_pipeline to 2024-10-22 00:00:00+00:00, run_after=2024-10-23 00:00:00+00:00
[2024-10-22T01:49:46.699+0000] {processor.py:208} INFO - Processing /opt/airflow/dags/dag_etl.py took 0.483 seconds
[2024-10-22T01:50:17.180+0000] {processor.py:186} INFO - Started process (PID=986) to work on /opt/airflow/dags/dag_etl.py
[2024-10-22T01:50:17.182+0000] {processor.py:914} INFO - Processing file /opt/airflow/dags/dag_etl.py for tasks to queue
[2024-10-22T01:50:17.184+0000] {logging_mixin.py:190} INFO - [2024-10-22T01:50:17.183+0000] {dagbag.py:588} INFO - Filling up the DagBag from /opt/airflow/dags/dag_etl.py
[2024-10-22T01:50:17.455+0000] {processor.py:925} INFO - DAG(s) 'etl_crypto_pipeline' retrieved from /opt/airflow/dags/dag_etl.py
[2024-10-22T01:50:17.475+0000] {logging_mixin.py:190} INFO - [2024-10-22T01:50:17.475+0000] {dag.py:3239} INFO - Sync 1 DAGs
[2024-10-22T01:50:17.490+0000] {logging_mixin.py:190} INFO - [2024-10-22T01:50:17.490+0000] {dag.py:4180} INFO - Setting next_dagrun for etl_crypto_pipeline to 2024-10-22 00:00:00+00:00, run_after=2024-10-23 00:00:00+00:00
[2024-10-22T01:50:17.514+0000] {processor.py:208} INFO - Processing /opt/airflow/dags/dag_etl.py took 0.341 seconds
[2024-10-22T01:50:47.644+0000] {processor.py:186} INFO - Started process (PID=994) to work on /opt/airflow/dags/dag_etl.py
[2024-10-22T01:50:47.651+0000] {processor.py:914} INFO - Processing file /opt/airflow/dags/dag_etl.py for tasks to queue
[2024-10-22T01:50:47.654+0000] {logging_mixin.py:190} INFO - [2024-10-22T01:50:47.653+0000] {dagbag.py:588} INFO - Filling up the DagBag from /opt/airflow/dags/dag_etl.py
[2024-10-22T01:50:48.065+0000] {processor.py:925} INFO - DAG(s) 'etl_crypto_pipeline' retrieved from /opt/airflow/dags/dag_etl.py
[2024-10-22T01:50:48.131+0000] {logging_mixin.py:190} INFO - [2024-10-22T01:50:48.130+0000] {dag.py:3239} INFO - Sync 1 DAGs
[2024-10-22T01:50:48.151+0000] {logging_mixin.py:190} INFO - [2024-10-22T01:50:48.151+0000] {dag.py:4180} INFO - Setting next_dagrun for etl_crypto_pipeline to 2024-10-22 00:00:00+00:00, run_after=2024-10-23 00:00:00+00:00
[2024-10-22T01:50:48.164+0000] {processor.py:208} INFO - Processing /opt/airflow/dags/dag_etl.py took 0.532 seconds
[2024-10-22T01:51:18.234+0000] {processor.py:186} INFO - Started process (PID=1002) to work on /opt/airflow/dags/dag_etl.py
[2024-10-22T01:51:18.238+0000] {processor.py:914} INFO - Processing file /opt/airflow/dags/dag_etl.py for tasks to queue
[2024-10-22T01:51:18.241+0000] {logging_mixin.py:190} INFO - [2024-10-22T01:51:18.240+0000] {dagbag.py:588} INFO - Filling up the DagBag from /opt/airflow/dags/dag_etl.py
[2024-10-22T01:51:18.908+0000] {processor.py:925} INFO - DAG(s) 'etl_crypto_pipeline' retrieved from /opt/airflow/dags/dag_etl.py
[2024-10-22T01:51:19.120+0000] {logging_mixin.py:190} INFO - [2024-10-22T01:51:19.118+0000] {dag.py:3239} INFO - Sync 1 DAGs
[2024-10-22T01:51:19.165+0000] {logging_mixin.py:190} INFO - [2024-10-22T01:51:19.164+0000] {dag.py:4180} INFO - Setting next_dagrun for etl_crypto_pipeline to 2024-10-22 00:00:00+00:00, run_after=2024-10-23 00:00:00+00:00
[2024-10-22T01:51:19.191+0000] {processor.py:208} INFO - Processing /opt/airflow/dags/dag_etl.py took 0.965 seconds
[2024-10-22T01:51:49.827+0000] {processor.py:186} INFO - Started process (PID=1010) to work on /opt/airflow/dags/dag_etl.py
[2024-10-22T01:51:49.829+0000] {processor.py:914} INFO - Processing file /opt/airflow/dags/dag_etl.py for tasks to queue
[2024-10-22T01:51:49.832+0000] {logging_mixin.py:190} INFO - [2024-10-22T01:51:49.831+0000] {dagbag.py:588} INFO - Filling up the DagBag from /opt/airflow/dags/dag_etl.py
[2024-10-22T01:51:50.126+0000] {processor.py:925} INFO - DAG(s) 'etl_crypto_pipeline' retrieved from /opt/airflow/dags/dag_etl.py
[2024-10-22T01:51:50.151+0000] {logging_mixin.py:190} INFO - [2024-10-22T01:51:50.151+0000] {dag.py:3239} INFO - Sync 1 DAGs
[2024-10-22T01:51:50.173+0000] {logging_mixin.py:190} INFO - [2024-10-22T01:51:50.173+0000] {dag.py:4180} INFO - Setting next_dagrun for etl_crypto_pipeline to 2024-10-22 00:00:00+00:00, run_after=2024-10-23 00:00:00+00:00
[2024-10-22T01:51:50.185+0000] {processor.py:208} INFO - Processing /opt/airflow/dags/dag_etl.py took 0.370 seconds
[2024-10-22T01:52:20.568+0000] {processor.py:186} INFO - Started process (PID=1018) to work on /opt/airflow/dags/dag_etl.py
[2024-10-22T01:52:20.570+0000] {processor.py:914} INFO - Processing file /opt/airflow/dags/dag_etl.py for tasks to queue
[2024-10-22T01:52:20.572+0000] {logging_mixin.py:190} INFO - [2024-10-22T01:52:20.571+0000] {dagbag.py:588} INFO - Filling up the DagBag from /opt/airflow/dags/dag_etl.py
[2024-10-22T01:52:20.854+0000] {processor.py:925} INFO - DAG(s) 'etl_crypto_pipeline' retrieved from /opt/airflow/dags/dag_etl.py
[2024-10-22T01:52:20.873+0000] {logging_mixin.py:190} INFO - [2024-10-22T01:52:20.872+0000] {dag.py:3239} INFO - Sync 1 DAGs
[2024-10-22T01:52:20.891+0000] {logging_mixin.py:190} INFO - [2024-10-22T01:52:20.891+0000] {dag.py:4180} INFO - Setting next_dagrun for etl_crypto_pipeline to 2024-10-22 00:00:00+00:00, run_after=2024-10-23 00:00:00+00:00
[2024-10-22T01:52:20.900+0000] {processor.py:208} INFO - Processing /opt/airflow/dags/dag_etl.py took 0.344 seconds
[2024-10-22T01:52:51.716+0000] {processor.py:186} INFO - Started process (PID=1026) to work on /opt/airflow/dags/dag_etl.py
[2024-10-22T01:52:51.774+0000] {processor.py:914} INFO - Processing file /opt/airflow/dags/dag_etl.py for tasks to queue
[2024-10-22T01:52:51.847+0000] {logging_mixin.py:190} INFO - [2024-10-22T01:52:51.835+0000] {dagbag.py:588} INFO - Filling up the DagBag from /opt/airflow/dags/dag_etl.py
[2024-10-22T01:52:54.140+0000] {processor.py:925} INFO - DAG(s) 'etl_crypto_pipeline' retrieved from /opt/airflow/dags/dag_etl.py
[2024-10-22T01:52:54.399+0000] {logging_mixin.py:190} INFO - [2024-10-22T01:52:54.395+0000] {dag.py:3239} INFO - Sync 1 DAGs
[2024-10-22T01:52:54.544+0000] {logging_mixin.py:190} INFO - [2024-10-22T01:52:54.543+0000] {dag.py:4180} INFO - Setting next_dagrun for etl_crypto_pipeline to 2024-10-22 00:00:00+00:00, run_after=2024-10-23 00:00:00+00:00
[2024-10-22T01:52:54.639+0000] {processor.py:208} INFO - Processing /opt/airflow/dags/dag_etl.py took 3.011 seconds
[2024-10-22T01:53:25.859+0000] {processor.py:186} INFO - Started process (PID=1033) to work on /opt/airflow/dags/dag_etl.py
[2024-10-22T01:53:25.861+0000] {processor.py:914} INFO - Processing file /opt/airflow/dags/dag_etl.py for tasks to queue
[2024-10-22T01:53:25.864+0000] {logging_mixin.py:190} INFO - [2024-10-22T01:53:25.863+0000] {dagbag.py:588} INFO - Filling up the DagBag from /opt/airflow/dags/dag_etl.py
[2024-10-22T01:53:26.622+0000] {processor.py:925} INFO - DAG(s) 'etl_crypto_pipeline' retrieved from /opt/airflow/dags/dag_etl.py
[2024-10-22T01:53:26.655+0000] {logging_mixin.py:190} INFO - [2024-10-22T01:53:26.654+0000] {dag.py:3239} INFO - Sync 1 DAGs
[2024-10-22T01:53:26.691+0000] {logging_mixin.py:190} INFO - [2024-10-22T01:53:26.691+0000] {dag.py:4180} INFO - Setting next_dagrun for etl_crypto_pipeline to 2024-10-22 00:00:00+00:00, run_after=2024-10-23 00:00:00+00:00
[2024-10-22T01:53:26.705+0000] {processor.py:208} INFO - Processing /opt/airflow/dags/dag_etl.py took 0.863 seconds
[2024-10-22T01:53:57.225+0000] {processor.py:186} INFO - Started process (PID=1041) to work on /opt/airflow/dags/dag_etl.py
[2024-10-22T01:53:57.227+0000] {processor.py:914} INFO - Processing file /opt/airflow/dags/dag_etl.py for tasks to queue
[2024-10-22T01:53:57.229+0000] {logging_mixin.py:190} INFO - [2024-10-22T01:53:57.228+0000] {dagbag.py:588} INFO - Filling up the DagBag from /opt/airflow/dags/dag_etl.py
[2024-10-22T01:53:57.518+0000] {processor.py:925} INFO - DAG(s) 'etl_crypto_pipeline' retrieved from /opt/airflow/dags/dag_etl.py
[2024-10-22T01:53:57.536+0000] {logging_mixin.py:190} INFO - [2024-10-22T01:53:57.536+0000] {dag.py:3239} INFO - Sync 1 DAGs
[2024-10-22T01:53:57.552+0000] {logging_mixin.py:190} INFO - [2024-10-22T01:53:57.552+0000] {dag.py:4180} INFO - Setting next_dagrun for etl_crypto_pipeline to 2024-10-22 00:00:00+00:00, run_after=2024-10-23 00:00:00+00:00
[2024-10-22T01:53:57.561+0000] {processor.py:208} INFO - Processing /opt/airflow/dags/dag_etl.py took 0.346 seconds
[2024-10-22T01:54:27.597+0000] {processor.py:186} INFO - Started process (PID=1049) to work on /opt/airflow/dags/dag_etl.py
[2024-10-22T01:54:27.599+0000] {processor.py:914} INFO - Processing file /opt/airflow/dags/dag_etl.py for tasks to queue
[2024-10-22T01:54:27.601+0000] {logging_mixin.py:190} INFO - [2024-10-22T01:54:27.600+0000] {dagbag.py:588} INFO - Filling up the DagBag from /opt/airflow/dags/dag_etl.py
[2024-10-22T01:54:27.907+0000] {processor.py:925} INFO - DAG(s) 'etl_crypto_pipeline' retrieved from /opt/airflow/dags/dag_etl.py
[2024-10-22T01:54:27.941+0000] {logging_mixin.py:190} INFO - [2024-10-22T01:54:27.940+0000] {dag.py:3239} INFO - Sync 1 DAGs
[2024-10-22T01:54:27.971+0000] {logging_mixin.py:190} INFO - [2024-10-22T01:54:27.971+0000] {dag.py:4180} INFO - Setting next_dagrun for etl_crypto_pipeline to 2024-10-22 00:00:00+00:00, run_after=2024-10-23 00:00:00+00:00
[2024-10-22T01:54:27.982+0000] {processor.py:208} INFO - Processing /opt/airflow/dags/dag_etl.py took 0.391 seconds
[2024-10-22T01:54:58.315+0000] {processor.py:186} INFO - Started process (PID=1057) to work on /opt/airflow/dags/dag_etl.py
[2024-10-22T01:54:58.317+0000] {processor.py:914} INFO - Processing file /opt/airflow/dags/dag_etl.py for tasks to queue
[2024-10-22T01:54:58.319+0000] {logging_mixin.py:190} INFO - [2024-10-22T01:54:58.318+0000] {dagbag.py:588} INFO - Filling up the DagBag from /opt/airflow/dags/dag_etl.py
[2024-10-22T01:54:59.155+0000] {processor.py:925} INFO - DAG(s) 'etl_crypto_pipeline' retrieved from /opt/airflow/dags/dag_etl.py
[2024-10-22T01:54:59.208+0000] {logging_mixin.py:190} INFO - [2024-10-22T01:54:59.207+0000] {dag.py:3239} INFO - Sync 1 DAGs
[2024-10-22T01:54:59.249+0000] {logging_mixin.py:190} INFO - [2024-10-22T01:54:59.249+0000] {dag.py:4180} INFO - Setting next_dagrun for etl_crypto_pipeline to 2024-10-22 00:00:00+00:00, run_after=2024-10-23 00:00:00+00:00
[2024-10-22T01:54:59.277+0000] {processor.py:208} INFO - Processing /opt/airflow/dags/dag_etl.py took 0.972 seconds
[2024-10-22T01:55:29.886+0000] {processor.py:186} INFO - Started process (PID=1071) to work on /opt/airflow/dags/dag_etl.py
[2024-10-22T01:55:29.891+0000] {processor.py:914} INFO - Processing file /opt/airflow/dags/dag_etl.py for tasks to queue
[2024-10-22T01:55:29.897+0000] {logging_mixin.py:190} INFO - [2024-10-22T01:55:29.896+0000] {dagbag.py:588} INFO - Filling up the DagBag from /opt/airflow/dags/dag_etl.py
[2024-10-22T01:55:30.437+0000] {processor.py:925} INFO - DAG(s) 'etl_crypto_pipeline' retrieved from /opt/airflow/dags/dag_etl.py
[2024-10-22T01:55:30.481+0000] {logging_mixin.py:190} INFO - [2024-10-22T01:55:30.481+0000] {dag.py:3239} INFO - Sync 1 DAGs
[2024-10-22T01:55:30.501+0000] {logging_mixin.py:190} INFO - [2024-10-22T01:55:30.501+0000] {dag.py:4180} INFO - Setting next_dagrun for etl_crypto_pipeline to 2024-10-22 00:00:00+00:00, run_after=2024-10-23 00:00:00+00:00
[2024-10-22T01:55:30.514+0000] {processor.py:208} INFO - Processing /opt/airflow/dags/dag_etl.py took 0.718 seconds
[2024-10-22T01:56:01.016+0000] {processor.py:186} INFO - Started process (PID=1079) to work on /opt/airflow/dags/dag_etl.py
[2024-10-22T01:56:01.019+0000] {processor.py:914} INFO - Processing file /opt/airflow/dags/dag_etl.py for tasks to queue
[2024-10-22T01:56:01.022+0000] {logging_mixin.py:190} INFO - [2024-10-22T01:56:01.021+0000] {dagbag.py:588} INFO - Filling up the DagBag from /opt/airflow/dags/dag_etl.py
[2024-10-22T01:56:01.409+0000] {processor.py:925} INFO - DAG(s) 'etl_crypto_pipeline' retrieved from /opt/airflow/dags/dag_etl.py
[2024-10-22T01:56:01.440+0000] {logging_mixin.py:190} INFO - [2024-10-22T01:56:01.439+0000] {dag.py:3239} INFO - Sync 1 DAGs
[2024-10-22T01:56:01.463+0000] {logging_mixin.py:190} INFO - [2024-10-22T01:56:01.463+0000] {dag.py:4180} INFO - Setting next_dagrun for etl_crypto_pipeline to 2024-10-22 00:00:00+00:00, run_after=2024-10-23 00:00:00+00:00
[2024-10-22T01:56:01.481+0000] {processor.py:208} INFO - Processing /opt/airflow/dags/dag_etl.py took 0.491 seconds
[2024-10-22T01:56:31.674+0000] {processor.py:186} INFO - Started process (PID=1087) to work on /opt/airflow/dags/dag_etl.py
[2024-10-22T01:56:31.676+0000] {processor.py:914} INFO - Processing file /opt/airflow/dags/dag_etl.py for tasks to queue
[2024-10-22T01:56:31.682+0000] {logging_mixin.py:190} INFO - [2024-10-22T01:56:31.680+0000] {dagbag.py:588} INFO - Filling up the DagBag from /opt/airflow/dags/dag_etl.py
[2024-10-22T01:56:32.069+0000] {processor.py:925} INFO - DAG(s) 'etl_crypto_pipeline' retrieved from /opt/airflow/dags/dag_etl.py
[2024-10-22T01:56:32.113+0000] {logging_mixin.py:190} INFO - [2024-10-22T01:56:32.113+0000] {dag.py:3239} INFO - Sync 1 DAGs
[2024-10-22T01:56:32.149+0000] {logging_mixin.py:190} INFO - [2024-10-22T01:56:32.149+0000] {dag.py:4180} INFO - Setting next_dagrun for etl_crypto_pipeline to 2024-10-22 00:00:00+00:00, run_after=2024-10-23 00:00:00+00:00
[2024-10-22T01:56:32.339+0000] {processor.py:208} INFO - Processing /opt/airflow/dags/dag_etl.py took 0.680 seconds
[2024-10-22T01:57:03.530+0000] {processor.py:186} INFO - Started process (PID=1095) to work on /opt/airflow/dags/dag_etl.py
[2024-10-22T01:57:03.532+0000] {processor.py:914} INFO - Processing file /opt/airflow/dags/dag_etl.py for tasks to queue
[2024-10-22T01:57:03.534+0000] {logging_mixin.py:190} INFO - [2024-10-22T01:57:03.533+0000] {dagbag.py:588} INFO - Filling up the DagBag from /opt/airflow/dags/dag_etl.py
[2024-10-22T01:57:04.025+0000] {processor.py:925} INFO - DAG(s) 'etl_crypto_pipeline' retrieved from /opt/airflow/dags/dag_etl.py
[2024-10-22T01:57:04.061+0000] {logging_mixin.py:190} INFO - [2024-10-22T01:57:04.060+0000] {dag.py:3239} INFO - Sync 1 DAGs
[2024-10-22T01:57:04.084+0000] {logging_mixin.py:190} INFO - [2024-10-22T01:57:04.083+0000] {dag.py:4180} INFO - Setting next_dagrun for etl_crypto_pipeline to 2024-10-22 00:00:00+00:00, run_after=2024-10-23 00:00:00+00:00
[2024-10-22T01:57:04.098+0000] {processor.py:208} INFO - Processing /opt/airflow/dags/dag_etl.py took 0.581 seconds
[2024-10-22T01:57:34.503+0000] {processor.py:186} INFO - Started process (PID=1103) to work on /opt/airflow/dags/dag_etl.py
[2024-10-22T01:57:34.505+0000] {processor.py:914} INFO - Processing file /opt/airflow/dags/dag_etl.py for tasks to queue
[2024-10-22T01:57:34.507+0000] {logging_mixin.py:190} INFO - [2024-10-22T01:57:34.506+0000] {dagbag.py:588} INFO - Filling up the DagBag from /opt/airflow/dags/dag_etl.py
[2024-10-22T01:57:34.970+0000] {processor.py:925} INFO - DAG(s) 'etl_crypto_pipeline' retrieved from /opt/airflow/dags/dag_etl.py
[2024-10-22T01:57:35.011+0000] {logging_mixin.py:190} INFO - [2024-10-22T01:57:35.010+0000] {dag.py:3239} INFO - Sync 1 DAGs
[2024-10-22T01:57:35.028+0000] {logging_mixin.py:190} INFO - [2024-10-22T01:57:35.028+0000] {dag.py:4180} INFO - Setting next_dagrun for etl_crypto_pipeline to 2024-10-22 00:00:00+00:00, run_after=2024-10-23 00:00:00+00:00
[2024-10-22T01:57:35.037+0000] {processor.py:208} INFO - Processing /opt/airflow/dags/dag_etl.py took 0.542 seconds
[2024-10-22T01:58:05.598+0000] {processor.py:186} INFO - Started process (PID=1111) to work on /opt/airflow/dags/dag_etl.py
[2024-10-22T01:58:05.602+0000] {processor.py:914} INFO - Processing file /opt/airflow/dags/dag_etl.py for tasks to queue
[2024-10-22T01:58:05.604+0000] {logging_mixin.py:190} INFO - [2024-10-22T01:58:05.603+0000] {dagbag.py:588} INFO - Filling up the DagBag from /opt/airflow/dags/dag_etl.py
[2024-10-22T01:58:05.968+0000] {processor.py:925} INFO - DAG(s) 'etl_crypto_pipeline' retrieved from /opt/airflow/dags/dag_etl.py
[2024-10-22T01:58:06.002+0000] {logging_mixin.py:190} INFO - [2024-10-22T01:58:06.001+0000] {dag.py:3239} INFO - Sync 1 DAGs
[2024-10-22T01:58:06.019+0000] {logging_mixin.py:190} INFO - [2024-10-22T01:58:06.019+0000] {dag.py:4180} INFO - Setting next_dagrun for etl_crypto_pipeline to 2024-10-22 00:00:00+00:00, run_after=2024-10-23 00:00:00+00:00
[2024-10-22T01:58:06.031+0000] {processor.py:208} INFO - Processing /opt/airflow/dags/dag_etl.py took 0.444 seconds
[2024-10-22T01:58:36.280+0000] {processor.py:186} INFO - Started process (PID=1118) to work on /opt/airflow/dags/dag_etl.py
[2024-10-22T01:58:36.282+0000] {processor.py:914} INFO - Processing file /opt/airflow/dags/dag_etl.py for tasks to queue
[2024-10-22T01:58:36.284+0000] {logging_mixin.py:190} INFO - [2024-10-22T01:58:36.283+0000] {dagbag.py:588} INFO - Filling up the DagBag from /opt/airflow/dags/dag_etl.py
[2024-10-22T01:58:36.537+0000] {processor.py:925} INFO - DAG(s) 'etl_crypto_pipeline' retrieved from /opt/airflow/dags/dag_etl.py
[2024-10-22T01:58:36.558+0000] {logging_mixin.py:190} INFO - [2024-10-22T01:58:36.557+0000] {dag.py:3239} INFO - Sync 1 DAGs
[2024-10-22T01:58:36.594+0000] {logging_mixin.py:190} INFO - [2024-10-22T01:58:36.594+0000] {dag.py:4180} INFO - Setting next_dagrun for etl_crypto_pipeline to 2024-10-22 00:00:00+00:00, run_after=2024-10-23 00:00:00+00:00
[2024-10-22T01:58:36.608+0000] {processor.py:208} INFO - Processing /opt/airflow/dags/dag_etl.py took 0.342 seconds
[2024-10-22T01:59:06.854+0000] {processor.py:186} INFO - Started process (PID=1126) to work on /opt/airflow/dags/dag_etl.py
[2024-10-22T01:59:06.856+0000] {processor.py:914} INFO - Processing file /opt/airflow/dags/dag_etl.py for tasks to queue
[2024-10-22T01:59:06.857+0000] {logging_mixin.py:190} INFO - [2024-10-22T01:59:06.857+0000] {dagbag.py:588} INFO - Filling up the DagBag from /opt/airflow/dags/dag_etl.py
[2024-10-22T01:59:07.170+0000] {processor.py:925} INFO - DAG(s) 'etl_crypto_pipeline' retrieved from /opt/airflow/dags/dag_etl.py
[2024-10-22T01:59:07.203+0000] {logging_mixin.py:190} INFO - [2024-10-22T01:59:07.202+0000] {dag.py:3239} INFO - Sync 1 DAGs
[2024-10-22T01:59:07.230+0000] {logging_mixin.py:190} INFO - [2024-10-22T01:59:07.230+0000] {dag.py:4180} INFO - Setting next_dagrun for etl_crypto_pipeline to 2024-10-22 00:00:00+00:00, run_after=2024-10-23 00:00:00+00:00
[2024-10-22T01:59:07.241+0000] {processor.py:208} INFO - Processing /opt/airflow/dags/dag_etl.py took 0.397 seconds
[2024-10-22T01:59:37.371+0000] {processor.py:186} INFO - Started process (PID=1134) to work on /opt/airflow/dags/dag_etl.py
[2024-10-22T01:59:37.374+0000] {processor.py:914} INFO - Processing file /opt/airflow/dags/dag_etl.py for tasks to queue
[2024-10-22T01:59:37.377+0000] {logging_mixin.py:190} INFO - [2024-10-22T01:59:37.376+0000] {dagbag.py:588} INFO - Filling up the DagBag from /opt/airflow/dags/dag_etl.py
[2024-10-22T01:59:37.713+0000] {processor.py:925} INFO - DAG(s) 'etl_crypto_pipeline' retrieved from /opt/airflow/dags/dag_etl.py
[2024-10-22T01:59:37.735+0000] {logging_mixin.py:190} INFO - [2024-10-22T01:59:37.735+0000] {dag.py:3239} INFO - Sync 1 DAGs
[2024-10-22T01:59:37.756+0000] {logging_mixin.py:190} INFO - [2024-10-22T01:59:37.756+0000] {dag.py:4180} INFO - Setting next_dagrun for etl_crypto_pipeline to 2024-10-22 00:00:00+00:00, run_after=2024-10-23 00:00:00+00:00
[2024-10-22T01:59:37.767+0000] {processor.py:208} INFO - Processing /opt/airflow/dags/dag_etl.py took 0.409 seconds
[2024-10-22T02:00:07.961+0000] {processor.py:186} INFO - Started process (PID=1141) to work on /opt/airflow/dags/dag_etl.py
[2024-10-22T02:00:07.963+0000] {processor.py:914} INFO - Processing file /opt/airflow/dags/dag_etl.py for tasks to queue
[2024-10-22T02:00:07.965+0000] {logging_mixin.py:190} INFO - [2024-10-22T02:00:07.964+0000] {dagbag.py:588} INFO - Filling up the DagBag from /opt/airflow/dags/dag_etl.py
[2024-10-22T02:00:08.307+0000] {processor.py:925} INFO - DAG(s) 'etl_crypto_pipeline' retrieved from /opt/airflow/dags/dag_etl.py
[2024-10-22T02:00:08.330+0000] {logging_mixin.py:190} INFO - [2024-10-22T02:00:08.330+0000] {dag.py:3239} INFO - Sync 1 DAGs
[2024-10-22T02:00:08.347+0000] {logging_mixin.py:190} INFO - [2024-10-22T02:00:08.347+0000] {dag.py:4180} INFO - Setting next_dagrun for etl_crypto_pipeline to 2024-10-22 00:00:00+00:00, run_after=2024-10-23 00:00:00+00:00
[2024-10-22T02:00:08.357+0000] {processor.py:208} INFO - Processing /opt/airflow/dags/dag_etl.py took 0.409 seconds
[2024-10-22T02:00:38.693+0000] {processor.py:186} INFO - Started process (PID=1149) to work on /opt/airflow/dags/dag_etl.py
[2024-10-22T02:00:38.696+0000] {processor.py:914} INFO - Processing file /opt/airflow/dags/dag_etl.py for tasks to queue
[2024-10-22T02:00:38.698+0000] {logging_mixin.py:190} INFO - [2024-10-22T02:00:38.697+0000] {dagbag.py:588} INFO - Filling up the DagBag from /opt/airflow/dags/dag_etl.py
[2024-10-22T02:00:38.989+0000] {processor.py:925} INFO - DAG(s) 'etl_crypto_pipeline' retrieved from /opt/airflow/dags/dag_etl.py
[2024-10-22T02:00:39.019+0000] {logging_mixin.py:190} INFO - [2024-10-22T02:00:39.019+0000] {dag.py:3239} INFO - Sync 1 DAGs
[2024-10-22T02:00:39.045+0000] {logging_mixin.py:190} INFO - [2024-10-22T02:00:39.044+0000] {dag.py:4180} INFO - Setting next_dagrun for etl_crypto_pipeline to 2024-10-22 00:00:00+00:00, run_after=2024-10-23 00:00:00+00:00
[2024-10-22T02:00:39.061+0000] {processor.py:208} INFO - Processing /opt/airflow/dags/dag_etl.py took 0.380 seconds
[2024-10-22T02:01:09.498+0000] {processor.py:186} INFO - Started process (PID=1157) to work on /opt/airflow/dags/dag_etl.py
[2024-10-22T02:01:09.500+0000] {processor.py:914} INFO - Processing file /opt/airflow/dags/dag_etl.py for tasks to queue
[2024-10-22T02:01:09.502+0000] {logging_mixin.py:190} INFO - [2024-10-22T02:01:09.502+0000] {dagbag.py:588} INFO - Filling up the DagBag from /opt/airflow/dags/dag_etl.py
[2024-10-22T02:01:10.266+0000] {processor.py:925} INFO - DAG(s) 'etl_crypto_pipeline' retrieved from /opt/airflow/dags/dag_etl.py
[2024-10-22T02:01:10.324+0000] {logging_mixin.py:190} INFO - [2024-10-22T02:01:10.323+0000] {dag.py:3239} INFO - Sync 1 DAGs
[2024-10-22T02:01:10.354+0000] {logging_mixin.py:190} INFO - [2024-10-22T02:01:10.353+0000] {dag.py:4180} INFO - Setting next_dagrun for etl_crypto_pipeline to 2024-10-22 00:00:00+00:00, run_after=2024-10-23 00:00:00+00:00
[2024-10-22T02:01:10.372+0000] {processor.py:208} INFO - Processing /opt/airflow/dags/dag_etl.py took 0.886 seconds
[2024-10-22T02:01:40.858+0000] {processor.py:186} INFO - Started process (PID=1165) to work on /opt/airflow/dags/dag_etl.py
[2024-10-22T02:01:40.860+0000] {processor.py:914} INFO - Processing file /opt/airflow/dags/dag_etl.py for tasks to queue
[2024-10-22T02:01:40.862+0000] {logging_mixin.py:190} INFO - [2024-10-22T02:01:40.861+0000] {dagbag.py:588} INFO - Filling up the DagBag from /opt/airflow/dags/dag_etl.py
[2024-10-22T02:01:41.148+0000] {processor.py:925} INFO - DAG(s) 'etl_crypto_pipeline' retrieved from /opt/airflow/dags/dag_etl.py
[2024-10-22T02:01:41.168+0000] {logging_mixin.py:190} INFO - [2024-10-22T02:01:41.168+0000] {dag.py:3239} INFO - Sync 1 DAGs
[2024-10-22T02:01:41.185+0000] {logging_mixin.py:190} INFO - [2024-10-22T02:01:41.185+0000] {dag.py:4180} INFO - Setting next_dagrun for etl_crypto_pipeline to 2024-10-22 00:00:00+00:00, run_after=2024-10-23 00:00:00+00:00
[2024-10-22T02:01:41.194+0000] {processor.py:208} INFO - Processing /opt/airflow/dags/dag_etl.py took 0.349 seconds
[2024-10-22T02:02:11.493+0000] {processor.py:186} INFO - Started process (PID=1173) to work on /opt/airflow/dags/dag_etl.py
[2024-10-22T02:02:11.496+0000] {processor.py:914} INFO - Processing file /opt/airflow/dags/dag_etl.py for tasks to queue
[2024-10-22T02:02:11.502+0000] {logging_mixin.py:190} INFO - [2024-10-22T02:02:11.500+0000] {dagbag.py:588} INFO - Filling up the DagBag from /opt/airflow/dags/dag_etl.py
[2024-10-22T02:02:12.765+0000] {processor.py:925} INFO - DAG(s) 'etl_crypto_pipeline' retrieved from /opt/airflow/dags/dag_etl.py
[2024-10-22T02:02:12.844+0000] {logging_mixin.py:190} INFO - [2024-10-22T02:02:12.843+0000] {dag.py:3239} INFO - Sync 1 DAGs
[2024-10-22T02:02:12.873+0000] {logging_mixin.py:190} INFO - [2024-10-22T02:02:12.873+0000] {dag.py:4180} INFO - Setting next_dagrun for etl_crypto_pipeline to 2024-10-22 00:00:00+00:00, run_after=2024-10-23 00:00:00+00:00
[2024-10-22T02:02:12.887+0000] {processor.py:208} INFO - Processing /opt/airflow/dags/dag_etl.py took 1.414 seconds
[2024-10-22T02:02:43.227+0000] {processor.py:186} INFO - Started process (PID=1181) to work on /opt/airflow/dags/dag_etl.py
[2024-10-22T02:02:43.230+0000] {processor.py:914} INFO - Processing file /opt/airflow/dags/dag_etl.py for tasks to queue
[2024-10-22T02:02:43.232+0000] {logging_mixin.py:190} INFO - [2024-10-22T02:02:43.232+0000] {dagbag.py:588} INFO - Filling up the DagBag from /opt/airflow/dags/dag_etl.py
[2024-10-22T02:02:43.634+0000] {processor.py:925} INFO - DAG(s) 'etl_crypto_pipeline' retrieved from /opt/airflow/dags/dag_etl.py
[2024-10-22T02:02:43.662+0000] {logging_mixin.py:190} INFO - [2024-10-22T02:02:43.662+0000] {dag.py:3239} INFO - Sync 1 DAGs
[2024-10-22T02:02:43.703+0000] {logging_mixin.py:190} INFO - [2024-10-22T02:02:43.702+0000] {dag.py:4180} INFO - Setting next_dagrun for etl_crypto_pipeline to 2024-10-22 00:00:00+00:00, run_after=2024-10-23 00:00:00+00:00
[2024-10-22T02:02:43.731+0000] {processor.py:208} INFO - Processing /opt/airflow/dags/dag_etl.py took 0.518 seconds
[2024-10-22T02:03:14.362+0000] {processor.py:186} INFO - Started process (PID=1189) to work on /opt/airflow/dags/dag_etl.py
[2024-10-22T02:03:14.364+0000] {processor.py:914} INFO - Processing file /opt/airflow/dags/dag_etl.py for tasks to queue
[2024-10-22T02:03:14.367+0000] {logging_mixin.py:190} INFO - [2024-10-22T02:03:14.366+0000] {dagbag.py:588} INFO - Filling up the DagBag from /opt/airflow/dags/dag_etl.py
[2024-10-22T02:03:14.720+0000] {processor.py:925} INFO - DAG(s) 'etl_crypto_pipeline' retrieved from /opt/airflow/dags/dag_etl.py
[2024-10-22T02:03:14.745+0000] {logging_mixin.py:190} INFO - [2024-10-22T02:03:14.745+0000] {dag.py:3239} INFO - Sync 1 DAGs
[2024-10-22T02:03:14.784+0000] {logging_mixin.py:190} INFO - [2024-10-22T02:03:14.784+0000] {dag.py:4180} INFO - Setting next_dagrun for etl_crypto_pipeline to 2024-10-22 00:00:00+00:00, run_after=2024-10-23 00:00:00+00:00
[2024-10-22T02:03:14.799+0000] {processor.py:208} INFO - Processing /opt/airflow/dags/dag_etl.py took 0.471 seconds
[2024-10-22T02:03:45.296+0000] {processor.py:186} INFO - Started process (PID=1197) to work on /opt/airflow/dags/dag_etl.py
[2024-10-22T02:03:45.298+0000] {processor.py:914} INFO - Processing file /opt/airflow/dags/dag_etl.py for tasks to queue
[2024-10-22T02:03:45.301+0000] {logging_mixin.py:190} INFO - [2024-10-22T02:03:45.300+0000] {dagbag.py:588} INFO - Filling up the DagBag from /opt/airflow/dags/dag_etl.py
[2024-10-22T02:03:45.666+0000] {processor.py:925} INFO - DAG(s) 'etl_crypto_pipeline' retrieved from /opt/airflow/dags/dag_etl.py
[2024-10-22T02:03:45.693+0000] {logging_mixin.py:190} INFO - [2024-10-22T02:03:45.692+0000] {dag.py:3239} INFO - Sync 1 DAGs
[2024-10-22T02:03:45.713+0000] {logging_mixin.py:190} INFO - [2024-10-22T02:03:45.713+0000] {dag.py:4180} INFO - Setting next_dagrun for etl_crypto_pipeline to 2024-10-22 00:00:00+00:00, run_after=2024-10-23 00:00:00+00:00
[2024-10-22T02:03:45.723+0000] {processor.py:208} INFO - Processing /opt/airflow/dags/dag_etl.py took 0.434 seconds
[2024-10-22T02:04:15.980+0000] {processor.py:186} INFO - Started process (PID=1205) to work on /opt/airflow/dags/dag_etl.py
[2024-10-22T02:04:15.992+0000] {processor.py:914} INFO - Processing file /opt/airflow/dags/dag_etl.py for tasks to queue
[2024-10-22T02:04:15.997+0000] {logging_mixin.py:190} INFO - [2024-10-22T02:04:15.995+0000] {dagbag.py:588} INFO - Filling up the DagBag from /opt/airflow/dags/dag_etl.py
[2024-10-22T02:04:16.429+0000] {processor.py:925} INFO - DAG(s) 'etl_crypto_pipeline' retrieved from /opt/airflow/dags/dag_etl.py
[2024-10-22T02:04:16.463+0000] {logging_mixin.py:190} INFO - [2024-10-22T02:04:16.462+0000] {dag.py:3239} INFO - Sync 1 DAGs
[2024-10-22T02:04:16.504+0000] {logging_mixin.py:190} INFO - [2024-10-22T02:04:16.504+0000] {dag.py:4180} INFO - Setting next_dagrun for etl_crypto_pipeline to 2024-10-22 00:00:00+00:00, run_after=2024-10-23 00:00:00+00:00
[2024-10-22T02:04:16.517+0000] {processor.py:208} INFO - Processing /opt/airflow/dags/dag_etl.py took 0.556 seconds
[2024-10-22T02:04:46.655+0000] {processor.py:186} INFO - Started process (PID=1213) to work on /opt/airflow/dags/dag_etl.py
[2024-10-22T02:04:46.657+0000] {processor.py:914} INFO - Processing file /opt/airflow/dags/dag_etl.py for tasks to queue
[2024-10-22T02:04:46.659+0000] {logging_mixin.py:190} INFO - [2024-10-22T02:04:46.658+0000] {dagbag.py:588} INFO - Filling up the DagBag from /opt/airflow/dags/dag_etl.py
[2024-10-22T02:04:46.988+0000] {processor.py:925} INFO - DAG(s) 'etl_crypto_pipeline' retrieved from /opt/airflow/dags/dag_etl.py
[2024-10-22T02:04:47.012+0000] {logging_mixin.py:190} INFO - [2024-10-22T02:04:47.012+0000] {dag.py:3239} INFO - Sync 1 DAGs
[2024-10-22T02:04:47.063+0000] {logging_mixin.py:190} INFO - [2024-10-22T02:04:47.062+0000] {dag.py:4180} INFO - Setting next_dagrun for etl_crypto_pipeline to 2024-10-22 00:00:00+00:00, run_after=2024-10-23 00:00:00+00:00
[2024-10-22T02:04:47.077+0000] {processor.py:208} INFO - Processing /opt/airflow/dags/dag_etl.py took 0.432 seconds
[2024-10-22T02:05:17.358+0000] {processor.py:186} INFO - Started process (PID=1221) to work on /opt/airflow/dags/dag_etl.py
[2024-10-22T02:05:17.367+0000] {processor.py:914} INFO - Processing file /opt/airflow/dags/dag_etl.py for tasks to queue
[2024-10-22T02:05:17.369+0000] {logging_mixin.py:190} INFO - [2024-10-22T02:05:17.368+0000] {dagbag.py:588} INFO - Filling up the DagBag from /opt/airflow/dags/dag_etl.py
[2024-10-22T02:05:17.741+0000] {processor.py:925} INFO - DAG(s) 'etl_crypto_pipeline' retrieved from /opt/airflow/dags/dag_etl.py
[2024-10-22T02:05:17.762+0000] {logging_mixin.py:190} INFO - [2024-10-22T02:05:17.762+0000] {dag.py:3239} INFO - Sync 1 DAGs
[2024-10-22T02:05:17.779+0000] {logging_mixin.py:190} INFO - [2024-10-22T02:05:17.779+0000] {dag.py:4180} INFO - Setting next_dagrun for etl_crypto_pipeline to 2024-10-22 00:00:00+00:00, run_after=2024-10-23 00:00:00+00:00
[2024-10-22T02:05:17.788+0000] {processor.py:208} INFO - Processing /opt/airflow/dags/dag_etl.py took 0.455 seconds
[2024-10-22T02:05:48.220+0000] {processor.py:186} INFO - Started process (PID=1229) to work on /opt/airflow/dags/dag_etl.py
[2024-10-22T02:05:48.222+0000] {processor.py:914} INFO - Processing file /opt/airflow/dags/dag_etl.py for tasks to queue
[2024-10-22T02:05:48.224+0000] {logging_mixin.py:190} INFO - [2024-10-22T02:05:48.223+0000] {dagbag.py:588} INFO - Filling up the DagBag from /opt/airflow/dags/dag_etl.py
[2024-10-22T02:05:48.684+0000] {processor.py:925} INFO - DAG(s) 'etl_crypto_pipeline' retrieved from /opt/airflow/dags/dag_etl.py
[2024-10-22T02:05:48.716+0000] {logging_mixin.py:190} INFO - [2024-10-22T02:05:48.716+0000] {dag.py:3239} INFO - Sync 1 DAGs
[2024-10-22T02:05:48.740+0000] {logging_mixin.py:190} INFO - [2024-10-22T02:05:48.740+0000] {dag.py:4180} INFO - Setting next_dagrun for etl_crypto_pipeline to 2024-10-22 00:00:00+00:00, run_after=2024-10-23 00:00:00+00:00
[2024-10-22T02:05:48.753+0000] {processor.py:208} INFO - Processing /opt/airflow/dags/dag_etl.py took 0.544 seconds
[2024-10-22T02:06:19.649+0000] {processor.py:186} INFO - Started process (PID=1236) to work on /opt/airflow/dags/dag_etl.py
[2024-10-22T02:06:19.651+0000] {processor.py:914} INFO - Processing file /opt/airflow/dags/dag_etl.py for tasks to queue
[2024-10-22T02:06:19.654+0000] {logging_mixin.py:190} INFO - [2024-10-22T02:06:19.652+0000] {dagbag.py:588} INFO - Filling up the DagBag from /opt/airflow/dags/dag_etl.py
[2024-10-22T02:06:20.146+0000] {processor.py:925} INFO - DAG(s) 'etl_crypto_pipeline' retrieved from /opt/airflow/dags/dag_etl.py
[2024-10-22T02:06:20.172+0000] {logging_mixin.py:190} INFO - [2024-10-22T02:06:20.172+0000] {dag.py:3239} INFO - Sync 1 DAGs
[2024-10-22T02:06:20.212+0000] {logging_mixin.py:190} INFO - [2024-10-22T02:06:20.212+0000] {dag.py:4180} INFO - Setting next_dagrun for etl_crypto_pipeline to 2024-10-22 00:00:00+00:00, run_after=2024-10-23 00:00:00+00:00
[2024-10-22T02:06:20.227+0000] {processor.py:208} INFO - Processing /opt/airflow/dags/dag_etl.py took 0.612 seconds
[2024-10-22T02:06:51.048+0000] {processor.py:186} INFO - Started process (PID=1244) to work on /opt/airflow/dags/dag_etl.py
[2024-10-22T02:06:51.050+0000] {processor.py:914} INFO - Processing file /opt/airflow/dags/dag_etl.py for tasks to queue
[2024-10-22T02:06:51.054+0000] {logging_mixin.py:190} INFO - [2024-10-22T02:06:51.053+0000] {dagbag.py:588} INFO - Filling up the DagBag from /opt/airflow/dags/dag_etl.py
[2024-10-22T02:06:51.364+0000] {processor.py:925} INFO - DAG(s) 'etl_crypto_pipeline' retrieved from /opt/airflow/dags/dag_etl.py
[2024-10-22T02:06:51.428+0000] {logging_mixin.py:190} INFO - [2024-10-22T02:06:51.427+0000] {dag.py:3239} INFO - Sync 1 DAGs
[2024-10-22T02:06:51.461+0000] {logging_mixin.py:190} INFO - [2024-10-22T02:06:51.461+0000] {dag.py:4180} INFO - Setting next_dagrun for etl_crypto_pipeline to 2024-10-22 00:00:00+00:00, run_after=2024-10-23 00:00:00+00:00
[2024-10-22T02:06:51.475+0000] {processor.py:208} INFO - Processing /opt/airflow/dags/dag_etl.py took 0.440 seconds
[2024-10-22T02:07:21.921+0000] {processor.py:186} INFO - Started process (PID=1252) to work on /opt/airflow/dags/dag_etl.py
[2024-10-22T02:07:21.924+0000] {processor.py:914} INFO - Processing file /opt/airflow/dags/dag_etl.py for tasks to queue
[2024-10-22T02:07:21.925+0000] {logging_mixin.py:190} INFO - [2024-10-22T02:07:21.925+0000] {dagbag.py:588} INFO - Filling up the DagBag from /opt/airflow/dags/dag_etl.py
[2024-10-22T02:07:22.222+0000] {processor.py:925} INFO - DAG(s) 'etl_crypto_pipeline' retrieved from /opt/airflow/dags/dag_etl.py
[2024-10-22T02:07:22.249+0000] {logging_mixin.py:190} INFO - [2024-10-22T02:07:22.248+0000] {dag.py:3239} INFO - Sync 1 DAGs
[2024-10-22T02:07:22.269+0000] {logging_mixin.py:190} INFO - [2024-10-22T02:07:22.269+0000] {dag.py:4180} INFO - Setting next_dagrun for etl_crypto_pipeline to 2024-10-22 00:00:00+00:00, run_after=2024-10-23 00:00:00+00:00
[2024-10-22T02:07:22.281+0000] {processor.py:208} INFO - Processing /opt/airflow/dags/dag_etl.py took 0.373 seconds
[2024-10-22T02:07:52.415+0000] {processor.py:186} INFO - Started process (PID=1260) to work on /opt/airflow/dags/dag_etl.py
[2024-10-22T02:07:52.418+0000] {processor.py:914} INFO - Processing file /opt/airflow/dags/dag_etl.py for tasks to queue
[2024-10-22T02:07:52.421+0000] {logging_mixin.py:190} INFO - [2024-10-22T02:07:52.419+0000] {dagbag.py:588} INFO - Filling up the DagBag from /opt/airflow/dags/dag_etl.py
[2024-10-22T02:07:52.700+0000] {processor.py:925} INFO - DAG(s) 'etl_crypto_pipeline' retrieved from /opt/airflow/dags/dag_etl.py
[2024-10-22T02:07:52.719+0000] {logging_mixin.py:190} INFO - [2024-10-22T02:07:52.719+0000] {dag.py:3239} INFO - Sync 1 DAGs
[2024-10-22T02:07:52.738+0000] {logging_mixin.py:190} INFO - [2024-10-22T02:07:52.738+0000] {dag.py:4180} INFO - Setting next_dagrun for etl_crypto_pipeline to 2024-10-22 00:00:00+00:00, run_after=2024-10-23 00:00:00+00:00
[2024-10-22T02:07:52.748+0000] {processor.py:208} INFO - Processing /opt/airflow/dags/dag_etl.py took 0.348 seconds
[2024-10-22T02:08:23.495+0000] {processor.py:186} INFO - Started process (PID=1268) to work on /opt/airflow/dags/dag_etl.py
[2024-10-22T02:08:23.499+0000] {processor.py:914} INFO - Processing file /opt/airflow/dags/dag_etl.py for tasks to queue
[2024-10-22T02:08:23.502+0000] {logging_mixin.py:190} INFO - [2024-10-22T02:08:23.501+0000] {dagbag.py:588} INFO - Filling up the DagBag from /opt/airflow/dags/dag_etl.py
[2024-10-22T02:08:24.072+0000] {processor.py:925} INFO - DAG(s) 'etl_crypto_pipeline' retrieved from /opt/airflow/dags/dag_etl.py
[2024-10-22T02:08:24.129+0000] {logging_mixin.py:190} INFO - [2024-10-22T02:08:24.128+0000] {dag.py:3239} INFO - Sync 1 DAGs
[2024-10-22T02:08:24.168+0000] {logging_mixin.py:190} INFO - [2024-10-22T02:08:24.167+0000] {dag.py:4180} INFO - Setting next_dagrun for etl_crypto_pipeline to 2024-10-22 00:00:00+00:00, run_after=2024-10-23 00:00:00+00:00
[2024-10-22T02:08:24.193+0000] {processor.py:208} INFO - Processing /opt/airflow/dags/dag_etl.py took 0.728 seconds
[2024-10-22T02:08:54.909+0000] {processor.py:186} INFO - Started process (PID=1276) to work on /opt/airflow/dags/dag_etl.py
[2024-10-22T02:08:54.911+0000] {processor.py:914} INFO - Processing file /opt/airflow/dags/dag_etl.py for tasks to queue
[2024-10-22T02:08:54.921+0000] {logging_mixin.py:190} INFO - [2024-10-22T02:08:54.917+0000] {dagbag.py:588} INFO - Filling up the DagBag from /opt/airflow/dags/dag_etl.py
[2024-10-22T02:08:55.243+0000] {processor.py:925} INFO - DAG(s) 'etl_crypto_pipeline' retrieved from /opt/airflow/dags/dag_etl.py
[2024-10-22T02:08:55.272+0000] {logging_mixin.py:190} INFO - [2024-10-22T02:08:55.271+0000] {dag.py:3239} INFO - Sync 1 DAGs
[2024-10-22T02:08:55.291+0000] {logging_mixin.py:190} INFO - [2024-10-22T02:08:55.290+0000] {dag.py:4180} INFO - Setting next_dagrun for etl_crypto_pipeline to 2024-10-22 00:00:00+00:00, run_after=2024-10-23 00:00:00+00:00
[2024-10-22T02:08:55.301+0000] {processor.py:208} INFO - Processing /opt/airflow/dags/dag_etl.py took 0.399 seconds
[2024-10-22T02:09:25.680+0000] {processor.py:186} INFO - Started process (PID=1284) to work on /opt/airflow/dags/dag_etl.py
[2024-10-22T02:09:25.685+0000] {processor.py:914} INFO - Processing file /opt/airflow/dags/dag_etl.py for tasks to queue
[2024-10-22T02:09:25.690+0000] {logging_mixin.py:190} INFO - [2024-10-22T02:09:25.688+0000] {dagbag.py:588} INFO - Filling up the DagBag from /opt/airflow/dags/dag_etl.py
[2024-10-22T02:09:26.071+0000] {processor.py:925} INFO - DAG(s) 'etl_crypto_pipeline' retrieved from /opt/airflow/dags/dag_etl.py
[2024-10-22T02:09:26.115+0000] {logging_mixin.py:190} INFO - [2024-10-22T02:09:26.115+0000] {dag.py:3239} INFO - Sync 1 DAGs
[2024-10-22T02:09:26.138+0000] {logging_mixin.py:190} INFO - [2024-10-22T02:09:26.138+0000] {dag.py:4180} INFO - Setting next_dagrun for etl_crypto_pipeline to 2024-10-22 00:00:00+00:00, run_after=2024-10-23 00:00:00+00:00
[2024-10-22T02:09:26.157+0000] {processor.py:208} INFO - Processing /opt/airflow/dags/dag_etl.py took 0.506 seconds
