[2024-10-20T22:22:11.185+0000] {local_task_job_runner.py:123} INFO - ::group::Pre task execution logs
[2024-10-20T22:22:11.199+0000] {taskinstance.py:2612} INFO - Dependencies all met for dep_context=non-requeueable deps ti=<TaskInstance: transform_load_crypto_data.transform_load_crypto_data manual__2024-10-20T00:00:10+00:00 [queued]>
[2024-10-20T22:22:11.206+0000] {taskinstance.py:2612} INFO - Dependencies all met for dep_context=requeueable deps ti=<TaskInstance: transform_load_crypto_data.transform_load_crypto_data manual__2024-10-20T00:00:10+00:00 [queued]>
[2024-10-20T22:22:11.206+0000] {taskinstance.py:2865} INFO - Starting attempt 2 of 2
[2024-10-20T22:22:11.213+0000] {taskinstance.py:2888} INFO - Executing <Task(PythonOperator): transform_load_crypto_data> on 2024-10-20 00:00:10+00:00
[2024-10-20T22:22:11.248+0000] {warnings.py:112} WARNING - /home/***/.local/lib/python3.12/site-packages/***/task/task_runner/standard_task_runner.py:70: DeprecationWarning: This process (pid=104) is multi-threaded, use of fork() may lead to deadlocks in the child.
  pid = os.fork()

[2024-10-20T22:22:11.252+0000] {standard_task_runner.py:72} INFO - Started process 106 to run task
[2024-10-20T22:22:11.252+0000] {standard_task_runner.py:104} INFO - Running: ['***', 'tasks', 'run', 'transform_load_crypto_data', 'transform_load_crypto_data', 'manual__2024-10-20T00:00:10+00:00', '--job-id', '169', '--raw', '--subdir', 'DAGS_FOLDER/dag_transform_load.py', '--cfg-path', '/tmp/tmpoqydw0xt']
[2024-10-20T22:22:11.254+0000] {standard_task_runner.py:105} INFO - Job 169: Subtask transform_load_crypto_data
[2024-10-20T22:22:11.291+0000] {task_command.py:467} INFO - Running <TaskInstance: transform_load_crypto_data.transform_load_crypto_data manual__2024-10-20T00:00:10+00:00 [running]> on host dd91fb4219b6
[2024-10-20T22:22:11.339+0000] {taskinstance.py:3131} INFO - Exporting env vars: AIRFLOW_CTX_DAG_OWNER='***' AIRFLOW_CTX_DAG_ID='transform_load_crypto_data' AIRFLOW_CTX_TASK_ID='transform_load_crypto_data' AIRFLOW_CTX_EXECUTION_DATE='2024-10-20T00:00:10+00:00' AIRFLOW_CTX_TRY_NUMBER='2' AIRFLOW_CTX_DAG_RUN_ID='manual__2024-10-20T00:00:10+00:00'
[2024-10-20T22:22:11.341+0000] {taskinstance.py:731} INFO - ::endgroup::
[2024-10-20T22:22:15.450+0000] {logging_mixin.py:190} INFO - Dolar prices sent to DB
[2024-10-20T22:22:17.069+0000] {logging_mixin.py:190} INFO - Crypto prices sent to DB
[2024-10-20T22:22:18.725+0000] {logging_mixin.py:190} INFO - Crypto data sent to DB
[2024-10-20T22:22:18.729+0000] {python.py:240} INFO - Done. Returned value was: None
[2024-10-20T22:22:18.753+0000] {taskinstance.py:340} INFO - ::group::Post task execution logs
[2024-10-20T22:22:18.755+0000] {taskinstance.py:352} INFO - Marking task as SUCCESS. dag_id=transform_load_crypto_data, task_id=transform_load_crypto_data, run_id=manual__2024-10-20T00:00:10+00:00, execution_date=20241020T000010, start_date=20241020T222211, end_date=20241020T222218
[2024-10-20T22:22:18.859+0000] {local_task_job_runner.py:266} INFO - Task exited with return code 0
[2024-10-20T22:22:18.879+0000] {taskinstance.py:3900} INFO - 0 downstream tasks scheduled from follow-on schedule check
[2024-10-20T22:22:18.881+0000] {local_task_job_runner.py:245} INFO - ::endgroup::
