[2024-10-21T00:46:35.802+0000] {local_task_job_runner.py:123} INFO - ::group::Pre task execution logs
[2024-10-21T00:46:35.810+0000] {taskinstance.py:2612} INFO - Dependencies all met for dep_context=non-requeueable deps ti=<TaskInstance: create_update_dm_crypto_table.wait_for_transform_load manual__2024-10-20T00:00:30+00:00 [queued]>
[2024-10-21T00:46:35.814+0000] {taskinstance.py:2612} INFO - Dependencies all met for dep_context=requeueable deps ti=<TaskInstance: create_update_dm_crypto_table.wait_for_transform_load manual__2024-10-20T00:00:30+00:00 [queued]>
[2024-10-21T00:46:35.814+0000] {taskinstance.py:2865} INFO - Starting attempt 1 of 2
[2024-10-21T00:46:35.819+0000] {taskinstance.py:2888} INFO - Executing <Task(ExternalTaskSensor): wait_for_transform_load> on 2024-10-20 00:00:30+00:00
[2024-10-21T00:46:35.823+0000] {warnings.py:112} WARNING - /home/***/.local/lib/python3.12/site-packages/***/task/task_runner/standard_task_runner.py:70: DeprecationWarning: This process (pid=143) is multi-threaded, use of fork() may lead to deadlocks in the child.
  pid = os.fork()

[2024-10-21T00:46:35.825+0000] {standard_task_runner.py:72} INFO - Started process 145 to run task
[2024-10-21T00:46:35.825+0000] {standard_task_runner.py:104} INFO - Running: ['***', 'tasks', 'run', 'create_update_dm_crypto_table', 'wait_for_transform_load', 'manual__2024-10-20T00:00:30+00:00', '--job-id', '176', '--raw', '--subdir', 'DAGS_FOLDER/dag_dm_table.py', '--cfg-path', '/tmp/tmp4ex9eovi']
[2024-10-21T00:46:35.826+0000] {standard_task_runner.py:105} INFO - Job 176: Subtask wait_for_transform_load
[2024-10-21T00:46:35.850+0000] {task_command.py:467} INFO - Running <TaskInstance: create_update_dm_crypto_table.wait_for_transform_load manual__2024-10-20T00:00:30+00:00 [running]> on host 2e57320be020
[2024-10-21T00:46:35.883+0000] {taskinstance.py:3131} INFO - Exporting env vars: AIRFLOW_CTX_DAG_OWNER='***' AIRFLOW_CTX_DAG_ID='create_update_dm_crypto_table' AIRFLOW_CTX_TASK_ID='wait_for_transform_load' AIRFLOW_CTX_EXECUTION_DATE='2024-10-20T00:00:30+00:00' AIRFLOW_CTX_TRY_NUMBER='1' AIRFLOW_CTX_DAG_RUN_ID='manual__2024-10-20T00:00:30+00:00'
[2024-10-21T00:46:35.884+0000] {taskinstance.py:731} INFO - ::endgroup::
[2024-10-21T00:46:35.891+0000] {baseoperator.py:405} WARNING - ExternalTaskSensor.execute cannot be called outside TaskInstance!
[2024-10-21T00:46:35.891+0000] {external_task.py:258} INFO - Poking for tasks ['transform_load_crypto_data'] in dag transform_load_crypto_data on 2024-10-20T00:00:30+00:00 ... 
[2024-10-21T00:46:35.891+0000] {warnings.py:112} WARNING - /home/***/.local/lib/python3.12/site-packages/***/utils/session.py:97: DeprecationWarning: This method is deprecated and will be removed in future.
  return func(*args, session=session, **kwargs)

[2024-10-21T00:46:35.896+0000] {base.py:336} INFO - Success criteria met. Exiting.
[2024-10-21T00:46:35.900+0000] {taskinstance.py:340} INFO - ::group::Post task execution logs
[2024-10-21T00:46:35.900+0000] {taskinstance.py:352} INFO - Marking task as SUCCESS. dag_id=create_update_dm_crypto_table, task_id=wait_for_transform_load, run_id=manual__2024-10-20T00:00:30+00:00, execution_date=20241020T000030, start_date=20241021T004635, end_date=20241021T004635
[2024-10-21T00:46:35.927+0000] {local_task_job_runner.py:266} INFO - Task exited with return code 0
[2024-10-21T00:46:35.950+0000] {taskinstance.py:3900} INFO - 1 downstream tasks scheduled from follow-on schedule check
[2024-10-21T00:46:35.952+0000] {local_task_job_runner.py:245} INFO - ::endgroup::
