[2024-10-20T21:38:22.148+0000] {processor.py:186} INFO - Started process (PID=31) to work on /opt/airflow/dags/dag_transform_load.py
[2024-10-20T21:38:22.154+0000] {processor.py:914} INFO - Processing file /opt/airflow/dags/dag_transform_load.py for tasks to queue
[2024-10-20T21:38:22.185+0000] {logging_mixin.py:190} INFO - [2024-10-20T21:38:22.179+0000] {dagbag.py:588} INFO - Filling up the DagBag from /opt/airflow/dags/dag_transform_load.py
[2024-10-20T21:38:24.128+0000] {processor.py:925} INFO - DAG(s) 'transform_load_crypto_data' retrieved from /opt/airflow/dags/dag_transform_load.py
[2024-10-20T21:38:24.204+0000] {logging_mixin.py:190} INFO - [2024-10-20T21:38:24.204+0000] {dag.py:3239} INFO - Sync 1 DAGs
[2024-10-20T21:38:24.252+0000] {logging_mixin.py:190} INFO - [2024-10-20T21:38:24.251+0000] {dag.py:4180} INFO - Setting next_dagrun for transform_load_crypto_data to 2024-10-20 00:00:00+00:00, run_after=2024-10-21 00:00:00+00:00
[2024-10-20T21:38:24.278+0000] {processor.py:208} INFO - Processing /opt/airflow/dags/dag_transform_load.py took 2.197 seconds
[2024-10-20T21:38:54.906+0000] {processor.py:186} INFO - Started process (PID=41) to work on /opt/airflow/dags/dag_transform_load.py
[2024-10-20T21:38:54.909+0000] {processor.py:914} INFO - Processing file /opt/airflow/dags/dag_transform_load.py for tasks to queue
[2024-10-20T21:38:54.928+0000] {logging_mixin.py:190} INFO - [2024-10-20T21:38:54.927+0000] {dagbag.py:588} INFO - Filling up the DagBag from /opt/airflow/dags/dag_transform_load.py
[2024-10-20T21:38:55.436+0000] {processor.py:925} INFO - DAG(s) 'transform_load_crypto_data' retrieved from /opt/airflow/dags/dag_transform_load.py
[2024-10-20T21:38:55.451+0000] {logging_mixin.py:190} INFO - [2024-10-20T21:38:55.451+0000] {dag.py:3239} INFO - Sync 1 DAGs
[2024-10-20T21:38:55.469+0000] {logging_mixin.py:190} INFO - [2024-10-20T21:38:55.469+0000] {dag.py:4180} INFO - Setting next_dagrun for transform_load_crypto_data to 2024-10-20 00:00:00+00:00, run_after=2024-10-21 00:00:00+00:00
[2024-10-20T21:38:55.484+0000] {processor.py:208} INFO - Processing /opt/airflow/dags/dag_transform_load.py took 0.596 seconds
[2024-10-20T21:39:25.987+0000] {processor.py:186} INFO - Started process (PID=51) to work on /opt/airflow/dags/dag_transform_load.py
[2024-10-20T21:39:25.989+0000] {processor.py:914} INFO - Processing file /opt/airflow/dags/dag_transform_load.py for tasks to queue
[2024-10-20T21:39:26.003+0000] {logging_mixin.py:190} INFO - [2024-10-20T21:39:26.001+0000] {dagbag.py:588} INFO - Filling up the DagBag from /opt/airflow/dags/dag_transform_load.py
[2024-10-20T21:39:27.177+0000] {processor.py:925} INFO - DAG(s) 'transform_load_crypto_data' retrieved from /opt/airflow/dags/dag_transform_load.py
[2024-10-20T21:39:27.196+0000] {logging_mixin.py:190} INFO - [2024-10-20T21:39:27.196+0000] {dag.py:3239} INFO - Sync 1 DAGs
[2024-10-20T21:39:27.212+0000] {logging_mixin.py:190} INFO - [2024-10-20T21:39:27.212+0000] {dag.py:4180} INFO - Setting next_dagrun for transform_load_crypto_data to 2024-10-20 00:00:00+00:00, run_after=2024-10-21 00:00:00+00:00
[2024-10-20T21:39:27.223+0000] {processor.py:208} INFO - Processing /opt/airflow/dags/dag_transform_load.py took 1.267 seconds
[2024-10-20T21:39:57.914+0000] {processor.py:186} INFO - Started process (PID=60) to work on /opt/airflow/dags/dag_transform_load.py
[2024-10-20T21:39:57.915+0000] {processor.py:914} INFO - Processing file /opt/airflow/dags/dag_transform_load.py for tasks to queue
[2024-10-20T21:39:57.923+0000] {logging_mixin.py:190} INFO - [2024-10-20T21:39:57.921+0000] {dagbag.py:588} INFO - Filling up the DagBag from /opt/airflow/dags/dag_transform_load.py
[2024-10-20T21:39:58.383+0000] {processor.py:925} INFO - DAG(s) 'transform_load_crypto_data' retrieved from /opt/airflow/dags/dag_transform_load.py
[2024-10-20T21:39:58.400+0000] {logging_mixin.py:190} INFO - [2024-10-20T21:39:58.400+0000] {dag.py:3239} INFO - Sync 1 DAGs
[2024-10-20T21:39:58.412+0000] {logging_mixin.py:190} INFO - [2024-10-20T21:39:58.412+0000] {dag.py:4180} INFO - Setting next_dagrun for transform_load_crypto_data to 2024-10-20 00:00:00+00:00, run_after=2024-10-21 00:00:00+00:00
[2024-10-20T21:39:58.420+0000] {processor.py:208} INFO - Processing /opt/airflow/dags/dag_transform_load.py took 0.522 seconds
[2024-10-20T21:40:28.869+0000] {processor.py:186} INFO - Started process (PID=70) to work on /opt/airflow/dags/dag_transform_load.py
[2024-10-20T21:40:28.871+0000] {processor.py:914} INFO - Processing file /opt/airflow/dags/dag_transform_load.py for tasks to queue
[2024-10-20T21:40:28.874+0000] {logging_mixin.py:190} INFO - [2024-10-20T21:40:28.874+0000] {dagbag.py:588} INFO - Filling up the DagBag from /opt/airflow/dags/dag_transform_load.py
[2024-10-20T21:40:29.489+0000] {processor.py:925} INFO - DAG(s) 'transform_load_crypto_data' retrieved from /opt/airflow/dags/dag_transform_load.py
[2024-10-20T21:40:29.519+0000] {logging_mixin.py:190} INFO - [2024-10-20T21:40:29.519+0000] {dag.py:3239} INFO - Sync 1 DAGs
[2024-10-20T21:40:29.545+0000] {logging_mixin.py:190} INFO - [2024-10-20T21:40:29.545+0000] {dag.py:4180} INFO - Setting next_dagrun for transform_load_crypto_data to 2024-10-20 00:00:00+00:00, run_after=2024-10-21 00:00:00+00:00
[2024-10-20T21:40:29.554+0000] {processor.py:208} INFO - Processing /opt/airflow/dags/dag_transform_load.py took 0.698 seconds
[2024-10-20T21:40:59.910+0000] {processor.py:186} INFO - Started process (PID=80) to work on /opt/airflow/dags/dag_transform_load.py
[2024-10-20T21:40:59.911+0000] {processor.py:914} INFO - Processing file /opt/airflow/dags/dag_transform_load.py for tasks to queue
[2024-10-20T21:40:59.914+0000] {logging_mixin.py:190} INFO - [2024-10-20T21:40:59.914+0000] {dagbag.py:588} INFO - Filling up the DagBag from /opt/airflow/dags/dag_transform_load.py
[2024-10-20T21:41:00.386+0000] {processor.py:925} INFO - DAG(s) 'transform_load_crypto_data' retrieved from /opt/airflow/dags/dag_transform_load.py
[2024-10-20T21:41:00.434+0000] {logging_mixin.py:190} INFO - [2024-10-20T21:41:00.434+0000] {dag.py:3239} INFO - Sync 1 DAGs
[2024-10-20T21:41:00.466+0000] {logging_mixin.py:190} INFO - [2024-10-20T21:41:00.466+0000] {dag.py:4180} INFO - Setting next_dagrun for transform_load_crypto_data to 2024-10-20 00:00:00+00:00, run_after=2024-10-21 00:00:00+00:00
[2024-10-20T21:41:00.492+0000] {processor.py:208} INFO - Processing /opt/airflow/dags/dag_transform_load.py took 0.590 seconds
[2024-10-20T21:41:31.010+0000] {processor.py:186} INFO - Started process (PID=90) to work on /opt/airflow/dags/dag_transform_load.py
[2024-10-20T21:41:31.015+0000] {processor.py:914} INFO - Processing file /opt/airflow/dags/dag_transform_load.py for tasks to queue
[2024-10-20T21:41:31.020+0000] {logging_mixin.py:190} INFO - [2024-10-20T21:41:31.019+0000] {dagbag.py:588} INFO - Filling up the DagBag from /opt/airflow/dags/dag_transform_load.py
[2024-10-20T21:41:31.446+0000] {processor.py:925} INFO - DAG(s) 'transform_load_crypto_data' retrieved from /opt/airflow/dags/dag_transform_load.py
[2024-10-20T21:41:31.459+0000] {logging_mixin.py:190} INFO - [2024-10-20T21:41:31.458+0000] {dag.py:3239} INFO - Sync 1 DAGs
[2024-10-20T21:41:31.472+0000] {logging_mixin.py:190} INFO - [2024-10-20T21:41:31.472+0000] {dag.py:4180} INFO - Setting next_dagrun for transform_load_crypto_data to 2024-10-20 00:00:00+00:00, run_after=2024-10-21 00:00:00+00:00
[2024-10-20T21:41:31.480+0000] {processor.py:208} INFO - Processing /opt/airflow/dags/dag_transform_load.py took 0.501 seconds
[2024-10-20T21:41:43.803+0000] {processor.py:186} INFO - Started process (PID=100) to work on /opt/airflow/dags/dag_transform_load.py
[2024-10-20T21:41:43.805+0000] {processor.py:914} INFO - Processing file /opt/airflow/dags/dag_transform_load.py for tasks to queue
[2024-10-20T21:41:43.809+0000] {logging_mixin.py:190} INFO - [2024-10-20T21:41:43.808+0000] {dagbag.py:588} INFO - Filling up the DagBag from /opt/airflow/dags/dag_transform_load.py
[2024-10-20T21:41:44.210+0000] {processor.py:925} INFO - DAG(s) 'transform_load_crypto_data' retrieved from /opt/airflow/dags/dag_transform_load.py
[2024-10-20T21:41:44.234+0000] {logging_mixin.py:190} INFO - [2024-10-20T21:41:44.233+0000] {taskinstance.py:3312} ERROR - {'DAG Id': 'transform_load_crypto_data', 'Task Id': 'wait_for_extract', 'Run Id': 'manual__2024-10-20T21:31:37.656102+00:00', 'Hostname': '77fd343bcb51', 'External Executor Id': 'f2bb221f-4a48-484a-93e6-61aba8ebaf70'}
[2024-10-20T21:41:44.249+0000] {logging_mixin.py:190} INFO - [2024-10-20T21:41:44.249+0000] {taskinstance.py:1225} INFO - Marking task as UP_FOR_RETRY. dag_id=transform_load_crypto_data, task_id=wait_for_extract, run_id=manual__2024-10-20T21:31:37.656102+00:00, execution_date=20241020T213137, start_date=20241020T213140, end_date=20241020T214144
[2024-10-20T21:41:44.257+0000] {logging_mixin.py:190} INFO - [2024-10-20T21:41:44.257+0000] {processor.py:876} INFO - Executed callback for <TaskInstance: transform_load_crypto_data.wait_for_extract manual__2024-10-20T21:31:37.656102+00:00 [up_for_retry]> in state up_for_retry
[2024-10-20T21:41:44.262+0000] {logging_mixin.py:190} INFO - [2024-10-20T21:41:44.262+0000] {dag.py:3239} INFO - Sync 1 DAGs
[2024-10-20T21:41:44.272+0000] {logging_mixin.py:190} INFO - [2024-10-20T21:41:44.272+0000] {dag.py:4180} INFO - Setting next_dagrun for transform_load_crypto_data to 2024-10-20 00:00:00+00:00, run_after=2024-10-21 00:00:00+00:00
[2024-10-20T21:41:44.277+0000] {processor.py:208} INFO - Processing /opt/airflow/dags/dag_transform_load.py took 0.485 seconds
[2024-10-20T21:42:14.382+0000] {processor.py:186} INFO - Started process (PID=110) to work on /opt/airflow/dags/dag_transform_load.py
[2024-10-20T21:42:14.390+0000] {processor.py:914} INFO - Processing file /opt/airflow/dags/dag_transform_load.py for tasks to queue
[2024-10-20T21:42:14.409+0000] {logging_mixin.py:190} INFO - [2024-10-20T21:42:14.408+0000] {dagbag.py:588} INFO - Filling up the DagBag from /opt/airflow/dags/dag_transform_load.py
[2024-10-20T21:42:14.824+0000] {processor.py:925} INFO - DAG(s) 'transform_load_crypto_data' retrieved from /opt/airflow/dags/dag_transform_load.py
[2024-10-20T21:42:14.841+0000] {logging_mixin.py:190} INFO - [2024-10-20T21:42:14.841+0000] {dag.py:3239} INFO - Sync 1 DAGs
[2024-10-20T21:42:14.852+0000] {logging_mixin.py:190} INFO - [2024-10-20T21:42:14.851+0000] {dag.py:4180} INFO - Setting next_dagrun for transform_load_crypto_data to 2024-10-20 00:00:00+00:00, run_after=2024-10-21 00:00:00+00:00
[2024-10-20T21:42:14.860+0000] {processor.py:208} INFO - Processing /opt/airflow/dags/dag_transform_load.py took 0.487 seconds
[2024-10-20T21:42:45.267+0000] {processor.py:186} INFO - Started process (PID=120) to work on /opt/airflow/dags/dag_transform_load.py
[2024-10-20T21:42:45.270+0000] {processor.py:914} INFO - Processing file /opt/airflow/dags/dag_transform_load.py for tasks to queue
[2024-10-20T21:42:45.276+0000] {logging_mixin.py:190} INFO - [2024-10-20T21:42:45.274+0000] {dagbag.py:588} INFO - Filling up the DagBag from /opt/airflow/dags/dag_transform_load.py
[2024-10-20T21:42:45.702+0000] {processor.py:925} INFO - DAG(s) 'transform_load_crypto_data' retrieved from /opt/airflow/dags/dag_transform_load.py
[2024-10-20T21:42:45.717+0000] {logging_mixin.py:190} INFO - [2024-10-20T21:42:45.717+0000] {dag.py:3239} INFO - Sync 1 DAGs
[2024-10-20T21:42:45.729+0000] {logging_mixin.py:190} INFO - [2024-10-20T21:42:45.729+0000] {dag.py:4180} INFO - Setting next_dagrun for transform_load_crypto_data to 2024-10-20 00:00:00+00:00, run_after=2024-10-21 00:00:00+00:00
[2024-10-20T21:42:45.737+0000] {processor.py:208} INFO - Processing /opt/airflow/dags/dag_transform_load.py took 0.480 seconds
[2024-10-20T21:43:16.189+0000] {processor.py:186} INFO - Started process (PID=130) to work on /opt/airflow/dags/dag_transform_load.py
[2024-10-20T21:43:16.191+0000] {processor.py:914} INFO - Processing file /opt/airflow/dags/dag_transform_load.py for tasks to queue
[2024-10-20T21:43:16.194+0000] {logging_mixin.py:190} INFO - [2024-10-20T21:43:16.193+0000] {dagbag.py:588} INFO - Filling up the DagBag from /opt/airflow/dags/dag_transform_load.py
[2024-10-20T21:43:16.581+0000] {processor.py:925} INFO - DAG(s) 'transform_load_crypto_data' retrieved from /opt/airflow/dags/dag_transform_load.py
[2024-10-20T21:43:16.618+0000] {logging_mixin.py:190} INFO - [2024-10-20T21:43:16.617+0000] {dag.py:3239} INFO - Sync 1 DAGs
[2024-10-20T21:43:16.633+0000] {logging_mixin.py:190} INFO - [2024-10-20T21:43:16.633+0000] {dag.py:4180} INFO - Setting next_dagrun for transform_load_crypto_data to 2024-10-20 00:00:00+00:00, run_after=2024-10-21 00:00:00+00:00
[2024-10-20T21:43:16.642+0000] {processor.py:208} INFO - Processing /opt/airflow/dags/dag_transform_load.py took 0.460 seconds
[2024-10-20T21:43:47.170+0000] {processor.py:186} INFO - Started process (PID=140) to work on /opt/airflow/dags/dag_transform_load.py
[2024-10-20T21:43:47.175+0000] {processor.py:914} INFO - Processing file /opt/airflow/dags/dag_transform_load.py for tasks to queue
[2024-10-20T21:43:47.180+0000] {logging_mixin.py:190} INFO - [2024-10-20T21:43:47.180+0000] {dagbag.py:588} INFO - Filling up the DagBag from /opt/airflow/dags/dag_transform_load.py
[2024-10-20T21:43:47.581+0000] {processor.py:925} INFO - DAG(s) 'transform_load_crypto_data' retrieved from /opt/airflow/dags/dag_transform_load.py
[2024-10-20T21:43:47.592+0000] {logging_mixin.py:190} INFO - [2024-10-20T21:43:47.592+0000] {dag.py:3239} INFO - Sync 1 DAGs
[2024-10-20T21:43:47.602+0000] {logging_mixin.py:190} INFO - [2024-10-20T21:43:47.602+0000] {dag.py:4180} INFO - Setting next_dagrun for transform_load_crypto_data to 2024-10-20 00:00:00+00:00, run_after=2024-10-21 00:00:00+00:00
[2024-10-20T21:43:47.609+0000] {processor.py:208} INFO - Processing /opt/airflow/dags/dag_transform_load.py took 0.467 seconds
[2024-10-20T21:44:18.063+0000] {processor.py:186} INFO - Started process (PID=150) to work on /opt/airflow/dags/dag_transform_load.py
[2024-10-20T21:44:18.065+0000] {processor.py:914} INFO - Processing file /opt/airflow/dags/dag_transform_load.py for tasks to queue
[2024-10-20T21:44:18.073+0000] {logging_mixin.py:190} INFO - [2024-10-20T21:44:18.070+0000] {dagbag.py:588} INFO - Filling up the DagBag from /opt/airflow/dags/dag_transform_load.py
[2024-10-20T21:44:18.500+0000] {processor.py:925} INFO - DAG(s) 'transform_load_crypto_data' retrieved from /opt/airflow/dags/dag_transform_load.py
[2024-10-20T21:44:18.515+0000] {logging_mixin.py:190} INFO - [2024-10-20T21:44:18.515+0000] {dag.py:3239} INFO - Sync 1 DAGs
[2024-10-20T21:44:18.526+0000] {logging_mixin.py:190} INFO - [2024-10-20T21:44:18.525+0000] {dag.py:4180} INFO - Setting next_dagrun for transform_load_crypto_data to 2024-10-20 00:00:00+00:00, run_after=2024-10-21 00:00:00+00:00
[2024-10-20T21:44:18.533+0000] {processor.py:208} INFO - Processing /opt/airflow/dags/dag_transform_load.py took 0.481 seconds
[2024-10-20T21:44:49.081+0000] {processor.py:186} INFO - Started process (PID=159) to work on /opt/airflow/dags/dag_transform_load.py
[2024-10-20T21:44:49.085+0000] {processor.py:914} INFO - Processing file /opt/airflow/dags/dag_transform_load.py for tasks to queue
[2024-10-20T21:44:49.093+0000] {logging_mixin.py:190} INFO - [2024-10-20T21:44:49.092+0000] {dagbag.py:588} INFO - Filling up the DagBag from /opt/airflow/dags/dag_transform_load.py
[2024-10-20T21:44:49.953+0000] {processor.py:925} INFO - DAG(s) 'transform_load_crypto_data' retrieved from /opt/airflow/dags/dag_transform_load.py
[2024-10-20T21:44:49.995+0000] {logging_mixin.py:190} INFO - [2024-10-20T21:44:49.995+0000] {dag.py:3239} INFO - Sync 1 DAGs
[2024-10-20T21:44:50.009+0000] {logging_mixin.py:190} INFO - [2024-10-20T21:44:50.009+0000] {dag.py:4180} INFO - Setting next_dagrun for transform_load_crypto_data to 2024-10-20 00:00:00+00:00, run_after=2024-10-21 00:00:00+00:00
[2024-10-20T21:44:50.018+0000] {processor.py:208} INFO - Processing /opt/airflow/dags/dag_transform_load.py took 0.973 seconds
[2024-10-20T21:45:20.820+0000] {processor.py:186} INFO - Started process (PID=168) to work on /opt/airflow/dags/dag_transform_load.py
[2024-10-20T21:45:20.822+0000] {processor.py:914} INFO - Processing file /opt/airflow/dags/dag_transform_load.py for tasks to queue
[2024-10-20T21:45:20.827+0000] {logging_mixin.py:190} INFO - [2024-10-20T21:45:20.826+0000] {dagbag.py:588} INFO - Filling up the DagBag from /opt/airflow/dags/dag_transform_load.py
[2024-10-20T21:45:21.274+0000] {processor.py:925} INFO - DAG(s) 'transform_load_crypto_data' retrieved from /opt/airflow/dags/dag_transform_load.py
[2024-10-20T21:45:21.287+0000] {logging_mixin.py:190} INFO - [2024-10-20T21:45:21.287+0000] {dag.py:3239} INFO - Sync 1 DAGs
[2024-10-20T21:45:21.298+0000] {logging_mixin.py:190} INFO - [2024-10-20T21:45:21.298+0000] {dag.py:4180} INFO - Setting next_dagrun for transform_load_crypto_data to 2024-10-20 00:00:00+00:00, run_after=2024-10-21 00:00:00+00:00
[2024-10-20T21:45:21.306+0000] {processor.py:208} INFO - Processing /opt/airflow/dags/dag_transform_load.py took 0.497 seconds
[2024-10-20T21:45:51.821+0000] {processor.py:186} INFO - Started process (PID=178) to work on /opt/airflow/dags/dag_transform_load.py
[2024-10-20T21:45:51.823+0000] {processor.py:914} INFO - Processing file /opt/airflow/dags/dag_transform_load.py for tasks to queue
[2024-10-20T21:45:51.826+0000] {logging_mixin.py:190} INFO - [2024-10-20T21:45:51.826+0000] {dagbag.py:588} INFO - Filling up the DagBag from /opt/airflow/dags/dag_transform_load.py
[2024-10-20T21:45:52.462+0000] {processor.py:925} INFO - DAG(s) 'transform_load_crypto_data' retrieved from /opt/airflow/dags/dag_transform_load.py
[2024-10-20T21:45:52.476+0000] {logging_mixin.py:190} INFO - [2024-10-20T21:45:52.476+0000] {dag.py:3239} INFO - Sync 1 DAGs
[2024-10-20T21:45:52.489+0000] {logging_mixin.py:190} INFO - [2024-10-20T21:45:52.489+0000] {dag.py:4180} INFO - Setting next_dagrun for transform_load_crypto_data to 2024-10-20 00:00:00+00:00, run_after=2024-10-21 00:00:00+00:00
[2024-10-20T21:45:52.497+0000] {processor.py:208} INFO - Processing /opt/airflow/dags/dag_transform_load.py took 0.685 seconds
[2024-10-20T21:46:22.582+0000] {processor.py:186} INFO - Started process (PID=188) to work on /opt/airflow/dags/dag_transform_load.py
[2024-10-20T21:46:22.584+0000] {processor.py:914} INFO - Processing file /opt/airflow/dags/dag_transform_load.py for tasks to queue
[2024-10-20T21:46:22.589+0000] {logging_mixin.py:190} INFO - [2024-10-20T21:46:22.588+0000] {dagbag.py:588} INFO - Filling up the DagBag from /opt/airflow/dags/dag_transform_load.py
[2024-10-20T21:46:22.984+0000] {processor.py:925} INFO - DAG(s) 'transform_load_crypto_data' retrieved from /opt/airflow/dags/dag_transform_load.py
[2024-10-20T21:46:22.996+0000] {logging_mixin.py:190} INFO - [2024-10-20T21:46:22.996+0000] {dag.py:3239} INFO - Sync 1 DAGs
[2024-10-20T21:46:23.007+0000] {logging_mixin.py:190} INFO - [2024-10-20T21:46:23.007+0000] {dag.py:4180} INFO - Setting next_dagrun for transform_load_crypto_data to 2024-10-20 00:00:00+00:00, run_after=2024-10-21 00:00:00+00:00
[2024-10-20T21:46:23.015+0000] {processor.py:208} INFO - Processing /opt/airflow/dags/dag_transform_load.py took 0.442 seconds
[2024-10-20T21:46:53.504+0000] {processor.py:186} INFO - Started process (PID=198) to work on /opt/airflow/dags/dag_transform_load.py
[2024-10-20T21:46:53.505+0000] {processor.py:914} INFO - Processing file /opt/airflow/dags/dag_transform_load.py for tasks to queue
[2024-10-20T21:46:53.509+0000] {logging_mixin.py:190} INFO - [2024-10-20T21:46:53.509+0000] {dagbag.py:588} INFO - Filling up the DagBag from /opt/airflow/dags/dag_transform_load.py
[2024-10-20T21:46:54.016+0000] {processor.py:925} INFO - DAG(s) 'transform_load_crypto_data' retrieved from /opt/airflow/dags/dag_transform_load.py
[2024-10-20T21:46:54.034+0000] {logging_mixin.py:190} INFO - [2024-10-20T21:46:54.034+0000] {dag.py:3239} INFO - Sync 1 DAGs
[2024-10-20T21:46:54.049+0000] {logging_mixin.py:190} INFO - [2024-10-20T21:46:54.049+0000] {dag.py:4180} INFO - Setting next_dagrun for transform_load_crypto_data to 2024-10-20 00:00:00+00:00, run_after=2024-10-21 00:00:00+00:00
[2024-10-20T21:46:54.057+0000] {processor.py:208} INFO - Processing /opt/airflow/dags/dag_transform_load.py took 0.560 seconds
[2024-10-20T21:47:24.474+0000] {processor.py:186} INFO - Started process (PID=207) to work on /opt/airflow/dags/dag_transform_load.py
[2024-10-20T21:47:24.476+0000] {processor.py:914} INFO - Processing file /opt/airflow/dags/dag_transform_load.py for tasks to queue
[2024-10-20T21:47:24.480+0000] {logging_mixin.py:190} INFO - [2024-10-20T21:47:24.480+0000] {dagbag.py:588} INFO - Filling up the DagBag from /opt/airflow/dags/dag_transform_load.py
[2024-10-20T21:47:24.873+0000] {processor.py:925} INFO - DAG(s) 'transform_load_crypto_data' retrieved from /opt/airflow/dags/dag_transform_load.py
[2024-10-20T21:47:24.889+0000] {logging_mixin.py:190} INFO - [2024-10-20T21:47:24.889+0000] {dag.py:3239} INFO - Sync 1 DAGs
[2024-10-20T21:47:24.899+0000] {logging_mixin.py:190} INFO - [2024-10-20T21:47:24.899+0000] {dag.py:4180} INFO - Setting next_dagrun for transform_load_crypto_data to 2024-10-20 00:00:00+00:00, run_after=2024-10-21 00:00:00+00:00
[2024-10-20T21:47:24.907+0000] {processor.py:208} INFO - Processing /opt/airflow/dags/dag_transform_load.py took 0.443 seconds
[2024-10-20T21:47:55.434+0000] {processor.py:186} INFO - Started process (PID=216) to work on /opt/airflow/dags/dag_transform_load.py
[2024-10-20T21:47:55.436+0000] {processor.py:914} INFO - Processing file /opt/airflow/dags/dag_transform_load.py for tasks to queue
[2024-10-20T21:47:55.439+0000] {logging_mixin.py:190} INFO - [2024-10-20T21:47:55.439+0000] {dagbag.py:588} INFO - Filling up the DagBag from /opt/airflow/dags/dag_transform_load.py
[2024-10-20T21:47:55.816+0000] {processor.py:925} INFO - DAG(s) 'transform_load_crypto_data' retrieved from /opt/airflow/dags/dag_transform_load.py
[2024-10-20T21:47:55.826+0000] {logging_mixin.py:190} INFO - [2024-10-20T21:47:55.825+0000] {dag.py:3239} INFO - Sync 1 DAGs
[2024-10-20T21:47:55.836+0000] {logging_mixin.py:190} INFO - [2024-10-20T21:47:55.836+0000] {dag.py:4180} INFO - Setting next_dagrun for transform_load_crypto_data to 2024-10-20 00:00:00+00:00, run_after=2024-10-21 00:00:00+00:00
[2024-10-20T21:47:55.847+0000] {processor.py:208} INFO - Processing /opt/airflow/dags/dag_transform_load.py took 0.436 seconds
[2024-10-20T21:48:26.382+0000] {processor.py:186} INFO - Started process (PID=226) to work on /opt/airflow/dags/dag_transform_load.py
[2024-10-20T21:48:26.397+0000] {processor.py:914} INFO - Processing file /opt/airflow/dags/dag_transform_load.py for tasks to queue
[2024-10-20T21:48:26.409+0000] {logging_mixin.py:190} INFO - [2024-10-20T21:48:26.409+0000] {dagbag.py:588} INFO - Filling up the DagBag from /opt/airflow/dags/dag_transform_load.py
[2024-10-20T21:48:27.046+0000] {processor.py:925} INFO - DAG(s) 'transform_load_crypto_data' retrieved from /opt/airflow/dags/dag_transform_load.py
[2024-10-20T21:48:27.073+0000] {logging_mixin.py:190} INFO - [2024-10-20T21:48:27.073+0000] {dag.py:3239} INFO - Sync 1 DAGs
[2024-10-20T21:48:27.089+0000] {logging_mixin.py:190} INFO - [2024-10-20T21:48:27.088+0000] {dag.py:4180} INFO - Setting next_dagrun for transform_load_crypto_data to 2024-10-20 00:00:00+00:00, run_after=2024-10-21 00:00:00+00:00
[2024-10-20T21:48:27.097+0000] {processor.py:208} INFO - Processing /opt/airflow/dags/dag_transform_load.py took 0.741 seconds
[2024-10-20T21:48:57.892+0000] {processor.py:186} INFO - Started process (PID=236) to work on /opt/airflow/dags/dag_transform_load.py
[2024-10-20T21:48:57.895+0000] {processor.py:914} INFO - Processing file /opt/airflow/dags/dag_transform_load.py for tasks to queue
[2024-10-20T21:48:57.900+0000] {logging_mixin.py:190} INFO - [2024-10-20T21:48:57.899+0000] {dagbag.py:588} INFO - Filling up the DagBag from /opt/airflow/dags/dag_transform_load.py
[2024-10-20T21:48:58.336+0000] {processor.py:925} INFO - DAG(s) 'transform_load_crypto_data' retrieved from /opt/airflow/dags/dag_transform_load.py
[2024-10-20T21:48:58.348+0000] {logging_mixin.py:190} INFO - [2024-10-20T21:48:58.348+0000] {dag.py:3239} INFO - Sync 1 DAGs
[2024-10-20T21:48:58.361+0000] {logging_mixin.py:190} INFO - [2024-10-20T21:48:58.361+0000] {dag.py:4180} INFO - Setting next_dagrun for transform_load_crypto_data to 2024-10-20 00:00:00+00:00, run_after=2024-10-21 00:00:00+00:00
[2024-10-20T21:48:58.389+0000] {processor.py:208} INFO - Processing /opt/airflow/dags/dag_transform_load.py took 0.511 seconds
[2024-10-20T21:49:28.833+0000] {processor.py:186} INFO - Started process (PID=245) to work on /opt/airflow/dags/dag_transform_load.py
[2024-10-20T21:49:28.836+0000] {processor.py:914} INFO - Processing file /opt/airflow/dags/dag_transform_load.py for tasks to queue
[2024-10-20T21:49:28.850+0000] {logging_mixin.py:190} INFO - [2024-10-20T21:49:28.848+0000] {dagbag.py:588} INFO - Filling up the DagBag from /opt/airflow/dags/dag_transform_load.py
[2024-10-20T21:49:29.363+0000] {processor.py:925} INFO - DAG(s) 'transform_load_crypto_data' retrieved from /opt/airflow/dags/dag_transform_load.py
[2024-10-20T21:49:29.379+0000] {logging_mixin.py:190} INFO - [2024-10-20T21:49:29.379+0000] {dag.py:3239} INFO - Sync 1 DAGs
[2024-10-20T21:49:29.391+0000] {logging_mixin.py:190} INFO - [2024-10-20T21:49:29.391+0000] {dag.py:4180} INFO - Setting next_dagrun for transform_load_crypto_data to 2024-10-20 00:00:00+00:00, run_after=2024-10-21 00:00:00+00:00
[2024-10-20T21:49:29.399+0000] {processor.py:208} INFO - Processing /opt/airflow/dags/dag_transform_load.py took 0.580 seconds
[2024-10-20T21:49:59.816+0000] {processor.py:186} INFO - Started process (PID=255) to work on /opt/airflow/dags/dag_transform_load.py
[2024-10-20T21:49:59.818+0000] {processor.py:914} INFO - Processing file /opt/airflow/dags/dag_transform_load.py for tasks to queue
[2024-10-20T21:49:59.823+0000] {logging_mixin.py:190} INFO - [2024-10-20T21:49:59.822+0000] {dagbag.py:588} INFO - Filling up the DagBag from /opt/airflow/dags/dag_transform_load.py
[2024-10-20T21:50:00.280+0000] {processor.py:925} INFO - DAG(s) 'transform_load_crypto_data' retrieved from /opt/airflow/dags/dag_transform_load.py
[2024-10-20T21:50:00.294+0000] {logging_mixin.py:190} INFO - [2024-10-20T21:50:00.294+0000] {dag.py:3239} INFO - Sync 1 DAGs
[2024-10-20T21:50:00.305+0000] {logging_mixin.py:190} INFO - [2024-10-20T21:50:00.305+0000] {dag.py:4180} INFO - Setting next_dagrun for transform_load_crypto_data to 2024-10-20 00:00:00+00:00, run_after=2024-10-21 00:00:00+00:00
[2024-10-20T21:50:00.313+0000] {processor.py:208} INFO - Processing /opt/airflow/dags/dag_transform_load.py took 0.510 seconds
[2024-10-20T21:50:30.782+0000] {processor.py:186} INFO - Started process (PID=265) to work on /opt/airflow/dags/dag_transform_load.py
[2024-10-20T21:50:30.784+0000] {processor.py:914} INFO - Processing file /opt/airflow/dags/dag_transform_load.py for tasks to queue
[2024-10-20T21:50:30.791+0000] {logging_mixin.py:190} INFO - [2024-10-20T21:50:30.790+0000] {dagbag.py:588} INFO - Filling up the DagBag from /opt/airflow/dags/dag_transform_load.py
[2024-10-20T21:50:31.240+0000] {processor.py:925} INFO - DAG(s) 'transform_load_crypto_data' retrieved from /opt/airflow/dags/dag_transform_load.py
[2024-10-20T21:50:31.250+0000] {logging_mixin.py:190} INFO - [2024-10-20T21:50:31.250+0000] {dag.py:3239} INFO - Sync 1 DAGs
[2024-10-20T21:50:31.261+0000] {logging_mixin.py:190} INFO - [2024-10-20T21:50:31.261+0000] {dag.py:4180} INFO - Setting next_dagrun for transform_load_crypto_data to 2024-10-20 00:00:00+00:00, run_after=2024-10-21 00:00:00+00:00
[2024-10-20T21:50:31.268+0000] {processor.py:208} INFO - Processing /opt/airflow/dags/dag_transform_load.py took 0.506 seconds
[2024-10-20T21:51:01.693+0000] {processor.py:186} INFO - Started process (PID=275) to work on /opt/airflow/dags/dag_transform_load.py
[2024-10-20T21:51:01.694+0000] {processor.py:914} INFO - Processing file /opt/airflow/dags/dag_transform_load.py for tasks to queue
[2024-10-20T21:51:01.700+0000] {logging_mixin.py:190} INFO - [2024-10-20T21:51:01.699+0000] {dagbag.py:588} INFO - Filling up the DagBag from /opt/airflow/dags/dag_transform_load.py
[2024-10-20T21:51:02.171+0000] {processor.py:925} INFO - DAG(s) 'transform_load_crypto_data' retrieved from /opt/airflow/dags/dag_transform_load.py
[2024-10-20T21:51:02.187+0000] {logging_mixin.py:190} INFO - [2024-10-20T21:51:02.187+0000] {dag.py:3239} INFO - Sync 1 DAGs
[2024-10-20T21:51:02.198+0000] {logging_mixin.py:190} INFO - [2024-10-20T21:51:02.198+0000] {dag.py:4180} INFO - Setting next_dagrun for transform_load_crypto_data to 2024-10-20 00:00:00+00:00, run_after=2024-10-21 00:00:00+00:00
[2024-10-20T21:51:02.208+0000] {processor.py:208} INFO - Processing /opt/airflow/dags/dag_transform_load.py took 0.529 seconds
[2024-10-20T21:51:32.606+0000] {processor.py:186} INFO - Started process (PID=285) to work on /opt/airflow/dags/dag_transform_load.py
[2024-10-20T21:51:32.608+0000] {processor.py:914} INFO - Processing file /opt/airflow/dags/dag_transform_load.py for tasks to queue
[2024-10-20T21:51:32.613+0000] {logging_mixin.py:190} INFO - [2024-10-20T21:51:32.612+0000] {dagbag.py:588} INFO - Filling up the DagBag from /opt/airflow/dags/dag_transform_load.py
[2024-10-20T21:51:33.039+0000] {processor.py:925} INFO - DAG(s) 'transform_load_crypto_data' retrieved from /opt/airflow/dags/dag_transform_load.py
[2024-10-20T21:51:33.053+0000] {logging_mixin.py:190} INFO - [2024-10-20T21:51:33.053+0000] {dag.py:3239} INFO - Sync 1 DAGs
[2024-10-20T21:51:33.064+0000] {logging_mixin.py:190} INFO - [2024-10-20T21:51:33.064+0000] {dag.py:4180} INFO - Setting next_dagrun for transform_load_crypto_data to 2024-10-20 00:00:00+00:00, run_after=2024-10-21 00:00:00+00:00
[2024-10-20T21:51:33.071+0000] {processor.py:208} INFO - Processing /opt/airflow/dags/dag_transform_load.py took 0.479 seconds
[2024-10-20T21:52:03.557+0000] {processor.py:186} INFO - Started process (PID=295) to work on /opt/airflow/dags/dag_transform_load.py
[2024-10-20T21:52:03.558+0000] {processor.py:914} INFO - Processing file /opt/airflow/dags/dag_transform_load.py for tasks to queue
[2024-10-20T21:52:03.560+0000] {logging_mixin.py:190} INFO - [2024-10-20T21:52:03.560+0000] {dagbag.py:588} INFO - Filling up the DagBag from /opt/airflow/dags/dag_transform_load.py
[2024-10-20T21:52:04.001+0000] {processor.py:925} INFO - DAG(s) 'transform_load_crypto_data' retrieved from /opt/airflow/dags/dag_transform_load.py
[2024-10-20T21:52:04.015+0000] {logging_mixin.py:190} INFO - [2024-10-20T21:52:04.014+0000] {dag.py:3239} INFO - Sync 1 DAGs
[2024-10-20T21:52:04.026+0000] {logging_mixin.py:190} INFO - [2024-10-20T21:52:04.026+0000] {dag.py:4180} INFO - Setting next_dagrun for transform_load_crypto_data to 2024-10-20 00:00:00+00:00, run_after=2024-10-21 00:00:00+00:00
[2024-10-20T21:52:04.033+0000] {processor.py:208} INFO - Processing /opt/airflow/dags/dag_transform_load.py took 0.482 seconds
[2024-10-20T21:52:34.128+0000] {processor.py:186} INFO - Started process (PID=305) to work on /opt/airflow/dags/dag_transform_load.py
[2024-10-20T21:52:34.130+0000] {processor.py:914} INFO - Processing file /opt/airflow/dags/dag_transform_load.py for tasks to queue
[2024-10-20T21:52:34.134+0000] {logging_mixin.py:190} INFO - [2024-10-20T21:52:34.134+0000] {dagbag.py:588} INFO - Filling up the DagBag from /opt/airflow/dags/dag_transform_load.py
[2024-10-20T21:52:34.577+0000] {processor.py:925} INFO - DAG(s) 'transform_load_crypto_data' retrieved from /opt/airflow/dags/dag_transform_load.py
[2024-10-20T21:52:34.593+0000] {logging_mixin.py:190} INFO - [2024-10-20T21:52:34.593+0000] {dag.py:3239} INFO - Sync 1 DAGs
[2024-10-20T21:52:34.604+0000] {logging_mixin.py:190} INFO - [2024-10-20T21:52:34.604+0000] {dag.py:4180} INFO - Setting next_dagrun for transform_load_crypto_data to 2024-10-20 00:00:00+00:00, run_after=2024-10-21 00:00:00+00:00
[2024-10-20T21:52:34.624+0000] {processor.py:208} INFO - Processing /opt/airflow/dags/dag_transform_load.py took 0.520 seconds
[2024-10-20T21:53:05.064+0000] {processor.py:186} INFO - Started process (PID=314) to work on /opt/airflow/dags/dag_transform_load.py
[2024-10-20T21:53:05.066+0000] {processor.py:914} INFO - Processing file /opt/airflow/dags/dag_transform_load.py for tasks to queue
[2024-10-20T21:53:05.070+0000] {logging_mixin.py:190} INFO - [2024-10-20T21:53:05.069+0000] {dagbag.py:588} INFO - Filling up the DagBag from /opt/airflow/dags/dag_transform_load.py
[2024-10-20T21:53:05.467+0000] {processor.py:925} INFO - DAG(s) 'transform_load_crypto_data' retrieved from /opt/airflow/dags/dag_transform_load.py
[2024-10-20T21:53:05.483+0000] {logging_mixin.py:190} INFO - [2024-10-20T21:53:05.483+0000] {dag.py:3239} INFO - Sync 1 DAGs
[2024-10-20T21:53:05.496+0000] {logging_mixin.py:190} INFO - [2024-10-20T21:53:05.495+0000] {dag.py:4180} INFO - Setting next_dagrun for transform_load_crypto_data to 2024-10-20 00:00:00+00:00, run_after=2024-10-21 00:00:00+00:00
[2024-10-20T21:53:05.505+0000] {processor.py:208} INFO - Processing /opt/airflow/dags/dag_transform_load.py took 0.452 seconds
[2024-10-20T21:53:35.939+0000] {processor.py:186} INFO - Started process (PID=324) to work on /opt/airflow/dags/dag_transform_load.py
[2024-10-20T21:53:35.941+0000] {processor.py:914} INFO - Processing file /opt/airflow/dags/dag_transform_load.py for tasks to queue
[2024-10-20T21:53:35.944+0000] {logging_mixin.py:190} INFO - [2024-10-20T21:53:35.944+0000] {dagbag.py:588} INFO - Filling up the DagBag from /opt/airflow/dags/dag_transform_load.py
[2024-10-20T21:53:36.342+0000] {processor.py:925} INFO - DAG(s) 'transform_load_crypto_data' retrieved from /opt/airflow/dags/dag_transform_load.py
[2024-10-20T21:53:36.352+0000] {logging_mixin.py:190} INFO - [2024-10-20T21:53:36.352+0000] {dag.py:3239} INFO - Sync 1 DAGs
[2024-10-20T21:53:36.364+0000] {logging_mixin.py:190} INFO - [2024-10-20T21:53:36.364+0000] {dag.py:4180} INFO - Setting next_dagrun for transform_load_crypto_data to 2024-10-20 00:00:00+00:00, run_after=2024-10-21 00:00:00+00:00
[2024-10-20T21:53:36.376+0000] {processor.py:208} INFO - Processing /opt/airflow/dags/dag_transform_load.py took 0.444 seconds
[2024-10-20T21:54:06.903+0000] {processor.py:186} INFO - Started process (PID=334) to work on /opt/airflow/dags/dag_transform_load.py
[2024-10-20T21:54:06.906+0000] {processor.py:914} INFO - Processing file /opt/airflow/dags/dag_transform_load.py for tasks to queue
[2024-10-20T21:54:06.910+0000] {logging_mixin.py:190} INFO - [2024-10-20T21:54:06.909+0000] {dagbag.py:588} INFO - Filling up the DagBag from /opt/airflow/dags/dag_transform_load.py
[2024-10-20T21:54:07.356+0000] {processor.py:925} INFO - DAG(s) 'transform_load_crypto_data' retrieved from /opt/airflow/dags/dag_transform_load.py
[2024-10-20T21:54:07.380+0000] {logging_mixin.py:190} INFO - [2024-10-20T21:54:07.379+0000] {dag.py:3239} INFO - Sync 1 DAGs
[2024-10-20T21:54:07.407+0000] {logging_mixin.py:190} INFO - [2024-10-20T21:54:07.407+0000] {dag.py:4180} INFO - Setting next_dagrun for transform_load_crypto_data to 2024-10-20 00:00:00+00:00, run_after=2024-10-21 00:00:00+00:00
[2024-10-20T21:54:07.416+0000] {processor.py:208} INFO - Processing /opt/airflow/dags/dag_transform_load.py took 0.522 seconds
[2024-10-20T21:54:37.864+0000] {processor.py:186} INFO - Started process (PID=344) to work on /opt/airflow/dags/dag_transform_load.py
[2024-10-20T21:54:37.866+0000] {processor.py:914} INFO - Processing file /opt/airflow/dags/dag_transform_load.py for tasks to queue
[2024-10-20T21:54:37.870+0000] {logging_mixin.py:190} INFO - [2024-10-20T21:54:37.869+0000] {dagbag.py:588} INFO - Filling up the DagBag from /opt/airflow/dags/dag_transform_load.py
[2024-10-20T21:54:38.431+0000] {processor.py:925} INFO - DAG(s) 'transform_load_crypto_data' retrieved from /opt/airflow/dags/dag_transform_load.py
[2024-10-20T21:54:38.451+0000] {logging_mixin.py:190} INFO - [2024-10-20T21:54:38.451+0000] {dag.py:3239} INFO - Sync 1 DAGs
[2024-10-20T21:54:38.475+0000] {logging_mixin.py:190} INFO - [2024-10-20T21:54:38.474+0000] {dag.py:4180} INFO - Setting next_dagrun for transform_load_crypto_data to 2024-10-20 00:00:00+00:00, run_after=2024-10-21 00:00:00+00:00
[2024-10-20T21:54:38.488+0000] {processor.py:208} INFO - Processing /opt/airflow/dags/dag_transform_load.py took 0.633 seconds
[2024-10-20T21:55:09.084+0000] {processor.py:186} INFO - Started process (PID=354) to work on /opt/airflow/dags/dag_transform_load.py
[2024-10-20T21:55:09.087+0000] {processor.py:914} INFO - Processing file /opt/airflow/dags/dag_transform_load.py for tasks to queue
[2024-10-20T21:55:09.092+0000] {logging_mixin.py:190} INFO - [2024-10-20T21:55:09.091+0000] {dagbag.py:588} INFO - Filling up the DagBag from /opt/airflow/dags/dag_transform_load.py
[2024-10-20T21:55:09.693+0000] {processor.py:925} INFO - DAG(s) 'transform_load_crypto_data' retrieved from /opt/airflow/dags/dag_transform_load.py
[2024-10-20T21:55:09.710+0000] {logging_mixin.py:190} INFO - [2024-10-20T21:55:09.710+0000] {dag.py:3239} INFO - Sync 1 DAGs
[2024-10-20T21:55:09.728+0000] {logging_mixin.py:190} INFO - [2024-10-20T21:55:09.728+0000] {dag.py:4180} INFO - Setting next_dagrun for transform_load_crypto_data to 2024-10-20 00:00:00+00:00, run_after=2024-10-21 00:00:00+00:00
[2024-10-20T21:55:09.759+0000] {processor.py:208} INFO - Processing /opt/airflow/dags/dag_transform_load.py took 0.688 seconds
[2024-10-20T21:55:40.709+0000] {processor.py:186} INFO - Started process (PID=368) to work on /opt/airflow/dags/dag_transform_load.py
[2024-10-20T21:55:40.711+0000] {processor.py:914} INFO - Processing file /opt/airflow/dags/dag_transform_load.py for tasks to queue
[2024-10-20T21:55:40.717+0000] {logging_mixin.py:190} INFO - [2024-10-20T21:55:40.717+0000] {dagbag.py:588} INFO - Filling up the DagBag from /opt/airflow/dags/dag_transform_load.py
[2024-10-20T21:55:41.164+0000] {processor.py:925} INFO - DAG(s) 'transform_load_crypto_data' retrieved from /opt/airflow/dags/dag_transform_load.py
[2024-10-20T21:55:41.179+0000] {logging_mixin.py:190} INFO - [2024-10-20T21:55:41.179+0000] {dag.py:3239} INFO - Sync 1 DAGs
[2024-10-20T21:55:41.191+0000] {logging_mixin.py:190} INFO - [2024-10-20T21:55:41.191+0000] {dag.py:4180} INFO - Setting next_dagrun for transform_load_crypto_data to 2024-10-20 00:00:00+00:00, run_after=2024-10-21 00:00:00+00:00
[2024-10-20T21:55:41.199+0000] {processor.py:208} INFO - Processing /opt/airflow/dags/dag_transform_load.py took 0.500 seconds
[2024-10-20T21:56:11.700+0000] {processor.py:186} INFO - Started process (PID=378) to work on /opt/airflow/dags/dag_transform_load.py
[2024-10-20T21:56:11.702+0000] {processor.py:914} INFO - Processing file /opt/airflow/dags/dag_transform_load.py for tasks to queue
[2024-10-20T21:56:11.709+0000] {logging_mixin.py:190} INFO - [2024-10-20T21:56:11.708+0000] {dagbag.py:588} INFO - Filling up the DagBag from /opt/airflow/dags/dag_transform_load.py
[2024-10-20T21:56:12.126+0000] {processor.py:925} INFO - DAG(s) 'transform_load_crypto_data' retrieved from /opt/airflow/dags/dag_transform_load.py
[2024-10-20T21:56:12.137+0000] {logging_mixin.py:190} INFO - [2024-10-20T21:56:12.136+0000] {dag.py:3239} INFO - Sync 1 DAGs
[2024-10-20T21:56:12.149+0000] {logging_mixin.py:190} INFO - [2024-10-20T21:56:12.148+0000] {dag.py:4180} INFO - Setting next_dagrun for transform_load_crypto_data to 2024-10-20 00:00:00+00:00, run_after=2024-10-21 00:00:00+00:00
[2024-10-20T21:56:12.155+0000] {processor.py:208} INFO - Processing /opt/airflow/dags/dag_transform_load.py took 0.469 seconds
[2024-10-20T21:56:42.662+0000] {processor.py:186} INFO - Started process (PID=388) to work on /opt/airflow/dags/dag_transform_load.py
[2024-10-20T21:56:42.664+0000] {processor.py:914} INFO - Processing file /opt/airflow/dags/dag_transform_load.py for tasks to queue
[2024-10-20T21:56:42.669+0000] {logging_mixin.py:190} INFO - [2024-10-20T21:56:42.668+0000] {dagbag.py:588} INFO - Filling up the DagBag from /opt/airflow/dags/dag_transform_load.py
[2024-10-20T21:56:43.093+0000] {processor.py:925} INFO - DAG(s) 'transform_load_crypto_data' retrieved from /opt/airflow/dags/dag_transform_load.py
[2024-10-20T21:56:43.109+0000] {logging_mixin.py:190} INFO - [2024-10-20T21:56:43.108+0000] {dag.py:3239} INFO - Sync 1 DAGs
[2024-10-20T21:56:43.129+0000] {logging_mixin.py:190} INFO - [2024-10-20T21:56:43.128+0000] {dag.py:4180} INFO - Setting next_dagrun for transform_load_crypto_data to 2024-10-20 00:00:00+00:00, run_after=2024-10-21 00:00:00+00:00
[2024-10-20T21:56:43.138+0000] {processor.py:208} INFO - Processing /opt/airflow/dags/dag_transform_load.py took 0.487 seconds
[2024-10-20T21:57:13.406+0000] {processor.py:186} INFO - Started process (PID=398) to work on /opt/airflow/dags/dag_transform_load.py
[2024-10-20T21:57:13.413+0000] {processor.py:914} INFO - Processing file /opt/airflow/dags/dag_transform_load.py for tasks to queue
[2024-10-20T21:57:13.440+0000] {logging_mixin.py:190} INFO - [2024-10-20T21:57:13.432+0000] {dagbag.py:588} INFO - Filling up the DagBag from /opt/airflow/dags/dag_transform_load.py
[2024-10-20T21:57:13.939+0000] {processor.py:925} INFO - DAG(s) 'transform_load_crypto_data' retrieved from /opt/airflow/dags/dag_transform_load.py
[2024-10-20T21:57:13.953+0000] {logging_mixin.py:190} INFO - [2024-10-20T21:57:13.953+0000] {dag.py:3239} INFO - Sync 1 DAGs
[2024-10-20T21:57:13.966+0000] {logging_mixin.py:190} INFO - [2024-10-20T21:57:13.965+0000] {dag.py:4180} INFO - Setting next_dagrun for transform_load_crypto_data to 2024-10-20 00:00:00+00:00, run_after=2024-10-21 00:00:00+00:00
[2024-10-20T21:57:13.975+0000] {processor.py:208} INFO - Processing /opt/airflow/dags/dag_transform_load.py took 0.590 seconds
[2024-10-20T21:58:40.353+0000] {processor.py:186} INFO - Started process (PID=31) to work on /opt/airflow/dags/dag_transform_load.py
[2024-10-20T21:58:40.360+0000] {processor.py:914} INFO - Processing file /opt/airflow/dags/dag_transform_load.py for tasks to queue
[2024-10-20T21:58:40.378+0000] {logging_mixin.py:190} INFO - [2024-10-20T21:58:40.375+0000] {dagbag.py:588} INFO - Filling up the DagBag from /opt/airflow/dags/dag_transform_load.py
[2024-10-20T21:58:41.734+0000] {processor.py:925} INFO - DAG(s) 'transform_load_crypto_data' retrieved from /opt/airflow/dags/dag_transform_load.py
[2024-10-20T21:58:41.796+0000] {logging_mixin.py:190} INFO - [2024-10-20T21:58:41.796+0000] {dag.py:3239} INFO - Sync 1 DAGs
[2024-10-20T21:58:41.822+0000] {logging_mixin.py:190} INFO - [2024-10-20T21:58:41.822+0000] {dag.py:4180} INFO - Setting next_dagrun for transform_load_crypto_data to 2024-10-20 00:00:00+00:00, run_after=2024-10-21 00:00:00+00:00
[2024-10-20T21:58:41.859+0000] {processor.py:208} INFO - Processing /opt/airflow/dags/dag_transform_load.py took 1.562 seconds
[2024-10-20T21:59:12.058+0000] {processor.py:186} INFO - Started process (PID=41) to work on /opt/airflow/dags/dag_transform_load.py
[2024-10-20T21:59:12.059+0000] {processor.py:914} INFO - Processing file /opt/airflow/dags/dag_transform_load.py for tasks to queue
[2024-10-20T21:59:12.093+0000] {logging_mixin.py:190} INFO - [2024-10-20T21:59:12.091+0000] {dagbag.py:588} INFO - Filling up the DagBag from /opt/airflow/dags/dag_transform_load.py
[2024-10-20T21:59:13.272+0000] {processor.py:925} INFO - DAG(s) 'transform_load_crypto_data' retrieved from /opt/airflow/dags/dag_transform_load.py
[2024-10-20T21:59:13.289+0000] {logging_mixin.py:190} INFO - [2024-10-20T21:59:13.289+0000] {dag.py:3239} INFO - Sync 1 DAGs
[2024-10-20T21:59:13.308+0000] {logging_mixin.py:190} INFO - [2024-10-20T21:59:13.308+0000] {dag.py:4180} INFO - Setting next_dagrun for transform_load_crypto_data to 2024-10-20 00:00:00+00:00, run_after=2024-10-21 00:00:00+00:00
[2024-10-20T21:59:13.320+0000] {processor.py:208} INFO - Processing /opt/airflow/dags/dag_transform_load.py took 1.284 seconds
[2024-10-20T21:59:43.727+0000] {processor.py:186} INFO - Started process (PID=51) to work on /opt/airflow/dags/dag_transform_load.py
[2024-10-20T21:59:43.731+0000] {processor.py:914} INFO - Processing file /opt/airflow/dags/dag_transform_load.py for tasks to queue
[2024-10-20T21:59:43.748+0000] {logging_mixin.py:190} INFO - [2024-10-20T21:59:43.748+0000] {dagbag.py:588} INFO - Filling up the DagBag from /opt/airflow/dags/dag_transform_load.py
[2024-10-20T21:59:44.583+0000] {processor.py:925} INFO - DAG(s) 'transform_load_crypto_data' retrieved from /opt/airflow/dags/dag_transform_load.py
[2024-10-20T21:59:44.621+0000] {logging_mixin.py:190} INFO - [2024-10-20T21:59:44.620+0000] {dag.py:3239} INFO - Sync 1 DAGs
[2024-10-20T21:59:44.668+0000] {logging_mixin.py:190} INFO - [2024-10-20T21:59:44.668+0000] {dag.py:4180} INFO - Setting next_dagrun for transform_load_crypto_data to 2024-10-20 00:00:00+00:00, run_after=2024-10-21 00:00:00+00:00
[2024-10-20T21:59:44.699+0000] {processor.py:208} INFO - Processing /opt/airflow/dags/dag_transform_load.py took 0.984 seconds
[2024-10-20T22:00:15.278+0000] {processor.py:186} INFO - Started process (PID=61) to work on /opt/airflow/dags/dag_transform_load.py
[2024-10-20T22:00:15.279+0000] {processor.py:914} INFO - Processing file /opt/airflow/dags/dag_transform_load.py for tasks to queue
[2024-10-20T22:00:15.283+0000] {logging_mixin.py:190} INFO - [2024-10-20T22:00:15.282+0000] {dagbag.py:588} INFO - Filling up the DagBag from /opt/airflow/dags/dag_transform_load.py
[2024-10-20T22:00:15.712+0000] {processor.py:925} INFO - DAG(s) 'transform_load_crypto_data' retrieved from /opt/airflow/dags/dag_transform_load.py
[2024-10-20T22:00:15.727+0000] {logging_mixin.py:190} INFO - [2024-10-20T22:00:15.727+0000] {dag.py:3239} INFO - Sync 1 DAGs
[2024-10-20T22:00:15.750+0000] {logging_mixin.py:190} INFO - [2024-10-20T22:00:15.749+0000] {dag.py:4180} INFO - Setting next_dagrun for transform_load_crypto_data to 2024-10-20 00:00:00+00:00, run_after=2024-10-21 00:00:00+00:00
[2024-10-20T22:00:15.766+0000] {processor.py:208} INFO - Processing /opt/airflow/dags/dag_transform_load.py took 0.496 seconds
[2024-10-20T22:00:46.294+0000] {processor.py:186} INFO - Started process (PID=71) to work on /opt/airflow/dags/dag_transform_load.py
[2024-10-20T22:00:46.296+0000] {processor.py:914} INFO - Processing file /opt/airflow/dags/dag_transform_load.py for tasks to queue
[2024-10-20T22:00:46.313+0000] {logging_mixin.py:190} INFO - [2024-10-20T22:00:46.310+0000] {dagbag.py:588} INFO - Filling up the DagBag from /opt/airflow/dags/dag_transform_load.py
[2024-10-20T22:00:47.117+0000] {processor.py:925} INFO - DAG(s) 'transform_load_crypto_data' retrieved from /opt/airflow/dags/dag_transform_load.py
[2024-10-20T22:00:47.143+0000] {logging_mixin.py:190} INFO - [2024-10-20T22:00:47.142+0000] {dag.py:3239} INFO - Sync 1 DAGs
[2024-10-20T22:00:47.189+0000] {logging_mixin.py:190} INFO - [2024-10-20T22:00:47.189+0000] {dag.py:4180} INFO - Setting next_dagrun for transform_load_crypto_data to 2024-10-20 00:00:00+00:00, run_after=2024-10-21 00:00:00+00:00
[2024-10-20T22:00:47.202+0000] {processor.py:208} INFO - Processing /opt/airflow/dags/dag_transform_load.py took 0.918 seconds
[2024-10-20T22:01:17.867+0000] {processor.py:186} INFO - Started process (PID=81) to work on /opt/airflow/dags/dag_transform_load.py
[2024-10-20T22:01:17.873+0000] {processor.py:914} INFO - Processing file /opt/airflow/dags/dag_transform_load.py for tasks to queue
[2024-10-20T22:01:17.878+0000] {logging_mixin.py:190} INFO - [2024-10-20T22:01:17.878+0000] {dagbag.py:588} INFO - Filling up the DagBag from /opt/airflow/dags/dag_transform_load.py
[2024-10-20T22:01:18.634+0000] {processor.py:925} INFO - DAG(s) 'transform_load_crypto_data' retrieved from /opt/airflow/dags/dag_transform_load.py
[2024-10-20T22:01:18.658+0000] {logging_mixin.py:190} INFO - [2024-10-20T22:01:18.658+0000] {dag.py:3239} INFO - Sync 1 DAGs
[2024-10-20T22:01:18.672+0000] {logging_mixin.py:190} INFO - [2024-10-20T22:01:18.671+0000] {dag.py:4180} INFO - Setting next_dagrun for transform_load_crypto_data to 2024-10-20 00:00:00+00:00, run_after=2024-10-21 00:00:00+00:00
[2024-10-20T22:01:18.680+0000] {processor.py:208} INFO - Processing /opt/airflow/dags/dag_transform_load.py took 0.828 seconds
[2024-10-20T22:01:49.135+0000] {processor.py:186} INFO - Started process (PID=91) to work on /opt/airflow/dags/dag_transform_load.py
[2024-10-20T22:01:49.137+0000] {processor.py:914} INFO - Processing file /opt/airflow/dags/dag_transform_load.py for tasks to queue
[2024-10-20T22:01:49.147+0000] {logging_mixin.py:190} INFO - [2024-10-20T22:01:49.146+0000] {dagbag.py:588} INFO - Filling up the DagBag from /opt/airflow/dags/dag_transform_load.py
[2024-10-20T22:01:49.659+0000] {processor.py:925} INFO - DAG(s) 'transform_load_crypto_data' retrieved from /opt/airflow/dags/dag_transform_load.py
[2024-10-20T22:01:49.687+0000] {logging_mixin.py:190} INFO - [2024-10-20T22:01:49.687+0000] {dag.py:3239} INFO - Sync 1 DAGs
[2024-10-20T22:01:49.702+0000] {logging_mixin.py:190} INFO - [2024-10-20T22:01:49.702+0000] {dag.py:4180} INFO - Setting next_dagrun for transform_load_crypto_data to 2024-10-20 00:00:00+00:00, run_after=2024-10-21 00:00:00+00:00
[2024-10-20T22:01:49.717+0000] {processor.py:208} INFO - Processing /opt/airflow/dags/dag_transform_load.py took 0.590 seconds
[2024-10-20T22:02:20.248+0000] {processor.py:186} INFO - Started process (PID=101) to work on /opt/airflow/dags/dag_transform_load.py
[2024-10-20T22:02:20.250+0000] {processor.py:914} INFO - Processing file /opt/airflow/dags/dag_transform_load.py for tasks to queue
[2024-10-20T22:02:20.253+0000] {logging_mixin.py:190} INFO - [2024-10-20T22:02:20.252+0000] {dagbag.py:588} INFO - Filling up the DagBag from /opt/airflow/dags/dag_transform_load.py
[2024-10-20T22:02:20.749+0000] {processor.py:925} INFO - DAG(s) 'transform_load_crypto_data' retrieved from /opt/airflow/dags/dag_transform_load.py
[2024-10-20T22:02:20.761+0000] {logging_mixin.py:190} INFO - [2024-10-20T22:02:20.761+0000] {dag.py:3239} INFO - Sync 1 DAGs
[2024-10-20T22:02:20.776+0000] {logging_mixin.py:190} INFO - [2024-10-20T22:02:20.776+0000] {dag.py:4180} INFO - Setting next_dagrun for transform_load_crypto_data to 2024-10-20 00:00:00+00:00, run_after=2024-10-21 00:00:00+00:00
[2024-10-20T22:02:20.790+0000] {processor.py:208} INFO - Processing /opt/airflow/dags/dag_transform_load.py took 0.552 seconds
[2024-10-20T22:02:51.317+0000] {processor.py:186} INFO - Started process (PID=111) to work on /opt/airflow/dags/dag_transform_load.py
[2024-10-20T22:02:51.319+0000] {processor.py:914} INFO - Processing file /opt/airflow/dags/dag_transform_load.py for tasks to queue
[2024-10-20T22:02:51.325+0000] {logging_mixin.py:190} INFO - [2024-10-20T22:02:51.323+0000] {dagbag.py:588} INFO - Filling up the DagBag from /opt/airflow/dags/dag_transform_load.py
[2024-10-20T22:02:52.641+0000] {processor.py:925} INFO - DAG(s) 'transform_load_crypto_data' retrieved from /opt/airflow/dags/dag_transform_load.py
[2024-10-20T22:02:52.701+0000] {logging_mixin.py:190} INFO - [2024-10-20T22:02:52.701+0000] {dag.py:3239} INFO - Sync 1 DAGs
[2024-10-20T22:02:52.741+0000] {logging_mixin.py:190} INFO - [2024-10-20T22:02:52.740+0000] {dag.py:4180} INFO - Setting next_dagrun for transform_load_crypto_data to 2024-10-20 00:00:00+00:00, run_after=2024-10-21 00:00:00+00:00
[2024-10-20T22:02:52.757+0000] {processor.py:208} INFO - Processing /opt/airflow/dags/dag_transform_load.py took 1.449 seconds
[2024-10-20T22:03:22.991+0000] {processor.py:186} INFO - Started process (PID=121) to work on /opt/airflow/dags/dag_transform_load.py
[2024-10-20T22:03:22.998+0000] {processor.py:914} INFO - Processing file /opt/airflow/dags/dag_transform_load.py for tasks to queue
[2024-10-20T22:03:23.008+0000] {logging_mixin.py:190} INFO - [2024-10-20T22:03:23.008+0000] {dagbag.py:588} INFO - Filling up the DagBag from /opt/airflow/dags/dag_transform_load.py
[2024-10-20T22:03:23.506+0000] {processor.py:925} INFO - DAG(s) 'transform_load_crypto_data' retrieved from /opt/airflow/dags/dag_transform_load.py
[2024-10-20T22:03:23.535+0000] {logging_mixin.py:190} INFO - [2024-10-20T22:03:23.534+0000] {dag.py:3239} INFO - Sync 1 DAGs
[2024-10-20T22:03:23.548+0000] {logging_mixin.py:190} INFO - [2024-10-20T22:03:23.548+0000] {dag.py:4180} INFO - Setting next_dagrun for transform_load_crypto_data to 2024-10-20 00:00:00+00:00, run_after=2024-10-21 00:00:00+00:00
[2024-10-20T22:03:23.557+0000] {processor.py:208} INFO - Processing /opt/airflow/dags/dag_transform_load.py took 0.574 seconds
[2024-10-20T22:03:54.046+0000] {processor.py:186} INFO - Started process (PID=131) to work on /opt/airflow/dags/dag_transform_load.py
[2024-10-20T22:03:54.048+0000] {processor.py:914} INFO - Processing file /opt/airflow/dags/dag_transform_load.py for tasks to queue
[2024-10-20T22:03:54.052+0000] {logging_mixin.py:190} INFO - [2024-10-20T22:03:54.051+0000] {dagbag.py:588} INFO - Filling up the DagBag from /opt/airflow/dags/dag_transform_load.py
[2024-10-20T22:03:54.471+0000] {processor.py:925} INFO - DAG(s) 'transform_load_crypto_data' retrieved from /opt/airflow/dags/dag_transform_load.py
[2024-10-20T22:03:54.497+0000] {logging_mixin.py:190} INFO - [2024-10-20T22:03:54.496+0000] {dag.py:3239} INFO - Sync 1 DAGs
[2024-10-20T22:03:54.510+0000] {logging_mixin.py:190} INFO - [2024-10-20T22:03:54.510+0000] {dag.py:4180} INFO - Setting next_dagrun for transform_load_crypto_data to 2024-10-20 00:00:00+00:00, run_after=2024-10-21 00:00:00+00:00
[2024-10-20T22:03:54.525+0000] {processor.py:208} INFO - Processing /opt/airflow/dags/dag_transform_load.py took 0.489 seconds
[2024-10-20T22:04:24.983+0000] {processor.py:186} INFO - Started process (PID=141) to work on /opt/airflow/dags/dag_transform_load.py
[2024-10-20T22:04:24.985+0000] {processor.py:914} INFO - Processing file /opt/airflow/dags/dag_transform_load.py for tasks to queue
[2024-10-20T22:04:24.989+0000] {logging_mixin.py:190} INFO - [2024-10-20T22:04:24.989+0000] {dagbag.py:588} INFO - Filling up the DagBag from /opt/airflow/dags/dag_transform_load.py
[2024-10-20T22:04:25.498+0000] {processor.py:925} INFO - DAG(s) 'transform_load_crypto_data' retrieved from /opt/airflow/dags/dag_transform_load.py
[2024-10-20T22:04:25.510+0000] {logging_mixin.py:190} INFO - [2024-10-20T22:04:25.510+0000] {dag.py:3239} INFO - Sync 1 DAGs
[2024-10-20T22:04:25.522+0000] {logging_mixin.py:190} INFO - [2024-10-20T22:04:25.522+0000] {dag.py:4180} INFO - Setting next_dagrun for transform_load_crypto_data to 2024-10-20 00:00:00+00:00, run_after=2024-10-21 00:00:00+00:00
[2024-10-20T22:04:25.536+0000] {processor.py:208} INFO - Processing /opt/airflow/dags/dag_transform_load.py took 0.562 seconds
[2024-10-20T22:04:55.940+0000] {processor.py:186} INFO - Started process (PID=157) to work on /opt/airflow/dags/dag_transform_load.py
[2024-10-20T22:04:55.943+0000] {processor.py:914} INFO - Processing file /opt/airflow/dags/dag_transform_load.py for tasks to queue
[2024-10-20T22:04:55.945+0000] {logging_mixin.py:190} INFO - [2024-10-20T22:04:55.944+0000] {dagbag.py:588} INFO - Filling up the DagBag from /opt/airflow/dags/dag_transform_load.py
[2024-10-20T22:04:56.491+0000] {processor.py:925} INFO - DAG(s) 'transform_load_crypto_data' retrieved from /opt/airflow/dags/dag_transform_load.py
[2024-10-20T22:04:56.528+0000] {logging_mixin.py:190} INFO - [2024-10-20T22:04:56.528+0000] {dag.py:3239} INFO - Sync 1 DAGs
[2024-10-20T22:04:56.544+0000] {logging_mixin.py:190} INFO - [2024-10-20T22:04:56.544+0000] {dag.py:4180} INFO - Setting next_dagrun for transform_load_crypto_data to 2024-10-20 00:00:00+00:00, run_after=2024-10-21 00:00:00+00:00
[2024-10-20T22:04:56.554+0000] {processor.py:208} INFO - Processing /opt/airflow/dags/dag_transform_load.py took 0.618 seconds
[2024-10-20T22:05:27.017+0000] {processor.py:186} INFO - Started process (PID=167) to work on /opt/airflow/dags/dag_transform_load.py
[2024-10-20T22:05:27.018+0000] {processor.py:914} INFO - Processing file /opt/airflow/dags/dag_transform_load.py for tasks to queue
[2024-10-20T22:05:27.021+0000] {logging_mixin.py:190} INFO - [2024-10-20T22:05:27.021+0000] {dagbag.py:588} INFO - Filling up the DagBag from /opt/airflow/dags/dag_transform_load.py
[2024-10-20T22:05:27.625+0000] {processor.py:925} INFO - DAG(s) 'transform_load_crypto_data' retrieved from /opt/airflow/dags/dag_transform_load.py
[2024-10-20T22:05:27.649+0000] {logging_mixin.py:190} INFO - [2024-10-20T22:05:27.649+0000] {dag.py:3239} INFO - Sync 1 DAGs
[2024-10-20T22:05:27.672+0000] {logging_mixin.py:190} INFO - [2024-10-20T22:05:27.672+0000] {dag.py:4180} INFO - Setting next_dagrun for transform_load_crypto_data to 2024-10-20 00:00:00+00:00, run_after=2024-10-21 00:00:00+00:00
[2024-10-20T22:05:27.696+0000] {processor.py:208} INFO - Processing /opt/airflow/dags/dag_transform_load.py took 0.693 seconds
[2024-10-20T22:05:57.874+0000] {processor.py:186} INFO - Started process (PID=176) to work on /opt/airflow/dags/dag_transform_load.py
[2024-10-20T22:05:57.876+0000] {processor.py:914} INFO - Processing file /opt/airflow/dags/dag_transform_load.py for tasks to queue
[2024-10-20T22:05:57.880+0000] {logging_mixin.py:190} INFO - [2024-10-20T22:05:57.879+0000] {dagbag.py:588} INFO - Filling up the DagBag from /opt/airflow/dags/dag_transform_load.py
[2024-10-20T22:05:58.674+0000] {processor.py:925} INFO - DAG(s) 'transform_load_crypto_data' retrieved from /opt/airflow/dags/dag_transform_load.py
[2024-10-20T22:05:58.811+0000] {logging_mixin.py:190} INFO - [2024-10-20T22:05:58.809+0000] {dag.py:3239} INFO - Sync 1 DAGs
[2024-10-20T22:05:58.889+0000] {logging_mixin.py:190} INFO - [2024-10-20T22:05:58.888+0000] {dag.py:4180} INFO - Setting next_dagrun for transform_load_crypto_data to 2024-10-20 00:00:00+00:00, run_after=2024-10-21 00:00:00+00:00
[2024-10-20T22:05:58.918+0000] {processor.py:208} INFO - Processing /opt/airflow/dags/dag_transform_load.py took 1.073 seconds
[2024-10-20T22:06:29.516+0000] {processor.py:186} INFO - Started process (PID=186) to work on /opt/airflow/dags/dag_transform_load.py
[2024-10-20T22:06:29.521+0000] {processor.py:914} INFO - Processing file /opt/airflow/dags/dag_transform_load.py for tasks to queue
[2024-10-20T22:06:29.525+0000] {logging_mixin.py:190} INFO - [2024-10-20T22:06:29.524+0000] {dagbag.py:588} INFO - Filling up the DagBag from /opt/airflow/dags/dag_transform_load.py
[2024-10-20T22:06:29.971+0000] {processor.py:925} INFO - DAG(s) 'transform_load_crypto_data' retrieved from /opt/airflow/dags/dag_transform_load.py
[2024-10-20T22:06:29.990+0000] {logging_mixin.py:190} INFO - [2024-10-20T22:06:29.989+0000] {dag.py:3239} INFO - Sync 1 DAGs
[2024-10-20T22:06:30.004+0000] {logging_mixin.py:190} INFO - [2024-10-20T22:06:30.003+0000] {dag.py:4180} INFO - Setting next_dagrun for transform_load_crypto_data to 2024-10-20 00:00:00+00:00, run_after=2024-10-21 00:00:00+00:00
[2024-10-20T22:06:30.012+0000] {processor.py:208} INFO - Processing /opt/airflow/dags/dag_transform_load.py took 0.508 seconds
[2024-10-20T22:07:00.543+0000] {processor.py:186} INFO - Started process (PID=196) to work on /opt/airflow/dags/dag_transform_load.py
[2024-10-20T22:07:00.545+0000] {processor.py:914} INFO - Processing file /opt/airflow/dags/dag_transform_load.py for tasks to queue
[2024-10-20T22:07:00.550+0000] {logging_mixin.py:190} INFO - [2024-10-20T22:07:00.549+0000] {dagbag.py:588} INFO - Filling up the DagBag from /opt/airflow/dags/dag_transform_load.py
[2024-10-20T22:07:00.984+0000] {processor.py:925} INFO - DAG(s) 'transform_load_crypto_data' retrieved from /opt/airflow/dags/dag_transform_load.py
[2024-10-20T22:07:01.002+0000] {logging_mixin.py:190} INFO - [2024-10-20T22:07:01.002+0000] {dag.py:3239} INFO - Sync 1 DAGs
[2024-10-20T22:07:01.014+0000] {logging_mixin.py:190} INFO - [2024-10-20T22:07:01.014+0000] {dag.py:4180} INFO - Setting next_dagrun for transform_load_crypto_data to 2024-10-20 00:00:00+00:00, run_after=2024-10-21 00:00:00+00:00
[2024-10-20T22:07:01.022+0000] {processor.py:208} INFO - Processing /opt/airflow/dags/dag_transform_load.py took 0.488 seconds
[2024-10-20T22:07:31.371+0000] {processor.py:186} INFO - Started process (PID=205) to work on /opt/airflow/dags/dag_transform_load.py
[2024-10-20T22:07:31.373+0000] {processor.py:914} INFO - Processing file /opt/airflow/dags/dag_transform_load.py for tasks to queue
[2024-10-20T22:07:31.376+0000] {logging_mixin.py:190} INFO - [2024-10-20T22:07:31.376+0000] {dagbag.py:588} INFO - Filling up the DagBag from /opt/airflow/dags/dag_transform_load.py
[2024-10-20T22:07:32.233+0000] {processor.py:925} INFO - DAG(s) 'transform_load_crypto_data' retrieved from /opt/airflow/dags/dag_transform_load.py
[2024-10-20T22:07:32.259+0000] {logging_mixin.py:190} INFO - [2024-10-20T22:07:32.259+0000] {dag.py:3239} INFO - Sync 1 DAGs
[2024-10-20T22:07:32.291+0000] {logging_mixin.py:190} INFO - [2024-10-20T22:07:32.290+0000] {dag.py:4180} INFO - Setting next_dagrun for transform_load_crypto_data to 2024-10-20 00:00:00+00:00, run_after=2024-10-21 00:00:00+00:00
[2024-10-20T22:07:32.305+0000] {processor.py:208} INFO - Processing /opt/airflow/dags/dag_transform_load.py took 0.942 seconds
[2024-10-20T22:08:02.924+0000] {processor.py:186} INFO - Started process (PID=215) to work on /opt/airflow/dags/dag_transform_load.py
[2024-10-20T22:08:02.926+0000] {processor.py:914} INFO - Processing file /opt/airflow/dags/dag_transform_load.py for tasks to queue
[2024-10-20T22:08:02.929+0000] {logging_mixin.py:190} INFO - [2024-10-20T22:08:02.929+0000] {dagbag.py:588} INFO - Filling up the DagBag from /opt/airflow/dags/dag_transform_load.py
[2024-10-20T22:08:03.578+0000] {processor.py:925} INFO - DAG(s) 'transform_load_crypto_data' retrieved from /opt/airflow/dags/dag_transform_load.py
[2024-10-20T22:08:03.597+0000] {logging_mixin.py:190} INFO - [2024-10-20T22:08:03.597+0000] {dag.py:3239} INFO - Sync 1 DAGs
[2024-10-20T22:08:03.613+0000] {logging_mixin.py:190} INFO - [2024-10-20T22:08:03.613+0000] {dag.py:4180} INFO - Setting next_dagrun for transform_load_crypto_data to 2024-10-20 00:00:00+00:00, run_after=2024-10-21 00:00:00+00:00
[2024-10-20T22:08:03.623+0000] {processor.py:208} INFO - Processing /opt/airflow/dags/dag_transform_load.py took 0.706 seconds
[2024-10-20T22:08:34.073+0000] {processor.py:186} INFO - Started process (PID=225) to work on /opt/airflow/dags/dag_transform_load.py
[2024-10-20T22:08:34.075+0000] {processor.py:914} INFO - Processing file /opt/airflow/dags/dag_transform_load.py for tasks to queue
[2024-10-20T22:08:34.095+0000] {logging_mixin.py:190} INFO - [2024-10-20T22:08:34.094+0000] {dagbag.py:588} INFO - Filling up the DagBag from /opt/airflow/dags/dag_transform_load.py
[2024-10-20T22:08:34.591+0000] {processor.py:925} INFO - DAG(s) 'transform_load_crypto_data' retrieved from /opt/airflow/dags/dag_transform_load.py
[2024-10-20T22:08:34.612+0000] {logging_mixin.py:190} INFO - [2024-10-20T22:08:34.612+0000] {dag.py:3239} INFO - Sync 1 DAGs
[2024-10-20T22:08:34.654+0000] {logging_mixin.py:190} INFO - [2024-10-20T22:08:34.654+0000] {dag.py:4180} INFO - Setting next_dagrun for transform_load_crypto_data to 2024-10-20 00:00:00+00:00, run_after=2024-10-21 00:00:00+00:00
[2024-10-20T22:08:34.673+0000] {processor.py:208} INFO - Processing /opt/airflow/dags/dag_transform_load.py took 0.607 seconds
[2024-10-20T22:09:04.835+0000] {processor.py:186} INFO - Started process (PID=234) to work on /opt/airflow/dags/dag_transform_load.py
[2024-10-20T22:09:04.838+0000] {processor.py:914} INFO - Processing file /opt/airflow/dags/dag_transform_load.py for tasks to queue
[2024-10-20T22:09:04.844+0000] {logging_mixin.py:190} INFO - [2024-10-20T22:09:04.844+0000] {dagbag.py:588} INFO - Filling up the DagBag from /opt/airflow/dags/dag_transform_load.py
[2024-10-20T22:09:05.404+0000] {processor.py:925} INFO - DAG(s) 'transform_load_crypto_data' retrieved from /opt/airflow/dags/dag_transform_load.py
[2024-10-20T22:09:05.464+0000] {logging_mixin.py:190} INFO - [2024-10-20T22:09:05.464+0000] {dag.py:3239} INFO - Sync 1 DAGs
[2024-10-20T22:09:05.483+0000] {logging_mixin.py:190} INFO - [2024-10-20T22:09:05.483+0000] {dag.py:4180} INFO - Setting next_dagrun for transform_load_crypto_data to 2024-10-20 00:00:00+00:00, run_after=2024-10-21 00:00:00+00:00
[2024-10-20T22:09:05.496+0000] {processor.py:208} INFO - Processing /opt/airflow/dags/dag_transform_load.py took 0.674 seconds
[2024-10-20T22:09:35.960+0000] {processor.py:186} INFO - Started process (PID=244) to work on /opt/airflow/dags/dag_transform_load.py
[2024-10-20T22:09:35.962+0000] {processor.py:914} INFO - Processing file /opt/airflow/dags/dag_transform_load.py for tasks to queue
[2024-10-20T22:09:35.967+0000] {logging_mixin.py:190} INFO - [2024-10-20T22:09:35.966+0000] {dagbag.py:588} INFO - Filling up the DagBag from /opt/airflow/dags/dag_transform_load.py
[2024-10-20T22:09:36.461+0000] {processor.py:925} INFO - DAG(s) 'transform_load_crypto_data' retrieved from /opt/airflow/dags/dag_transform_load.py
[2024-10-20T22:09:36.482+0000] {logging_mixin.py:190} INFO - [2024-10-20T22:09:36.482+0000] {dag.py:3239} INFO - Sync 1 DAGs
[2024-10-20T22:09:36.510+0000] {logging_mixin.py:190} INFO - [2024-10-20T22:09:36.509+0000] {dag.py:4180} INFO - Setting next_dagrun for transform_load_crypto_data to 2024-10-20 00:00:00+00:00, run_after=2024-10-21 00:00:00+00:00
[2024-10-20T22:09:36.519+0000] {processor.py:208} INFO - Processing /opt/airflow/dags/dag_transform_load.py took 0.573 seconds
[2024-10-20T22:10:06.992+0000] {processor.py:186} INFO - Started process (PID=254) to work on /opt/airflow/dags/dag_transform_load.py
[2024-10-20T22:10:06.995+0000] {processor.py:914} INFO - Processing file /opt/airflow/dags/dag_transform_load.py for tasks to queue
[2024-10-20T22:10:07.001+0000] {logging_mixin.py:190} INFO - [2024-10-20T22:10:07.001+0000] {dagbag.py:588} INFO - Filling up the DagBag from /opt/airflow/dags/dag_transform_load.py
[2024-10-20T22:10:07.457+0000] {processor.py:925} INFO - DAG(s) 'transform_load_crypto_data' retrieved from /opt/airflow/dags/dag_transform_load.py
[2024-10-20T22:10:07.478+0000] {logging_mixin.py:190} INFO - [2024-10-20T22:10:07.478+0000] {dag.py:3239} INFO - Sync 1 DAGs
[2024-10-20T22:10:07.490+0000] {logging_mixin.py:190} INFO - [2024-10-20T22:10:07.490+0000] {dag.py:4180} INFO - Setting next_dagrun for transform_load_crypto_data to 2024-10-20 00:00:00+00:00, run_after=2024-10-21 00:00:00+00:00
[2024-10-20T22:10:07.499+0000] {processor.py:208} INFO - Processing /opt/airflow/dags/dag_transform_load.py took 0.541 seconds
[2024-10-20T22:10:38.011+0000] {processor.py:186} INFO - Started process (PID=264) to work on /opt/airflow/dags/dag_transform_load.py
[2024-10-20T22:10:38.013+0000] {processor.py:914} INFO - Processing file /opt/airflow/dags/dag_transform_load.py for tasks to queue
[2024-10-20T22:10:38.018+0000] {logging_mixin.py:190} INFO - [2024-10-20T22:10:38.018+0000] {dagbag.py:588} INFO - Filling up the DagBag from /opt/airflow/dags/dag_transform_load.py
[2024-10-20T22:10:38.456+0000] {processor.py:925} INFO - DAG(s) 'transform_load_crypto_data' retrieved from /opt/airflow/dags/dag_transform_load.py
[2024-10-20T22:10:38.471+0000] {logging_mixin.py:190} INFO - [2024-10-20T22:10:38.471+0000] {dag.py:3239} INFO - Sync 1 DAGs
[2024-10-20T22:10:38.483+0000] {logging_mixin.py:190} INFO - [2024-10-20T22:10:38.483+0000] {dag.py:4180} INFO - Setting next_dagrun for transform_load_crypto_data to 2024-10-20 00:00:00+00:00, run_after=2024-10-21 00:00:00+00:00
[2024-10-20T22:10:38.491+0000] {processor.py:208} INFO - Processing /opt/airflow/dags/dag_transform_load.py took 0.492 seconds
[2024-10-20T22:11:08.956+0000] {processor.py:186} INFO - Started process (PID=274) to work on /opt/airflow/dags/dag_transform_load.py
[2024-10-20T22:11:08.958+0000] {processor.py:914} INFO - Processing file /opt/airflow/dags/dag_transform_load.py for tasks to queue
[2024-10-20T22:11:08.967+0000] {logging_mixin.py:190} INFO - [2024-10-20T22:11:08.964+0000] {dagbag.py:588} INFO - Filling up the DagBag from /opt/airflow/dags/dag_transform_load.py
[2024-10-20T22:11:09.474+0000] {processor.py:925} INFO - DAG(s) 'transform_load_crypto_data' retrieved from /opt/airflow/dags/dag_transform_load.py
[2024-10-20T22:11:09.486+0000] {logging_mixin.py:190} INFO - [2024-10-20T22:11:09.485+0000] {dag.py:3239} INFO - Sync 1 DAGs
[2024-10-20T22:11:09.501+0000] {logging_mixin.py:190} INFO - [2024-10-20T22:11:09.501+0000] {dag.py:4180} INFO - Setting next_dagrun for transform_load_crypto_data to 2024-10-20 00:00:00+00:00, run_after=2024-10-21 00:00:00+00:00
[2024-10-20T22:11:09.511+0000] {processor.py:208} INFO - Processing /opt/airflow/dags/dag_transform_load.py took 0.569 seconds
[2024-10-20T22:11:39.987+0000] {processor.py:186} INFO - Started process (PID=284) to work on /opt/airflow/dags/dag_transform_load.py
[2024-10-20T22:11:39.989+0000] {processor.py:914} INFO - Processing file /opt/airflow/dags/dag_transform_load.py for tasks to queue
[2024-10-20T22:11:40.013+0000] {logging_mixin.py:190} INFO - [2024-10-20T22:11:40.012+0000] {dagbag.py:588} INFO - Filling up the DagBag from /opt/airflow/dags/dag_transform_load.py
[2024-10-20T22:11:40.427+0000] {processor.py:925} INFO - DAG(s) 'transform_load_crypto_data' retrieved from /opt/airflow/dags/dag_transform_load.py
[2024-10-20T22:11:40.441+0000] {logging_mixin.py:190} INFO - [2024-10-20T22:11:40.441+0000] {dag.py:3239} INFO - Sync 1 DAGs
[2024-10-20T22:11:40.454+0000] {logging_mixin.py:190} INFO - [2024-10-20T22:11:40.454+0000] {dag.py:4180} INFO - Setting next_dagrun for transform_load_crypto_data to 2024-10-20 00:00:00+00:00, run_after=2024-10-21 00:00:00+00:00
[2024-10-20T22:11:40.462+0000] {processor.py:208} INFO - Processing /opt/airflow/dags/dag_transform_load.py took 0.487 seconds
[2024-10-20T22:12:10.890+0000] {processor.py:186} INFO - Started process (PID=294) to work on /opt/airflow/dags/dag_transform_load.py
[2024-10-20T22:12:10.892+0000] {processor.py:914} INFO - Processing file /opt/airflow/dags/dag_transform_load.py for tasks to queue
[2024-10-20T22:12:10.897+0000] {logging_mixin.py:190} INFO - [2024-10-20T22:12:10.897+0000] {dagbag.py:588} INFO - Filling up the DagBag from /opt/airflow/dags/dag_transform_load.py
[2024-10-20T22:12:11.353+0000] {processor.py:925} INFO - DAG(s) 'transform_load_crypto_data' retrieved from /opt/airflow/dags/dag_transform_load.py
[2024-10-20T22:12:11.369+0000] {logging_mixin.py:190} INFO - [2024-10-20T22:12:11.369+0000] {dag.py:3239} INFO - Sync 1 DAGs
[2024-10-20T22:12:11.382+0000] {logging_mixin.py:190} INFO - [2024-10-20T22:12:11.382+0000] {dag.py:4180} INFO - Setting next_dagrun for transform_load_crypto_data to 2024-10-20 00:00:00+00:00, run_after=2024-10-21 00:00:00+00:00
[2024-10-20T22:12:11.391+0000] {processor.py:208} INFO - Processing /opt/airflow/dags/dag_transform_load.py took 0.517 seconds
[2024-10-20T22:13:43.980+0000] {processor.py:186} INFO - Started process (PID=31) to work on /opt/airflow/dags/dag_transform_load.py
[2024-10-20T22:13:43.987+0000] {processor.py:914} INFO - Processing file /opt/airflow/dags/dag_transform_load.py for tasks to queue
[2024-10-20T22:13:44.014+0000] {logging_mixin.py:190} INFO - [2024-10-20T22:13:44.012+0000] {dagbag.py:588} INFO - Filling up the DagBag from /opt/airflow/dags/dag_transform_load.py
[2024-10-20T22:13:45.713+0000] {processor.py:925} INFO - DAG(s) 'transform_load_crypto_data' retrieved from /opt/airflow/dags/dag_transform_load.py
[2024-10-20T22:13:45.838+0000] {logging_mixin.py:190} INFO - [2024-10-20T22:13:45.837+0000] {dag.py:3239} INFO - Sync 1 DAGs
[2024-10-20T22:13:45.867+0000] {logging_mixin.py:190} INFO - [2024-10-20T22:13:45.867+0000] {dag.py:4180} INFO - Setting next_dagrun for transform_load_crypto_data to 2024-10-20 00:00:00+00:00, run_after=2024-10-21 00:00:00+00:00
[2024-10-20T22:13:45.896+0000] {processor.py:208} INFO - Processing /opt/airflow/dags/dag_transform_load.py took 1.938 seconds
[2024-10-20T22:14:16.370+0000] {processor.py:186} INFO - Started process (PID=41) to work on /opt/airflow/dags/dag_transform_load.py
[2024-10-20T22:14:16.371+0000] {processor.py:914} INFO - Processing file /opt/airflow/dags/dag_transform_load.py for tasks to queue
[2024-10-20T22:14:16.382+0000] {logging_mixin.py:190} INFO - [2024-10-20T22:14:16.381+0000] {dagbag.py:588} INFO - Filling up the DagBag from /opt/airflow/dags/dag_transform_load.py
[2024-10-20T22:14:16.855+0000] {processor.py:925} INFO - DAG(s) 'transform_load_crypto_data' retrieved from /opt/airflow/dags/dag_transform_load.py
[2024-10-20T22:14:16.873+0000] {logging_mixin.py:190} INFO - [2024-10-20T22:14:16.872+0000] {dag.py:3239} INFO - Sync 1 DAGs
[2024-10-20T22:14:16.901+0000] {logging_mixin.py:190} INFO - [2024-10-20T22:14:16.901+0000] {dag.py:4180} INFO - Setting next_dagrun for transform_load_crypto_data to 2024-10-20 00:00:00+00:00, run_after=2024-10-21 00:00:00+00:00
[2024-10-20T22:14:16.912+0000] {processor.py:208} INFO - Processing /opt/airflow/dags/dag_transform_load.py took 0.552 seconds
[2024-10-20T22:14:47.331+0000] {processor.py:186} INFO - Started process (PID=50) to work on /opt/airflow/dags/dag_transform_load.py
[2024-10-20T22:14:47.334+0000] {processor.py:914} INFO - Processing file /opt/airflow/dags/dag_transform_load.py for tasks to queue
[2024-10-20T22:14:47.339+0000] {logging_mixin.py:190} INFO - [2024-10-20T22:14:47.338+0000] {dagbag.py:588} INFO - Filling up the DagBag from /opt/airflow/dags/dag_transform_load.py
[2024-10-20T22:14:47.897+0000] {processor.py:925} INFO - DAG(s) 'transform_load_crypto_data' retrieved from /opt/airflow/dags/dag_transform_load.py
[2024-10-20T22:14:47.925+0000] {logging_mixin.py:190} INFO - [2024-10-20T22:14:47.924+0000] {dag.py:3239} INFO - Sync 1 DAGs
[2024-10-20T22:14:47.954+0000] {logging_mixin.py:190} INFO - [2024-10-20T22:14:47.954+0000] {dag.py:4180} INFO - Setting next_dagrun for transform_load_crypto_data to 2024-10-20 00:00:00+00:00, run_after=2024-10-21 00:00:00+00:00
[2024-10-20T22:14:47.967+0000] {processor.py:208} INFO - Processing /opt/airflow/dags/dag_transform_load.py took 0.659 seconds
[2024-10-20T22:15:18.450+0000] {processor.py:186} INFO - Started process (PID=60) to work on /opt/airflow/dags/dag_transform_load.py
[2024-10-20T22:15:18.452+0000] {processor.py:914} INFO - Processing file /opt/airflow/dags/dag_transform_load.py for tasks to queue
[2024-10-20T22:15:18.456+0000] {logging_mixin.py:190} INFO - [2024-10-20T22:15:18.456+0000] {dagbag.py:588} INFO - Filling up the DagBag from /opt/airflow/dags/dag_transform_load.py
[2024-10-20T22:15:18.875+0000] {processor.py:925} INFO - DAG(s) 'transform_load_crypto_data' retrieved from /opt/airflow/dags/dag_transform_load.py
[2024-10-20T22:15:18.900+0000] {logging_mixin.py:190} INFO - [2024-10-20T22:15:18.899+0000] {dag.py:3239} INFO - Sync 1 DAGs
[2024-10-20T22:15:18.930+0000] {logging_mixin.py:190} INFO - [2024-10-20T22:15:18.929+0000] {dag.py:4180} INFO - Setting next_dagrun for transform_load_crypto_data to 2024-10-20 00:00:00+00:00, run_after=2024-10-21 00:00:00+00:00
[2024-10-20T22:15:18.942+0000] {processor.py:208} INFO - Processing /opt/airflow/dags/dag_transform_load.py took 0.507 seconds
[2024-10-20T22:15:49.333+0000] {processor.py:186} INFO - Started process (PID=70) to work on /opt/airflow/dags/dag_transform_load.py
[2024-10-20T22:15:49.336+0000] {processor.py:914} INFO - Processing file /opt/airflow/dags/dag_transform_load.py for tasks to queue
[2024-10-20T22:15:49.347+0000] {logging_mixin.py:190} INFO - [2024-10-20T22:15:49.346+0000] {dagbag.py:588} INFO - Filling up the DagBag from /opt/airflow/dags/dag_transform_load.py
[2024-10-20T22:15:49.741+0000] {processor.py:925} INFO - DAG(s) 'transform_load_crypto_data' retrieved from /opt/airflow/dags/dag_transform_load.py
[2024-10-20T22:15:49.759+0000] {logging_mixin.py:190} INFO - [2024-10-20T22:15:49.758+0000] {dag.py:3239} INFO - Sync 1 DAGs
[2024-10-20T22:15:49.772+0000] {logging_mixin.py:190} INFO - [2024-10-20T22:15:49.772+0000] {dag.py:4180} INFO - Setting next_dagrun for transform_load_crypto_data to 2024-10-20 00:00:00+00:00, run_after=2024-10-21 00:00:00+00:00
[2024-10-20T22:15:49.780+0000] {processor.py:208} INFO - Processing /opt/airflow/dags/dag_transform_load.py took 0.466 seconds
[2024-10-20T22:16:20.190+0000] {processor.py:186} INFO - Started process (PID=80) to work on /opt/airflow/dags/dag_transform_load.py
[2024-10-20T22:16:20.192+0000] {processor.py:914} INFO - Processing file /opt/airflow/dags/dag_transform_load.py for tasks to queue
[2024-10-20T22:16:20.196+0000] {logging_mixin.py:190} INFO - [2024-10-20T22:16:20.196+0000] {dagbag.py:588} INFO - Filling up the DagBag from /opt/airflow/dags/dag_transform_load.py
[2024-10-20T22:16:20.592+0000] {processor.py:925} INFO - DAG(s) 'transform_load_crypto_data' retrieved from /opt/airflow/dags/dag_transform_load.py
[2024-10-20T22:16:20.610+0000] {logging_mixin.py:190} INFO - [2024-10-20T22:16:20.609+0000] {dag.py:3239} INFO - Sync 1 DAGs
[2024-10-20T22:16:20.623+0000] {logging_mixin.py:190} INFO - [2024-10-20T22:16:20.622+0000] {dag.py:4180} INFO - Setting next_dagrun for transform_load_crypto_data to 2024-10-20 00:00:00+00:00, run_after=2024-10-21 00:00:00+00:00
[2024-10-20T22:16:20.630+0000] {processor.py:208} INFO - Processing /opt/airflow/dags/dag_transform_load.py took 0.449 seconds
[2024-10-20T22:16:50.971+0000] {processor.py:186} INFO - Started process (PID=90) to work on /opt/airflow/dags/dag_transform_load.py
[2024-10-20T22:16:50.972+0000] {processor.py:914} INFO - Processing file /opt/airflow/dags/dag_transform_load.py for tasks to queue
[2024-10-20T22:16:50.975+0000] {logging_mixin.py:190} INFO - [2024-10-20T22:16:50.974+0000] {dagbag.py:588} INFO - Filling up the DagBag from /opt/airflow/dags/dag_transform_load.py
[2024-10-20T22:16:51.591+0000] {processor.py:925} INFO - DAG(s) 'transform_load_crypto_data' retrieved from /opt/airflow/dags/dag_transform_load.py
[2024-10-20T22:16:51.613+0000] {logging_mixin.py:190} INFO - [2024-10-20T22:16:51.613+0000] {dag.py:3239} INFO - Sync 1 DAGs
[2024-10-20T22:16:51.638+0000] {logging_mixin.py:190} INFO - [2024-10-20T22:16:51.638+0000] {dag.py:4180} INFO - Setting next_dagrun for transform_load_crypto_data to 2024-10-20 00:00:00+00:00, run_after=2024-10-21 00:00:00+00:00
[2024-10-20T22:16:51.650+0000] {processor.py:208} INFO - Processing /opt/airflow/dags/dag_transform_load.py took 0.684 seconds
[2024-10-20T22:17:22.259+0000] {processor.py:186} INFO - Started process (PID=100) to work on /opt/airflow/dags/dag_transform_load.py
[2024-10-20T22:17:22.261+0000] {processor.py:914} INFO - Processing file /opt/airflow/dags/dag_transform_load.py for tasks to queue
[2024-10-20T22:17:22.264+0000] {logging_mixin.py:190} INFO - [2024-10-20T22:17:22.263+0000] {dagbag.py:588} INFO - Filling up the DagBag from /opt/airflow/dags/dag_transform_load.py
[2024-10-20T22:17:22.635+0000] {processor.py:925} INFO - DAG(s) 'transform_load_crypto_data' retrieved from /opt/airflow/dags/dag_transform_load.py
[2024-10-20T22:17:22.646+0000] {logging_mixin.py:190} INFO - [2024-10-20T22:17:22.646+0000] {dag.py:3239} INFO - Sync 1 DAGs
[2024-10-20T22:17:22.663+0000] {logging_mixin.py:190} INFO - [2024-10-20T22:17:22.663+0000] {dag.py:4180} INFO - Setting next_dagrun for transform_load_crypto_data to 2024-10-20 00:00:00+00:00, run_after=2024-10-21 00:00:00+00:00
[2024-10-20T22:17:22.673+0000] {processor.py:208} INFO - Processing /opt/airflow/dags/dag_transform_load.py took 0.422 seconds
[2024-10-20T22:17:53.160+0000] {processor.py:186} INFO - Started process (PID=110) to work on /opt/airflow/dags/dag_transform_load.py
[2024-10-20T22:17:53.162+0000] {processor.py:914} INFO - Processing file /opt/airflow/dags/dag_transform_load.py for tasks to queue
[2024-10-20T22:17:53.165+0000] {logging_mixin.py:190} INFO - [2024-10-20T22:17:53.165+0000] {dagbag.py:588} INFO - Filling up the DagBag from /opt/airflow/dags/dag_transform_load.py
[2024-10-20T22:17:53.727+0000] {processor.py:925} INFO - DAG(s) 'transform_load_crypto_data' retrieved from /opt/airflow/dags/dag_transform_load.py
[2024-10-20T22:17:53.746+0000] {logging_mixin.py:190} INFO - [2024-10-20T22:17:53.746+0000] {dag.py:3239} INFO - Sync 1 DAGs
[2024-10-20T22:17:53.759+0000] {logging_mixin.py:190} INFO - [2024-10-20T22:17:53.759+0000] {dag.py:4180} INFO - Setting next_dagrun for transform_load_crypto_data to 2024-10-20 00:00:00+00:00, run_after=2024-10-21 00:00:00+00:00
[2024-10-20T22:17:53.768+0000] {processor.py:208} INFO - Processing /opt/airflow/dags/dag_transform_load.py took 0.633 seconds
[2024-10-20T22:19:43.699+0000] {processor.py:186} INFO - Started process (PID=31) to work on /opt/airflow/dags/dag_transform_load.py
[2024-10-20T22:19:43.704+0000] {processor.py:914} INFO - Processing file /opt/airflow/dags/dag_transform_load.py for tasks to queue
[2024-10-20T22:19:43.714+0000] {logging_mixin.py:190} INFO - [2024-10-20T22:19:43.712+0000] {dagbag.py:588} INFO - Filling up the DagBag from /opt/airflow/dags/dag_transform_load.py
[2024-10-20T22:19:45.142+0000] {processor.py:925} INFO - DAG(s) 'transform_load_crypto_data' retrieved from /opt/airflow/dags/dag_transform_load.py
[2024-10-20T22:19:45.229+0000] {logging_mixin.py:190} INFO - [2024-10-20T22:19:45.226+0000] {dag.py:3239} INFO - Sync 1 DAGs
[2024-10-20T22:19:45.305+0000] {logging_mixin.py:190} INFO - [2024-10-20T22:19:45.304+0000] {dag.py:4180} INFO - Setting next_dagrun for transform_load_crypto_data to 2024-10-20 00:00:00+00:00, run_after=2024-10-21 00:00:00+00:00
[2024-10-20T22:19:45.335+0000] {processor.py:208} INFO - Processing /opt/airflow/dags/dag_transform_load.py took 1.662 seconds
[2024-10-20T22:20:15.909+0000] {processor.py:186} INFO - Started process (PID=40) to work on /opt/airflow/dags/dag_transform_load.py
[2024-10-20T22:20:15.912+0000] {processor.py:914} INFO - Processing file /opt/airflow/dags/dag_transform_load.py for tasks to queue
[2024-10-20T22:20:15.930+0000] {logging_mixin.py:190} INFO - [2024-10-20T22:20:15.930+0000] {dagbag.py:588} INFO - Filling up the DagBag from /opt/airflow/dags/dag_transform_load.py
[2024-10-20T22:20:16.858+0000] {processor.py:925} INFO - DAG(s) 'transform_load_crypto_data' retrieved from /opt/airflow/dags/dag_transform_load.py
[2024-10-20T22:20:16.886+0000] {logging_mixin.py:190} INFO - [2024-10-20T22:20:16.886+0000] {dag.py:3239} INFO - Sync 1 DAGs
[2024-10-20T22:20:16.907+0000] {logging_mixin.py:190} INFO - [2024-10-20T22:20:16.907+0000] {dag.py:4180} INFO - Setting next_dagrun for transform_load_crypto_data to 2024-10-20 00:00:00+00:00, run_after=2024-10-21 00:00:00+00:00
[2024-10-20T22:20:16.919+0000] {processor.py:208} INFO - Processing /opt/airflow/dags/dag_transform_load.py took 1.027 seconds
[2024-10-20T22:20:47.457+0000] {processor.py:186} INFO - Started process (PID=50) to work on /opt/airflow/dags/dag_transform_load.py
[2024-10-20T22:20:47.459+0000] {processor.py:914} INFO - Processing file /opt/airflow/dags/dag_transform_load.py for tasks to queue
[2024-10-20T22:20:47.462+0000] {logging_mixin.py:190} INFO - [2024-10-20T22:20:47.462+0000] {dagbag.py:588} INFO - Filling up the DagBag from /opt/airflow/dags/dag_transform_load.py
[2024-10-20T22:20:47.924+0000] {processor.py:925} INFO - DAG(s) 'transform_load_crypto_data' retrieved from /opt/airflow/dags/dag_transform_load.py
[2024-10-20T22:20:47.967+0000] {logging_mixin.py:190} INFO - [2024-10-20T22:20:47.967+0000] {dag.py:3239} INFO - Sync 1 DAGs
[2024-10-20T22:20:47.984+0000] {logging_mixin.py:190} INFO - [2024-10-20T22:20:47.984+0000] {dag.py:4180} INFO - Setting next_dagrun for transform_load_crypto_data to 2024-10-20 00:00:00+00:00, run_after=2024-10-21 00:00:00+00:00
[2024-10-20T22:20:47.996+0000] {processor.py:208} INFO - Processing /opt/airflow/dags/dag_transform_load.py took 0.561 seconds
[2024-10-20T22:21:18.409+0000] {processor.py:186} INFO - Started process (PID=59) to work on /opt/airflow/dags/dag_transform_load.py
[2024-10-20T22:21:18.410+0000] {processor.py:914} INFO - Processing file /opt/airflow/dags/dag_transform_load.py for tasks to queue
[2024-10-20T22:21:18.419+0000] {logging_mixin.py:190} INFO - [2024-10-20T22:21:18.419+0000] {dagbag.py:588} INFO - Filling up the DagBag from /opt/airflow/dags/dag_transform_load.py
[2024-10-20T22:21:19.479+0000] {processor.py:925} INFO - DAG(s) 'transform_load_crypto_data' retrieved from /opt/airflow/dags/dag_transform_load.py
[2024-10-20T22:21:19.495+0000] {logging_mixin.py:190} INFO - [2024-10-20T22:21:19.495+0000] {dag.py:3239} INFO - Sync 1 DAGs
[2024-10-20T22:21:19.535+0000] {logging_mixin.py:190} INFO - [2024-10-20T22:21:19.535+0000] {dag.py:4180} INFO - Setting next_dagrun for transform_load_crypto_data to 2024-10-20 00:00:00+00:00, run_after=2024-10-21 00:00:00+00:00
[2024-10-20T22:21:19.547+0000] {processor.py:208} INFO - Processing /opt/airflow/dags/dag_transform_load.py took 1.146 seconds
[2024-10-20T22:21:50.042+0000] {processor.py:186} INFO - Started process (PID=69) to work on /opt/airflow/dags/dag_transform_load.py
[2024-10-20T22:21:50.053+0000] {processor.py:914} INFO - Processing file /opt/airflow/dags/dag_transform_load.py for tasks to queue
[2024-10-20T22:21:50.103+0000] {logging_mixin.py:190} INFO - [2024-10-20T22:21:50.096+0000] {dagbag.py:588} INFO - Filling up the DagBag from /opt/airflow/dags/dag_transform_load.py
[2024-10-20T22:21:51.281+0000] {processor.py:925} INFO - DAG(s) 'transform_load_crypto_data' retrieved from /opt/airflow/dags/dag_transform_load.py
[2024-10-20T22:21:51.309+0000] {logging_mixin.py:190} INFO - [2024-10-20T22:21:51.308+0000] {dag.py:3239} INFO - Sync 1 DAGs
[2024-10-20T22:21:51.334+0000] {logging_mixin.py:190} INFO - [2024-10-20T22:21:51.333+0000] {dag.py:4180} INFO - Setting next_dagrun for transform_load_crypto_data to 2024-10-20 00:00:00+00:00, run_after=2024-10-21 00:00:00+00:00
[2024-10-20T22:21:51.345+0000] {processor.py:208} INFO - Processing /opt/airflow/dags/dag_transform_load.py took 1.393 seconds
[2024-10-20T22:22:21.543+0000] {processor.py:186} INFO - Started process (PID=79) to work on /opt/airflow/dags/dag_transform_load.py
[2024-10-20T22:22:21.545+0000] {processor.py:914} INFO - Processing file /opt/airflow/dags/dag_transform_load.py for tasks to queue
[2024-10-20T22:22:21.551+0000] {logging_mixin.py:190} INFO - [2024-10-20T22:22:21.550+0000] {dagbag.py:588} INFO - Filling up the DagBag from /opt/airflow/dags/dag_transform_load.py
[2024-10-20T22:22:22.085+0000] {processor.py:925} INFO - DAG(s) 'transform_load_crypto_data' retrieved from /opt/airflow/dags/dag_transform_load.py
[2024-10-20T22:22:22.104+0000] {logging_mixin.py:190} INFO - [2024-10-20T22:22:22.104+0000] {dag.py:3239} INFO - Sync 1 DAGs
[2024-10-20T22:22:22.117+0000] {logging_mixin.py:190} INFO - [2024-10-20T22:22:22.117+0000] {dag.py:4180} INFO - Setting next_dagrun for transform_load_crypto_data to 2024-10-20 00:00:00+00:00, run_after=2024-10-21 00:00:00+00:00
[2024-10-20T22:22:22.125+0000] {processor.py:208} INFO - Processing /opt/airflow/dags/dag_transform_load.py took 0.593 seconds
[2024-10-20T22:22:52.265+0000] {processor.py:186} INFO - Started process (PID=89) to work on /opt/airflow/dags/dag_transform_load.py
[2024-10-20T22:22:52.267+0000] {processor.py:914} INFO - Processing file /opt/airflow/dags/dag_transform_load.py for tasks to queue
[2024-10-20T22:22:52.274+0000] {logging_mixin.py:190} INFO - [2024-10-20T22:22:52.272+0000] {dagbag.py:588} INFO - Filling up the DagBag from /opt/airflow/dags/dag_transform_load.py
[2024-10-20T22:22:52.707+0000] {processor.py:925} INFO - DAG(s) 'transform_load_crypto_data' retrieved from /opt/airflow/dags/dag_transform_load.py
[2024-10-20T22:22:52.720+0000] {logging_mixin.py:190} INFO - [2024-10-20T22:22:52.719+0000] {dag.py:3239} INFO - Sync 1 DAGs
[2024-10-20T22:22:52.735+0000] {logging_mixin.py:190} INFO - [2024-10-20T22:22:52.735+0000] {dag.py:4180} INFO - Setting next_dagrun for transform_load_crypto_data to 2024-10-20 00:00:00+00:00, run_after=2024-10-21 00:00:00+00:00
[2024-10-20T22:22:52.754+0000] {processor.py:208} INFO - Processing /opt/airflow/dags/dag_transform_load.py took 0.518 seconds
[2024-10-20T22:23:23.281+0000] {processor.py:186} INFO - Started process (PID=99) to work on /opt/airflow/dags/dag_transform_load.py
[2024-10-20T22:23:23.283+0000] {processor.py:914} INFO - Processing file /opt/airflow/dags/dag_transform_load.py for tasks to queue
[2024-10-20T22:23:23.286+0000] {logging_mixin.py:190} INFO - [2024-10-20T22:23:23.286+0000] {dagbag.py:588} INFO - Filling up the DagBag from /opt/airflow/dags/dag_transform_load.py
[2024-10-20T22:23:23.734+0000] {processor.py:925} INFO - DAG(s) 'transform_load_crypto_data' retrieved from /opt/airflow/dags/dag_transform_load.py
[2024-10-20T22:23:23.758+0000] {logging_mixin.py:190} INFO - [2024-10-20T22:23:23.758+0000] {dag.py:3239} INFO - Sync 1 DAGs
[2024-10-20T22:23:23.770+0000] {logging_mixin.py:190} INFO - [2024-10-20T22:23:23.770+0000] {dag.py:4180} INFO - Setting next_dagrun for transform_load_crypto_data to 2024-10-20 00:00:00+00:00, run_after=2024-10-21 00:00:00+00:00
[2024-10-20T22:23:23.778+0000] {processor.py:208} INFO - Processing /opt/airflow/dags/dag_transform_load.py took 0.509 seconds
[2024-10-20T22:23:54.326+0000] {processor.py:186} INFO - Started process (PID=109) to work on /opt/airflow/dags/dag_transform_load.py
[2024-10-20T22:23:54.329+0000] {processor.py:914} INFO - Processing file /opt/airflow/dags/dag_transform_load.py for tasks to queue
[2024-10-20T22:23:54.347+0000] {logging_mixin.py:190} INFO - [2024-10-20T22:23:54.345+0000] {dagbag.py:588} INFO - Filling up the DagBag from /opt/airflow/dags/dag_transform_load.py
[2024-10-20T22:23:54.806+0000] {processor.py:925} INFO - DAG(s) 'transform_load_crypto_data' retrieved from /opt/airflow/dags/dag_transform_load.py
[2024-10-20T22:23:54.823+0000] {logging_mixin.py:190} INFO - [2024-10-20T22:23:54.823+0000] {dag.py:3239} INFO - Sync 1 DAGs
[2024-10-20T22:23:54.835+0000] {logging_mixin.py:190} INFO - [2024-10-20T22:23:54.835+0000] {dag.py:4180} INFO - Setting next_dagrun for transform_load_crypto_data to 2024-10-20 00:00:00+00:00, run_after=2024-10-21 00:00:00+00:00
[2024-10-20T22:23:54.844+0000] {processor.py:208} INFO - Processing /opt/airflow/dags/dag_transform_load.py took 0.527 seconds
[2024-10-20T22:24:25.096+0000] {processor.py:186} INFO - Started process (PID=118) to work on /opt/airflow/dags/dag_transform_load.py
[2024-10-20T22:24:25.097+0000] {processor.py:914} INFO - Processing file /opt/airflow/dags/dag_transform_load.py for tasks to queue
[2024-10-20T22:24:25.102+0000] {logging_mixin.py:190} INFO - [2024-10-20T22:24:25.101+0000] {dagbag.py:588} INFO - Filling up the DagBag from /opt/airflow/dags/dag_transform_load.py
[2024-10-20T22:24:25.518+0000] {processor.py:925} INFO - DAG(s) 'transform_load_crypto_data' retrieved from /opt/airflow/dags/dag_transform_load.py
[2024-10-20T22:24:25.536+0000] {logging_mixin.py:190} INFO - [2024-10-20T22:24:25.536+0000] {dag.py:3239} INFO - Sync 1 DAGs
[2024-10-20T22:24:25.555+0000] {logging_mixin.py:190} INFO - [2024-10-20T22:24:25.555+0000] {dag.py:4180} INFO - Setting next_dagrun for transform_load_crypto_data to 2024-10-20 00:00:00+00:00, run_after=2024-10-21 00:00:00+00:00
[2024-10-20T22:24:25.564+0000] {processor.py:208} INFO - Processing /opt/airflow/dags/dag_transform_load.py took 0.482 seconds
