[2024-10-20T21:38:22.198+0000] {processor.py:186} INFO - Started process (PID=32) to work on /opt/airflow/dags/dag_extract.py
[2024-10-20T21:38:22.204+0000] {processor.py:914} INFO - Processing file /opt/airflow/dags/dag_extract.py for tasks to queue
[2024-10-20T21:38:22.221+0000] {logging_mixin.py:190} INFO - [2024-10-20T21:38:22.218+0000] {dagbag.py:588} INFO - Filling up the DagBag from /opt/airflow/dags/dag_extract.py
[2024-10-20T21:38:24.130+0000] {processor.py:925} INFO - DAG(s) 'extract_crypto_data' retrieved from /opt/airflow/dags/dag_extract.py
[2024-10-20T21:38:24.206+0000] {logging_mixin.py:190} INFO - [2024-10-20T21:38:24.206+0000] {dag.py:3239} INFO - Sync 1 DAGs
[2024-10-20T21:38:24.252+0000] {logging_mixin.py:190} INFO - [2024-10-20T21:38:24.251+0000] {dag.py:4180} INFO - Setting next_dagrun for extract_crypto_data to 2024-10-20 00:00:00+00:00, run_after=2024-10-21 00:00:00+00:00
[2024-10-20T21:38:24.275+0000] {processor.py:208} INFO - Processing /opt/airflow/dags/dag_extract.py took 2.126 seconds
[2024-10-20T21:38:54.906+0000] {processor.py:186} INFO - Started process (PID=42) to work on /opt/airflow/dags/dag_extract.py
[2024-10-20T21:38:54.909+0000] {processor.py:914} INFO - Processing file /opt/airflow/dags/dag_extract.py for tasks to queue
[2024-10-20T21:38:54.928+0000] {logging_mixin.py:190} INFO - [2024-10-20T21:38:54.927+0000] {dagbag.py:588} INFO - Filling up the DagBag from /opt/airflow/dags/dag_extract.py
[2024-10-20T21:38:55.437+0000] {processor.py:925} INFO - DAG(s) 'extract_crypto_data' retrieved from /opt/airflow/dags/dag_extract.py
[2024-10-20T21:38:55.455+0000] {logging_mixin.py:190} INFO - [2024-10-20T21:38:55.455+0000] {dag.py:3239} INFO - Sync 1 DAGs
[2024-10-20T21:38:55.472+0000] {logging_mixin.py:190} INFO - [2024-10-20T21:38:55.472+0000] {dag.py:4180} INFO - Setting next_dagrun for extract_crypto_data to 2024-10-20 00:00:00+00:00, run_after=2024-10-21 00:00:00+00:00
[2024-10-20T21:38:55.491+0000] {processor.py:208} INFO - Processing /opt/airflow/dags/dag_extract.py took 0.601 seconds
[2024-10-20T21:39:25.987+0000] {processor.py:186} INFO - Started process (PID=52) to work on /opt/airflow/dags/dag_extract.py
[2024-10-20T21:39:25.989+0000] {processor.py:914} INFO - Processing file /opt/airflow/dags/dag_extract.py for tasks to queue
[2024-10-20T21:39:26.003+0000] {logging_mixin.py:190} INFO - [2024-10-20T21:39:26.001+0000] {dagbag.py:588} INFO - Filling up the DagBag from /opt/airflow/dags/dag_extract.py
[2024-10-20T21:39:27.177+0000] {processor.py:925} INFO - DAG(s) 'extract_crypto_data' retrieved from /opt/airflow/dags/dag_extract.py
[2024-10-20T21:39:27.198+0000] {logging_mixin.py:190} INFO - [2024-10-20T21:39:27.198+0000] {dag.py:3239} INFO - Sync 1 DAGs
[2024-10-20T21:39:27.216+0000] {logging_mixin.py:190} INFO - [2024-10-20T21:39:27.216+0000] {dag.py:4180} INFO - Setting next_dagrun for extract_crypto_data to 2024-10-20 00:00:00+00:00, run_after=2024-10-21 00:00:00+00:00
[2024-10-20T21:39:27.226+0000] {processor.py:208} INFO - Processing /opt/airflow/dags/dag_extract.py took 1.262 seconds
[2024-10-20T21:39:57.914+0000] {processor.py:186} INFO - Started process (PID=61) to work on /opt/airflow/dags/dag_extract.py
[2024-10-20T21:39:57.915+0000] {processor.py:914} INFO - Processing file /opt/airflow/dags/dag_extract.py for tasks to queue
[2024-10-20T21:39:57.923+0000] {logging_mixin.py:190} INFO - [2024-10-20T21:39:57.921+0000] {dagbag.py:588} INFO - Filling up the DagBag from /opt/airflow/dags/dag_extract.py
[2024-10-20T21:39:58.384+0000] {processor.py:925} INFO - DAG(s) 'extract_crypto_data' retrieved from /opt/airflow/dags/dag_extract.py
[2024-10-20T21:39:58.402+0000] {logging_mixin.py:190} INFO - [2024-10-20T21:39:58.401+0000] {dag.py:3239} INFO - Sync 1 DAGs
[2024-10-20T21:39:58.412+0000] {logging_mixin.py:190} INFO - [2024-10-20T21:39:58.412+0000] {dag.py:4180} INFO - Setting next_dagrun for extract_crypto_data to 2024-10-20 00:00:00+00:00, run_after=2024-10-21 00:00:00+00:00
[2024-10-20T21:39:58.420+0000] {processor.py:208} INFO - Processing /opt/airflow/dags/dag_extract.py took 0.522 seconds
[2024-10-20T21:40:28.869+0000] {processor.py:186} INFO - Started process (PID=71) to work on /opt/airflow/dags/dag_extract.py
[2024-10-20T21:40:28.871+0000] {processor.py:914} INFO - Processing file /opt/airflow/dags/dag_extract.py for tasks to queue
[2024-10-20T21:40:28.874+0000] {logging_mixin.py:190} INFO - [2024-10-20T21:40:28.874+0000] {dagbag.py:588} INFO - Filling up the DagBag from /opt/airflow/dags/dag_extract.py
[2024-10-20T21:40:29.490+0000] {processor.py:925} INFO - DAG(s) 'extract_crypto_data' retrieved from /opt/airflow/dags/dag_extract.py
[2024-10-20T21:40:29.522+0000] {logging_mixin.py:190} INFO - [2024-10-20T21:40:29.522+0000] {dag.py:3239} INFO - Sync 1 DAGs
[2024-10-20T21:40:29.545+0000] {logging_mixin.py:190} INFO - [2024-10-20T21:40:29.545+0000] {dag.py:4180} INFO - Setting next_dagrun for extract_crypto_data to 2024-10-20 00:00:00+00:00, run_after=2024-10-21 00:00:00+00:00
[2024-10-20T21:40:29.554+0000] {processor.py:208} INFO - Processing /opt/airflow/dags/dag_extract.py took 0.693 seconds
[2024-10-20T21:40:59.910+0000] {processor.py:186} INFO - Started process (PID=81) to work on /opt/airflow/dags/dag_extract.py
[2024-10-20T21:40:59.911+0000] {processor.py:914} INFO - Processing file /opt/airflow/dags/dag_extract.py for tasks to queue
[2024-10-20T21:40:59.914+0000] {logging_mixin.py:190} INFO - [2024-10-20T21:40:59.914+0000] {dagbag.py:588} INFO - Filling up the DagBag from /opt/airflow/dags/dag_extract.py
[2024-10-20T21:41:00.388+0000] {processor.py:925} INFO - DAG(s) 'extract_crypto_data' retrieved from /opt/airflow/dags/dag_extract.py
[2024-10-20T21:41:00.437+0000] {logging_mixin.py:190} INFO - [2024-10-20T21:41:00.437+0000] {dag.py:3239} INFO - Sync 1 DAGs
[2024-10-20T21:41:00.468+0000] {logging_mixin.py:190} INFO - [2024-10-20T21:41:00.467+0000] {dag.py:4180} INFO - Setting next_dagrun for extract_crypto_data to 2024-10-20 00:00:00+00:00, run_after=2024-10-21 00:00:00+00:00
[2024-10-20T21:41:00.491+0000] {processor.py:208} INFO - Processing /opt/airflow/dags/dag_extract.py took 0.586 seconds
[2024-10-20T21:41:31.010+0000] {processor.py:186} INFO - Started process (PID=91) to work on /opt/airflow/dags/dag_extract.py
[2024-10-20T21:41:31.015+0000] {processor.py:914} INFO - Processing file /opt/airflow/dags/dag_extract.py for tasks to queue
[2024-10-20T21:41:31.020+0000] {logging_mixin.py:190} INFO - [2024-10-20T21:41:31.019+0000] {dagbag.py:588} INFO - Filling up the DagBag from /opt/airflow/dags/dag_extract.py
[2024-10-20T21:41:31.446+0000] {processor.py:925} INFO - DAG(s) 'extract_crypto_data' retrieved from /opt/airflow/dags/dag_extract.py
[2024-10-20T21:41:31.462+0000] {logging_mixin.py:190} INFO - [2024-10-20T21:41:31.462+0000] {dag.py:3239} INFO - Sync 1 DAGs
[2024-10-20T21:41:31.472+0000] {logging_mixin.py:190} INFO - [2024-10-20T21:41:31.472+0000] {dag.py:4180} INFO - Setting next_dagrun for extract_crypto_data to 2024-10-20 00:00:00+00:00, run_after=2024-10-21 00:00:00+00:00
[2024-10-20T21:41:31.480+0000] {processor.py:208} INFO - Processing /opt/airflow/dags/dag_extract.py took 0.497 seconds
[2024-10-20T21:42:01.700+0000] {processor.py:186} INFO - Started process (PID=102) to work on /opt/airflow/dags/dag_extract.py
[2024-10-20T21:42:01.703+0000] {processor.py:914} INFO - Processing file /opt/airflow/dags/dag_extract.py for tasks to queue
[2024-10-20T21:42:01.708+0000] {logging_mixin.py:190} INFO - [2024-10-20T21:42:01.706+0000] {dagbag.py:588} INFO - Filling up the DagBag from /opt/airflow/dags/dag_extract.py
[2024-10-20T21:42:02.147+0000] {processor.py:925} INFO - DAG(s) 'extract_crypto_data' retrieved from /opt/airflow/dags/dag_extract.py
[2024-10-20T21:42:02.159+0000] {logging_mixin.py:190} INFO - [2024-10-20T21:42:02.159+0000] {dag.py:3239} INFO - Sync 1 DAGs
[2024-10-20T21:42:02.169+0000] {logging_mixin.py:190} INFO - [2024-10-20T21:42:02.169+0000] {dag.py:4180} INFO - Setting next_dagrun for extract_crypto_data to 2024-10-20 00:00:00+00:00, run_after=2024-10-21 00:00:00+00:00
[2024-10-20T21:42:02.177+0000] {processor.py:208} INFO - Processing /opt/airflow/dags/dag_extract.py took 0.502 seconds
[2024-10-20T21:42:32.626+0000] {processor.py:186} INFO - Started process (PID=112) to work on /opt/airflow/dags/dag_extract.py
[2024-10-20T21:42:32.627+0000] {processor.py:914} INFO - Processing file /opt/airflow/dags/dag_extract.py for tasks to queue
[2024-10-20T21:42:32.631+0000] {logging_mixin.py:190} INFO - [2024-10-20T21:42:32.631+0000] {dagbag.py:588} INFO - Filling up the DagBag from /opt/airflow/dags/dag_extract.py
[2024-10-20T21:42:33.021+0000] {processor.py:925} INFO - DAG(s) 'extract_crypto_data' retrieved from /opt/airflow/dags/dag_extract.py
[2024-10-20T21:42:33.044+0000] {logging_mixin.py:190} INFO - [2024-10-20T21:42:33.044+0000] {dag.py:3239} INFO - Sync 1 DAGs
[2024-10-20T21:42:33.063+0000] {logging_mixin.py:190} INFO - [2024-10-20T21:42:33.063+0000] {dag.py:4180} INFO - Setting next_dagrun for extract_crypto_data to 2024-10-20 00:00:00+00:00, run_after=2024-10-21 00:00:00+00:00
[2024-10-20T21:42:33.072+0000] {processor.py:208} INFO - Processing /opt/airflow/dags/dag_extract.py took 0.454 seconds
[2024-10-20T21:43:03.534+0000] {processor.py:186} INFO - Started process (PID=122) to work on /opt/airflow/dags/dag_extract.py
[2024-10-20T21:43:03.537+0000] {processor.py:914} INFO - Processing file /opt/airflow/dags/dag_extract.py for tasks to queue
[2024-10-20T21:43:03.541+0000] {logging_mixin.py:190} INFO - [2024-10-20T21:43:03.541+0000] {dagbag.py:588} INFO - Filling up the DagBag from /opt/airflow/dags/dag_extract.py
[2024-10-20T21:43:03.971+0000] {processor.py:925} INFO - DAG(s) 'extract_crypto_data' retrieved from /opt/airflow/dags/dag_extract.py
[2024-10-20T21:43:03.985+0000] {logging_mixin.py:190} INFO - [2024-10-20T21:43:03.985+0000] {dag.py:3239} INFO - Sync 1 DAGs
[2024-10-20T21:43:03.997+0000] {logging_mixin.py:190} INFO - [2024-10-20T21:43:03.997+0000] {dag.py:4180} INFO - Setting next_dagrun for extract_crypto_data to 2024-10-20 00:00:00+00:00, run_after=2024-10-21 00:00:00+00:00
[2024-10-20T21:43:04.006+0000] {processor.py:208} INFO - Processing /opt/airflow/dags/dag_extract.py took 0.483 seconds
[2024-10-20T21:43:34.534+0000] {processor.py:186} INFO - Started process (PID=132) to work on /opt/airflow/dags/dag_extract.py
[2024-10-20T21:43:34.536+0000] {processor.py:914} INFO - Processing file /opt/airflow/dags/dag_extract.py for tasks to queue
[2024-10-20T21:43:34.542+0000] {logging_mixin.py:190} INFO - [2024-10-20T21:43:34.541+0000] {dagbag.py:588} INFO - Filling up the DagBag from /opt/airflow/dags/dag_extract.py
[2024-10-20T21:43:34.966+0000] {processor.py:925} INFO - DAG(s) 'extract_crypto_data' retrieved from /opt/airflow/dags/dag_extract.py
[2024-10-20T21:43:34.982+0000] {logging_mixin.py:190} INFO - [2024-10-20T21:43:34.982+0000] {dag.py:3239} INFO - Sync 1 DAGs
[2024-10-20T21:43:34.993+0000] {logging_mixin.py:190} INFO - [2024-10-20T21:43:34.993+0000] {dag.py:4180} INFO - Setting next_dagrun for extract_crypto_data to 2024-10-20 00:00:00+00:00, run_after=2024-10-21 00:00:00+00:00
[2024-10-20T21:43:35.000+0000] {processor.py:208} INFO - Processing /opt/airflow/dags/dag_extract.py took 0.477 seconds
[2024-10-20T21:44:05.499+0000] {processor.py:186} INFO - Started process (PID=142) to work on /opt/airflow/dags/dag_extract.py
[2024-10-20T21:44:05.501+0000] {processor.py:914} INFO - Processing file /opt/airflow/dags/dag_extract.py for tasks to queue
[2024-10-20T21:44:05.507+0000] {logging_mixin.py:190} INFO - [2024-10-20T21:44:05.505+0000] {dagbag.py:588} INFO - Filling up the DagBag from /opt/airflow/dags/dag_extract.py
[2024-10-20T21:44:05.962+0000] {processor.py:925} INFO - DAG(s) 'extract_crypto_data' retrieved from /opt/airflow/dags/dag_extract.py
[2024-10-20T21:44:05.981+0000] {logging_mixin.py:190} INFO - [2024-10-20T21:44:05.981+0000] {dag.py:3239} INFO - Sync 1 DAGs
[2024-10-20T21:44:06.016+0000] {logging_mixin.py:190} INFO - [2024-10-20T21:44:06.016+0000] {dag.py:4180} INFO - Setting next_dagrun for extract_crypto_data to 2024-10-20 00:00:00+00:00, run_after=2024-10-21 00:00:00+00:00
[2024-10-20T21:44:06.028+0000] {processor.py:208} INFO - Processing /opt/airflow/dags/dag_extract.py took 0.542 seconds
[2024-10-20T21:44:36.542+0000] {processor.py:186} INFO - Started process (PID=152) to work on /opt/airflow/dags/dag_extract.py
[2024-10-20T21:44:36.544+0000] {processor.py:914} INFO - Processing file /opt/airflow/dags/dag_extract.py for tasks to queue
[2024-10-20T21:44:36.548+0000] {logging_mixin.py:190} INFO - [2024-10-20T21:44:36.548+0000] {dagbag.py:588} INFO - Filling up the DagBag from /opt/airflow/dags/dag_extract.py
[2024-10-20T21:44:37.039+0000] {processor.py:925} INFO - DAG(s) 'extract_crypto_data' retrieved from /opt/airflow/dags/dag_extract.py
[2024-10-20T21:44:37.052+0000] {logging_mixin.py:190} INFO - [2024-10-20T21:44:37.052+0000] {dag.py:3239} INFO - Sync 1 DAGs
[2024-10-20T21:44:37.063+0000] {logging_mixin.py:190} INFO - [2024-10-20T21:44:37.062+0000] {dag.py:4180} INFO - Setting next_dagrun for extract_crypto_data to 2024-10-20 00:00:00+00:00, run_after=2024-10-21 00:00:00+00:00
[2024-10-20T21:44:37.070+0000] {processor.py:208} INFO - Processing /opt/airflow/dags/dag_extract.py took 0.538 seconds
[2024-10-20T21:45:07.339+0000] {processor.py:186} INFO - Started process (PID=166) to work on /opt/airflow/dags/dag_extract.py
[2024-10-20T21:45:07.341+0000] {processor.py:914} INFO - Processing file /opt/airflow/dags/dag_extract.py for tasks to queue
[2024-10-20T21:45:07.344+0000] {logging_mixin.py:190} INFO - [2024-10-20T21:45:07.344+0000] {dagbag.py:588} INFO - Filling up the DagBag from /opt/airflow/dags/dag_extract.py
[2024-10-20T21:45:07.728+0000] {processor.py:925} INFO - DAG(s) 'extract_crypto_data' retrieved from /opt/airflow/dags/dag_extract.py
[2024-10-20T21:45:07.742+0000] {logging_mixin.py:190} INFO - [2024-10-20T21:45:07.741+0000] {dag.py:3239} INFO - Sync 1 DAGs
[2024-10-20T21:45:07.752+0000] {logging_mixin.py:190} INFO - [2024-10-20T21:45:07.752+0000] {dag.py:4180} INFO - Setting next_dagrun for extract_crypto_data to 2024-10-20 00:00:00+00:00, run_after=2024-10-21 00:00:00+00:00
[2024-10-20T21:45:07.761+0000] {processor.py:208} INFO - Processing /opt/airflow/dags/dag_extract.py took 0.454 seconds
[2024-10-20T21:45:38.195+0000] {processor.py:186} INFO - Started process (PID=176) to work on /opt/airflow/dags/dag_extract.py
[2024-10-20T21:45:38.201+0000] {processor.py:914} INFO - Processing file /opt/airflow/dags/dag_extract.py for tasks to queue
[2024-10-20T21:45:38.211+0000] {logging_mixin.py:190} INFO - [2024-10-20T21:45:38.209+0000] {dagbag.py:588} INFO - Filling up the DagBag from /opt/airflow/dags/dag_extract.py
[2024-10-20T21:45:38.644+0000] {processor.py:925} INFO - DAG(s) 'extract_crypto_data' retrieved from /opt/airflow/dags/dag_extract.py
[2024-10-20T21:45:38.658+0000] {logging_mixin.py:190} INFO - [2024-10-20T21:45:38.658+0000] {dag.py:3239} INFO - Sync 1 DAGs
[2024-10-20T21:45:38.674+0000] {logging_mixin.py:190} INFO - [2024-10-20T21:45:38.674+0000] {dag.py:4180} INFO - Setting next_dagrun for extract_crypto_data to 2024-10-20 00:00:00+00:00, run_after=2024-10-21 00:00:00+00:00
[2024-10-20T21:45:38.693+0000] {processor.py:208} INFO - Processing /opt/airflow/dags/dag_extract.py took 0.509 seconds
[2024-10-20T21:46:08.792+0000] {processor.py:186} INFO - Started process (PID=186) to work on /opt/airflow/dags/dag_extract.py
[2024-10-20T21:46:08.793+0000] {processor.py:914} INFO - Processing file /opt/airflow/dags/dag_extract.py for tasks to queue
[2024-10-20T21:46:08.797+0000] {logging_mixin.py:190} INFO - [2024-10-20T21:46:08.796+0000] {dagbag.py:588} INFO - Filling up the DagBag from /opt/airflow/dags/dag_extract.py
[2024-10-20T21:46:09.293+0000] {processor.py:925} INFO - DAG(s) 'extract_crypto_data' retrieved from /opt/airflow/dags/dag_extract.py
[2024-10-20T21:46:09.322+0000] {logging_mixin.py:190} INFO - [2024-10-20T21:46:09.322+0000] {dag.py:3239} INFO - Sync 1 DAGs
[2024-10-20T21:46:09.346+0000] {logging_mixin.py:190} INFO - [2024-10-20T21:46:09.346+0000] {dag.py:4180} INFO - Setting next_dagrun for extract_crypto_data to 2024-10-20 00:00:00+00:00, run_after=2024-10-21 00:00:00+00:00
[2024-10-20T21:46:09.356+0000] {processor.py:208} INFO - Processing /opt/airflow/dags/dag_extract.py took 0.571 seconds
[2024-10-20T21:46:39.821+0000] {processor.py:186} INFO - Started process (PID=196) to work on /opt/airflow/dags/dag_extract.py
[2024-10-20T21:46:39.823+0000] {processor.py:914} INFO - Processing file /opt/airflow/dags/dag_extract.py for tasks to queue
[2024-10-20T21:46:39.828+0000] {logging_mixin.py:190} INFO - [2024-10-20T21:46:39.827+0000] {dagbag.py:588} INFO - Filling up the DagBag from /opt/airflow/dags/dag_extract.py
[2024-10-20T21:46:40.219+0000] {processor.py:925} INFO - DAG(s) 'extract_crypto_data' retrieved from /opt/airflow/dags/dag_extract.py
[2024-10-20T21:46:40.241+0000] {logging_mixin.py:190} INFO - [2024-10-20T21:46:40.240+0000] {dag.py:3239} INFO - Sync 1 DAGs
[2024-10-20T21:46:40.263+0000] {logging_mixin.py:190} INFO - [2024-10-20T21:46:40.263+0000] {dag.py:4180} INFO - Setting next_dagrun for extract_crypto_data to 2024-10-20 00:00:00+00:00, run_after=2024-10-21 00:00:00+00:00
[2024-10-20T21:46:40.271+0000] {processor.py:208} INFO - Processing /opt/airflow/dags/dag_extract.py took 0.461 seconds
[2024-10-20T21:47:10.761+0000] {processor.py:186} INFO - Started process (PID=205) to work on /opt/airflow/dags/dag_extract.py
[2024-10-20T21:47:10.763+0000] {processor.py:914} INFO - Processing file /opt/airflow/dags/dag_extract.py for tasks to queue
[2024-10-20T21:47:10.768+0000] {logging_mixin.py:190} INFO - [2024-10-20T21:47:10.767+0000] {dagbag.py:588} INFO - Filling up the DagBag from /opt/airflow/dags/dag_extract.py
[2024-10-20T21:47:11.187+0000] {processor.py:925} INFO - DAG(s) 'extract_crypto_data' retrieved from /opt/airflow/dags/dag_extract.py
[2024-10-20T21:47:11.218+0000] {logging_mixin.py:190} INFO - [2024-10-20T21:47:11.218+0000] {dag.py:3239} INFO - Sync 1 DAGs
[2024-10-20T21:47:11.237+0000] {logging_mixin.py:190} INFO - [2024-10-20T21:47:11.237+0000] {dag.py:4180} INFO - Setting next_dagrun for extract_crypto_data to 2024-10-20 00:00:00+00:00, run_after=2024-10-21 00:00:00+00:00
[2024-10-20T21:47:11.252+0000] {processor.py:208} INFO - Processing /opt/airflow/dags/dag_extract.py took 0.500 seconds
[2024-10-20T21:47:41.715+0000] {processor.py:186} INFO - Started process (PID=214) to work on /opt/airflow/dags/dag_extract.py
[2024-10-20T21:47:41.716+0000] {processor.py:914} INFO - Processing file /opt/airflow/dags/dag_extract.py for tasks to queue
[2024-10-20T21:47:41.719+0000] {logging_mixin.py:190} INFO - [2024-10-20T21:47:41.719+0000] {dagbag.py:588} INFO - Filling up the DagBag from /opt/airflow/dags/dag_extract.py
[2024-10-20T21:47:42.184+0000] {processor.py:925} INFO - DAG(s) 'extract_crypto_data' retrieved from /opt/airflow/dags/dag_extract.py
[2024-10-20T21:47:42.200+0000] {logging_mixin.py:190} INFO - [2024-10-20T21:47:42.200+0000] {dag.py:3239} INFO - Sync 1 DAGs
[2024-10-20T21:47:42.211+0000] {logging_mixin.py:190} INFO - [2024-10-20T21:47:42.211+0000] {dag.py:4180} INFO - Setting next_dagrun for extract_crypto_data to 2024-10-20 00:00:00+00:00, run_after=2024-10-21 00:00:00+00:00
[2024-10-20T21:47:42.223+0000] {processor.py:208} INFO - Processing /opt/airflow/dags/dag_extract.py took 0.516 seconds
[2024-10-20T21:48:12.757+0000] {processor.py:186} INFO - Started process (PID=224) to work on /opt/airflow/dags/dag_extract.py
[2024-10-20T21:48:12.761+0000] {processor.py:914} INFO - Processing file /opt/airflow/dags/dag_extract.py for tasks to queue
[2024-10-20T21:48:12.765+0000] {logging_mixin.py:190} INFO - [2024-10-20T21:48:12.764+0000] {dagbag.py:588} INFO - Filling up the DagBag from /opt/airflow/dags/dag_extract.py
[2024-10-20T21:48:13.200+0000] {processor.py:925} INFO - DAG(s) 'extract_crypto_data' retrieved from /opt/airflow/dags/dag_extract.py
[2024-10-20T21:48:13.216+0000] {logging_mixin.py:190} INFO - [2024-10-20T21:48:13.215+0000] {dag.py:3239} INFO - Sync 1 DAGs
[2024-10-20T21:48:13.227+0000] {logging_mixin.py:190} INFO - [2024-10-20T21:48:13.227+0000] {dag.py:4180} INFO - Setting next_dagrun for extract_crypto_data to 2024-10-20 00:00:00+00:00, run_after=2024-10-21 00:00:00+00:00
[2024-10-20T21:48:13.236+0000] {processor.py:208} INFO - Processing /opt/airflow/dags/dag_extract.py took 0.502 seconds
[2024-10-20T21:48:43.443+0000] {processor.py:186} INFO - Started process (PID=234) to work on /opt/airflow/dags/dag_extract.py
[2024-10-20T21:48:43.445+0000] {processor.py:914} INFO - Processing file /opt/airflow/dags/dag_extract.py for tasks to queue
[2024-10-20T21:48:43.449+0000] {logging_mixin.py:190} INFO - [2024-10-20T21:48:43.448+0000] {dagbag.py:588} INFO - Filling up the DagBag from /opt/airflow/dags/dag_extract.py
[2024-10-20T21:48:43.853+0000] {processor.py:925} INFO - DAG(s) 'extract_crypto_data' retrieved from /opt/airflow/dags/dag_extract.py
[2024-10-20T21:48:43.865+0000] {logging_mixin.py:190} INFO - [2024-10-20T21:48:43.865+0000] {dag.py:3239} INFO - Sync 1 DAGs
[2024-10-20T21:48:43.876+0000] {logging_mixin.py:190} INFO - [2024-10-20T21:48:43.876+0000] {dag.py:4180} INFO - Setting next_dagrun for extract_crypto_data to 2024-10-20 00:00:00+00:00, run_after=2024-10-21 00:00:00+00:00
[2024-10-20T21:48:43.884+0000] {processor.py:208} INFO - Processing /opt/airflow/dags/dag_extract.py took 0.464 seconds
[2024-10-20T21:49:14.367+0000] {processor.py:186} INFO - Started process (PID=243) to work on /opt/airflow/dags/dag_extract.py
[2024-10-20T21:49:14.370+0000] {processor.py:914} INFO - Processing file /opt/airflow/dags/dag_extract.py for tasks to queue
[2024-10-20T21:49:14.403+0000] {logging_mixin.py:190} INFO - [2024-10-20T21:49:14.398+0000] {dagbag.py:588} INFO - Filling up the DagBag from /opt/airflow/dags/dag_extract.py
[2024-10-20T21:49:14.910+0000] {processor.py:925} INFO - DAG(s) 'extract_crypto_data' retrieved from /opt/airflow/dags/dag_extract.py
[2024-10-20T21:49:14.942+0000] {logging_mixin.py:190} INFO - [2024-10-20T21:49:14.942+0000] {dag.py:3239} INFO - Sync 1 DAGs
[2024-10-20T21:49:14.960+0000] {logging_mixin.py:190} INFO - [2024-10-20T21:49:14.960+0000] {dag.py:4180} INFO - Setting next_dagrun for extract_crypto_data to 2024-10-20 00:00:00+00:00, run_after=2024-10-21 00:00:00+00:00
[2024-10-20T21:49:14.978+0000] {processor.py:208} INFO - Processing /opt/airflow/dags/dag_extract.py took 0.624 seconds
[2024-10-20T21:49:45.497+0000] {processor.py:186} INFO - Started process (PID=253) to work on /opt/airflow/dags/dag_extract.py
[2024-10-20T21:49:45.499+0000] {processor.py:914} INFO - Processing file /opt/airflow/dags/dag_extract.py for tasks to queue
[2024-10-20T21:49:45.505+0000] {logging_mixin.py:190} INFO - [2024-10-20T21:49:45.504+0000] {dagbag.py:588} INFO - Filling up the DagBag from /opt/airflow/dags/dag_extract.py
[2024-10-20T21:49:45.967+0000] {processor.py:925} INFO - DAG(s) 'extract_crypto_data' retrieved from /opt/airflow/dags/dag_extract.py
[2024-10-20T21:49:45.982+0000] {logging_mixin.py:190} INFO - [2024-10-20T21:49:45.982+0000] {dag.py:3239} INFO - Sync 1 DAGs
[2024-10-20T21:49:45.993+0000] {logging_mixin.py:190} INFO - [2024-10-20T21:49:45.993+0000] {dag.py:4180} INFO - Setting next_dagrun for extract_crypto_data to 2024-10-20 00:00:00+00:00, run_after=2024-10-21 00:00:00+00:00
[2024-10-20T21:49:46.001+0000] {processor.py:208} INFO - Processing /opt/airflow/dags/dag_extract.py took 0.518 seconds
[2024-10-20T21:50:16.499+0000] {processor.py:186} INFO - Started process (PID=263) to work on /opt/airflow/dags/dag_extract.py
[2024-10-20T21:50:16.503+0000] {processor.py:914} INFO - Processing file /opt/airflow/dags/dag_extract.py for tasks to queue
[2024-10-20T21:50:16.520+0000] {logging_mixin.py:190} INFO - [2024-10-20T21:50:16.518+0000] {dagbag.py:588} INFO - Filling up the DagBag from /opt/airflow/dags/dag_extract.py
[2024-10-20T21:50:16.957+0000] {processor.py:925} INFO - DAG(s) 'extract_crypto_data' retrieved from /opt/airflow/dags/dag_extract.py
[2024-10-20T21:50:16.971+0000] {logging_mixin.py:190} INFO - [2024-10-20T21:50:16.971+0000] {dag.py:3239} INFO - Sync 1 DAGs
[2024-10-20T21:50:16.982+0000] {logging_mixin.py:190} INFO - [2024-10-20T21:50:16.982+0000] {dag.py:4180} INFO - Setting next_dagrun for extract_crypto_data to 2024-10-20 00:00:00+00:00, run_after=2024-10-21 00:00:00+00:00
[2024-10-20T21:50:16.989+0000] {processor.py:208} INFO - Processing /opt/airflow/dags/dag_extract.py took 0.516 seconds
[2024-10-20T21:50:47.493+0000] {processor.py:186} INFO - Started process (PID=273) to work on /opt/airflow/dags/dag_extract.py
[2024-10-20T21:50:47.495+0000] {processor.py:914} INFO - Processing file /opt/airflow/dags/dag_extract.py for tasks to queue
[2024-10-20T21:50:47.500+0000] {logging_mixin.py:190} INFO - [2024-10-20T21:50:47.500+0000] {dagbag.py:588} INFO - Filling up the DagBag from /opt/airflow/dags/dag_extract.py
[2024-10-20T21:50:47.913+0000] {processor.py:925} INFO - DAG(s) 'extract_crypto_data' retrieved from /opt/airflow/dags/dag_extract.py
[2024-10-20T21:50:47.924+0000] {logging_mixin.py:190} INFO - [2024-10-20T21:50:47.924+0000] {dag.py:3239} INFO - Sync 1 DAGs
[2024-10-20T21:50:47.935+0000] {logging_mixin.py:190} INFO - [2024-10-20T21:50:47.935+0000] {dag.py:4180} INFO - Setting next_dagrun for extract_crypto_data to 2024-10-20 00:00:00+00:00, run_after=2024-10-21 00:00:00+00:00
[2024-10-20T21:50:47.942+0000] {processor.py:208} INFO - Processing /opt/airflow/dags/dag_extract.py took 0.476 seconds
[2024-10-20T21:51:18.369+0000] {processor.py:186} INFO - Started process (PID=283) to work on /opt/airflow/dags/dag_extract.py
[2024-10-20T21:51:18.374+0000] {processor.py:914} INFO - Processing file /opt/airflow/dags/dag_extract.py for tasks to queue
[2024-10-20T21:51:18.390+0000] {logging_mixin.py:190} INFO - [2024-10-20T21:51:18.386+0000] {dagbag.py:588} INFO - Filling up the DagBag from /opt/airflow/dags/dag_extract.py
[2024-10-20T21:51:18.821+0000] {processor.py:925} INFO - DAG(s) 'extract_crypto_data' retrieved from /opt/airflow/dags/dag_extract.py
[2024-10-20T21:51:18.838+0000] {logging_mixin.py:190} INFO - [2024-10-20T21:51:18.838+0000] {dag.py:3239} INFO - Sync 1 DAGs
[2024-10-20T21:51:18.849+0000] {logging_mixin.py:190} INFO - [2024-10-20T21:51:18.849+0000] {dag.py:4180} INFO - Setting next_dagrun for extract_crypto_data to 2024-10-20 00:00:00+00:00, run_after=2024-10-21 00:00:00+00:00
[2024-10-20T21:51:18.857+0000] {processor.py:208} INFO - Processing /opt/airflow/dags/dag_extract.py took 0.506 seconds
[2024-10-20T21:51:49.381+0000] {processor.py:186} INFO - Started process (PID=293) to work on /opt/airflow/dags/dag_extract.py
[2024-10-20T21:51:49.383+0000] {processor.py:914} INFO - Processing file /opt/airflow/dags/dag_extract.py for tasks to queue
[2024-10-20T21:51:49.389+0000] {logging_mixin.py:190} INFO - [2024-10-20T21:51:49.388+0000] {dagbag.py:588} INFO - Filling up the DagBag from /opt/airflow/dags/dag_extract.py
[2024-10-20T21:51:49.848+0000] {processor.py:925} INFO - DAG(s) 'extract_crypto_data' retrieved from /opt/airflow/dags/dag_extract.py
[2024-10-20T21:51:49.862+0000] {logging_mixin.py:190} INFO - [2024-10-20T21:51:49.862+0000] {dag.py:3239} INFO - Sync 1 DAGs
[2024-10-20T21:51:49.874+0000] {logging_mixin.py:190} INFO - [2024-10-20T21:51:49.874+0000] {dag.py:4180} INFO - Setting next_dagrun for extract_crypto_data to 2024-10-20 00:00:00+00:00, run_after=2024-10-21 00:00:00+00:00
[2024-10-20T21:51:49.881+0000] {processor.py:208} INFO - Processing /opt/airflow/dags/dag_extract.py took 0.535 seconds
[2024-10-20T21:52:20.351+0000] {processor.py:186} INFO - Started process (PID=303) to work on /opt/airflow/dags/dag_extract.py
[2024-10-20T21:52:20.357+0000] {processor.py:914} INFO - Processing file /opt/airflow/dags/dag_extract.py for tasks to queue
[2024-10-20T21:52:20.371+0000] {logging_mixin.py:190} INFO - [2024-10-20T21:52:20.371+0000] {dagbag.py:588} INFO - Filling up the DagBag from /opt/airflow/dags/dag_extract.py
[2024-10-20T21:52:20.840+0000] {processor.py:925} INFO - DAG(s) 'extract_crypto_data' retrieved from /opt/airflow/dags/dag_extract.py
[2024-10-20T21:52:20.855+0000] {logging_mixin.py:190} INFO - [2024-10-20T21:52:20.855+0000] {dag.py:3239} INFO - Sync 1 DAGs
[2024-10-20T21:52:20.873+0000] {logging_mixin.py:190} INFO - [2024-10-20T21:52:20.872+0000] {dag.py:4180} INFO - Setting next_dagrun for extract_crypto_data to 2024-10-20 00:00:00+00:00, run_after=2024-10-21 00:00:00+00:00
[2024-10-20T21:52:20.891+0000] {processor.py:208} INFO - Processing /opt/airflow/dags/dag_extract.py took 0.570 seconds
[2024-10-20T21:52:51.414+0000] {processor.py:186} INFO - Started process (PID=312) to work on /opt/airflow/dags/dag_extract.py
[2024-10-20T21:52:51.417+0000] {processor.py:914} INFO - Processing file /opt/airflow/dags/dag_extract.py for tasks to queue
[2024-10-20T21:52:51.423+0000] {logging_mixin.py:190} INFO - [2024-10-20T21:52:51.423+0000] {dagbag.py:588} INFO - Filling up the DagBag from /opt/airflow/dags/dag_extract.py
[2024-10-20T21:52:51.875+0000] {processor.py:925} INFO - DAG(s) 'extract_crypto_data' retrieved from /opt/airflow/dags/dag_extract.py
[2024-10-20T21:52:51.890+0000] {logging_mixin.py:190} INFO - [2024-10-20T21:52:51.890+0000] {dag.py:3239} INFO - Sync 1 DAGs
[2024-10-20T21:52:51.902+0000] {logging_mixin.py:190} INFO - [2024-10-20T21:52:51.902+0000] {dag.py:4180} INFO - Setting next_dagrun for extract_crypto_data to 2024-10-20 00:00:00+00:00, run_after=2024-10-21 00:00:00+00:00
[2024-10-20T21:52:51.909+0000] {processor.py:208} INFO - Processing /opt/airflow/dags/dag_extract.py took 0.509 seconds
[2024-10-20T21:53:22.352+0000] {processor.py:186} INFO - Started process (PID=322) to work on /opt/airflow/dags/dag_extract.py
[2024-10-20T21:53:22.356+0000] {processor.py:914} INFO - Processing file /opt/airflow/dags/dag_extract.py for tasks to queue
[2024-10-20T21:53:22.363+0000] {logging_mixin.py:190} INFO - [2024-10-20T21:53:22.363+0000] {dagbag.py:588} INFO - Filling up the DagBag from /opt/airflow/dags/dag_extract.py
[2024-10-20T21:53:22.847+0000] {processor.py:925} INFO - DAG(s) 'extract_crypto_data' retrieved from /opt/airflow/dags/dag_extract.py
[2024-10-20T21:53:22.867+0000] {logging_mixin.py:190} INFO - [2024-10-20T21:53:22.867+0000] {dag.py:3239} INFO - Sync 1 DAGs
[2024-10-20T21:53:22.878+0000] {logging_mixin.py:190} INFO - [2024-10-20T21:53:22.878+0000] {dag.py:4180} INFO - Setting next_dagrun for extract_crypto_data to 2024-10-20 00:00:00+00:00, run_after=2024-10-21 00:00:00+00:00
[2024-10-20T21:53:22.886+0000] {processor.py:208} INFO - Processing /opt/airflow/dags/dag_extract.py took 0.557 seconds
[2024-10-20T21:53:53.341+0000] {processor.py:186} INFO - Started process (PID=332) to work on /opt/airflow/dags/dag_extract.py
[2024-10-20T21:53:53.347+0000] {processor.py:914} INFO - Processing file /opt/airflow/dags/dag_extract.py for tasks to queue
[2024-10-20T21:53:53.360+0000] {logging_mixin.py:190} INFO - [2024-10-20T21:53:53.358+0000] {dagbag.py:588} INFO - Filling up the DagBag from /opt/airflow/dags/dag_extract.py
[2024-10-20T21:53:53.823+0000] {processor.py:925} INFO - DAG(s) 'extract_crypto_data' retrieved from /opt/airflow/dags/dag_extract.py
[2024-10-20T21:53:53.838+0000] {logging_mixin.py:190} INFO - [2024-10-20T21:53:53.838+0000] {dag.py:3239} INFO - Sync 1 DAGs
[2024-10-20T21:53:53.850+0000] {logging_mixin.py:190} INFO - [2024-10-20T21:53:53.850+0000] {dag.py:4180} INFO - Setting next_dagrun for extract_crypto_data to 2024-10-20 00:00:00+00:00, run_after=2024-10-21 00:00:00+00:00
[2024-10-20T21:53:53.859+0000] {processor.py:208} INFO - Processing /opt/airflow/dags/dag_extract.py took 0.540 seconds
[2024-10-20T21:54:24.341+0000] {processor.py:186} INFO - Started process (PID=342) to work on /opt/airflow/dags/dag_extract.py
[2024-10-20T21:54:24.344+0000] {processor.py:914} INFO - Processing file /opt/airflow/dags/dag_extract.py for tasks to queue
[2024-10-20T21:54:24.349+0000] {logging_mixin.py:190} INFO - [2024-10-20T21:54:24.349+0000] {dagbag.py:588} INFO - Filling up the DagBag from /opt/airflow/dags/dag_extract.py
[2024-10-20T21:54:24.804+0000] {processor.py:925} INFO - DAG(s) 'extract_crypto_data' retrieved from /opt/airflow/dags/dag_extract.py
[2024-10-20T21:54:24.819+0000] {logging_mixin.py:190} INFO - [2024-10-20T21:54:24.818+0000] {dag.py:3239} INFO - Sync 1 DAGs
[2024-10-20T21:54:24.832+0000] {logging_mixin.py:190} INFO - [2024-10-20T21:54:24.832+0000] {dag.py:4180} INFO - Setting next_dagrun for extract_crypto_data to 2024-10-20 00:00:00+00:00, run_after=2024-10-21 00:00:00+00:00
[2024-10-20T21:54:24.841+0000] {processor.py:208} INFO - Processing /opt/airflow/dags/dag_extract.py took 0.509 seconds
[2024-10-20T21:54:55.435+0000] {processor.py:186} INFO - Started process (PID=352) to work on /opt/airflow/dags/dag_extract.py
[2024-10-20T21:54:55.437+0000] {processor.py:914} INFO - Processing file /opt/airflow/dags/dag_extract.py for tasks to queue
[2024-10-20T21:54:55.442+0000] {logging_mixin.py:190} INFO - [2024-10-20T21:54:55.441+0000] {dagbag.py:588} INFO - Filling up the DagBag from /opt/airflow/dags/dag_extract.py
[2024-10-20T21:54:55.918+0000] {processor.py:925} INFO - DAG(s) 'extract_crypto_data' retrieved from /opt/airflow/dags/dag_extract.py
[2024-10-20T21:54:55.949+0000] {logging_mixin.py:190} INFO - [2024-10-20T21:54:55.949+0000] {dag.py:3239} INFO - Sync 1 DAGs
[2024-10-20T21:54:55.963+0000] {logging_mixin.py:190} INFO - [2024-10-20T21:54:55.963+0000] {dag.py:4180} INFO - Setting next_dagrun for extract_crypto_data to 2024-10-20 00:00:00+00:00, run_after=2024-10-21 00:00:00+00:00
[2024-10-20T21:54:55.971+0000] {processor.py:208} INFO - Processing /opt/airflow/dags/dag_extract.py took 0.556 seconds
[2024-10-20T21:55:26.118+0000] {processor.py:186} INFO - Started process (PID=361) to work on /opt/airflow/dags/dag_extract.py
[2024-10-20T21:55:26.121+0000] {processor.py:914} INFO - Processing file /opt/airflow/dags/dag_extract.py for tasks to queue
[2024-10-20T21:55:26.127+0000] {logging_mixin.py:190} INFO - [2024-10-20T21:55:26.126+0000] {dagbag.py:588} INFO - Filling up the DagBag from /opt/airflow/dags/dag_extract.py
[2024-10-20T21:55:26.552+0000] {processor.py:925} INFO - DAG(s) 'extract_crypto_data' retrieved from /opt/airflow/dags/dag_extract.py
[2024-10-20T21:55:26.575+0000] {logging_mixin.py:190} INFO - [2024-10-20T21:55:26.574+0000] {dag.py:3239} INFO - Sync 1 DAGs
[2024-10-20T21:55:26.587+0000] {logging_mixin.py:190} INFO - [2024-10-20T21:55:26.587+0000] {dag.py:4180} INFO - Setting next_dagrun for extract_crypto_data to 2024-10-20 00:00:00+00:00, run_after=2024-10-21 00:00:00+00:00
[2024-10-20T21:55:26.595+0000] {processor.py:208} INFO - Processing /opt/airflow/dags/dag_extract.py took 0.490 seconds
[2024-10-20T21:55:56.962+0000] {processor.py:186} INFO - Started process (PID=370) to work on /opt/airflow/dags/dag_extract.py
[2024-10-20T21:55:56.964+0000] {processor.py:914} INFO - Processing file /opt/airflow/dags/dag_extract.py for tasks to queue
[2024-10-20T21:55:56.969+0000] {logging_mixin.py:190} INFO - [2024-10-20T21:55:56.968+0000] {dagbag.py:588} INFO - Filling up the DagBag from /opt/airflow/dags/dag_extract.py
[2024-10-20T21:55:57.435+0000] {processor.py:925} INFO - DAG(s) 'extract_crypto_data' retrieved from /opt/airflow/dags/dag_extract.py
[2024-10-20T21:55:57.448+0000] {logging_mixin.py:190} INFO - [2024-10-20T21:55:57.448+0000] {dag.py:3239} INFO - Sync 1 DAGs
[2024-10-20T21:55:57.459+0000] {logging_mixin.py:190} INFO - [2024-10-20T21:55:57.458+0000] {dag.py:4180} INFO - Setting next_dagrun for extract_crypto_data to 2024-10-20 00:00:00+00:00, run_after=2024-10-21 00:00:00+00:00
[2024-10-20T21:55:57.466+0000] {processor.py:208} INFO - Processing /opt/airflow/dags/dag_extract.py took 0.515 seconds
[2024-10-20T21:56:27.928+0000] {processor.py:186} INFO - Started process (PID=380) to work on /opt/airflow/dags/dag_extract.py
[2024-10-20T21:56:27.931+0000] {processor.py:914} INFO - Processing file /opt/airflow/dags/dag_extract.py for tasks to queue
[2024-10-20T21:56:27.937+0000] {logging_mixin.py:190} INFO - [2024-10-20T21:56:27.937+0000] {dagbag.py:588} INFO - Filling up the DagBag from /opt/airflow/dags/dag_extract.py
[2024-10-20T21:56:28.355+0000] {processor.py:925} INFO - DAG(s) 'extract_crypto_data' retrieved from /opt/airflow/dags/dag_extract.py
[2024-10-20T21:56:28.384+0000] {logging_mixin.py:190} INFO - [2024-10-20T21:56:28.383+0000] {dag.py:3239} INFO - Sync 1 DAGs
[2024-10-20T21:56:28.398+0000] {logging_mixin.py:190} INFO - [2024-10-20T21:56:28.398+0000] {dag.py:4180} INFO - Setting next_dagrun for extract_crypto_data to 2024-10-20 00:00:00+00:00, run_after=2024-10-21 00:00:00+00:00
[2024-10-20T21:56:28.405+0000] {processor.py:208} INFO - Processing /opt/airflow/dags/dag_extract.py took 0.492 seconds
[2024-10-20T21:56:58.692+0000] {processor.py:186} INFO - Started process (PID=390) to work on /opt/airflow/dags/dag_extract.py
[2024-10-20T21:56:58.697+0000] {processor.py:914} INFO - Processing file /opt/airflow/dags/dag_extract.py for tasks to queue
[2024-10-20T21:56:58.706+0000] {logging_mixin.py:190} INFO - [2024-10-20T21:56:58.705+0000] {dagbag.py:588} INFO - Filling up the DagBag from /opt/airflow/dags/dag_extract.py
[2024-10-20T21:56:59.123+0000] {processor.py:925} INFO - DAG(s) 'extract_crypto_data' retrieved from /opt/airflow/dags/dag_extract.py
[2024-10-20T21:56:59.138+0000] {logging_mixin.py:190} INFO - [2024-10-20T21:56:59.138+0000] {dag.py:3239} INFO - Sync 1 DAGs
[2024-10-20T21:56:59.151+0000] {logging_mixin.py:190} INFO - [2024-10-20T21:56:59.151+0000] {dag.py:4180} INFO - Setting next_dagrun for extract_crypto_data to 2024-10-20 00:00:00+00:00, run_after=2024-10-21 00:00:00+00:00
[2024-10-20T21:56:59.159+0000] {processor.py:208} INFO - Processing /opt/airflow/dags/dag_extract.py took 0.493 seconds
[2024-10-20T21:57:29.301+0000] {processor.py:186} INFO - Started process (PID=400) to work on /opt/airflow/dags/dag_extract.py
[2024-10-20T21:57:29.304+0000] {processor.py:914} INFO - Processing file /opt/airflow/dags/dag_extract.py for tasks to queue
[2024-10-20T21:57:29.309+0000] {logging_mixin.py:190} INFO - [2024-10-20T21:57:29.308+0000] {dagbag.py:588} INFO - Filling up the DagBag from /opt/airflow/dags/dag_extract.py
[2024-10-20T21:57:29.733+0000] {processor.py:925} INFO - DAG(s) 'extract_crypto_data' retrieved from /opt/airflow/dags/dag_extract.py
[2024-10-20T21:57:29.746+0000] {logging_mixin.py:190} INFO - [2024-10-20T21:57:29.745+0000] {dag.py:3239} INFO - Sync 1 DAGs
[2024-10-20T21:57:29.757+0000] {logging_mixin.py:190} INFO - [2024-10-20T21:57:29.757+0000] {dag.py:4180} INFO - Setting next_dagrun for extract_crypto_data to 2024-10-20 00:00:00+00:00, run_after=2024-10-21 00:00:00+00:00
[2024-10-20T21:57:29.764+0000] {processor.py:208} INFO - Processing /opt/airflow/dags/dag_extract.py took 0.477 seconds
[2024-10-20T21:58:40.374+0000] {processor.py:186} INFO - Started process (PID=32) to work on /opt/airflow/dags/dag_extract.py
[2024-10-20T21:58:40.379+0000] {processor.py:914} INFO - Processing file /opt/airflow/dags/dag_extract.py for tasks to queue
[2024-10-20T21:58:40.398+0000] {logging_mixin.py:190} INFO - [2024-10-20T21:58:40.397+0000] {dagbag.py:588} INFO - Filling up the DagBag from /opt/airflow/dags/dag_extract.py
[2024-10-20T21:58:41.734+0000] {processor.py:925} INFO - DAG(s) 'extract_crypto_data' retrieved from /opt/airflow/dags/dag_extract.py
[2024-10-20T21:58:41.798+0000] {logging_mixin.py:190} INFO - [2024-10-20T21:58:41.797+0000] {dag.py:3239} INFO - Sync 1 DAGs
[2024-10-20T21:58:41.821+0000] {logging_mixin.py:190} INFO - [2024-10-20T21:58:41.821+0000] {dag.py:4180} INFO - Setting next_dagrun for extract_crypto_data to 2024-10-20 00:00:00+00:00, run_after=2024-10-21 00:00:00+00:00
[2024-10-20T21:58:41.861+0000] {processor.py:208} INFO - Processing /opt/airflow/dags/dag_extract.py took 1.526 seconds
[2024-10-20T21:59:12.058+0000] {processor.py:186} INFO - Started process (PID=42) to work on /opt/airflow/dags/dag_extract.py
[2024-10-20T21:59:12.059+0000] {processor.py:914} INFO - Processing file /opt/airflow/dags/dag_extract.py for tasks to queue
[2024-10-20T21:59:12.093+0000] {logging_mixin.py:190} INFO - [2024-10-20T21:59:12.091+0000] {dagbag.py:588} INFO - Filling up the DagBag from /opt/airflow/dags/dag_extract.py
[2024-10-20T21:59:13.273+0000] {processor.py:925} INFO - DAG(s) 'extract_crypto_data' retrieved from /opt/airflow/dags/dag_extract.py
[2024-10-20T21:59:13.294+0000] {logging_mixin.py:190} INFO - [2024-10-20T21:59:13.294+0000] {dag.py:3239} INFO - Sync 1 DAGs
[2024-10-20T21:59:13.313+0000] {logging_mixin.py:190} INFO - [2024-10-20T21:59:13.313+0000] {dag.py:4180} INFO - Setting next_dagrun for extract_crypto_data to 2024-10-20 00:00:00+00:00, run_after=2024-10-21 00:00:00+00:00
[2024-10-20T21:59:13.324+0000] {processor.py:208} INFO - Processing /opt/airflow/dags/dag_extract.py took 1.288 seconds
[2024-10-20T21:59:43.727+0000] {processor.py:186} INFO - Started process (PID=52) to work on /opt/airflow/dags/dag_extract.py
[2024-10-20T21:59:43.731+0000] {processor.py:914} INFO - Processing file /opt/airflow/dags/dag_extract.py for tasks to queue
[2024-10-20T21:59:43.748+0000] {logging_mixin.py:190} INFO - [2024-10-20T21:59:43.748+0000] {dagbag.py:588} INFO - Filling up the DagBag from /opt/airflow/dags/dag_extract.py
[2024-10-20T21:59:44.584+0000] {processor.py:925} INFO - DAG(s) 'extract_crypto_data' retrieved from /opt/airflow/dags/dag_extract.py
[2024-10-20T21:59:44.625+0000] {logging_mixin.py:190} INFO - [2024-10-20T21:59:44.625+0000] {dag.py:3239} INFO - Sync 1 DAGs
[2024-10-20T21:59:44.667+0000] {logging_mixin.py:190} INFO - [2024-10-20T21:59:44.666+0000] {dag.py:4180} INFO - Setting next_dagrun for extract_crypto_data to 2024-10-20 00:00:00+00:00, run_after=2024-10-21 00:00:00+00:00
[2024-10-20T21:59:44.699+0000] {processor.py:208} INFO - Processing /opt/airflow/dags/dag_extract.py took 0.980 seconds
[2024-10-20T22:00:15.278+0000] {processor.py:186} INFO - Started process (PID=62) to work on /opt/airflow/dags/dag_extract.py
[2024-10-20T22:00:15.279+0000] {processor.py:914} INFO - Processing file /opt/airflow/dags/dag_extract.py for tasks to queue
[2024-10-20T22:00:15.283+0000] {logging_mixin.py:190} INFO - [2024-10-20T22:00:15.282+0000] {dagbag.py:588} INFO - Filling up the DagBag from /opt/airflow/dags/dag_extract.py
[2024-10-20T22:00:15.712+0000] {processor.py:925} INFO - DAG(s) 'extract_crypto_data' retrieved from /opt/airflow/dags/dag_extract.py
[2024-10-20T22:00:15.731+0000] {logging_mixin.py:190} INFO - [2024-10-20T22:00:15.731+0000] {dag.py:3239} INFO - Sync 1 DAGs
[2024-10-20T22:00:15.752+0000] {logging_mixin.py:190} INFO - [2024-10-20T22:00:15.752+0000] {dag.py:4180} INFO - Setting next_dagrun for extract_crypto_data to 2024-10-20 00:00:00+00:00, run_after=2024-10-21 00:00:00+00:00
[2024-10-20T22:00:15.766+0000] {processor.py:208} INFO - Processing /opt/airflow/dags/dag_extract.py took 0.495 seconds
[2024-10-20T22:00:46.294+0000] {processor.py:186} INFO - Started process (PID=72) to work on /opt/airflow/dags/dag_extract.py
[2024-10-20T22:00:46.296+0000] {processor.py:914} INFO - Processing file /opt/airflow/dags/dag_extract.py for tasks to queue
[2024-10-20T22:00:46.313+0000] {logging_mixin.py:190} INFO - [2024-10-20T22:00:46.310+0000] {dagbag.py:588} INFO - Filling up the DagBag from /opt/airflow/dags/dag_extract.py
[2024-10-20T22:00:47.106+0000] {processor.py:925} INFO - DAG(s) 'extract_crypto_data' retrieved from /opt/airflow/dags/dag_extract.py
[2024-10-20T22:00:47.141+0000] {logging_mixin.py:190} INFO - [2024-10-20T22:00:47.140+0000] {dag.py:3239} INFO - Sync 1 DAGs
[2024-10-20T22:00:47.189+0000] {logging_mixin.py:190} INFO - [2024-10-20T22:00:47.189+0000] {dag.py:4180} INFO - Setting next_dagrun for extract_crypto_data to 2024-10-20 00:00:00+00:00, run_after=2024-10-21 00:00:00+00:00
[2024-10-20T22:00:47.202+0000] {processor.py:208} INFO - Processing /opt/airflow/dags/dag_extract.py took 0.914 seconds
[2024-10-20T22:01:17.867+0000] {processor.py:186} INFO - Started process (PID=82) to work on /opt/airflow/dags/dag_extract.py
[2024-10-20T22:01:17.873+0000] {processor.py:914} INFO - Processing file /opt/airflow/dags/dag_extract.py for tasks to queue
[2024-10-20T22:01:17.878+0000] {logging_mixin.py:190} INFO - [2024-10-20T22:01:17.878+0000] {dagbag.py:588} INFO - Filling up the DagBag from /opt/airflow/dags/dag_extract.py
[2024-10-20T22:01:18.635+0000] {processor.py:925} INFO - DAG(s) 'extract_crypto_data' retrieved from /opt/airflow/dags/dag_extract.py
[2024-10-20T22:01:18.660+0000] {logging_mixin.py:190} INFO - [2024-10-20T22:01:18.660+0000] {dag.py:3239} INFO - Sync 1 DAGs
[2024-10-20T22:01:18.672+0000] {logging_mixin.py:190} INFO - [2024-10-20T22:01:18.672+0000] {dag.py:4180} INFO - Setting next_dagrun for extract_crypto_data to 2024-10-20 00:00:00+00:00, run_after=2024-10-21 00:00:00+00:00
[2024-10-20T22:01:18.680+0000] {processor.py:208} INFO - Processing /opt/airflow/dags/dag_extract.py took 0.828 seconds
[2024-10-20T22:01:49.135+0000] {processor.py:186} INFO - Started process (PID=92) to work on /opt/airflow/dags/dag_extract.py
[2024-10-20T22:01:49.137+0000] {processor.py:914} INFO - Processing file /opt/airflow/dags/dag_extract.py for tasks to queue
[2024-10-20T22:01:49.147+0000] {logging_mixin.py:190} INFO - [2024-10-20T22:01:49.146+0000] {dagbag.py:588} INFO - Filling up the DagBag from /opt/airflow/dags/dag_extract.py
[2024-10-20T22:01:49.663+0000] {processor.py:925} INFO - DAG(s) 'extract_crypto_data' retrieved from /opt/airflow/dags/dag_extract.py
[2024-10-20T22:01:49.690+0000] {logging_mixin.py:190} INFO - [2024-10-20T22:01:49.689+0000] {dag.py:3239} INFO - Sync 1 DAGs
[2024-10-20T22:01:49.703+0000] {logging_mixin.py:190} INFO - [2024-10-20T22:01:49.703+0000] {dag.py:4180} INFO - Setting next_dagrun for extract_crypto_data to 2024-10-20 00:00:00+00:00, run_after=2024-10-21 00:00:00+00:00
[2024-10-20T22:01:49.717+0000] {processor.py:208} INFO - Processing /opt/airflow/dags/dag_extract.py took 0.588 seconds
[2024-10-20T22:02:20.249+0000] {processor.py:186} INFO - Started process (PID=102) to work on /opt/airflow/dags/dag_extract.py
[2024-10-20T22:02:20.250+0000] {processor.py:914} INFO - Processing file /opt/airflow/dags/dag_extract.py for tasks to queue
[2024-10-20T22:02:20.253+0000] {logging_mixin.py:190} INFO - [2024-10-20T22:02:20.252+0000] {dagbag.py:588} INFO - Filling up the DagBag from /opt/airflow/dags/dag_extract.py
[2024-10-20T22:02:20.726+0000] {processor.py:925} INFO - DAG(s) 'extract_crypto_data' retrieved from /opt/airflow/dags/dag_extract.py
[2024-10-20T22:02:20.748+0000] {logging_mixin.py:190} INFO - [2024-10-20T22:02:20.748+0000] {dag.py:3239} INFO - Sync 1 DAGs
[2024-10-20T22:02:20.760+0000] {logging_mixin.py:190} INFO - [2024-10-20T22:02:20.760+0000] {dag.py:4180} INFO - Setting next_dagrun for extract_crypto_data to 2024-10-20 00:00:00+00:00, run_after=2024-10-21 00:00:00+00:00
[2024-10-20T22:02:20.768+0000] {processor.py:208} INFO - Processing /opt/airflow/dags/dag_extract.py took 0.524 seconds
[2024-10-20T22:02:51.333+0000] {processor.py:186} INFO - Started process (PID=112) to work on /opt/airflow/dags/dag_extract.py
[2024-10-20T22:02:51.338+0000] {processor.py:914} INFO - Processing file /opt/airflow/dags/dag_extract.py for tasks to queue
[2024-10-20T22:02:51.345+0000] {logging_mixin.py:190} INFO - [2024-10-20T22:02:51.345+0000] {dagbag.py:588} INFO - Filling up the DagBag from /opt/airflow/dags/dag_extract.py
[2024-10-20T22:02:52.643+0000] {processor.py:925} INFO - DAG(s) 'extract_crypto_data' retrieved from /opt/airflow/dags/dag_extract.py
[2024-10-20T22:02:52.706+0000] {logging_mixin.py:190} INFO - [2024-10-20T22:02:52.705+0000] {dag.py:3239} INFO - Sync 1 DAGs
[2024-10-20T22:02:52.740+0000] {logging_mixin.py:190} INFO - [2024-10-20T22:02:52.740+0000] {dag.py:4180} INFO - Setting next_dagrun for extract_crypto_data to 2024-10-20 00:00:00+00:00, run_after=2024-10-21 00:00:00+00:00
[2024-10-20T22:02:52.757+0000] {processor.py:208} INFO - Processing /opt/airflow/dags/dag_extract.py took 1.435 seconds
[2024-10-20T22:03:22.991+0000] {processor.py:186} INFO - Started process (PID=122) to work on /opt/airflow/dags/dag_extract.py
[2024-10-20T22:03:22.998+0000] {processor.py:914} INFO - Processing file /opt/airflow/dags/dag_extract.py for tasks to queue
[2024-10-20T22:03:23.008+0000] {logging_mixin.py:190} INFO - [2024-10-20T22:03:23.008+0000] {dagbag.py:588} INFO - Filling up the DagBag from /opt/airflow/dags/dag_extract.py
[2024-10-20T22:03:23.507+0000] {processor.py:925} INFO - DAG(s) 'extract_crypto_data' retrieved from /opt/airflow/dags/dag_extract.py
[2024-10-20T22:03:23.536+0000] {logging_mixin.py:190} INFO - [2024-10-20T22:03:23.536+0000] {dag.py:3239} INFO - Sync 1 DAGs
[2024-10-20T22:03:23.549+0000] {logging_mixin.py:190} INFO - [2024-10-20T22:03:23.549+0000] {dag.py:4180} INFO - Setting next_dagrun for extract_crypto_data to 2024-10-20 00:00:00+00:00, run_after=2024-10-21 00:00:00+00:00
[2024-10-20T22:03:23.557+0000] {processor.py:208} INFO - Processing /opt/airflow/dags/dag_extract.py took 0.572 seconds
[2024-10-20T22:03:54.048+0000] {processor.py:186} INFO - Started process (PID=132) to work on /opt/airflow/dags/dag_extract.py
[2024-10-20T22:03:54.049+0000] {processor.py:914} INFO - Processing file /opt/airflow/dags/dag_extract.py for tasks to queue
[2024-10-20T22:03:54.052+0000] {logging_mixin.py:190} INFO - [2024-10-20T22:03:54.051+0000] {dagbag.py:588} INFO - Filling up the DagBag from /opt/airflow/dags/dag_extract.py
[2024-10-20T22:03:54.471+0000] {processor.py:925} INFO - DAG(s) 'extract_crypto_data' retrieved from /opt/airflow/dags/dag_extract.py
[2024-10-20T22:03:54.497+0000] {logging_mixin.py:190} INFO - [2024-10-20T22:03:54.497+0000] {dag.py:3239} INFO - Sync 1 DAGs
[2024-10-20T22:03:54.510+0000] {logging_mixin.py:190} INFO - [2024-10-20T22:03:54.510+0000] {dag.py:4180} INFO - Setting next_dagrun for extract_crypto_data to 2024-10-20 00:00:00+00:00, run_after=2024-10-21 00:00:00+00:00
[2024-10-20T22:03:54.524+0000] {processor.py:208} INFO - Processing /opt/airflow/dags/dag_extract.py took 0.482 seconds
[2024-10-20T22:04:24.983+0000] {processor.py:186} INFO - Started process (PID=142) to work on /opt/airflow/dags/dag_extract.py
[2024-10-20T22:04:24.985+0000] {processor.py:914} INFO - Processing file /opt/airflow/dags/dag_extract.py for tasks to queue
[2024-10-20T22:04:24.989+0000] {logging_mixin.py:190} INFO - [2024-10-20T22:04:24.989+0000] {dagbag.py:588} INFO - Filling up the DagBag from /opt/airflow/dags/dag_extract.py
[2024-10-20T22:04:25.498+0000] {processor.py:925} INFO - DAG(s) 'extract_crypto_data' retrieved from /opt/airflow/dags/dag_extract.py
[2024-10-20T22:04:25.513+0000] {logging_mixin.py:190} INFO - [2024-10-20T22:04:25.512+0000] {dag.py:3239} INFO - Sync 1 DAGs
[2024-10-20T22:04:25.523+0000] {logging_mixin.py:190} INFO - [2024-10-20T22:04:25.523+0000] {dag.py:4180} INFO - Setting next_dagrun for extract_crypto_data to 2024-10-20 00:00:00+00:00, run_after=2024-10-21 00:00:00+00:00
[2024-10-20T22:04:25.536+0000] {processor.py:208} INFO - Processing /opt/airflow/dags/dag_extract.py took 0.560 seconds
[2024-10-20T22:04:55.938+0000] {processor.py:186} INFO - Started process (PID=158) to work on /opt/airflow/dags/dag_extract.py
[2024-10-20T22:04:55.940+0000] {processor.py:914} INFO - Processing file /opt/airflow/dags/dag_extract.py for tasks to queue
[2024-10-20T22:04:55.944+0000] {logging_mixin.py:190} INFO - [2024-10-20T22:04:55.943+0000] {dagbag.py:588} INFO - Filling up the DagBag from /opt/airflow/dags/dag_extract.py
[2024-10-20T22:04:56.488+0000] {processor.py:925} INFO - DAG(s) 'extract_crypto_data' retrieved from /opt/airflow/dags/dag_extract.py
[2024-10-20T22:04:56.527+0000] {logging_mixin.py:190} INFO - [2024-10-20T22:04:56.527+0000] {dag.py:3239} INFO - Sync 1 DAGs
[2024-10-20T22:04:56.542+0000] {logging_mixin.py:190} INFO - [2024-10-20T22:04:56.542+0000] {dag.py:4180} INFO - Setting next_dagrun for extract_crypto_data to 2024-10-20 00:00:00+00:00, run_after=2024-10-21 00:00:00+00:00
[2024-10-20T22:04:56.551+0000] {processor.py:208} INFO - Processing /opt/airflow/dags/dag_extract.py took 0.620 seconds
[2024-10-20T22:05:27.017+0000] {processor.py:186} INFO - Started process (PID=168) to work on /opt/airflow/dags/dag_extract.py
[2024-10-20T22:05:27.018+0000] {processor.py:914} INFO - Processing file /opt/airflow/dags/dag_extract.py for tasks to queue
[2024-10-20T22:05:27.021+0000] {logging_mixin.py:190} INFO - [2024-10-20T22:05:27.021+0000] {dagbag.py:588} INFO - Filling up the DagBag from /opt/airflow/dags/dag_extract.py
[2024-10-20T22:05:27.626+0000] {processor.py:925} INFO - DAG(s) 'extract_crypto_data' retrieved from /opt/airflow/dags/dag_extract.py
[2024-10-20T22:05:27.653+0000] {logging_mixin.py:190} INFO - [2024-10-20T22:05:27.653+0000] {dag.py:3239} INFO - Sync 1 DAGs
[2024-10-20T22:05:27.674+0000] {logging_mixin.py:190} INFO - [2024-10-20T22:05:27.674+0000] {dag.py:4180} INFO - Setting next_dagrun for extract_crypto_data to 2024-10-20 00:00:00+00:00, run_after=2024-10-21 00:00:00+00:00
[2024-10-20T22:05:27.697+0000] {processor.py:208} INFO - Processing /opt/airflow/dags/dag_extract.py took 0.694 seconds
[2024-10-20T22:05:57.874+0000] {processor.py:186} INFO - Started process (PID=177) to work on /opt/airflow/dags/dag_extract.py
[2024-10-20T22:05:57.876+0000] {processor.py:914} INFO - Processing file /opt/airflow/dags/dag_extract.py for tasks to queue
[2024-10-20T22:05:57.880+0000] {logging_mixin.py:190} INFO - [2024-10-20T22:05:57.879+0000] {dagbag.py:588} INFO - Filling up the DagBag from /opt/airflow/dags/dag_extract.py
[2024-10-20T22:05:58.674+0000] {processor.py:925} INFO - DAG(s) 'extract_crypto_data' retrieved from /opt/airflow/dags/dag_extract.py
[2024-10-20T22:05:58.811+0000] {logging_mixin.py:190} INFO - [2024-10-20T22:05:58.811+0000] {dag.py:3239} INFO - Sync 1 DAGs
[2024-10-20T22:05:58.891+0000] {logging_mixin.py:190} INFO - [2024-10-20T22:05:58.891+0000] {dag.py:4180} INFO - Setting next_dagrun for extract_crypto_data to 2024-10-20 00:00:00+00:00, run_after=2024-10-21 00:00:00+00:00
[2024-10-20T22:05:58.918+0000] {processor.py:208} INFO - Processing /opt/airflow/dags/dag_extract.py took 1.055 seconds
[2024-10-20T22:06:29.516+0000] {processor.py:186} INFO - Started process (PID=187) to work on /opt/airflow/dags/dag_extract.py
[2024-10-20T22:06:29.518+0000] {processor.py:914} INFO - Processing file /opt/airflow/dags/dag_extract.py for tasks to queue
[2024-10-20T22:06:29.523+0000] {logging_mixin.py:190} INFO - [2024-10-20T22:06:29.523+0000] {dagbag.py:588} INFO - Filling up the DagBag from /opt/airflow/dags/dag_extract.py
[2024-10-20T22:06:29.971+0000] {processor.py:925} INFO - DAG(s) 'extract_crypto_data' retrieved from /opt/airflow/dags/dag_extract.py
[2024-10-20T22:06:29.991+0000] {logging_mixin.py:190} INFO - [2024-10-20T22:06:29.991+0000] {dag.py:3239} INFO - Sync 1 DAGs
[2024-10-20T22:06:30.004+0000] {logging_mixin.py:190} INFO - [2024-10-20T22:06:30.003+0000] {dag.py:4180} INFO - Setting next_dagrun for extract_crypto_data to 2024-10-20 00:00:00+00:00, run_after=2024-10-21 00:00:00+00:00
[2024-10-20T22:06:30.012+0000] {processor.py:208} INFO - Processing /opt/airflow/dags/dag_extract.py took 0.508 seconds
[2024-10-20T22:07:00.543+0000] {processor.py:186} INFO - Started process (PID=197) to work on /opt/airflow/dags/dag_extract.py
[2024-10-20T22:07:00.545+0000] {processor.py:914} INFO - Processing file /opt/airflow/dags/dag_extract.py for tasks to queue
[2024-10-20T22:07:00.550+0000] {logging_mixin.py:190} INFO - [2024-10-20T22:07:00.549+0000] {dagbag.py:588} INFO - Filling up the DagBag from /opt/airflow/dags/dag_extract.py
[2024-10-20T22:07:00.985+0000] {processor.py:925} INFO - DAG(s) 'extract_crypto_data' retrieved from /opt/airflow/dags/dag_extract.py
[2024-10-20T22:07:01.005+0000] {logging_mixin.py:190} INFO - [2024-10-20T22:07:01.005+0000] {dag.py:3239} INFO - Sync 1 DAGs
[2024-10-20T22:07:01.015+0000] {logging_mixin.py:190} INFO - [2024-10-20T22:07:01.015+0000] {dag.py:4180} INFO - Setting next_dagrun for extract_crypto_data to 2024-10-20 00:00:00+00:00, run_after=2024-10-21 00:00:00+00:00
[2024-10-20T22:07:01.022+0000] {processor.py:208} INFO - Processing /opt/airflow/dags/dag_extract.py took 0.487 seconds
[2024-10-20T22:07:31.371+0000] {processor.py:186} INFO - Started process (PID=206) to work on /opt/airflow/dags/dag_extract.py
[2024-10-20T22:07:31.373+0000] {processor.py:914} INFO - Processing file /opt/airflow/dags/dag_extract.py for tasks to queue
[2024-10-20T22:07:31.376+0000] {logging_mixin.py:190} INFO - [2024-10-20T22:07:31.376+0000] {dagbag.py:588} INFO - Filling up the DagBag from /opt/airflow/dags/dag_extract.py
[2024-10-20T22:07:32.234+0000] {processor.py:925} INFO - DAG(s) 'extract_crypto_data' retrieved from /opt/airflow/dags/dag_extract.py
[2024-10-20T22:07:32.261+0000] {logging_mixin.py:190} INFO - [2024-10-20T22:07:32.261+0000] {dag.py:3239} INFO - Sync 1 DAGs
[2024-10-20T22:07:32.291+0000] {logging_mixin.py:190} INFO - [2024-10-20T22:07:32.290+0000] {dag.py:4180} INFO - Setting next_dagrun for extract_crypto_data to 2024-10-20 00:00:00+00:00, run_after=2024-10-21 00:00:00+00:00
[2024-10-20T22:07:32.305+0000] {processor.py:208} INFO - Processing /opt/airflow/dags/dag_extract.py took 0.938 seconds
[2024-10-20T22:08:02.924+0000] {processor.py:186} INFO - Started process (PID=216) to work on /opt/airflow/dags/dag_extract.py
[2024-10-20T22:08:02.926+0000] {processor.py:914} INFO - Processing file /opt/airflow/dags/dag_extract.py for tasks to queue
[2024-10-20T22:08:02.929+0000] {logging_mixin.py:190} INFO - [2024-10-20T22:08:02.929+0000] {dagbag.py:588} INFO - Filling up the DagBag from /opt/airflow/dags/dag_extract.py
[2024-10-20T22:08:03.547+0000] {processor.py:925} INFO - DAG(s) 'extract_crypto_data' retrieved from /opt/airflow/dags/dag_extract.py
[2024-10-20T22:08:03.598+0000] {logging_mixin.py:190} INFO - [2024-10-20T22:08:03.598+0000] {dag.py:3239} INFO - Sync 1 DAGs
[2024-10-20T22:08:03.613+0000] {logging_mixin.py:190} INFO - [2024-10-20T22:08:03.613+0000] {dag.py:4180} INFO - Setting next_dagrun for extract_crypto_data to 2024-10-20 00:00:00+00:00, run_after=2024-10-21 00:00:00+00:00
[2024-10-20T22:08:03.623+0000] {processor.py:208} INFO - Processing /opt/airflow/dags/dag_extract.py took 0.704 seconds
[2024-10-20T22:08:34.091+0000] {processor.py:186} INFO - Started process (PID=226) to work on /opt/airflow/dags/dag_extract.py
[2024-10-20T22:08:34.095+0000] {processor.py:914} INFO - Processing file /opt/airflow/dags/dag_extract.py for tasks to queue
[2024-10-20T22:08:34.098+0000] {logging_mixin.py:190} INFO - [2024-10-20T22:08:34.097+0000] {dagbag.py:588} INFO - Filling up the DagBag from /opt/airflow/dags/dag_extract.py
[2024-10-20T22:08:34.592+0000] {processor.py:925} INFO - DAG(s) 'extract_crypto_data' retrieved from /opt/airflow/dags/dag_extract.py
[2024-10-20T22:08:34.617+0000] {logging_mixin.py:190} INFO - [2024-10-20T22:08:34.616+0000] {dag.py:3239} INFO - Sync 1 DAGs
[2024-10-20T22:08:34.657+0000] {logging_mixin.py:190} INFO - [2024-10-20T22:08:34.657+0000] {dag.py:4180} INFO - Setting next_dagrun for extract_crypto_data to 2024-10-20 00:00:00+00:00, run_after=2024-10-21 00:00:00+00:00
[2024-10-20T22:08:34.673+0000] {processor.py:208} INFO - Processing /opt/airflow/dags/dag_extract.py took 0.600 seconds
[2024-10-20T22:09:04.836+0000] {processor.py:186} INFO - Started process (PID=235) to work on /opt/airflow/dags/dag_extract.py
[2024-10-20T22:09:04.840+0000] {processor.py:914} INFO - Processing file /opt/airflow/dags/dag_extract.py for tasks to queue
[2024-10-20T22:09:04.845+0000] {logging_mixin.py:190} INFO - [2024-10-20T22:09:04.845+0000] {dagbag.py:588} INFO - Filling up the DagBag from /opt/airflow/dags/dag_extract.py
[2024-10-20T22:09:05.404+0000] {processor.py:925} INFO - DAG(s) 'extract_crypto_data' retrieved from /opt/airflow/dags/dag_extract.py
[2024-10-20T22:09:05.465+0000] {logging_mixin.py:190} INFO - [2024-10-20T22:09:05.465+0000] {dag.py:3239} INFO - Sync 1 DAGs
[2024-10-20T22:09:05.483+0000] {logging_mixin.py:190} INFO - [2024-10-20T22:09:05.483+0000] {dag.py:4180} INFO - Setting next_dagrun for extract_crypto_data to 2024-10-20 00:00:00+00:00, run_after=2024-10-21 00:00:00+00:00
[2024-10-20T22:09:05.497+0000] {processor.py:208} INFO - Processing /opt/airflow/dags/dag_extract.py took 0.670 seconds
[2024-10-20T22:09:35.960+0000] {processor.py:186} INFO - Started process (PID=245) to work on /opt/airflow/dags/dag_extract.py
[2024-10-20T22:09:35.963+0000] {processor.py:914} INFO - Processing file /opt/airflow/dags/dag_extract.py for tasks to queue
[2024-10-20T22:09:35.967+0000] {logging_mixin.py:190} INFO - [2024-10-20T22:09:35.966+0000] {dagbag.py:588} INFO - Filling up the DagBag from /opt/airflow/dags/dag_extract.py
[2024-10-20T22:09:36.462+0000] {processor.py:925} INFO - DAG(s) 'extract_crypto_data' retrieved from /opt/airflow/dags/dag_extract.py
[2024-10-20T22:09:36.485+0000] {logging_mixin.py:190} INFO - [2024-10-20T22:09:36.484+0000] {dag.py:3239} INFO - Sync 1 DAGs
[2024-10-20T22:09:36.511+0000] {logging_mixin.py:190} INFO - [2024-10-20T22:09:36.510+0000] {dag.py:4180} INFO - Setting next_dagrun for extract_crypto_data to 2024-10-20 00:00:00+00:00, run_after=2024-10-21 00:00:00+00:00
[2024-10-20T22:09:36.519+0000] {processor.py:208} INFO - Processing /opt/airflow/dags/dag_extract.py took 0.568 seconds
[2024-10-20T22:10:06.994+0000] {processor.py:186} INFO - Started process (PID=255) to work on /opt/airflow/dags/dag_extract.py
[2024-10-20T22:10:06.996+0000] {processor.py:914} INFO - Processing file /opt/airflow/dags/dag_extract.py for tasks to queue
[2024-10-20T22:10:07.001+0000] {logging_mixin.py:190} INFO - [2024-10-20T22:10:07.001+0000] {dagbag.py:588} INFO - Filling up the DagBag from /opt/airflow/dags/dag_extract.py
[2024-10-20T22:10:07.458+0000] {processor.py:925} INFO - DAG(s) 'extract_crypto_data' retrieved from /opt/airflow/dags/dag_extract.py
[2024-10-20T22:10:07.480+0000] {logging_mixin.py:190} INFO - [2024-10-20T22:10:07.480+0000] {dag.py:3239} INFO - Sync 1 DAGs
[2024-10-20T22:10:07.490+0000] {logging_mixin.py:190} INFO - [2024-10-20T22:10:07.490+0000] {dag.py:4180} INFO - Setting next_dagrun for extract_crypto_data to 2024-10-20 00:00:00+00:00, run_after=2024-10-21 00:00:00+00:00
[2024-10-20T22:10:07.499+0000] {processor.py:208} INFO - Processing /opt/airflow/dags/dag_extract.py took 0.525 seconds
[2024-10-20T22:10:38.013+0000] {processor.py:186} INFO - Started process (PID=265) to work on /opt/airflow/dags/dag_extract.py
[2024-10-20T22:10:38.015+0000] {processor.py:914} INFO - Processing file /opt/airflow/dags/dag_extract.py for tasks to queue
[2024-10-20T22:10:38.018+0000] {logging_mixin.py:190} INFO - [2024-10-20T22:10:38.018+0000] {dagbag.py:588} INFO - Filling up the DagBag from /opt/airflow/dags/dag_extract.py
[2024-10-20T22:10:38.457+0000] {processor.py:925} INFO - DAG(s) 'extract_crypto_data' retrieved from /opt/airflow/dags/dag_extract.py
[2024-10-20T22:10:38.473+0000] {logging_mixin.py:190} INFO - [2024-10-20T22:10:38.473+0000] {dag.py:3239} INFO - Sync 1 DAGs
[2024-10-20T22:10:38.484+0000] {logging_mixin.py:190} INFO - [2024-10-20T22:10:38.484+0000] {dag.py:4180} INFO - Setting next_dagrun for extract_crypto_data to 2024-10-20 00:00:00+00:00, run_after=2024-10-21 00:00:00+00:00
[2024-10-20T22:10:38.491+0000] {processor.py:208} INFO - Processing /opt/airflow/dags/dag_extract.py took 0.486 seconds
[2024-10-20T22:11:08.956+0000] {processor.py:186} INFO - Started process (PID=275) to work on /opt/airflow/dags/dag_extract.py
[2024-10-20T22:11:08.958+0000] {processor.py:914} INFO - Processing file /opt/airflow/dags/dag_extract.py for tasks to queue
[2024-10-20T22:11:08.967+0000] {logging_mixin.py:190} INFO - [2024-10-20T22:11:08.966+0000] {dagbag.py:588} INFO - Filling up the DagBag from /opt/airflow/dags/dag_extract.py
[2024-10-20T22:11:09.463+0000] {processor.py:925} INFO - DAG(s) 'extract_crypto_data' retrieved from /opt/airflow/dags/dag_extract.py
[2024-10-20T22:11:09.486+0000] {logging_mixin.py:190} INFO - [2024-10-20T22:11:09.486+0000] {dag.py:3239} INFO - Sync 1 DAGs
[2024-10-20T22:11:09.501+0000] {logging_mixin.py:190} INFO - [2024-10-20T22:11:09.501+0000] {dag.py:4180} INFO - Setting next_dagrun for extract_crypto_data to 2024-10-20 00:00:00+00:00, run_after=2024-10-21 00:00:00+00:00
[2024-10-20T22:11:09.511+0000] {processor.py:208} INFO - Processing /opt/airflow/dags/dag_extract.py took 0.564 seconds
[2024-10-20T22:11:39.988+0000] {processor.py:186} INFO - Started process (PID=285) to work on /opt/airflow/dags/dag_extract.py
[2024-10-20T22:11:39.992+0000] {processor.py:914} INFO - Processing file /opt/airflow/dags/dag_extract.py for tasks to queue
[2024-10-20T22:11:40.013+0000] {logging_mixin.py:190} INFO - [2024-10-20T22:11:40.012+0000] {dagbag.py:588} INFO - Filling up the DagBag from /opt/airflow/dags/dag_extract.py
[2024-10-20T22:11:40.427+0000] {processor.py:925} INFO - DAG(s) 'extract_crypto_data' retrieved from /opt/airflow/dags/dag_extract.py
[2024-10-20T22:11:40.443+0000] {logging_mixin.py:190} INFO - [2024-10-20T22:11:40.443+0000] {dag.py:3239} INFO - Sync 1 DAGs
[2024-10-20T22:11:40.454+0000] {logging_mixin.py:190} INFO - [2024-10-20T22:11:40.454+0000] {dag.py:4180} INFO - Setting next_dagrun for extract_crypto_data to 2024-10-20 00:00:00+00:00, run_after=2024-10-21 00:00:00+00:00
[2024-10-20T22:11:40.462+0000] {processor.py:208} INFO - Processing /opt/airflow/dags/dag_extract.py took 0.483 seconds
[2024-10-20T22:12:10.890+0000] {processor.py:186} INFO - Started process (PID=295) to work on /opt/airflow/dags/dag_extract.py
[2024-10-20T22:12:10.892+0000] {processor.py:914} INFO - Processing file /opt/airflow/dags/dag_extract.py for tasks to queue
[2024-10-20T22:12:10.897+0000] {logging_mixin.py:190} INFO - [2024-10-20T22:12:10.897+0000] {dagbag.py:588} INFO - Filling up the DagBag from /opt/airflow/dags/dag_extract.py
[2024-10-20T22:12:11.354+0000] {processor.py:925} INFO - DAG(s) 'extract_crypto_data' retrieved from /opt/airflow/dags/dag_extract.py
[2024-10-20T22:12:11.371+0000] {logging_mixin.py:190} INFO - [2024-10-20T22:12:11.371+0000] {dag.py:3239} INFO - Sync 1 DAGs
[2024-10-20T22:12:11.383+0000] {logging_mixin.py:190} INFO - [2024-10-20T22:12:11.382+0000] {dag.py:4180} INFO - Setting next_dagrun for extract_crypto_data to 2024-10-20 00:00:00+00:00, run_after=2024-10-21 00:00:00+00:00
[2024-10-20T22:12:11.391+0000] {processor.py:208} INFO - Processing /opt/airflow/dags/dag_extract.py took 0.509 seconds
[2024-10-20T22:13:44.012+0000] {processor.py:186} INFO - Started process (PID=32) to work on /opt/airflow/dags/dag_extract.py
[2024-10-20T22:13:44.018+0000] {processor.py:914} INFO - Processing file /opt/airflow/dags/dag_extract.py for tasks to queue
[2024-10-20T22:13:44.032+0000] {logging_mixin.py:190} INFO - [2024-10-20T22:13:44.031+0000] {dagbag.py:588} INFO - Filling up the DagBag from /opt/airflow/dags/dag_extract.py
[2024-10-20T22:13:45.715+0000] {processor.py:925} INFO - DAG(s) 'extract_crypto_data' retrieved from /opt/airflow/dags/dag_extract.py
[2024-10-20T22:13:45.842+0000] {logging_mixin.py:190} INFO - [2024-10-20T22:13:45.842+0000] {dag.py:3239} INFO - Sync 1 DAGs
[2024-10-20T22:13:45.872+0000] {logging_mixin.py:190} INFO - [2024-10-20T22:13:45.872+0000] {dag.py:4180} INFO - Setting next_dagrun for extract_crypto_data to 2024-10-20 00:00:00+00:00, run_after=2024-10-21 00:00:00+00:00
[2024-10-20T22:13:45.897+0000] {processor.py:208} INFO - Processing /opt/airflow/dags/dag_extract.py took 1.928 seconds
[2024-10-20T22:14:16.371+0000] {processor.py:186} INFO - Started process (PID=42) to work on /opt/airflow/dags/dag_extract.py
[2024-10-20T22:14:16.372+0000] {processor.py:914} INFO - Processing file /opt/airflow/dags/dag_extract.py for tasks to queue
[2024-10-20T22:14:16.382+0000] {logging_mixin.py:190} INFO - [2024-10-20T22:14:16.381+0000] {dagbag.py:588} INFO - Filling up the DagBag from /opt/airflow/dags/dag_extract.py
[2024-10-20T22:14:16.856+0000] {processor.py:925} INFO - DAG(s) 'extract_crypto_data' retrieved from /opt/airflow/dags/dag_extract.py
[2024-10-20T22:14:16.874+0000] {logging_mixin.py:190} INFO - [2024-10-20T22:14:16.874+0000] {dag.py:3239} INFO - Sync 1 DAGs
[2024-10-20T22:14:16.901+0000] {logging_mixin.py:190} INFO - [2024-10-20T22:14:16.900+0000] {dag.py:4180} INFO - Setting next_dagrun for extract_crypto_data to 2024-10-20 00:00:00+00:00, run_after=2024-10-21 00:00:00+00:00
[2024-10-20T22:14:16.912+0000] {processor.py:208} INFO - Processing /opt/airflow/dags/dag_extract.py took 0.546 seconds
[2024-10-20T22:14:47.336+0000] {processor.py:186} INFO - Started process (PID=51) to work on /opt/airflow/dags/dag_extract.py
[2024-10-20T22:14:47.338+0000] {processor.py:914} INFO - Processing file /opt/airflow/dags/dag_extract.py for tasks to queue
[2024-10-20T22:14:47.341+0000] {logging_mixin.py:190} INFO - [2024-10-20T22:14:47.341+0000] {dagbag.py:588} INFO - Filling up the DagBag from /opt/airflow/dags/dag_extract.py
[2024-10-20T22:14:47.898+0000] {processor.py:925} INFO - DAG(s) 'extract_crypto_data' retrieved from /opt/airflow/dags/dag_extract.py
[2024-10-20T22:14:47.929+0000] {logging_mixin.py:190} INFO - [2024-10-20T22:14:47.928+0000] {dag.py:3239} INFO - Sync 1 DAGs
[2024-10-20T22:14:47.954+0000] {logging_mixin.py:190} INFO - [2024-10-20T22:14:47.954+0000] {dag.py:4180} INFO - Setting next_dagrun for extract_crypto_data to 2024-10-20 00:00:00+00:00, run_after=2024-10-21 00:00:00+00:00
[2024-10-20T22:14:47.967+0000] {processor.py:208} INFO - Processing /opt/airflow/dags/dag_extract.py took 0.646 seconds
[2024-10-20T22:15:18.450+0000] {processor.py:186} INFO - Started process (PID=61) to work on /opt/airflow/dags/dag_extract.py
[2024-10-20T22:15:18.452+0000] {processor.py:914} INFO - Processing file /opt/airflow/dags/dag_extract.py for tasks to queue
[2024-10-20T22:15:18.456+0000] {logging_mixin.py:190} INFO - [2024-10-20T22:15:18.456+0000] {dagbag.py:588} INFO - Filling up the DagBag from /opt/airflow/dags/dag_extract.py
[2024-10-20T22:15:18.876+0000] {processor.py:925} INFO - DAG(s) 'extract_crypto_data' retrieved from /opt/airflow/dags/dag_extract.py
[2024-10-20T22:15:18.900+0000] {logging_mixin.py:190} INFO - [2024-10-20T22:15:18.899+0000] {dag.py:3239} INFO - Sync 1 DAGs
[2024-10-20T22:15:18.930+0000] {logging_mixin.py:190} INFO - [2024-10-20T22:15:18.930+0000] {dag.py:4180} INFO - Setting next_dagrun for extract_crypto_data to 2024-10-20 00:00:00+00:00, run_after=2024-10-21 00:00:00+00:00
[2024-10-20T22:15:18.942+0000] {processor.py:208} INFO - Processing /opt/airflow/dags/dag_extract.py took 0.505 seconds
[2024-10-20T22:15:49.333+0000] {processor.py:186} INFO - Started process (PID=71) to work on /opt/airflow/dags/dag_extract.py
[2024-10-20T22:15:49.336+0000] {processor.py:914} INFO - Processing file /opt/airflow/dags/dag_extract.py for tasks to queue
[2024-10-20T22:15:49.347+0000] {logging_mixin.py:190} INFO - [2024-10-20T22:15:49.346+0000] {dagbag.py:588} INFO - Filling up the DagBag from /opt/airflow/dags/dag_extract.py
[2024-10-20T22:15:49.742+0000] {processor.py:925} INFO - DAG(s) 'extract_crypto_data' retrieved from /opt/airflow/dags/dag_extract.py
[2024-10-20T22:15:49.760+0000] {logging_mixin.py:190} INFO - [2024-10-20T22:15:49.760+0000] {dag.py:3239} INFO - Sync 1 DAGs
[2024-10-20T22:15:49.772+0000] {logging_mixin.py:190} INFO - [2024-10-20T22:15:49.772+0000] {dag.py:4180} INFO - Setting next_dagrun for extract_crypto_data to 2024-10-20 00:00:00+00:00, run_after=2024-10-21 00:00:00+00:00
[2024-10-20T22:15:49.780+0000] {processor.py:208} INFO - Processing /opt/airflow/dags/dag_extract.py took 0.463 seconds
[2024-10-20T22:16:20.190+0000] {processor.py:186} INFO - Started process (PID=81) to work on /opt/airflow/dags/dag_extract.py
[2024-10-20T22:16:20.192+0000] {processor.py:914} INFO - Processing file /opt/airflow/dags/dag_extract.py for tasks to queue
[2024-10-20T22:16:20.196+0000] {logging_mixin.py:190} INFO - [2024-10-20T22:16:20.196+0000] {dagbag.py:588} INFO - Filling up the DagBag from /opt/airflow/dags/dag_extract.py
[2024-10-20T22:16:20.593+0000] {processor.py:925} INFO - DAG(s) 'extract_crypto_data' retrieved from /opt/airflow/dags/dag_extract.py
[2024-10-20T22:16:20.611+0000] {logging_mixin.py:190} INFO - [2024-10-20T22:16:20.611+0000] {dag.py:3239} INFO - Sync 1 DAGs
[2024-10-20T22:16:20.623+0000] {logging_mixin.py:190} INFO - [2024-10-20T22:16:20.623+0000] {dag.py:4180} INFO - Setting next_dagrun for extract_crypto_data to 2024-10-20 00:00:00+00:00, run_after=2024-10-21 00:00:00+00:00
[2024-10-20T22:16:20.630+0000] {processor.py:208} INFO - Processing /opt/airflow/dags/dag_extract.py took 0.446 seconds
[2024-10-20T22:16:50.971+0000] {processor.py:186} INFO - Started process (PID=91) to work on /opt/airflow/dags/dag_extract.py
[2024-10-20T22:16:50.972+0000] {processor.py:914} INFO - Processing file /opt/airflow/dags/dag_extract.py for tasks to queue
[2024-10-20T22:16:50.975+0000] {logging_mixin.py:190} INFO - [2024-10-20T22:16:50.974+0000] {dagbag.py:588} INFO - Filling up the DagBag from /opt/airflow/dags/dag_extract.py
[2024-10-20T22:16:51.591+0000] {processor.py:925} INFO - DAG(s) 'extract_crypto_data' retrieved from /opt/airflow/dags/dag_extract.py
[2024-10-20T22:16:51.620+0000] {logging_mixin.py:190} INFO - [2024-10-20T22:16:51.620+0000] {dag.py:3239} INFO - Sync 1 DAGs
[2024-10-20T22:16:51.640+0000] {logging_mixin.py:190} INFO - [2024-10-20T22:16:51.640+0000] {dag.py:4180} INFO - Setting next_dagrun for extract_crypto_data to 2024-10-20 00:00:00+00:00, run_after=2024-10-21 00:00:00+00:00
[2024-10-20T22:16:51.653+0000] {processor.py:208} INFO - Processing /opt/airflow/dags/dag_extract.py took 0.685 seconds
[2024-10-20T22:17:22.259+0000] {processor.py:186} INFO - Started process (PID=101) to work on /opt/airflow/dags/dag_extract.py
[2024-10-20T22:17:22.261+0000] {processor.py:914} INFO - Processing file /opt/airflow/dags/dag_extract.py for tasks to queue
[2024-10-20T22:17:22.264+0000] {logging_mixin.py:190} INFO - [2024-10-20T22:17:22.263+0000] {dagbag.py:588} INFO - Filling up the DagBag from /opt/airflow/dags/dag_extract.py
[2024-10-20T22:17:22.626+0000] {processor.py:925} INFO - DAG(s) 'extract_crypto_data' retrieved from /opt/airflow/dags/dag_extract.py
[2024-10-20T22:17:22.647+0000] {logging_mixin.py:190} INFO - [2024-10-20T22:17:22.647+0000] {dag.py:3239} INFO - Sync 1 DAGs
[2024-10-20T22:17:22.663+0000] {logging_mixin.py:190} INFO - [2024-10-20T22:17:22.662+0000] {dag.py:4180} INFO - Setting next_dagrun for extract_crypto_data to 2024-10-20 00:00:00+00:00, run_after=2024-10-21 00:00:00+00:00
[2024-10-20T22:17:22.673+0000] {processor.py:208} INFO - Processing /opt/airflow/dags/dag_extract.py took 0.419 seconds
[2024-10-20T22:17:53.160+0000] {processor.py:186} INFO - Started process (PID=111) to work on /opt/airflow/dags/dag_extract.py
[2024-10-20T22:17:53.162+0000] {processor.py:914} INFO - Processing file /opt/airflow/dags/dag_extract.py for tasks to queue
[2024-10-20T22:17:53.165+0000] {logging_mixin.py:190} INFO - [2024-10-20T22:17:53.165+0000] {dagbag.py:588} INFO - Filling up the DagBag from /opt/airflow/dags/dag_extract.py
[2024-10-20T22:17:53.728+0000] {processor.py:925} INFO - DAG(s) 'extract_crypto_data' retrieved from /opt/airflow/dags/dag_extract.py
[2024-10-20T22:17:53.747+0000] {logging_mixin.py:190} INFO - [2024-10-20T22:17:53.747+0000] {dag.py:3239} INFO - Sync 1 DAGs
[2024-10-20T22:17:53.759+0000] {logging_mixin.py:190} INFO - [2024-10-20T22:17:53.759+0000] {dag.py:4180} INFO - Setting next_dagrun for extract_crypto_data to 2024-10-20 00:00:00+00:00, run_after=2024-10-21 00:00:00+00:00
[2024-10-20T22:17:53.768+0000] {processor.py:208} INFO - Processing /opt/airflow/dags/dag_extract.py took 0.629 seconds
[2024-10-20T22:19:43.741+0000] {processor.py:186} INFO - Started process (PID=32) to work on /opt/airflow/dags/dag_extract.py
[2024-10-20T22:19:43.744+0000] {processor.py:914} INFO - Processing file /opt/airflow/dags/dag_extract.py for tasks to queue
[2024-10-20T22:19:43.749+0000] {logging_mixin.py:190} INFO - [2024-10-20T22:19:43.748+0000] {dagbag.py:588} INFO - Filling up the DagBag from /opt/airflow/dags/dag_extract.py
[2024-10-20T22:19:45.143+0000] {processor.py:925} INFO - DAG(s) 'extract_crypto_data' retrieved from /opt/airflow/dags/dag_extract.py
[2024-10-20T22:19:45.245+0000] {logging_mixin.py:190} INFO - [2024-10-20T22:19:45.242+0000] {dag.py:3239} INFO - Sync 1 DAGs
[2024-10-20T22:19:45.303+0000] {logging_mixin.py:190} INFO - [2024-10-20T22:19:45.303+0000] {dag.py:4180} INFO - Setting next_dagrun for extract_crypto_data to 2024-10-20 00:00:00+00:00, run_after=2024-10-21 00:00:00+00:00
[2024-10-20T22:19:45.335+0000] {processor.py:208} INFO - Processing /opt/airflow/dags/dag_extract.py took 1.615 seconds
[2024-10-20T22:20:15.909+0000] {processor.py:186} INFO - Started process (PID=41) to work on /opt/airflow/dags/dag_extract.py
[2024-10-20T22:20:15.912+0000] {processor.py:914} INFO - Processing file /opt/airflow/dags/dag_extract.py for tasks to queue
[2024-10-20T22:20:15.930+0000] {logging_mixin.py:190} INFO - [2024-10-20T22:20:15.930+0000] {dagbag.py:588} INFO - Filling up the DagBag from /opt/airflow/dags/dag_extract.py
[2024-10-20T22:20:16.860+0000] {processor.py:925} INFO - DAG(s) 'extract_crypto_data' retrieved from /opt/airflow/dags/dag_extract.py
[2024-10-20T22:20:16.890+0000] {logging_mixin.py:190} INFO - [2024-10-20T22:20:16.890+0000] {dag.py:3239} INFO - Sync 1 DAGs
[2024-10-20T22:20:16.908+0000] {logging_mixin.py:190} INFO - [2024-10-20T22:20:16.907+0000] {dag.py:4180} INFO - Setting next_dagrun for extract_crypto_data to 2024-10-20 00:00:00+00:00, run_after=2024-10-21 00:00:00+00:00
[2024-10-20T22:20:16.924+0000] {processor.py:208} INFO - Processing /opt/airflow/dags/dag_extract.py took 1.029 seconds
[2024-10-20T22:20:47.457+0000] {processor.py:186} INFO - Started process (PID=51) to work on /opt/airflow/dags/dag_extract.py
[2024-10-20T22:20:47.459+0000] {processor.py:914} INFO - Processing file /opt/airflow/dags/dag_extract.py for tasks to queue
[2024-10-20T22:20:47.462+0000] {logging_mixin.py:190} INFO - [2024-10-20T22:20:47.462+0000] {dagbag.py:588} INFO - Filling up the DagBag from /opt/airflow/dags/dag_extract.py
[2024-10-20T22:20:47.925+0000] {processor.py:925} INFO - DAG(s) 'extract_crypto_data' retrieved from /opt/airflow/dags/dag_extract.py
[2024-10-20T22:20:47.967+0000] {logging_mixin.py:190} INFO - [2024-10-20T22:20:47.967+0000] {dag.py:3239} INFO - Sync 1 DAGs
[2024-10-20T22:20:47.983+0000] {logging_mixin.py:190} INFO - [2024-10-20T22:20:47.983+0000] {dag.py:4180} INFO - Setting next_dagrun for extract_crypto_data to 2024-10-20 00:00:00+00:00, run_after=2024-10-21 00:00:00+00:00
[2024-10-20T22:20:47.994+0000] {processor.py:208} INFO - Processing /opt/airflow/dags/dag_extract.py took 0.557 seconds
[2024-10-20T22:21:18.409+0000] {processor.py:186} INFO - Started process (PID=60) to work on /opt/airflow/dags/dag_extract.py
[2024-10-20T22:21:18.410+0000] {processor.py:914} INFO - Processing file /opt/airflow/dags/dag_extract.py for tasks to queue
[2024-10-20T22:21:18.419+0000] {logging_mixin.py:190} INFO - [2024-10-20T22:21:18.418+0000] {dagbag.py:588} INFO - Filling up the DagBag from /opt/airflow/dags/dag_extract.py
[2024-10-20T22:21:19.480+0000] {processor.py:925} INFO - DAG(s) 'extract_crypto_data' retrieved from /opt/airflow/dags/dag_extract.py
[2024-10-20T22:21:19.498+0000] {logging_mixin.py:190} INFO - [2024-10-20T22:21:19.497+0000] {dag.py:3239} INFO - Sync 1 DAGs
[2024-10-20T22:21:19.535+0000] {logging_mixin.py:190} INFO - [2024-10-20T22:21:19.535+0000] {dag.py:4180} INFO - Setting next_dagrun for extract_crypto_data to 2024-10-20 00:00:00+00:00, run_after=2024-10-21 00:00:00+00:00
[2024-10-20T22:21:19.547+0000] {processor.py:208} INFO - Processing /opt/airflow/dags/dag_extract.py took 1.143 seconds
[2024-10-20T22:21:50.075+0000] {processor.py:186} INFO - Started process (PID=70) to work on /opt/airflow/dags/dag_extract.py
[2024-10-20T22:21:50.087+0000] {processor.py:914} INFO - Processing file /opt/airflow/dags/dag_extract.py for tasks to queue
[2024-10-20T22:21:50.125+0000] {logging_mixin.py:190} INFO - [2024-10-20T22:21:50.122+0000] {dagbag.py:588} INFO - Filling up the DagBag from /opt/airflow/dags/dag_extract.py
[2024-10-20T22:21:51.279+0000] {processor.py:925} INFO - DAG(s) 'extract_crypto_data' retrieved from /opt/airflow/dags/dag_extract.py
[2024-10-20T22:21:51.311+0000] {logging_mixin.py:190} INFO - [2024-10-20T22:21:51.311+0000] {dag.py:3239} INFO - Sync 1 DAGs
[2024-10-20T22:21:51.333+0000] {logging_mixin.py:190} INFO - [2024-10-20T22:21:51.333+0000] {dag.py:4180} INFO - Setting next_dagrun for extract_crypto_data to 2024-10-20 00:00:00+00:00, run_after=2024-10-21 00:00:00+00:00
[2024-10-20T22:21:51.345+0000] {processor.py:208} INFO - Processing /opt/airflow/dags/dag_extract.py took 1.336 seconds
[2024-10-20T22:22:21.543+0000] {processor.py:186} INFO - Started process (PID=80) to work on /opt/airflow/dags/dag_extract.py
[2024-10-20T22:22:21.545+0000] {processor.py:914} INFO - Processing file /opt/airflow/dags/dag_extract.py for tasks to queue
[2024-10-20T22:22:21.551+0000] {logging_mixin.py:190} INFO - [2024-10-20T22:22:21.550+0000] {dagbag.py:588} INFO - Filling up the DagBag from /opt/airflow/dags/dag_extract.py
[2024-10-20T22:22:22.085+0000] {processor.py:925} INFO - DAG(s) 'extract_crypto_data' retrieved from /opt/airflow/dags/dag_extract.py
[2024-10-20T22:22:22.105+0000] {logging_mixin.py:190} INFO - [2024-10-20T22:22:22.105+0000] {dag.py:3239} INFO - Sync 1 DAGs
[2024-10-20T22:22:22.118+0000] {logging_mixin.py:190} INFO - [2024-10-20T22:22:22.117+0000] {dag.py:4180} INFO - Setting next_dagrun for extract_crypto_data to 2024-10-20 00:00:00+00:00, run_after=2024-10-21 00:00:00+00:00
[2024-10-20T22:22:22.125+0000] {processor.py:208} INFO - Processing /opt/airflow/dags/dag_extract.py took 0.589 seconds
[2024-10-20T22:22:52.265+0000] {processor.py:186} INFO - Started process (PID=90) to work on /opt/airflow/dags/dag_extract.py
[2024-10-20T22:22:52.270+0000] {processor.py:914} INFO - Processing file /opt/airflow/dags/dag_extract.py for tasks to queue
[2024-10-20T22:22:52.276+0000] {logging_mixin.py:190} INFO - [2024-10-20T22:22:52.275+0000] {dagbag.py:588} INFO - Filling up the DagBag from /opt/airflow/dags/dag_extract.py
[2024-10-20T22:22:52.707+0000] {processor.py:925} INFO - DAG(s) 'extract_crypto_data' retrieved from /opt/airflow/dags/dag_extract.py
[2024-10-20T22:22:52.722+0000] {logging_mixin.py:190} INFO - [2024-10-20T22:22:52.722+0000] {dag.py:3239} INFO - Sync 1 DAGs
[2024-10-20T22:22:52.741+0000] {logging_mixin.py:190} INFO - [2024-10-20T22:22:52.740+0000] {dag.py:4180} INFO - Setting next_dagrun for extract_crypto_data to 2024-10-20 00:00:00+00:00, run_after=2024-10-21 00:00:00+00:00
[2024-10-20T22:22:52.755+0000] {processor.py:208} INFO - Processing /opt/airflow/dags/dag_extract.py took 0.508 seconds
[2024-10-20T22:23:23.281+0000] {processor.py:186} INFO - Started process (PID=100) to work on /opt/airflow/dags/dag_extract.py
[2024-10-20T22:23:23.283+0000] {processor.py:914} INFO - Processing file /opt/airflow/dags/dag_extract.py for tasks to queue
[2024-10-20T22:23:23.286+0000] {logging_mixin.py:190} INFO - [2024-10-20T22:23:23.286+0000] {dagbag.py:588} INFO - Filling up the DagBag from /opt/airflow/dags/dag_extract.py
[2024-10-20T22:23:23.725+0000] {processor.py:925} INFO - DAG(s) 'extract_crypto_data' retrieved from /opt/airflow/dags/dag_extract.py
[2024-10-20T22:23:23.759+0000] {logging_mixin.py:190} INFO - [2024-10-20T22:23:23.759+0000] {dag.py:3239} INFO - Sync 1 DAGs
[2024-10-20T22:23:23.770+0000] {logging_mixin.py:190} INFO - [2024-10-20T22:23:23.770+0000] {dag.py:4180} INFO - Setting next_dagrun for extract_crypto_data to 2024-10-20 00:00:00+00:00, run_after=2024-10-21 00:00:00+00:00
[2024-10-20T22:23:23.778+0000] {processor.py:208} INFO - Processing /opt/airflow/dags/dag_extract.py took 0.504 seconds
[2024-10-20T22:23:54.326+0000] {processor.py:186} INFO - Started process (PID=110) to work on /opt/airflow/dags/dag_extract.py
[2024-10-20T22:23:54.329+0000] {processor.py:914} INFO - Processing file /opt/airflow/dags/dag_extract.py for tasks to queue
[2024-10-20T22:23:54.347+0000] {logging_mixin.py:190} INFO - [2024-10-20T22:23:54.345+0000] {dagbag.py:588} INFO - Filling up the DagBag from /opt/airflow/dags/dag_extract.py
[2024-10-20T22:23:54.807+0000] {processor.py:925} INFO - DAG(s) 'extract_crypto_data' retrieved from /opt/airflow/dags/dag_extract.py
[2024-10-20T22:23:54.825+0000] {logging_mixin.py:190} INFO - [2024-10-20T22:23:54.825+0000] {dag.py:3239} INFO - Sync 1 DAGs
[2024-10-20T22:23:54.835+0000] {logging_mixin.py:190} INFO - [2024-10-20T22:23:54.835+0000] {dag.py:4180} INFO - Setting next_dagrun for extract_crypto_data to 2024-10-20 00:00:00+00:00, run_after=2024-10-21 00:00:00+00:00
[2024-10-20T22:23:54.844+0000] {processor.py:208} INFO - Processing /opt/airflow/dags/dag_extract.py took 0.526 seconds
[2024-10-20T22:24:25.096+0000] {processor.py:186} INFO - Started process (PID=119) to work on /opt/airflow/dags/dag_extract.py
[2024-10-20T22:24:25.097+0000] {processor.py:914} INFO - Processing file /opt/airflow/dags/dag_extract.py for tasks to queue
[2024-10-20T22:24:25.102+0000] {logging_mixin.py:190} INFO - [2024-10-20T22:24:25.101+0000] {dagbag.py:588} INFO - Filling up the DagBag from /opt/airflow/dags/dag_extract.py
[2024-10-20T22:24:25.519+0000] {processor.py:925} INFO - DAG(s) 'extract_crypto_data' retrieved from /opt/airflow/dags/dag_extract.py
[2024-10-20T22:24:25.538+0000] {logging_mixin.py:190} INFO - [2024-10-20T22:24:25.538+0000] {dag.py:3239} INFO - Sync 1 DAGs
[2024-10-20T22:24:25.555+0000] {logging_mixin.py:190} INFO - [2024-10-20T22:24:25.555+0000] {dag.py:4180} INFO - Setting next_dagrun for extract_crypto_data to 2024-10-20 00:00:00+00:00, run_after=2024-10-21 00:00:00+00:00
[2024-10-20T22:24:25.564+0000] {processor.py:208} INFO - Processing /opt/airflow/dags/dag_extract.py took 0.478 seconds
